2025-12-14 01:48:06,528 - INFO - === Stage C Tree Parameter Optimization Started ===
2025-12-14 01:48:35,787 - INFO - === Stage C Tree Parameter Optimization Started ===
2025-12-14 01:49:40,720 - INFO - Trial 1: {'max_depth': 7, 'min_child_weight': 2.5189940381107987, 'gamma': 3.903557348330426, 'subsample': 0.8140360596001569, 'colsample_bytree': 0.7928992719457815} val_mae=0.393498
2025-12-14 01:50:22,449 - INFO - Trial 2: {'max_depth': 8, 'min_child_weight': 2.7304216104865446, 'gamma': 0.3042682975361777, 'subsample': 0.5532234094001124, 'colsample_bytree': 0.7268473572327929} val_mae=0.394868
2025-12-14 01:50:45,692 - INFO - Trial 3: {'max_depth': 6, 'min_child_weight': 4.264460538670652, 'gamma': 0.5363886040107757, 'subsample': 0.9541689063557035, 'colsample_bytree': 0.5512798969036204} val_mae=0.393550
2025-12-14 01:51:43,391 - INFO - Trial 4: {'max_depth': 10, 'min_child_weight': 8.16843748700218, 'gamma': 1.2227206161743358, 'subsample': 0.9761891565717318, 'colsample_bytree': 0.7847243756410092} val_mae=0.397399
2025-12-14 01:52:01,410 - INFO - Trial 5: {'max_depth': 6, 'min_child_weight': 10.867728864998671, 'gamma': 3.2572528493163007, 'subsample': 0.7650428051625527, 'colsample_bytree': 0.5059055534587991} val_mae=0.392212
2025-12-14 01:52:18,878 - INFO - Trial 6: {'max_depth': 5, 'min_child_weight': 3.2939475260232323, 'gamma': 0.1655252195653817, 'subsample': 0.6352321841718466, 'colsample_bytree': 0.5819388871855532} val_mae=0.392469
2025-12-14 01:52:40,925 - INFO - Trial 7: {'max_depth': 7, 'min_child_weight': 1.8533485750755279, 'gamma': 4.939412893991606, 'subsample': 0.6064279166251682, 'colsample_bytree': 0.8922571712517029} val_mae=0.392786
2025-12-14 01:52:53,020 - INFO - Trial 8: {'max_depth': 4, 'min_child_weight': 1.8568439796173066, 'gamma': 3.2649755530381914, 'subsample': 0.6752407598954111, 'colsample_bytree': 0.702209680355185} val_mae=0.394817
2025-12-14 01:53:30,045 - INFO - Trial 9: {'max_depth': 10, 'min_child_weight': 5.4506036665984565, 'gamma': 4.784890650741933, 'subsample': 0.9657794022935704, 'colsample_bytree': 0.5798392887756774} val_mae=0.394684
2025-12-14 01:53:54,569 - INFO - Trial 10: {'max_depth': 9, 'min_child_weight': 9.730236609191328, 'gamma': 2.9384548360476415, 'subsample': 0.5588163794999851, 'colsample_bytree': 0.6783125545398987} val_mae=0.393902
2025-12-14 01:54:03,058 - INFO - Trial 11: {'max_depth': 4, 'min_child_weight': 19.625903594096354, 'gamma': 2.0221800560566203, 'subsample': 0.8079532724432847, 'colsample_bytree': 0.9555083188923909} val_mae=0.394884
2025-12-14 01:54:15,130 - INFO - Trial 12: {'max_depth': 5, 'min_child_weight': 1.1100373902852532, 'gamma': 1.884229963130983, 'subsample': 0.6902641428357661, 'colsample_bytree': 0.5154485283487789} val_mae=0.392035
2025-12-14 01:54:24,821 - INFO - Trial 13: {'max_depth': 3, 'min_child_weight': 1.1132628119023475, 'gamma': 1.9786896456522978, 'subsample': 0.7341763674937823, 'colsample_bytree': 0.5054011488261653} val_mae=0.397938
2025-12-14 01:54:46,476 - INFO - Trial 14: {'max_depth': 6, 'min_child_weight': 10.971772576098587, 'gamma': 3.7289266746190037, 'subsample': 0.7432716926447586, 'colsample_bytree': 0.6309285481563692} val_mae=0.392237
2025-12-14 01:55:00,162 - INFO - Trial 15: {'max_depth': 5, 'min_child_weight': 1.0017460016782322, 'gamma': 2.278940762086633, 'subsample': 0.8549781476699979, 'colsample_bytree': 0.5107086129052052} val_mae=0.393267
2025-12-14 01:55:14,598 - INFO - Trial 16: {'max_depth': 5, 'min_child_weight': 13.583808588779965, 'gamma': 1.4972421877814894, 'subsample': 0.6899420758952943, 'colsample_bytree': 0.6478385517178108} val_mae=0.392270
2025-12-14 01:55:48,494 - INFO - Trial 17: {'max_depth': 8, 'min_child_weight': 5.939635849817531, 'gamma': 2.801496311940936, 'subsample': 0.5019176108220411, 'colsample_bytree': 0.5990704054289689} val_mae=0.394933
2025-12-14 01:56:04,626 - INFO - Trial 18: {'max_depth': 3, 'min_child_weight': 15.086228098513574, 'gamma': 1.2586464645114126, 'subsample': 0.8436536543120832, 'colsample_bytree': 0.8467650811375801} val_mae=0.399254
2025-12-14 01:56:21,762 - INFO - Trial 19: {'max_depth': 6, 'min_child_weight': 7.089300904771814, 'gamma': 4.151689957198181, 'subsample': 0.8883366932849115, 'colsample_bytree': 0.5370900219324584} val_mae=0.393414
2025-12-14 01:56:31,518 - INFO - Trial 20: {'max_depth': 4, 'min_child_weight': 1.473055226632724, 'gamma': 3.138468643357985, 'subsample': 0.7703735969921349, 'colsample_bytree': 0.617890804888735} val_mae=0.394390
2025-12-14 01:57:02,330 - INFO - Trial 21: {'max_depth': 8, 'min_child_weight': 3.988276307157711, 'gamma': 2.5502197055965286, 'subsample': 0.6973585871230414, 'colsample_bytree': 0.6665650832954341} val_mae=0.393371
2025-12-14 01:57:16,507 - INFO - Trial 22: {'max_depth': 6, 'min_child_weight': 11.120955825259141, 'gamma': 3.53233925336895, 'subsample': 0.7496928413951088, 'colsample_bytree': 0.5009530720148301} val_mae=0.393155
2025-12-14 01:57:25,516 - INFO - Trial 23: {'max_depth': 5, 'min_child_weight': 18.416847534253023, 'gamma': 4.302973476968608, 'subsample': 0.7778290683727027, 'colsample_bytree': 0.6211093174135873} val_mae=0.392824
2025-12-14 01:57:38,920 - INFO - Trial 24: {'max_depth': 7, 'min_child_weight': 11.615574967144685, 'gamma': 3.6069121412552443, 'subsample': 0.7134134419654536, 'colsample_bytree': 0.5539876379528794} val_mae=0.393840
2025-12-14 01:57:50,217 - INFO - Trial 25: {'max_depth': 6, 'min_child_weight': 8.37535808408475, 'gamma': 1.7563768948858878, 'subsample': 0.6411752280349379, 'colsample_bytree': 0.550975030857738} val_mae=0.392528
2025-12-14 01:57:58,991 - INFO - Trial 26: {'max_depth': 5, 'min_child_weight': 5.700261415256754, 'gamma': 2.52539050281638, 'subsample': 0.6555632259220517, 'colsample_bytree': 0.6451860810378685} val_mae=0.392639
2025-12-14 01:58:14,600 - INFO - Trial 27: {'max_depth': 7, 'min_child_weight': 14.454285364275163, 'gamma': 0.8224217206951452, 'subsample': 0.7320159652688976, 'colsample_bytree': 0.5974968199277451} val_mae=0.393533
2025-12-14 01:58:25,579 - INFO - Trial 28: {'max_depth': 6, 'min_child_weight': 7.251637188527109, 'gamma': 4.389241500294536, 'subsample': 0.90776996998905, 'colsample_bytree': 0.5419050167083268} val_mae=0.393114
2025-12-14 01:58:32,595 - INFO - Trial 29: {'max_depth': 4, 'min_child_weight': 10.201076793163368, 'gamma': 3.657732043610557, 'subsample': 0.7866915896249204, 'colsample_bytree': 0.7339607496643312} val_mae=0.395099
2025-12-14 01:58:49,422 - INFO - Trial 30: {'max_depth': 7, 'min_child_weight': 2.689497580953773, 'gamma': 3.9343504229559674, 'subsample': 0.8308415317827282, 'colsample_bytree': 0.9963335323649787} val_mae=0.393507
2025-12-14 01:58:58,635 - INFO - Trial 31: {'max_depth': 5, 'min_child_weight': 1.3261294676227984, 'gamma': 3.0851790632946807, 'subsample': 0.6017033073748426, 'colsample_bytree': 0.6961836000624779} val_mae=0.392802
2025-12-14 01:59:07,258 - INFO - Trial 32: {'max_depth': 5, 'min_child_weight': 14.565197999495322, 'gamma': 1.6068896984939811, 'subsample': 0.711294672506041, 'colsample_bytree': 0.7674400758500246} val_mae=0.393241
2025-12-14 01:59:19,071 - INFO - Trial 33: {'max_depth': 6, 'min_child_weight': 12.735425513453851, 'gamma': 1.2896370396589398, 'subsample': 0.6703067188953686, 'colsample_bytree': 0.6356784874412271} val_mae=0.392658
2025-12-14 01:59:25,865 - INFO - Trial 34: {'max_depth': 4, 'min_child_weight': 16.467170333634066, 'gamma': 0.93823637789676, 'subsample': 0.6824063328780962, 'colsample_bytree': 0.6544174061246493} val_mae=0.395160
2025-12-14 01:59:37,345 - INFO - Trial 35: {'max_depth': 6, 'min_child_weight': 9.325383458229803, 'gamma': 2.2522169351894683, 'subsample': 0.8023657388083428, 'colsample_bytree': 0.5703058902208324} val_mae=0.393609
2025-12-14 01:59:46,488 - INFO - Trial 36: {'max_depth': 5, 'min_child_weight': 12.997942739752997, 'gamma': 1.6838682725448657, 'subsample': 0.6081128032551792, 'colsample_bytree': 0.7277855494271827} val_mae=0.393535
2025-12-14 01:59:58,925 - INFO - Trial 37: {'max_depth': 6, 'min_child_weight': 3.5942675782971647, 'gamma': 0.4849491846212315, 'subsample': 0.763940537616679, 'colsample_bytree': 0.6094285130553884} val_mae=0.392971
2025-12-14 02:00:14,669 - INFO - Trial 38: {'max_depth': 7, 'min_child_weight': 2.2714224553566607, 'gamma': 2.6618396942722606, 'subsample': 0.7381138602669436, 'colsample_bytree': 0.5283790400867302} val_mae=0.394025
2025-12-14 02:00:32,693 - INFO - Trial 39: {'max_depth': 8, 'min_child_weight': 7.270000028901419, 'gamma': 3.3593770940168888, 'subsample': 0.6991288553130971, 'colsample_bytree': 0.8063647849547545} val_mae=0.392943
2025-12-14 02:00:41,379 - INFO - Trial 40: {'max_depth': 5, 'min_child_weight': 3.056159276659227, 'gamma': 0.04314340979251563, 'subsample': 0.6422788227576957, 'colsample_bytree': 0.5771231086069327} val_mae=0.392448
2025-12-14 02:01:06,660 - INFO - Trial 41: {'max_depth': 9, 'min_child_weight': 2.277084122630071, 'gamma': 2.188447965992091, 'subsample': 0.6181690688590238, 'colsample_bytree': 0.6883185589852032} val_mae=0.395343
2025-12-14 02:01:15,108 - INFO - Trial 42: {'max_depth': 5, 'min_child_weight': 1.728444392028982, 'gamma': 0.8058339647717031, 'subsample': 0.5637992796443212, 'colsample_bytree': 0.5779247402624311} val_mae=0.391634
2025-12-14 02:01:21,974 - INFO - Trial 43: {'max_depth': 4, 'min_child_weight': 1.6001372476887745, 'gamma': 0.8341381087133528, 'subsample': 0.5410225313637087, 'colsample_bytree': 0.524104105253805} val_mae=0.394803
2025-12-14 02:01:30,752 - INFO - Trial 44: {'max_depth': 5, 'min_child_weight': 1.7676812757170028, 'gamma': 1.4043977457905283, 'subsample': 0.5584004229313615, 'colsample_bytree': 0.5623263408711413} val_mae=0.391932
2025-12-14 02:01:42,376 - INFO - Trial 45: {'max_depth': 6, 'min_child_weight': 1.2159860979936232, 'gamma': 0.4126386938529479, 'subsample': 0.5671763409851985, 'colsample_bytree': 0.5620794519130716} val_mae=0.392492
2025-12-14 02:01:51,079 - INFO - Trial 46: {'max_depth': 5, 'min_child_weight': 1.8428192408990467, 'gamma': 1.0114113052288813, 'subsample': 0.5055781400506534, 'colsample_bytree': 0.5880914380246892} val_mae=0.393108
2025-12-14 02:01:56,585 - INFO - Trial 47: {'max_depth': 3, 'min_child_weight': 1.044973036389526, 'gamma': 1.8936762321178315, 'subsample': 0.5700645309079793, 'colsample_bytree': 0.5222157925221995} val_mae=0.398551
2025-12-14 02:02:03,068 - INFO - Trial 48: {'max_depth': 4, 'min_child_weight': 1.6274290949028176, 'gamma': 1.4566998837490357, 'subsample': 0.999942240744688, 'colsample_bytree': 0.500817833748112} val_mae=0.394670
2025-12-14 02:02:11,430 - INFO - Trial 49: {'max_depth': 5, 'min_child_weight': 4.631708307187499, 'gamma': 0.6725742555436397, 'subsample': 0.5439763491156264, 'colsample_bytree': 0.5717998844572362} val_mae=0.392898
2025-12-14 02:02:24,450 - INFO - Trial 50: {'max_depth': 7, 'min_child_weight': 2.0842444206556916, 'gamma': 4.564747586270407, 'subsample': 0.5849631644380257, 'colsample_bytree': 0.5404287669555417} val_mae=0.393388
2025-12-14 02:02:35,059 - INFO - Trial 51: {'max_depth': 6, 'min_child_weight': 1.264683568765127, 'gamma': 3.9478922174483353, 'subsample': 0.531748046070028, 'colsample_bytree': 0.5882016296754515} val_mae=0.393090
2025-12-14 02:02:44,318 - INFO - Trial 52: {'max_depth': 5, 'min_child_weight': 1.3793249486412398, 'gamma': 1.4120627357962863, 'subsample': 0.665304677193565, 'colsample_bytree': 0.6287175602635501} val_mae=0.390759
2025-12-14 02:02:53,438 - INFO - Trial 53: {'max_depth': 5, 'min_child_weight': 1.526827279615803, 'gamma': 1.1162629919003675, 'subsample': 0.6644285526909546, 'colsample_bytree': 0.6269442146694291} val_mae=0.391034
2025-12-14 02:02:59,528 - INFO - Trial 54: {'max_depth': 4, 'min_child_weight': 1.5392496401518623, 'gamma': 1.0882936135041783, 'subsample': 0.6624196501493865, 'colsample_bytree': 0.6078637280092788} val_mae=0.394696
2025-12-14 02:03:08,121 - INFO - Trial 55: {'max_depth': 5, 'min_child_weight': 1.8312226074470321, 'gamma': 1.4526969489807708, 'subsample': 0.6245024571042647, 'colsample_bytree': 0.5535552543802222} val_mae=0.391776
2025-12-14 02:03:17,475 - INFO - Trial 56: {'max_depth': 5, 'min_child_weight': 1.8470865870952609, 'gamma': 1.4444859207442362, 'subsample': 0.587896261656101, 'colsample_bytree': 0.560461066073721} val_mae=0.392171
2025-12-14 02:03:24,187 - INFO - Trial 57: {'max_depth': 4, 'min_child_weight': 1.4055659271604317, 'gamma': 1.2939747206894903, 'subsample': 0.6263957300167922, 'colsample_bytree': 0.6666067702252979} val_mae=0.394565
2025-12-14 02:03:29,623 - INFO - Trial 58: {'max_depth': 3, 'min_child_weight': 1.1421740391322588, 'gamma': 0.6860757294804554, 'subsample': 0.5185148654371277, 'colsample_bytree': 0.630519577479717} val_mae=0.398805
2025-12-14 02:03:38,451 - INFO - Trial 59: {'max_depth': 5, 'min_child_weight': 2.0677446972977163, 'gamma': 1.8957701262718465, 'subsample': 0.6472454926467655, 'colsample_bytree': 0.7118760258840668} val_mae=0.392191
2025-12-14 02:03:47,553 - INFO - Trial 60: {'max_depth': 5, 'min_child_weight': 1.6311055054747072, 'gamma': 0.2557298045404681, 'subsample': 0.5897920047320184, 'colsample_bytree': 0.8922274770769325} val_mae=0.392271
2025-12-14 02:03:47,597 - INFO - Best trial params: {'max_depth': 5, 'min_child_weight': 1.3793249486412398, 'gamma': 1.4120627357962863, 'subsample': 0.665304677193565, 'colsample_bytree': 0.6287175602635501, 'learning_rate': 0.009848731703179103, 'n_estimators': 796, 'early_stopping_rounds': 116, 'val_mae': 0.3907591700553894}
2025-12-14 02:03:47,597 - INFO - Saved best Stage C parameters to /home/haris/Documents/ProjectBzarre/modeling_pipeline/optuna_studies/stageC_tree_params/best_tree_params.json
2025-12-14 02:03:47,597 - INFO - === Stage C Optimization Complete ===
2025-12-14 17:48:35,015 - INFO - === Stage C Tree Parameter Optimization Started ===
2025-12-14 17:48:43,341 - INFO - Trial 61: {'max_depth': 4, 'min_child_weight': 1.3611798102745136, 'gamma': 1.1127881770261867, 'subsample': 0.6226968207366874, 'colsample_bytree': 0.5237083057671021} val_mae=0.394523
2025-12-14 17:48:52,241 - INFO - Trial 62: {'max_depth': 5, 'min_child_weight': 1.8038974915930728, 'gamma': 1.4541692143565152, 'subsample': 0.5584698082108243, 'colsample_bytree': 0.5592069082457785} val_mae=0.393495
2025-12-14 17:49:01,697 - INFO - Trial 63: {'max_depth': 5, 'min_child_weight': 2.0008081836950327, 'gamma': 1.404651216510314, 'subsample': 0.5841972079663598, 'colsample_bytree': 0.5461814856594115} val_mae=0.392575
2025-12-14 17:49:10,596 - INFO - Trial 64: {'max_depth': 5, 'min_child_weight': 1.7595111062432958, 'gamma': 1.7513172707966826, 'subsample': 0.5996438767314531, 'colsample_bytree': 0.5904084874193818} val_mae=0.392871
2025-12-14 17:49:17,275 - INFO - Trial 65: {'max_depth': 4, 'min_child_weight': 2.4519959844825636, 'gamma': 1.1524132497325714, 'subsample': 0.6731663842757253, 'colsample_bytree': 0.6198132305122906} val_mae=0.393955
2025-12-14 17:49:25,870 - INFO - Trial 66: {'max_depth': 5, 'min_child_weight': 1.0871057198328915, 'gamma': 1.557277391517069, 'subsample': 0.6549812183498765, 'colsample_bytree': 0.5623480360510169} val_mae=0.393238
2025-12-14 17:49:34,575 - INFO - Trial 67: {'max_depth': 5, 'min_child_weight': 1.212486371122573, 'gamma': 0.860285778757519, 'subsample': 0.7195350314303168, 'colsample_bytree': 0.5142354108534278} val_mae=0.392923
2025-12-14 17:49:45,838 - INFO - Trial 68: {'max_depth': 6, 'min_child_weight': 1.4769996197297712, 'gamma': 2.0044674165925516, 'subsample': 0.575626886125289, 'colsample_bytree': 0.583389776797195} val_mae=0.394096
2025-12-14 17:49:52,622 - INFO - Trial 69: {'max_depth': 4, 'min_child_weight': 2.81119380251337, 'gamma': 0.6880139141236635, 'subsample': 0.6339023814222773, 'colsample_bytree': 0.6040952977028932} val_mae=0.394926
2025-12-14 17:50:01,678 - INFO - Trial 70: {'max_depth': 5, 'min_child_weight': 1.0052560713470917, 'gamma': 1.2540755138437483, 'subsample': 0.6148474223301035, 'colsample_bytree': 0.5493661799524885} val_mae=0.393135
2025-12-14 17:50:12,746 - INFO - Trial 71: {'max_depth': 6, 'min_child_weight': 1.685601884399133, 'gamma': 2.14519430637134, 'subsample': 0.6955309623685776, 'colsample_bytree': 0.5375283923132799} val_mae=0.392650
2025-12-14 17:50:21,638 - INFO - Trial 72: {'max_depth': 5, 'min_child_weight': 2.107016687513177, 'gamma': 1.8548536337736055, 'subsample': 0.6445570724542541, 'colsample_bytree': 0.7093613993759533} val_mae=0.392399
2025-12-14 17:50:31,315 - INFO - Trial 73: {'max_depth': 5, 'min_child_weight': 1.990964902267839, 'gamma': 2.3883839225184493, 'subsample': 0.6504697795461113, 'colsample_bytree': 0.8025324468369672} val_mae=0.392237
2025-12-14 17:50:40,653 - INFO - Trial 74: {'max_depth': 5, 'min_child_weight': 1.3843460711757043, 'gamma': 1.6698832424452728, 'subsample': 0.5941820900085818, 'colsample_bytree': 0.6662637537942909} val_mae=0.392607
2025-12-14 17:50:49,531 - INFO - Trial 75: {'max_depth': 5, 'min_child_weight': 2.383233609823827, 'gamma': 1.3373064928030278, 'subsample': 0.6838647833722367, 'colsample_bytree': 0.6422717130671186} val_mae=0.392133
2025-12-14 17:50:56,628 - INFO - Trial 76: {'max_depth': 4, 'min_child_weight': 2.3353289537473128, 'gamma': 1.3663562051585973, 'subsample': 0.6758655161584126, 'colsample_bytree': 0.6425922831066536} val_mae=0.394941
2025-12-14 17:51:08,720 - INFO - Trial 77: {'max_depth': 5, 'min_child_weight': 1.4936339760681816, 'gamma': 0.9799983235278671, 'subsample': 0.7024824391716686, 'colsample_bytree': 0.6219604611727856} val_mae=0.392849
2025-12-14 17:51:22,370 - INFO - Trial 78: {'max_depth': 6, 'min_child_weight': 2.6005883400768104, 'gamma': 1.5416578981405915, 'subsample': 0.6859264480446308, 'colsample_bytree': 0.5735711590490352} val_mae=0.393028
2025-12-14 17:51:34,484 - INFO - Trial 79: {'max_depth': 6, 'min_child_weight': 1.1812402030874976, 'gamma': 1.203632191890637, 'subsample': 0.7242951921113334, 'colsample_bytree': 0.6556127121857284} val_mae=0.391912
2025-12-14 17:51:46,507 - INFO - Trial 80: {'max_depth': 6, 'min_child_weight': 1.3795969676902842, 'gamma': 1.2230891280549203, 'subsample': 0.7174461879419921, 'colsample_bytree': 0.6534692924839487} val_mae=0.392203
2025-12-14 17:51:59,330 - INFO - Trial 81: {'max_depth': 6, 'min_child_weight': 1.189160558506547, 'gamma': 0.5778867290287416, 'subsample': 0.7511889782417929, 'colsample_bytree': 0.681110538786334} val_mae=0.392426
2025-12-14 17:52:11,697 - INFO - Trial 82: {'max_depth': 5, 'min_child_weight': 1.3084587367530907, 'gamma': 1.0638777925369796, 'subsample': 0.6651639428256748, 'colsample_bytree': 0.6072790280882778} val_mae=0.392289
2025-12-14 17:52:20,655 - INFO - Trial 83: {'max_depth': 5, 'min_child_weight': 1.9225420994757187, 'gamma': 1.6028010883777757, 'subsample': 0.5509782772070275, 'colsample_bytree': 0.6297580872631998} val_mae=0.392866
2025-12-14 17:52:29,871 - INFO - Trial 84: {'max_depth': 5, 'min_child_weight': 1.6995449183825588, 'gamma': 1.3612000793396597, 'subsample': 0.6303520909683796, 'colsample_bytree': 0.7483746206482037} val_mae=0.393016
2025-12-14 17:52:38,696 - INFO - Trial 85: {'max_depth': 5, 'min_child_weight': 1.573584320978935, 'gamma': 0.8802111339470648, 'subsample': 0.7253854434012316, 'colsample_bytree': 0.5969189802892341} val_mae=0.391763
2025-12-14 17:52:46,083 - INFO - Trial 86: {'max_depth': 4, 'min_child_weight': 1.1067675996830375, 'gamma': 0.7955652475196487, 'subsample': 0.7219127233727796, 'colsample_bytree': 0.5934862971291885} val_mae=0.394736
2025-12-14 17:52:58,679 - INFO - Trial 87: {'max_depth': 6, 'min_child_weight': 1.5698491515862254, 'gamma': 0.9299846344134426, 'subsample': 0.754358297795511, 'colsample_bytree': 0.6643843030274663} val_mae=0.392756
2025-12-14 17:53:09,137 - INFO - Trial 88: {'max_depth': 5, 'min_child_weight': 1.2655823536593473, 'gamma': 0.3492259999492191, 'subsample': 0.7355698987447482, 'colsample_bytree': 0.641576878197175} val_mae=0.392155
2025-12-14 17:53:18,326 - INFO - Trial 89: {'max_depth': 5, 'min_child_weight': 1.1542579602234222, 'gamma': 1.1468914048568024, 'subsample': 0.7053850496262297, 'colsample_bytree': 0.6159155559333317} val_mae=0.392988
2025-12-14 17:53:25,174 - INFO - Trial 90: {'max_depth': 4, 'min_child_weight': 2.1951900162881706, 'gamma': 1.769140100742797, 'subsample': 0.6819536471832045, 'colsample_bytree': 0.5784770377293068} val_mae=0.394509
2025-12-14 17:53:37,255 - INFO - Trial 91: {'max_depth': 6, 'min_child_weight': 1.478195919468337, 'gamma': 0.7644817198182716, 'subsample': 0.7266520006993075, 'colsample_bytree': 0.6000753431103213} val_mae=0.392182
2025-12-14 17:53:46,191 - INFO - Trial 92: {'max_depth': 5, 'min_child_weight': 1.2798063743626191, 'gamma': 0.9780891531638534, 'subsample': 0.7375476840337294, 'colsample_bytree': 0.6351358190204496} val_mae=0.392247
2025-12-14 17:53:55,329 - INFO - Trial 93: {'max_depth': 5, 'min_child_weight': 1.2668605284504446, 'gamma': 0.3841099383693266, 'subsample': 0.779120652381621, 'colsample_bytree': 0.6492484154766567} val_mae=0.393889
2025-12-14 17:54:04,628 - INFO - Trial 94: {'max_depth': 5, 'min_child_weight': 1.4261941595711316, 'gamma': 0.11022787496543612, 'subsample': 0.6913792751387442, 'colsample_bytree': 0.5325964775052966} val_mae=0.392095
2025-12-14 17:54:13,498 - INFO - Trial 95: {'max_depth': 5, 'min_child_weight': 1.7295482827664042, 'gamma': 0.06385609652548041, 'subsample': 0.6854876030170743, 'colsample_bytree': 0.5147422911982974} val_mae=0.393362
2025-12-14 17:54:25,274 - INFO - Trial 96: {'max_depth': 6, 'min_child_weight': 1.5684789086264863, 'gamma': 1.3107824643996349, 'subsample': 0.6612966076033114, 'colsample_bytree': 0.5355191374980528} val_mae=0.395127
2025-12-14 17:54:34,207 - INFO - Trial 97: {'max_depth': 5, 'min_child_weight': 1.421482381873909, 'gamma': 0.17461501261688595, 'subsample': 0.705583359885314, 'colsample_bytree': 0.5682453977266734} val_mae=0.392435
2025-12-14 17:55:15,866 - INFO - Trial 98: {'max_depth': 10, 'min_child_weight': 1.0580832543305485, 'gamma': 1.157404690364524, 'subsample': 0.6929586829456477, 'colsample_bytree': 0.5525363875404635} val_mae=0.396356
2025-12-14 17:55:22,844 - INFO - Trial 99: {'max_depth': 4, 'min_child_weight': 1.8744616800256764, 'gamma': 0.5397945894375262, 'subsample': 0.6707658615061476, 'colsample_bytree': 0.5151989060747415} val_mae=0.394660
2025-12-14 17:55:31,698 - INFO - Trial 100: {'max_depth': 5, 'min_child_weight': 3.349652452725405, 'gamma': 1.5006822708307865, 'subsample': 0.7632996328514421, 'colsample_bytree': 0.5819418081818054} val_mae=0.392483
2025-12-14 17:56:05,019 - INFO - Trial 101: {'max_depth': 9, 'min_child_weight': 1.6843845348021758, 'gamma': 0.599501051840901, 'subsample': 0.5252138473635344, 'colsample_bytree': 0.5321490830788478} val_mae=0.396253
2025-12-14 17:56:14,415 - INFO - Trial 102: {'max_depth': 5, 'min_child_weight': 1.215807079677458, 'gamma': 0.4008279526766653, 'subsample': 0.7403912473961098, 'colsample_bytree': 0.6417864546687432} val_mae=0.391539
2025-12-14 17:56:23,382 - INFO - Trial 103: {'max_depth': 5, 'min_child_weight': 1.179605292966306, 'gamma': 0.8852676447588331, 'subsample': 0.7935996962088196, 'colsample_bytree': 0.6597960303100562} val_mae=0.392962
2025-12-14 17:56:32,285 - INFO - Trial 104: {'max_depth': 5, 'min_child_weight': 1.004262876479912, 'gamma': 0.18661032178005454, 'subsample': 0.7149046823180513, 'colsample_bytree': 0.6270829719048157} val_mae=0.392641
2025-12-14 17:56:41,651 - INFO - Trial 105: {'max_depth': 5, 'min_child_weight': 1.450109893027319, 'gamma': 0.49873650097484673, 'subsample': 0.7472931478295138, 'colsample_bytree': 0.6125925751125668} val_mae=0.391900
2025-12-14 17:56:50,453 - INFO - Trial 106: {'max_depth': 5, 'min_child_weight': 1.3374813781179717, 'gamma': 0.26269060277865053, 'subsample': 0.7466968112168864, 'colsample_bytree': 0.6101564374843385} val_mae=0.391821
2025-12-14 17:56:57,847 - INFO - Trial 107: {'max_depth': 4, 'min_child_weight': 1.3360477063064475, 'gamma': 0.4790007426646866, 'subsample': 0.7455206474389128, 'colsample_bytree': 0.5971139993140017} val_mae=0.394309
2025-12-14 17:57:13,601 - INFO - Trial 108: {'max_depth': 6, 'min_child_weight': 1.106861913175956, 'gamma': 0.7447221794021289, 'subsample': 0.7653951885381622, 'colsample_bytree': 0.6103427698564908} val_mae=0.393780
2025-12-14 17:57:25,852 - INFO - Trial 109: {'max_depth': 5, 'min_child_weight': 1.554391848194414, 'gamma': 0.3164639288603124, 'subsample': 0.7767489272301601, 'colsample_bytree': 0.6147334030047507} val_mae=0.392562
2025-12-14 17:57:35,968 - INFO - Trial 110: {'max_depth': 5, 'min_child_weight': 1.2383435183589102, 'gamma': 0.6522920993542625, 'subsample': 0.8226107596377022, 'colsample_bytree': 0.5667376007588382} val_mae=0.392853
2025-12-14 17:57:51,567 - INFO - Trial 111: {'max_depth': 4, 'min_child_weight': 4.900155089022283, 'gamma': 0.4618942325039459, 'subsample': 0.7298787359084148, 'colsample_bytree': 0.6730238309638377} val_mae=0.393969
2025-12-14 17:58:16,345 - INFO - Trial 112: {'max_depth': 5, 'min_child_weight': 1.4515297236156184, 'gamma': 0.09791781455358901, 'subsample': 0.7579410074312695, 'colsample_bytree': 0.5482571964611906} val_mae=0.392493
2025-12-14 17:58:40,353 - INFO - Trial 113: {'max_depth': 5, 'min_child_weight': 1.3360710623349004, 'gamma': 0.2684026682098263, 'subsample': 0.7450789773360462, 'colsample_bytree': 0.5898070132524084} val_mae=0.391807
2025-12-14 17:58:49,313 - INFO - Trial 114: {'max_depth': 5, 'min_child_weight': 1.3313767350878816, 'gamma': 1.0318322111145959, 'subsample': 0.7450147476989847, 'colsample_bytree': 0.5894067829456587} val_mae=0.391920
2025-12-14 17:58:58,840 - INFO - Trial 115: {'max_depth': 5, 'min_child_weight': 1.649904679628491, 'gamma': 0.24577076417974308, 'subsample': 0.7891632173128873, 'colsample_bytree': 0.5946051585607961} val_mae=0.392089
2025-12-14 17:59:07,593 - INFO - Trial 116: {'max_depth': 5, 'min_child_weight': 1.5170636465710645, 'gamma': 1.0372977841143833, 'subsample': 0.7435641873283306, 'colsample_bytree': 0.5832050591934635} val_mae=0.391431
2025-12-14 17:59:20,412 - INFO - Trial 117: {'max_depth': 6, 'min_child_weight': 1.3070167004295745, 'gamma': 0.546908837644571, 'subsample': 0.7728923666923474, 'colsample_bytree': 0.5889136085495975} val_mae=0.393888
2025-12-14 17:59:30,332 - INFO - Trial 118: {'max_depth': 5, 'min_child_weight': 1.5271830374223203, 'gamma': 1.0515750688381202, 'subsample': 0.7444165151160979, 'colsample_bytree': 0.6243823665734547} val_mae=0.391641
2025-12-14 17:59:39,969 - INFO - Trial 119: {'max_depth': 5, 'min_child_weight': 1.4694565584213795, 'gamma': 0.0011338058070072266, 'subsample': 0.8057715874212947, 'colsample_bytree': 0.6264966843680148} val_mae=0.392404
2025-12-14 17:59:50,057 - INFO - Trial 120: {'max_depth': 5, 'min_child_weight': 1.5407488735094637, 'gamma': 0.861757886523246, 'subsample': 0.7432853674629883, 'colsample_bytree': 0.6161156375860106} val_mae=0.392188
2025-12-14 17:59:50,080 - INFO - Best trial params: {'max_depth': 5, 'min_child_weight': 1.3793249486412398, 'gamma': 1.4120627357962863, 'subsample': 0.665304677193565, 'colsample_bytree': 0.6287175602635501, 'learning_rate': 0.0075852754663137305, 'n_estimators': 1039, 'early_stopping_rounds': 68, 'val_mae': 0.3907591700553894}
2025-12-14 17:59:50,080 - INFO - Saved best Stage C parameters to /home/haris/Documents/ProjectBzarre/modeling_pipeline/optuna_studies/stageC_tree_params/best_tree_params.json
2025-12-14 17:59:50,080 - INFO - === Stage C Optimization Complete ===
2025-12-16 01:43:37,256 - INFO - === Stage C Tree Parameter Optimization Started ===
2025-12-16 01:44:05,755 - INFO - Trial 121: {'max_depth': 5, 'min_child_weight': 1.1784825168036106, 'gamma': 0.3772455851323572, 'subsample': 0.7268382809132696, 'colsample_bytree': 0.6532317910386939} val_mae=0.256978
2025-12-16 01:44:31,987 - INFO - Trial 122: {'max_depth': 5, 'min_child_weight': 1.179333194420927, 'gamma': 0.2547054277491673, 'subsample': 0.7256426929011516, 'colsample_bytree': 0.652758102319892} val_mae=0.258597
2025-12-16 01:44:58,283 - INFO - Trial 123: {'max_depth': 5, 'min_child_weight': 1.3796021404343775, 'gamma': 0.2935426828892832, 'subsample': 0.7547763793957174, 'colsample_bytree': 0.6847774655621712} val_mae=0.257658
2025-12-16 01:45:24,725 - INFO - Trial 124: {'max_depth': 5, 'min_child_weight': 1.1302084634731198, 'gamma': 0.2819066907985418, 'subsample': 0.7319535852462851, 'colsample_bytree': 0.684274394960203} val_mae=0.257933
2025-12-16 01:45:50,276 - INFO - Trial 125: {'max_depth': 5, 'min_child_weight': 1.1151462172541355, 'gamma': 0.39438331694828754, 'subsample': 0.7111372765150932, 'colsample_bytree': 0.6813715175483304} val_mae=0.258011
2025-12-16 01:46:16,885 - INFO - Trial 126: {'max_depth': 5, 'min_child_weight': 1.1428302079883328, 'gamma': 0.37447663065102055, 'subsample': 0.7112322075388804, 'colsample_bytree': 0.6819285883041892} val_mae=0.257945
2025-12-16 01:46:42,986 - INFO - Trial 127: {'max_depth': 5, 'min_child_weight': 1.0760773728791253, 'gamma': 0.3753389635555392, 'subsample': 0.7085452462986082, 'colsample_bytree': 0.6910525809055592} val_mae=0.259567
2025-12-16 01:47:04,938 - INFO - Trial 128: {'max_depth': 4, 'min_child_weight': 1.0714777843353944, 'gamma': 0.428560126057416, 'subsample': 0.7127846528895955, 'colsample_bytree': 0.6939902463853266} val_mae=0.254060
2025-12-16 01:47:23,924 - INFO - Trial 129: {'max_depth': 3, 'min_child_weight': 1.0429205659878626, 'gamma': 0.37354576914210885, 'subsample': 0.7117124160941846, 'colsample_bytree': 0.6962720074413679} val_mae=0.255032
2025-12-16 01:47:42,324 - INFO - Trial 130: {'max_depth': 3, 'min_child_weight': 1.0697989925801856, 'gamma': 0.3841977796689625, 'subsample': 0.7082888038625743, 'colsample_bytree': 0.6948364651602634} val_mae=0.254824
2025-12-16 01:48:00,823 - INFO - Trial 131: {'max_depth': 3, 'min_child_weight': 1.0454716429814328, 'gamma': 0.3612316847574147, 'subsample': 0.7128350767283809, 'colsample_bytree': 0.699065982997458} val_mae=0.253744
2025-12-16 01:48:20,004 - INFO - Trial 132: {'max_depth': 3, 'min_child_weight': 1.0694168305545924, 'gamma': 0.3499067832948706, 'subsample': 0.7089865738914289, 'colsample_bytree': 0.697301147679435} val_mae=0.254596
2025-12-16 01:48:38,071 - INFO - Trial 133: {'max_depth': 3, 'min_child_weight': 1.0524500370322323, 'gamma': 0.36744308884305227, 'subsample': 0.708416877984826, 'colsample_bytree': 0.6938949055573246} val_mae=0.254516
2025-12-16 01:48:57,443 - INFO - Trial 134: {'max_depth': 3, 'min_child_weight': 1.0504547528429091, 'gamma': 0.3690985892203916, 'subsample': 0.7144242163619449, 'colsample_bytree': 0.6961252550715056} val_mae=0.254408
2025-12-16 01:49:15,671 - INFO - Trial 135: {'max_depth': 3, 'min_child_weight': 1.0507512983043028, 'gamma': 0.3605687634526594, 'subsample': 0.7118408580963355, 'colsample_bytree': 0.6954895203538404} val_mae=0.254535
2025-12-16 01:49:34,388 - INFO - Trial 136: {'max_depth': 3, 'min_child_weight': 1.012936810081085, 'gamma': 0.1987926503913658, 'subsample': 0.7145027996767775, 'colsample_bytree': 0.7188985394934025} val_mae=0.253973
2025-12-16 01:49:52,864 - INFO - Trial 137: {'max_depth': 3, 'min_child_weight': 1.0112905430489048, 'gamma': 0.4102115885898541, 'subsample': 0.7128450716496353, 'colsample_bytree': 0.7054226134658994} val_mae=0.253554
2025-12-16 01:50:11,836 - INFO - Trial 138: {'max_depth': 3, 'min_child_weight': 1.0058426791037507, 'gamma': 0.14562668367452958, 'subsample': 0.6994361286072206, 'colsample_bytree': 0.7185465667440086} val_mae=0.253968
2025-12-16 01:50:31,061 - INFO - Trial 139: {'max_depth': 3, 'min_child_weight': 1.0199955113030243, 'gamma': 0.1405268605582736, 'subsample': 0.6984757204181137, 'colsample_bytree': 0.7224861593548043} val_mae=0.253335
2025-12-16 01:50:50,253 - INFO - Trial 140: {'max_depth': 3, 'min_child_weight': 1.0030169404192377, 'gamma': 0.1466149361105148, 'subsample': 0.6966663592100986, 'colsample_bytree': 0.7224383681612081} val_mae=0.253073
2025-12-16 01:51:08,305 - INFO - Trial 141: {'max_depth': 3, 'min_child_weight': 1.004123273124921, 'gamma': 0.16879720375964719, 'subsample': 0.6967503007113894, 'colsample_bytree': 0.7194768795156978} val_mae=0.253850
2025-12-16 01:51:27,873 - INFO - Trial 142: {'max_depth': 3, 'min_child_weight': 1.005819041870436, 'gamma': 0.13562247674057692, 'subsample': 0.6988283573472628, 'colsample_bytree': 0.7174422607537995} val_mae=0.253605
2025-12-16 01:51:46,379 - INFO - Trial 143: {'max_depth': 3, 'min_child_weight': 1.0064969968012702, 'gamma': 0.14196451738117374, 'subsample': 0.6998779447526886, 'colsample_bytree': 0.7041721372744579} val_mae=0.254082
2025-12-16 01:52:04,567 - INFO - Trial 144: {'max_depth': 3, 'min_child_weight': 1.0163604169908766, 'gamma': 0.14595190130434593, 'subsample': 0.6998325631648004, 'colsample_bytree': 0.7177101073275551} val_mae=0.253738
2025-12-16 01:52:23,829 - INFO - Trial 145: {'max_depth': 3, 'min_child_weight': 1.007340814222974, 'gamma': 0.0002584448864557387, 'subsample': 0.6971740739651987, 'colsample_bytree': 0.7202492108616504} val_mae=0.253316
2025-12-16 01:52:42,116 - INFO - Trial 146: {'max_depth': 3, 'min_child_weight': 1.003587578426227, 'gamma': 0.13147549852916132, 'subsample': 0.6974171055013692, 'colsample_bytree': 0.7192890422406367} val_mae=0.253443
2025-12-16 01:53:01,405 - INFO - Trial 147: {'max_depth': 3, 'min_child_weight': 1.096497886752153, 'gamma': 0.13256137160674702, 'subsample': 0.696900853441567, 'colsample_bytree': 0.7232155905709214} val_mae=0.253452
2025-12-16 01:53:20,722 - INFO - Trial 148: {'max_depth': 3, 'min_child_weight': 1.003906539603387, 'gamma': 0.13254130274186127, 'subsample': 0.6964195633229735, 'colsample_bytree': 0.7209990274534046} val_mae=0.253171
2025-12-16 01:53:39,501 - INFO - Trial 149: {'max_depth': 3, 'min_child_weight': 1.0076573425491606, 'gamma': 0.12848184972391472, 'subsample': 0.6975806495816801, 'colsample_bytree': 0.7164475608863868} val_mae=0.253213
2025-12-16 01:53:58,225 - INFO - Trial 150: {'max_depth': 3, 'min_child_weight': 1.0092291201552408, 'gamma': 0.015089306583904075, 'subsample': 0.679539255495824, 'colsample_bytree': 0.7217751027899655} val_mae=0.253780
2025-12-16 01:54:17,284 - INFO - Trial 151: {'max_depth': 3, 'min_child_weight': 1.0048253971091137, 'gamma': 0.002227327651743577, 'subsample': 0.6797344991423367, 'colsample_bytree': 0.7203778337031527} val_mae=0.254305
2025-12-16 01:54:35,527 - INFO - Trial 152: {'max_depth': 3, 'min_child_weight': 1.0023912262431232, 'gamma': 0.1362414131176052, 'subsample': 0.693544850549975, 'colsample_bytree': 0.7418475025646735} val_mae=0.252971
2025-12-16 01:54:54,945 - INFO - Trial 153: {'max_depth': 3, 'min_child_weight': 1.0127806437600553, 'gamma': 0.12123469796522073, 'subsample': 0.6937896101949416, 'colsample_bytree': 0.7421319434147307} val_mae=0.253237
2025-12-16 01:55:13,546 - INFO - Trial 154: {'max_depth': 3, 'min_child_weight': 1.0009798471602736, 'gamma': 0.09520609034115099, 'subsample': 0.6908011493743701, 'colsample_bytree': 0.7407136487504018} val_mae=0.254291
2025-12-16 01:55:32,700 - INFO - Trial 155: {'max_depth': 3, 'min_child_weight': 1.127193458725171, 'gamma': 0.14255412622480812, 'subsample': 0.6939327658316632, 'colsample_bytree': 0.7663985563463204} val_mae=0.252539
2025-12-16 01:55:51,096 - INFO - Trial 156: {'max_depth': 3, 'min_child_weight': 1.1277093782865153, 'gamma': 0.03947014115774429, 'subsample': 0.6755845874364834, 'colsample_bytree': 0.7649272849253522} val_mae=0.253747
2025-12-16 01:56:09,505 - INFO - Trial 157: {'max_depth': 3, 'min_child_weight': 1.1116260549678734, 'gamma': 0.050768638877079594, 'subsample': 0.6756289636093457, 'colsample_bytree': 0.7607410787144344} val_mae=0.253702
2025-12-16 01:56:28,869 - INFO - Trial 158: {'max_depth': 3, 'min_child_weight': 1.1236360932727372, 'gamma': 0.08164317648586984, 'subsample': 0.6701292386330552, 'colsample_bytree': 0.7684313846390793} val_mae=0.253733
2025-12-16 01:56:47,490 - INFO - Trial 159: {'max_depth': 3, 'min_child_weight': 1.1158053862767376, 'gamma': 0.10569388481257416, 'subsample': 0.6590365137937708, 'colsample_bytree': 0.7544413256741249} val_mae=0.254615
2025-12-16 01:57:07,029 - INFO - Trial 160: {'max_depth': 3, 'min_child_weight': 1.2408410493606838, 'gamma': 0.1827188873314582, 'subsample': 0.6894142418347287, 'colsample_bytree': 0.7695352570319235} val_mae=0.253184
2025-12-16 01:57:26,196 - INFO - Trial 161: {'max_depth': 3, 'min_child_weight': 1.2044356970912649, 'gamma': 0.17933246107396697, 'subsample': 0.6872573617333342, 'colsample_bytree': 0.783173216817864} val_mae=0.252952
2025-12-16 01:57:44,657 - INFO - Trial 162: {'max_depth': 3, 'min_child_weight': 1.206473085405893, 'gamma': 0.19603335478173717, 'subsample': 0.669110383499357, 'colsample_bytree': 0.7838799234450783} val_mae=0.253165
2025-12-16 01:58:02,739 - INFO - Trial 163: {'max_depth': 3, 'min_child_weight': 1.2097427329502528, 'gamma': 0.19305593877634225, 'subsample': 0.6679154766430304, 'colsample_bytree': 0.7826221385816543} val_mae=0.253702
2025-12-16 01:58:22,283 - INFO - Trial 164: {'max_depth': 3, 'min_child_weight': 1.2229229281540612, 'gamma': 0.1831426618401194, 'subsample': 0.6795962583612035, 'colsample_bytree': 0.7879805794771979} val_mae=0.253883
2025-12-16 01:58:40,618 - INFO - Trial 165: {'max_depth': 3, 'min_child_weight': 1.2380051905074, 'gamma': 0.16539569937269677, 'subsample': 0.6868722347638049, 'colsample_bytree': 0.73283311562098} val_mae=0.254077
2025-12-16 01:58:59,673 - INFO - Trial 166: {'max_depth': 3, 'min_child_weight': 1.1733889509525586, 'gamma': 0.015567834002435665, 'subsample': 0.6560187838024677, 'colsample_bytree': 0.8283197789268533} val_mae=0.252874
2025-12-16 01:59:18,919 - INFO - Trial 167: {'max_depth': 3, 'min_child_weight': 1.197990786506742, 'gamma': 0.004922538276203453, 'subsample': 0.6891707644294659, 'colsample_bytree': 0.813583146791938} val_mae=0.252519
2025-12-16 01:59:37,224 - INFO - Trial 168: {'max_depth': 3, 'min_child_weight': 1.1734145215466554, 'gamma': 0.21157321367272733, 'subsample': 0.656729768978798, 'colsample_bytree': 0.8188459029469186} val_mae=0.253894
2025-12-16 01:59:55,557 - INFO - Trial 169: {'max_depth': 3, 'min_child_weight': 1.1558867791508645, 'gamma': 0.04854478257185163, 'subsample': 0.6907190516837047, 'colsample_bytree': 0.8181991990654559} val_mae=0.252668
2025-12-16 02:00:13,936 - INFO - Trial 170: {'max_depth': 3, 'min_child_weight': 1.2597806353216383, 'gamma': 0.01680508531563577, 'subsample': 0.6911809480567833, 'colsample_bytree': 0.83378626689855} val_mae=0.252853
2025-12-16 02:00:34,862 - INFO - Trial 171: {'max_depth': 3, 'min_child_weight': 1.2483341282217624, 'gamma': 0.009257938437762497, 'subsample': 0.6439774960672504, 'colsample_bytree': 0.8429228152401862} val_mae=0.253713
2025-12-16 02:00:53,522 - INFO - Trial 172: {'max_depth': 3, 'min_child_weight': 1.1603218201199135, 'gamma': 0.2648840608267669, 'subsample': 0.6910244197039852, 'colsample_bytree': 0.777077795413666} val_mae=0.253066
2025-12-16 02:01:12,218 - INFO - Trial 173: {'max_depth': 3, 'min_child_weight': 1.1506727080894186, 'gamma': 0.012813895764761468, 'subsample': 0.6848632144774317, 'colsample_bytree': 0.8234801654853076} val_mae=0.252833
2025-12-16 02:01:31,506 - INFO - Trial 174: {'max_depth': 3, 'min_child_weight': 1.1684357274056345, 'gamma': 0.01780355644272602, 'subsample': 0.686748116038585, 'colsample_bytree': 0.8359862104968789} val_mae=0.252905
2025-12-16 02:01:50,043 - INFO - Trial 175: {'max_depth': 3, 'min_child_weight': 1.1739496656018882, 'gamma': 0.015331687138165163, 'subsample': 0.6873247031141229, 'colsample_bytree': 0.8238570098022063} val_mae=0.252636
2025-12-16 02:02:08,233 - INFO - Trial 176: {'max_depth': 3, 'min_child_weight': 1.2618167631956665, 'gamma': 0.020815426348385083, 'subsample': 0.6863129174509074, 'colsample_bytree': 0.8277471571653013} val_mae=0.252881
2025-12-16 02:02:27,463 - INFO - Trial 177: {'max_depth': 3, 'min_child_weight': 1.281292264510601, 'gamma': 0.26890287479843294, 'subsample': 0.6851867237078503, 'colsample_bytree': 0.8244510962156982} val_mae=0.253176
2025-12-16 02:02:46,636 - INFO - Trial 178: {'max_depth': 3, 'min_child_weight': 1.3022676346850128, 'gamma': 0.24740704545742245, 'subsample': 0.6854964270286836, 'colsample_bytree': 0.8295987182869444} val_mae=0.252432
2025-12-16 02:03:05,285 - INFO - Trial 179: {'max_depth': 3, 'min_child_weight': 1.2648973056156951, 'gamma': 0.25556562089531965, 'subsample': 0.6630626898591799, 'colsample_bytree': 0.8262978590676309} val_mae=0.253341
2025-12-16 02:03:24,367 - INFO - Trial 180: {'max_depth': 3, 'min_child_weight': 1.308231940632565, 'gamma': 0.24710600734354404, 'subsample': 0.6858675854927512, 'colsample_bytree': 0.8608509454401625} val_mae=0.252766
2025-12-16 02:03:24,413 - INFO - Best trial params: {'max_depth': 3, 'min_child_weight': 1.3022676346850128, 'gamma': 0.24740704545742245, 'subsample': 0.6854964270286836, 'colsample_bytree': 0.8295987182869444, 'learning_rate': 0.013534730668818953, 'n_estimators': 1181, 'early_stopping_rounds': 72, 'val_mae': 0.25243157148361206}
2025-12-16 02:03:24,414 - INFO - Saved best Stage C parameters to /home/haris/Documents/ProjectBzarre/modeling_pipeline/optuna_studies/stageC_tree_params/best_tree_params.json
2025-12-16 02:03:24,414 - INFO - === Stage C Optimization Complete ===
