2025-12-14 01:15:54,070 - INFO - === Stage B Iteration Optimization Started ===
2025-12-14 01:19:31,657 - INFO - === Stage B Iteration Optimization Started ===
2025-12-14 01:20:49,343 - INFO - === Stage B Iteration Optimization Started ===
2025-12-14 01:24:31,009 - INFO - === Stage B Iteration Optimization Started ===
2025-12-14 01:24:41,808 - INFO - Trial 3: n_estimators=843 max_depth=4 min_child_weight=9.871 early_stop=172 val_mae=0.395146
2025-12-14 01:25:33,284 - INFO - Trial 4: n_estimators=1761 max_depth=7 min_child_weight=1.205 early_stop=145 val_mae=0.395643
2025-12-14 01:25:48,162 - INFO - Trial 5: n_estimators=1124 max_depth=5 min_child_weight=3.745 early_stop=71 val_mae=0.395241
2025-12-14 01:25:57,412 - INFO - Trial 6: n_estimators=634 max_depth=4 min_child_weight=1.044 early_stop=89 val_mae=0.396232
2025-12-14 01:26:09,890 - INFO - Trial 7: n_estimators=1106 max_depth=4 min_child_weight=4.631 early_stop=74 val_mae=0.394092
2025-12-14 01:27:05,608 - INFO - Trial 8: n_estimators=2370 max_depth=7 min_child_weight=1.307 early_stop=39 val_mae=0.396662
2025-12-14 01:27:19,173 - INFO - Trial 9: n_estimators=1112 max_depth=5 min_child_weight=7.186 early_stop=100 val_mae=0.396285
2025-12-14 01:27:23,456 - INFO - Trial 10: n_estimators=507 max_depth=4 min_child_weight=1.811 early_stop=172 val_mae=0.398372
2025-12-14 01:27:59,738 - INFO - Trial 11: n_estimators=1584 max_depth=7 min_child_weight=2.007 early_stop=148 val_mae=0.395540
2025-12-14 01:28:06,964 - INFO - Trial 12: n_estimators=393 max_depth=6 min_child_weight=7.219 early_stop=63 val_mae=0.396397
2025-12-14 01:28:29,506 - INFO - Trial 13: n_estimators=2001 max_depth=5 min_child_weight=3.526 early_stop=24 val_mae=0.398169
2025-12-14 01:28:38,097 - INFO - Trial 14: n_estimators=990 max_depth=4 min_child_weight=9.639 early_stop=197 val_mae=0.395136
2025-12-14 01:28:51,117 - INFO - Trial 15: n_estimators=1195 max_depth=4 min_child_weight=5.076 early_stop=128 val_mae=0.394123
2025-12-14 01:29:11,075 - INFO - Trial 16: n_estimators=1332 max_depth=6 min_child_weight=4.967 early_stop=123 val_mae=0.396929
2025-12-14 01:29:26,900 - INFO - Trial 17: n_estimators=1384 max_depth=5 min_child_weight=5.179 early_stop=114 val_mae=0.396500
2025-12-14 01:29:34,033 - INFO - Trial 18: n_estimators=809 max_depth=4 min_child_weight=2.876 early_stop=65 val_mae=0.395016
2025-12-14 01:29:49,694 - INFO - Trial 19: n_estimators=1864 max_depth=4 min_child_weight=4.858 early_stop=139 val_mae=0.397125
2025-12-14 01:30:09,342 - INFO - Trial 20: n_estimators=1303 max_depth=6 min_child_weight=2.641 early_stop=85 val_mae=0.395088
2025-12-14 01:30:59,616 - INFO - Trial 21: n_estimators=2243 max_depth=5 min_child_weight=6.239 early_stop=125 val_mae=0.399327
2025-12-14 01:31:20,947 - INFO - Trial 22: n_estimators=1568 max_depth=4 min_child_weight=4.318 early_stop=43 val_mae=0.394872
2025-12-14 01:31:35,891 - INFO - Trial 23: n_estimators=719 max_depth=5 min_child_weight=2.296 early_stop=89 val_mae=0.393472
2025-12-14 01:31:46,781 - INFO - Trial 24: n_estimators=674 max_depth=5 min_child_weight=2.250 early_stop=98 val_mae=0.393992
2025-12-14 01:31:59,700 - INFO - Trial 25: n_estimators=695 max_depth=5 min_child_weight=2.330 early_stop=90 val_mae=0.393649
2025-12-14 01:32:09,057 - INFO - Trial 26: n_estimators=646 max_depth=5 min_child_weight=2.196 early_stop=102 val_mae=0.394277
2025-12-14 01:32:23,138 - INFO - Trial 27: n_estimators=358 max_depth=6 min_child_weight=1.578 early_stop=92 val_mae=0.396976
2025-12-14 01:32:46,770 - INFO - Trial 28: n_estimators=826 max_depth=5 min_child_weight=2.464 early_stop=107 val_mae=0.393366
2025-12-14 01:33:04,419 - INFO - Trial 29: n_estimators=881 max_depth=5 min_child_weight=2.566 early_stop=113 val_mae=0.393378
2025-12-14 01:33:26,051 - INFO - Trial 30: n_estimators=917 max_depth=6 min_child_weight=3.227 early_stop=113 val_mae=0.394205
2025-12-14 01:33:36,516 - INFO - Trial 31: n_estimators=505 max_depth=5 min_child_weight=2.577 early_stop=159 val_mae=0.395892
2025-12-14 01:33:55,355 - INFO - Trial 32: n_estimators=847 max_depth=6 min_child_weight=1.652 early_stop=48 val_mae=0.394261
2025-12-14 01:34:09,652 - INFO - Trial 33: n_estimators=1006 max_depth=5 min_child_weight=2.914 early_stop=79 val_mae=0.393820
2025-12-14 01:34:24,698 - INFO - Trial 34: n_estimators=796 max_depth=5 min_child_weight=2.480 early_stop=116 val_mae=0.393329
2025-12-14 01:34:39,452 - INFO - Trial 35: n_estimators=784 max_depth=5 min_child_weight=1.908 early_stop=108 val_mae=0.394330
2025-12-14 01:34:57,927 - INFO - Trial 36: n_estimators=520 max_depth=5 min_child_weight=3.758 early_stop=138 val_mae=0.395873
2025-12-14 01:35:13,812 - INFO - Trial 37: n_estimators=930 max_depth=5 min_child_weight=2.519 early_stop=122 val_mae=0.393399
2025-12-14 01:35:29,673 - INFO - Trial 38: n_estimators=962 max_depth=5 min_child_weight=1.427 early_stop=155 val_mae=0.394238
2025-12-14 01:35:52,778 - INFO - Trial 39: n_estimators=1258 max_depth=6 min_child_weight=3.305 early_stop=131 val_mae=0.395701
2025-12-14 01:36:07,022 - INFO - Trial 40: n_estimators=1080 max_depth=5 min_child_weight=2.637 early_stop=114 val_mae=0.394157
2025-12-14 01:36:32,286 - INFO - Trial 41: n_estimators=1494 max_depth=5 min_child_weight=4.108 early_stop=119 val_mae=0.398478
2025-12-14 01:36:40,297 - INFO - Trial 42: n_estimators=533 max_depth=5 min_child_weight=1.046 early_stop=104 val_mae=0.396091
2025-12-14 01:36:53,667 - INFO - Trial 43: n_estimators=850 max_depth=4 min_child_weight=2.047 early_stop=168 val_mae=0.394866
2025-12-14 01:37:04,463 - INFO - Trial 44: n_estimators=725 max_depth=5 min_child_weight=2.356 early_stop=135 val_mae=0.393422
2025-12-14 01:37:10,339 - INFO - Trial 45: n_estimators=306 max_depth=5 min_child_weight=2.945 early_stop=136 val_mae=0.400890
2025-12-14 01:37:27,829 - INFO - Trial 46: n_estimators=1099 max_depth=5 min_child_weight=1.743 early_stop=146 val_mae=0.394456
2025-12-14 01:37:37,517 - INFO - Trial 47: n_estimators=582 max_depth=5 min_child_weight=2.532 early_stop=120 val_mae=0.394899
2025-12-14 01:37:51,497 - INFO - Trial 48: n_estimators=924 max_depth=5 min_child_weight=2.021 early_stop=130 val_mae=0.393446
2025-12-14 01:38:07,133 - INFO - Trial 49: n_estimators=438 max_depth=7 min_child_weight=2.464 early_stop=153 val_mae=0.394788
2025-12-14 01:39:00,088 - INFO - Trial 50: n_estimators=757 max_depth=6 min_child_weight=3.635 early_stop=185 val_mae=0.393939
2025-12-14 01:39:16,014 - INFO - Trial 51: n_estimators=1218 max_depth=4 min_child_weight=1.522 early_stop=99 val_mae=0.394297
2025-12-14 01:39:42,031 - INFO - Trial 52: n_estimators=1039 max_depth=5 min_child_weight=2.991 early_stop=141 val_mae=0.393999
2025-12-14 01:40:34,500 - INFO - Trial 53: n_estimators=1169 max_depth=4 min_child_weight=2.104 early_stop=109 val_mae=0.394348
2025-12-14 01:40:53,324 - INFO - Trial 54: n_estimators=875 max_depth=5 min_child_weight=1.857 early_stop=130 val_mae=0.394248
2025-12-14 01:41:11,984 - INFO - Trial 55: n_estimators=936 max_depth=5 min_child_weight=2.756 early_stop=130 val_mae=0.393422
2025-12-14 01:41:26,834 - INFO - Trial 56: n_estimators=627 max_depth=5 min_child_weight=2.853 early_stop=118 val_mae=0.394520
2025-12-14 01:41:44,029 - INFO - Trial 57: n_estimators=772 max_depth=5 min_child_weight=3.220 early_stop=121 val_mae=0.393900
2025-12-14 01:42:08,710 - INFO - Trial 58: n_estimators=974 max_depth=5 min_child_weight=2.388 early_stop=134 val_mae=0.393518
2025-12-14 01:42:24,509 - INFO - Trial 59: n_estimators=724 max_depth=5 min_child_weight=2.682 early_stop=147 val_mae=0.393422
2025-12-14 01:42:47,936 - INFO - Trial 60: n_estimators=1147 max_depth=5 min_child_weight=3.479 early_stop=125 val_mae=0.395400
2025-12-14 01:43:11,080 - INFO - Trial 61: n_estimators=883 max_depth=6 min_child_weight=2.174 early_stop=94 val_mae=0.394210
2025-12-14 01:43:20,932 - INFO - Trial 62: n_estimators=600 max_depth=4 min_child_weight=3.985 early_stop=109 val_mae=0.396690
2025-12-14 01:43:20,955 - INFO - Best trial params: {'n_estimators': 796, 'max_depth': 5, 'min_child_weight': 2.479860863598894, 'early_stopping_rounds': 116, 'learning_rate': 0.009848731703179103, 'val_mae': 0.39332929253578186}
2025-12-14 01:43:20,955 - INFO - Saved best Stage B parameters to /home/haris/Documents/ProjectBzarre/modeling_pipeline/optuna_studies/stageB_iterations/best_iters.json
2025-12-14 01:43:20,957 - INFO - === Stage B Optimization Complete ===
2025-12-14 17:36:50,306 - INFO - === Stage B Iteration Optimization Started ===
2025-12-14 17:37:01,342 - INFO - Trial 63: n_estimators=1037 max_depth=5 min_child_weight=2.779 early_stop=81 val_mae=0.392797
2025-12-14 17:37:11,946 - INFO - Trial 64: n_estimators=1030 max_depth=5 min_child_weight=2.782 early_stop=71 val_mae=0.392814
2025-12-14 17:37:22,087 - INFO - Trial 65: n_estimators=1079 max_depth=5 min_child_weight=2.340 early_stop=60 val_mae=0.392937
2025-12-14 17:37:34,934 - INFO - Trial 66: n_estimators=1363 max_depth=5 min_child_weight=3.045 early_stop=52 val_mae=0.393615
2025-12-14 17:37:44,738 - INFO - Trial 67: n_estimators=1039 max_depth=5 min_child_weight=2.451 early_stop=68 val_mae=0.392778
2025-12-14 17:37:55,658 - INFO - Trial 68: n_estimators=1041 max_depth=5 min_child_weight=3.396 early_stop=67 val_mae=0.393103
2025-12-14 17:38:05,779 - INFO - Trial 69: n_estimators=1041 max_depth=5 min_child_weight=3.294 early_stop=65 val_mae=0.393103
2025-12-14 17:38:16,218 - INFO - Trial 70: n_estimators=1059 max_depth=5 min_child_weight=3.474 early_stop=63 val_mae=0.393094
2025-12-14 17:38:34,352 - INFO - Trial 71: n_estimators=1451 max_depth=6 min_child_weight=4.632 early_stop=64 val_mae=0.395589
2025-12-14 17:38:46,940 - INFO - Trial 72: n_estimators=1270 max_depth=5 min_child_weight=5.618 early_stop=57 val_mae=0.393764
2025-12-14 17:38:57,804 - INFO - Trial 73: n_estimators=1041 max_depth=5 min_child_weight=3.417 early_stop=73 val_mae=0.393103
2025-12-14 17:39:07,833 - INFO - Trial 74: n_estimators=1037 max_depth=5 min_child_weight=3.392 early_stop=71 val_mae=0.393082
2025-12-14 17:39:18,842 - INFO - Trial 75: n_estimators=1091 max_depth=5 min_child_weight=3.674 early_stop=33 val_mae=0.393113
2025-12-14 17:39:29,708 - INFO - Trial 76: n_estimators=1193 max_depth=5 min_child_weight=3.902 early_stop=83 val_mae=0.393419
2025-12-14 17:39:39,828 - INFO - Trial 77: n_estimators=1015 max_depth=5 min_child_weight=3.133 early_stop=69 val_mae=0.393194
2025-12-14 17:39:50,293 - INFO - Trial 78: n_estimators=1120 max_depth=5 min_child_weight=3.322 early_stop=78 val_mae=0.393165
2025-12-14 17:40:02,762 - INFO - Trial 79: n_estimators=1276 max_depth=5 min_child_weight=4.382 early_stop=59 val_mae=0.394019
2025-12-14 17:40:18,344 - INFO - Trial 80: n_estimators=1710 max_depth=5 min_child_weight=2.747 early_stop=69 val_mae=0.393921
2025-12-14 17:40:26,008 - INFO - Trial 81: n_estimators=1024 max_depth=4 min_child_weight=9.245 early_stop=38 val_mae=0.395601
2025-12-14 17:40:38,428 - INFO - Trial 82: n_estimators=1331 max_depth=5 min_child_weight=4.238 early_stop=50 val_mae=0.393983
2025-12-14 17:40:51,602 - INFO - Trial 83: n_estimators=1223 max_depth=5 min_child_weight=3.074 early_stop=57 val_mae=0.393497
2025-12-14 17:41:07,074 - INFO - Trial 84: n_estimators=1047 max_depth=5 min_child_weight=3.452 early_stop=75 val_mae=0.393040
2025-12-14 17:41:32,575 - INFO - Trial 85: n_estimators=1062 max_depth=5 min_child_weight=3.411 early_stop=75 val_mae=0.393179
2025-12-14 17:42:04,141 - INFO - Trial 86: n_estimators=1159 max_depth=5 min_child_weight=3.851 early_stop=84 val_mae=0.393299
2025-12-14 17:42:13,094 - INFO - Trial 87: n_estimators=968 max_depth=5 min_child_weight=3.574 early_stop=62 val_mae=0.393476
2025-12-14 17:42:24,777 - INFO - Trial 88: n_estimators=1419 max_depth=5 min_child_weight=2.866 early_stop=70 val_mae=0.393173
2025-12-14 17:42:41,908 - INFO - Trial 89: n_estimators=2124 max_depth=5 min_child_weight=3.187 early_stop=46 val_mae=0.395739
2025-12-14 17:42:51,361 - INFO - Trial 90: n_estimators=1094 max_depth=5 min_child_weight=2.232 early_stop=54 val_mae=0.392886
2025-12-14 17:43:01,422 - INFO - Trial 91: n_estimators=1104 max_depth=5 min_child_weight=1.940 early_stop=54 val_mae=0.393421
2025-12-14 17:43:10,016 - INFO - Trial 92: n_estimators=982 max_depth=5 min_child_weight=2.348 early_stop=79 val_mae=0.392885
2025-12-14 17:43:18,920 - INFO - Trial 93: n_estimators=913 max_depth=5 min_child_weight=2.318 early_stop=79 val_mae=0.393167
2025-12-14 17:43:28,098 - INFO - Trial 94: n_estimators=986 max_depth=5 min_child_weight=2.190 early_stop=87 val_mae=0.392884
2025-12-14 17:43:36,763 - INFO - Trial 95: n_estimators=978 max_depth=5 min_child_weight=2.202 early_stop=86 val_mae=0.392889
2025-12-14 17:43:45,272 - INFO - Trial 96: n_estimators=978 max_depth=5 min_child_weight=2.170 early_stop=90 val_mae=0.392889
2025-12-14 17:43:52,604 - INFO - Trial 97: n_estimators=815 max_depth=5 min_child_weight=2.199 early_stop=89 val_mae=0.393723
2025-12-14 17:44:01,961 - INFO - Trial 98: n_estimators=981 max_depth=5 min_child_weight=1.777 early_stop=93 val_mae=0.393416
2025-12-14 17:44:21,488 - INFO - Trial 99: n_estimators=2457 max_depth=5 min_child_weight=1.978 early_stop=85 val_mae=0.395811
2025-12-14 17:44:29,320 - INFO - Trial 100: n_estimators=865 max_depth=5 min_child_weight=2.126 early_stop=79 val_mae=0.393257
2025-12-14 17:44:40,941 - INFO - Trial 101: n_estimators=1156 max_depth=5 min_child_weight=1.671 early_stop=96 val_mae=0.393544
2025-12-14 17:44:49,554 - INFO - Trial 102: n_estimators=944 max_depth=5 min_child_weight=2.423 early_stop=75 val_mae=0.393010
2025-12-14 17:45:01,965 - INFO - Trial 103: n_estimators=928 max_depth=6 min_child_weight=2.393 early_stop=88 val_mae=0.393922
2025-12-14 17:45:10,602 - INFO - Trial 104: n_estimators=985 max_depth=5 min_child_weight=2.237 early_stop=75 val_mae=0.392901
2025-12-14 17:45:19,220 - INFO - Trial 105: n_estimators=986 max_depth=5 min_child_weight=2.261 early_stop=80 val_mae=0.392884
2025-12-14 17:45:30,546 - INFO - Trial 106: n_estimators=1226 max_depth=5 min_child_weight=2.284 early_stop=81 val_mae=0.393192
2025-12-14 17:45:39,583 - INFO - Trial 107: n_estimators=986 max_depth=5 min_child_weight=1.853 early_stop=61 val_mae=0.393433
2025-12-14 17:45:48,036 - INFO - Trial 108: n_estimators=889 max_depth=5 min_child_weight=2.062 early_stop=101 val_mae=0.393181
2025-12-14 17:45:55,843 - INFO - Trial 109: n_estimators=841 max_depth=5 min_child_weight=2.222 early_stop=87 val_mae=0.393486
2025-12-14 17:46:06,283 - INFO - Trial 110: n_estimators=1112 max_depth=5 min_child_weight=2.615 early_stop=82 val_mae=0.392830
2025-12-14 17:46:16,477 - INFO - Trial 111: n_estimators=1114 max_depth=5 min_child_weight=2.577 early_stop=104 val_mae=0.392836
2025-12-14 17:46:26,449 - INFO - Trial 112: n_estimators=1138 max_depth=5 min_child_weight=2.602 early_stop=105 val_mae=0.392927
2025-12-14 17:46:38,198 - INFO - Trial 113: n_estimators=1187 max_depth=5 min_child_weight=2.525 early_stop=97 val_mae=0.393139
2025-12-14 17:47:06,767 - INFO - Trial 114: n_estimators=1008 max_depth=7 min_child_weight=2.672 early_stop=91 val_mae=0.393536
2025-12-14 17:47:19,127 - INFO - Trial 115: n_estimators=966 max_depth=5 min_child_weight=2.144 early_stop=83 val_mae=0.393039
2025-12-14 17:47:30,267 - INFO - Trial 116: n_estimators=1110 max_depth=5 min_child_weight=2.250 early_stop=77 val_mae=0.392835
2025-12-14 17:47:40,814 - INFO - Trial 117: n_estimators=1118 max_depth=5 min_child_weight=2.780 early_stop=86 val_mae=0.392906
2025-12-14 17:47:50,828 - INFO - Trial 118: n_estimators=1093 max_depth=5 min_child_weight=2.485 early_stop=78 val_mae=0.392880
2025-12-14 17:48:03,175 - INFO - Trial 119: n_estimators=1296 max_depth=5 min_child_weight=2.488 early_stop=67 val_mae=0.393141
2025-12-14 17:48:13,919 - INFO - Trial 120: n_estimators=1242 max_depth=5 min_child_weight=2.018 early_stop=80 val_mae=0.393165
2025-12-14 17:48:23,853 - INFO - Trial 121: n_estimators=1087 max_depth=5 min_child_weight=2.586 early_stop=72 val_mae=0.392873
2025-12-14 17:48:33,774 - INFO - Trial 122: n_estimators=1092 max_depth=5 min_child_weight=2.878 early_stop=71 val_mae=0.392886
2025-12-14 17:48:33,795 - INFO - Best trial params: {'n_estimators': 1039, 'max_depth': 5, 'min_child_weight': 2.450767411439278, 'early_stopping_rounds': 68, 'learning_rate': 0.0075852754663137305, 'val_mae': 0.39277803897857666}
2025-12-14 17:48:33,795 - INFO - Saved best Stage B parameters to /home/haris/Documents/ProjectBzarre/modeling_pipeline/optuna_studies/stageB_iterations/best_iters.json
2025-12-14 17:48:33,796 - INFO - === Stage B Optimization Complete ===
2025-12-16 01:05:42,051 - INFO - === Stage B Iteration Optimization Started ===
2025-12-16 01:06:29,008 - INFO - Trial 123: n_estimators=1181 max_depth=5 min_child_weight=2.810 early_stop=72 val_mae=0.256028
2025-12-16 01:07:02,723 - INFO - Trial 124: n_estimators=1191 max_depth=5 min_child_weight=2.873 early_stop=73 val_mae=0.256047
2025-12-16 01:07:32,006 - INFO - Trial 125: n_estimators=1184 max_depth=5 min_child_weight=2.616 early_stop=76 val_mae=0.256047
2025-12-16 01:08:02,157 - INFO - Trial 126: n_estimators=1205 max_depth=5 min_child_weight=2.637 early_stop=72 val_mae=0.256051
2025-12-16 01:08:47,722 - INFO - Trial 127: n_estimators=1347 max_depth=5 min_child_weight=2.699 early_stop=72 val_mae=0.256297
2025-12-16 01:09:20,735 - INFO - Trial 128: n_estimators=1309 max_depth=5 min_child_weight=2.698 early_stop=66 val_mae=0.256247
2025-12-16 01:09:55,951 - INFO - Trial 129: n_estimators=1357 max_depth=5 min_child_weight=2.975 early_stop=66 val_mae=0.256318
2025-12-16 01:10:32,862 - INFO - Trial 130: n_estimators=1388 max_depth=5 min_child_weight=2.968 early_stop=68 val_mae=0.256385
2025-12-16 01:11:22,559 - INFO - Trial 131: n_estimators=1493 max_depth=5 min_child_weight=2.967 early_stop=67 val_mae=0.256905
2025-12-16 01:12:07,593 - INFO - Trial 132: n_estimators=1553 max_depth=5 min_child_weight=2.935 early_stop=66 val_mae=0.256968
2025-12-16 01:13:18,210 - INFO - Trial 133: n_estimators=1555 max_depth=5 min_child_weight=2.999 early_stop=67 val_mae=0.256972
2025-12-16 01:14:30,503 - INFO - Trial 134: n_estimators=1508 max_depth=5 min_child_weight=3.012 early_stop=65 val_mae=0.257236
2025-12-16 01:16:01,131 - INFO - Trial 135: n_estimators=1576 max_depth=5 min_child_weight=3.003 early_stop=57 val_mae=0.257358
2025-12-16 01:17:24,740 - INFO - Trial 136: n_estimators=1611 max_depth=5 min_child_weight=3.087 early_stop=65 val_mae=0.257329
2025-12-16 01:18:36,171 - INFO - Trial 137: n_estimators=1560 max_depth=5 min_child_weight=3.062 early_stop=57 val_mae=0.257366
2025-12-16 01:20:18,196 - INFO - Trial 138: n_estimators=1727 max_depth=5 min_child_weight=2.976 early_stop=65 val_mae=0.256931
2025-12-16 01:21:25,620 - INFO - Trial 139: n_estimators=1665 max_depth=5 min_child_weight=2.928 early_stop=65 val_mae=0.257052
2025-12-16 01:22:02,581 - INFO - Trial 140: n_estimators=1700 max_depth=5 min_child_weight=2.921 early_stop=65 val_mae=0.256879
2025-12-16 01:22:42,338 - INFO - Trial 141: n_estimators=1800 max_depth=5 min_child_weight=2.844 early_stop=63 val_mae=0.257086
2025-12-16 01:23:19,286 - INFO - Trial 142: n_estimators=1659 max_depth=5 min_child_weight=3.207 early_stop=67 val_mae=0.257466
2025-12-16 01:23:49,512 - INFO - Trial 143: n_estimators=1379 max_depth=5 min_child_weight=2.962 early_stop=60 val_mae=0.256346
2025-12-16 01:24:21,786 - INFO - Trial 144: n_estimators=1424 max_depth=5 min_child_weight=2.926 early_stop=61 val_mae=0.256569
2025-12-16 01:24:53,930 - INFO - Trial 145: n_estimators=1375 max_depth=5 min_child_weight=2.721 early_stop=60 val_mae=0.256319
2025-12-16 01:25:26,970 - INFO - Trial 146: n_estimators=1389 max_depth=5 min_child_weight=2.681 early_stop=61 val_mae=0.256386
2025-12-16 01:25:57,127 - INFO - Trial 147: n_estimators=1367 max_depth=5 min_child_weight=2.715 early_stop=45 val_mae=0.256312
2025-12-16 01:26:28,078 - INFO - Trial 148: n_estimators=1371 max_depth=5 min_child_weight=2.701 early_stop=47 val_mae=0.256304
2025-12-16 01:26:58,854 - INFO - Trial 149: n_estimators=1374 max_depth=5 min_child_weight=2.717 early_stop=41 val_mae=0.256322
2025-12-16 01:27:30,281 - INFO - Trial 150: n_estimators=1376 max_depth=5 min_child_weight=2.658 early_stop=41 val_mae=0.256337
2025-12-16 01:27:59,780 - INFO - Trial 151: n_estimators=1360 max_depth=5 min_child_weight=2.732 early_stop=40 val_mae=0.256319
2025-12-16 01:28:30,802 - INFO - Trial 152: n_estimators=1345 max_depth=5 min_child_weight=2.760 early_stop=26 val_mae=0.256295
2025-12-16 01:29:04,136 - INFO - Trial 153: n_estimators=1339 max_depth=5 min_child_weight=2.746 early_stop=23 val_mae=0.256290
2025-12-16 01:29:34,581 - INFO - Trial 154: n_estimators=1336 max_depth=5 min_child_weight=2.706 early_stop=27 val_mae=0.256296
2025-12-16 01:30:04,176 - INFO - Trial 155: n_estimators=1339 max_depth=5 min_child_weight=2.730 early_stop=22 val_mae=0.256290
2025-12-16 01:30:35,146 - INFO - Trial 156: n_estimators=1331 max_depth=5 min_child_weight=2.771 early_stop=20 val_mae=0.256322
2025-12-16 01:31:04,886 - INFO - Trial 157: n_estimators=1334 max_depth=5 min_child_weight=2.718 early_stop=31 val_mae=0.256292
2025-12-16 01:31:38,503 - INFO - Trial 158: n_estimators=1453 max_depth=5 min_child_weight=2.756 early_stop=30 val_mae=0.256639
2025-12-16 01:32:07,628 - INFO - Trial 159: n_estimators=1312 max_depth=5 min_child_weight=2.554 early_stop=25 val_mae=0.256273
2025-12-16 01:32:38,247 - INFO - Trial 160: n_estimators=1308 max_depth=5 min_child_weight=2.534 early_stop=28 val_mae=0.256245
2025-12-16 01:33:07,078 - INFO - Trial 161: n_estimators=1301 max_depth=5 min_child_weight=2.431 early_stop=28 val_mae=0.256197
2025-12-16 01:33:36,696 - INFO - Trial 162: n_estimators=1299 max_depth=5 min_child_weight=2.444 early_stop=27 val_mae=0.256195
2025-12-16 01:34:05,148 - INFO - Trial 163: n_estimators=1279 max_depth=5 min_child_weight=2.407 early_stop=26 val_mae=0.256187
2025-12-16 01:34:35,310 - INFO - Trial 164: n_estimators=1309 max_depth=5 min_child_weight=2.445 early_stop=27 val_mae=0.256247
2025-12-16 01:35:04,432 - INFO - Trial 165: n_estimators=1300 max_depth=5 min_child_weight=2.416 early_stop=27 val_mae=0.256199
2025-12-16 01:35:34,202 - INFO - Trial 166: n_estimators=1292 max_depth=5 min_child_weight=2.383 early_stop=28 val_mae=0.256184
2025-12-16 01:36:03,186 - INFO - Trial 167: n_estimators=1276 max_depth=5 min_child_weight=2.399 early_stop=33 val_mae=0.256196
2025-12-16 01:36:32,036 - INFO - Trial 168: n_estimators=1277 max_depth=5 min_child_weight=2.406 early_stop=34 val_mae=0.256197
2025-12-16 01:37:00,925 - INFO - Trial 169: n_estimators=1281 max_depth=5 min_child_weight=2.419 early_stop=35 val_mae=0.256196
2025-12-16 01:37:29,634 - INFO - Trial 170: n_estimators=1273 max_depth=5 min_child_weight=2.402 early_stop=35 val_mae=0.256198
2025-12-16 01:37:57,853 - INFO - Trial 171: n_estimators=1273 max_depth=5 min_child_weight=2.379 early_stop=35 val_mae=0.256198
2025-12-16 01:38:27,834 - INFO - Trial 172: n_estimators=1266 max_depth=5 min_child_weight=2.376 early_stop=35 val_mae=0.256201
2025-12-16 01:38:56,781 - INFO - Trial 173: n_estimators=1253 max_depth=5 min_child_weight=2.320 early_stop=35 val_mae=0.256158
2025-12-16 01:39:26,592 - INFO - Trial 174: n_estimators=1260 max_depth=5 min_child_weight=2.380 early_stop=35 val_mae=0.256181
2025-12-16 01:39:54,502 - INFO - Trial 175: n_estimators=1259 max_depth=5 min_child_weight=2.384 early_stop=35 val_mae=0.256180
2025-12-16 01:40:23,611 - INFO - Trial 176: n_estimators=1252 max_depth=5 min_child_weight=2.365 early_stop=35 val_mae=0.256160
2025-12-16 01:40:51,356 - INFO - Trial 177: n_estimators=1207 max_depth=5 min_child_weight=2.363 early_stop=33 val_mae=0.256054
2025-12-16 01:41:19,151 - INFO - Trial 178: n_estimators=1208 max_depth=5 min_child_weight=2.297 early_stop=36 val_mae=0.256046
2025-12-16 01:41:47,067 - INFO - Trial 179: n_estimators=1237 max_depth=5 min_child_weight=2.091 early_stop=34 val_mae=0.256165
2025-12-16 01:42:14,243 - INFO - Trial 180: n_estimators=1210 max_depth=5 min_child_weight=2.294 early_stop=37 val_mae=0.256090
2025-12-16 01:42:42,485 - INFO - Trial 181: n_estimators=1204 max_depth=5 min_child_weight=2.026 early_stop=37 val_mae=0.256049
2025-12-16 01:43:35,464 - INFO - Trial 182: n_estimators=1192 max_depth=5 min_child_weight=2.076 early_stop=37 val_mae=0.256045
2025-12-16 01:43:35,485 - INFO - Best trial params: {'n_estimators': 1181, 'max_depth': 5, 'min_child_weight': 2.8095599408981826, 'early_stopping_rounds': 72, 'learning_rate': 0.013534730668818953, 'val_mae': 0.25602808594703674}
2025-12-16 01:43:35,486 - INFO - Saved best Stage B parameters to /home/haris/Documents/ProjectBzarre/modeling_pipeline/optuna_studies/stageB_iterations/best_iters.json
2025-12-16 01:43:35,486 - INFO - === Stage B Optimization Complete ===
