2025-12-14 00:07:59,671 - INFO - === Stage A Learning Rate Optimization Started ===
2025-12-14 00:08:48,452 - INFO - === Stage A Learning Rate Optimization Started ===
2025-12-14 00:10:16,301 - INFO - === Stage A Learning Rate Optimization Started ===
2025-12-14 00:32:49,830 - INFO - === Stage A Learning Rate Optimization Started ===
2025-12-14 00:57:47,626 - INFO - === Stage A Learning Rate Optimization Started ===
2025-12-14 00:58:40,467 - INFO - === Stage A Learning Rate Optimization Started ===
2025-12-14 00:58:53,212 - INFO - Trial 0: lr=0.048867 val_mae=0.403115
2025-12-14 00:59:02,574 - INFO - Trial 1: lr=0.085481 val_mae=0.423974
2025-12-14 00:59:11,443 - INFO - Trial 2: lr=0.037265 val_mae=0.403508
2025-12-14 00:59:22,728 - INFO - Trial 3: lr=0.015771 val_mae=0.395162
2025-12-14 00:59:32,492 - INFO - Trial 4: lr=0.009628 val_mae=0.393720
2025-12-14 00:59:41,525 - INFO - Trial 5: lr=0.012422 val_mae=0.395719
2025-12-14 00:59:50,345 - INFO - Trial 6: lr=0.013155 val_mae=0.396314
2025-12-14 00:59:59,241 - INFO - Trial 7: lr=0.097036 val_mae=0.418050
2025-12-14 01:00:08,837 - INFO - Trial 8: lr=0.015198 val_mae=0.393752
2025-12-14 01:00:18,122 - INFO - Trial 9: lr=0.123027 val_mae=0.430955
2025-12-14 01:00:28,043 - INFO - Trial 10: lr=0.005394 val_mae=0.396433
2025-12-14 01:00:38,859 - INFO - Trial 11: lr=0.005097 val_mae=0.396353
2025-12-14 01:00:50,855 - INFO - Trial 12: lr=0.020965 val_mae=0.396774
2025-12-14 01:01:03,680 - INFO - Trial 13: lr=0.008873 val_mae=0.394297
2025-12-14 01:01:48,633 - INFO - Trial 14: lr=0.022505 val_mae=0.399095
2025-12-14 01:02:04,493 - INFO - Trial 15: lr=0.008132 val_mae=0.393828
2025-12-14 01:02:19,188 - INFO - Trial 16: lr=0.027372 val_mae=0.399235
2025-12-14 01:02:50,323 - INFO - === Stage A Learning Rate Optimization Started ===
2025-12-14 01:03:03,509 - INFO - Trial 18: lr=0.009003 val_mae=0.393708
2025-12-14 01:03:16,691 - INFO - Trial 19: lr=0.008168 val_mae=0.394090
2025-12-14 01:03:29,070 - INFO - Trial 20: lr=0.043662 val_mae=0.402479
2025-12-14 01:03:38,675 - INFO - Trial 21: lr=0.181938 val_mae=0.440554
2025-12-14 01:03:48,444 - INFO - Trial 22: lr=0.010095 val_mae=0.394366
2025-12-14 01:04:03,586 - INFO - Trial 23: lr=0.016700 val_mae=0.397245
2025-12-14 01:04:17,228 - INFO - Trial 24: lr=0.006321 val_mae=0.394356
2025-12-14 01:04:29,074 - INFO - Trial 25: lr=0.012236 val_mae=0.395270
2025-12-14 01:04:41,921 - INFO - Trial 26: lr=0.018367 val_mae=0.396765
2025-12-14 01:04:56,281 - INFO - Trial 27: lr=0.007464 val_mae=0.394130
2025-12-14 01:05:07,817 - INFO - Trial 28: lr=0.029375 val_mae=0.401403
2025-12-14 01:05:20,594 - INFO - Trial 29: lr=0.010114 val_mae=0.394272
2025-12-14 01:05:33,840 - INFO - Trial 30: lr=0.006758 val_mae=0.394606
2025-12-14 01:05:45,611 - INFO - Trial 31: lr=0.057650 val_mae=0.406221
2025-12-14 01:05:58,012 - INFO - Trial 32: lr=0.010899 val_mae=0.395136
2025-12-14 01:06:08,191 - INFO - Trial 33: lr=0.015164 val_mae=0.394569
2025-12-14 01:06:22,975 - INFO - Trial 34: lr=0.008582 val_mae=0.394317
2025-12-14 01:06:35,936 - INFO - Trial 35: lr=0.006307 val_mae=0.394296
2025-12-14 01:06:45,711 - INFO - Trial 36: lr=0.013508 val_mae=0.396023
2025-12-14 01:06:55,410 - INFO - Trial 37: lr=0.021846 val_mae=0.397656
2025-12-14 01:07:06,227 - INFO - Trial 38: lr=0.009849 val_mae=0.393413
2025-12-14 01:07:15,196 - INFO - Trial 39: lr=0.010728 val_mae=0.394655
2025-12-14 01:07:24,861 - INFO - Trial 40: lr=0.013805 val_mae=0.395227
2025-12-14 01:07:34,792 - INFO - Trial 41: lr=0.037542 val_mae=0.402283
2025-12-14 01:07:47,086 - INFO - Trial 42: lr=0.007570 val_mae=0.393950
2025-12-14 01:07:58,244 - INFO - Trial 43: lr=0.008952 val_mae=0.393744
2025-12-14 01:08:09,855 - INFO - Trial 44: lr=0.005569 val_mae=0.395583
2025-12-14 01:08:20,254 - INFO - Trial 45: lr=0.011975 val_mae=0.394944
2025-12-14 01:08:32,355 - INFO - Trial 46: lr=0.009383 val_mae=0.393999
2025-12-14 01:08:42,771 - INFO - Trial 47: lr=0.017720 val_mae=0.396414
2025-12-14 01:08:52,928 - INFO - Trial 48: lr=0.006925 val_mae=0.394402
2025-12-14 01:09:01,620 - INFO - Trial 49: lr=0.024731 val_mae=0.397159
2025-12-14 01:09:11,959 - INFO - Trial 50: lr=0.062888 val_mae=0.413168
2025-12-14 01:09:23,843 - INFO - Trial 51: lr=0.015120 val_mae=0.395040
2025-12-14 01:09:35,001 - INFO - Trial 52: lr=0.008372 val_mae=0.393629
2025-12-14 01:09:46,965 - INFO - Trial 53: lr=0.005743 val_mae=0.395181
2025-12-14 01:09:57,215 - INFO - Trial 54: lr=0.012337 val_mae=0.395237
2025-12-14 01:10:09,428 - INFO - Trial 55: lr=0.008905 val_mae=0.393778
2025-12-14 01:10:21,325 - INFO - Trial 56: lr=0.011016 val_mae=0.394504
2025-12-14 01:10:30,687 - INFO - Trial 57: lr=0.008233 val_mae=0.394345
2025-12-14 01:10:43,395 - INFO - Trial 58: lr=0.009864 val_mae=0.393737
2025-12-14 01:10:55,176 - INFO - Trial 59: lr=0.005086 val_mae=0.396426
2025-12-14 01:11:06,904 - INFO - Trial 60: lr=0.009463 val_mae=0.393973
2025-12-14 01:11:19,185 - INFO - Trial 61: lr=0.007767 val_mae=0.394291
2025-12-14 01:11:30,421 - INFO - Trial 62: lr=0.006952 val_mae=0.394115
2025-12-14 01:11:41,512 - INFO - Trial 63: lr=0.011503 val_mae=0.394261
2025-12-14 01:11:54,979 - INFO - Trial 64: lr=0.019910 val_mae=0.399362
2025-12-14 01:12:09,272 - INFO - Trial 65: lr=0.009716 val_mae=0.393989
2025-12-14 01:12:19,699 - INFO - Trial 66: lr=0.014835 val_mae=0.395819
2025-12-14 01:12:31,829 - INFO - Trial 67: lr=0.006164 val_mae=0.394851
2025-12-14 01:12:31,839 - INFO - Best trial: lr=0.009849 val_mae=0.393413
2025-12-14 01:12:31,840 - INFO - Best learning rate saved to /home/haris/Documents/ProjectBzarre/modeling_pipeline/optuna_studies/stageA_learning_rate/best_lr.json
2025-12-14 01:12:31,840 - INFO - === Stage A Optimization Complete ===
2025-12-14 17:28:10,577 - INFO - === Stage A Learning Rate Optimization Started ===
2025-12-14 17:28:20,204 - INFO - Trial 68: lr=0.013161 val_mae=0.394798
2025-12-14 17:28:33,909 - INFO - Trial 69: lr=0.008957 val_mae=0.393674
2025-12-14 17:28:47,840 - INFO - Trial 70: lr=0.008491 val_mae=0.393965
2025-12-14 17:29:03,230 - INFO - Trial 71: lr=0.007328 val_mae=0.394413
2025-12-14 17:29:12,977 - INFO - Trial 72: lr=0.010397 val_mae=0.394618
2025-12-14 17:29:21,461 - INFO - Trial 73: lr=0.009090 val_mae=0.393859
2025-12-14 17:29:30,468 - INFO - Trial 74: lr=0.006413 val_mae=0.394667
2025-12-14 17:29:38,387 - INFO - Trial 75: lr=0.010285 val_mae=0.394762
2025-12-14 17:29:46,350 - INFO - Trial 76: lr=0.007960 val_mae=0.394270
2025-12-14 17:29:58,387 - INFO - Trial 77: lr=0.016822 val_mae=0.394802
2025-12-14 17:30:06,983 - INFO - Trial 78: lr=0.127082 val_mae=0.421367
2025-12-14 17:30:17,324 - INFO - Trial 79: lr=0.013776 val_mae=0.396502
2025-12-14 17:30:29,730 - INFO - Trial 80: lr=0.011312 val_mae=0.394756
2025-12-14 17:30:38,643 - INFO - Trial 81: lr=0.008958 val_mae=0.393707
2025-12-14 17:30:47,267 - INFO - Trial 82: lr=0.008921 val_mae=0.394031
2025-12-14 17:30:57,052 - INFO - Trial 83: lr=0.007585 val_mae=0.393177
2025-12-14 17:31:06,599 - INFO - Trial 84: lr=0.007155 val_mae=0.393443
2025-12-14 17:31:15,772 - INFO - Trial 85: lr=0.007152 val_mae=0.393771
2025-12-14 17:31:27,730 - INFO - Trial 86: lr=0.005865 val_mae=0.395161
2025-12-14 17:31:40,283 - INFO - Trial 87: lr=0.006594 val_mae=0.394796
2025-12-14 17:31:50,917 - INFO - Trial 88: lr=0.007900 val_mae=0.393623
2025-12-14 17:32:02,721 - INFO - Trial 89: lr=0.007796 val_mae=0.393555
2025-12-14 17:32:14,569 - INFO - Trial 90: lr=0.005329 val_mae=0.396225
2025-12-14 17:32:24,625 - INFO - Trial 91: lr=0.007802 val_mae=0.393601
2025-12-14 17:32:35,612 - INFO - Trial 92: lr=0.007793 val_mae=0.394273
2025-12-14 17:32:46,275 - INFO - Trial 93: lr=0.006037 val_mae=0.394662
2025-12-14 17:32:58,603 - INFO - Trial 94: lr=0.007265 val_mae=0.393716
2025-12-14 17:33:09,383 - INFO - Trial 95: lr=0.007990 val_mae=0.394708
2025-12-14 17:33:21,564 - INFO - Trial 96: lr=0.008371 val_mae=0.394627
2025-12-14 17:33:34,605 - INFO - Trial 97: lr=0.006854 val_mae=0.393990
2025-12-14 17:33:43,912 - INFO - Trial 98: lr=0.009347 val_mae=0.393881
2025-12-14 17:33:54,534 - INFO - Trial 99: lr=0.005007 val_mae=0.396280
2025-12-14 17:34:05,008 - INFO - Trial 100: lr=0.006540 val_mae=0.394968
2025-12-14 17:34:14,239 - INFO - Trial 101: lr=0.005728 val_mae=0.395318
2025-12-14 17:34:25,675 - INFO - Trial 102: lr=0.007421 val_mae=0.394028
2025-12-14 17:34:37,411 - INFO - Trial 103: lr=0.007230 val_mae=0.393776
2025-12-14 17:34:48,253 - INFO - Trial 104: lr=0.008517 val_mae=0.394331
2025-12-14 17:34:58,934 - INFO - Trial 105: lr=0.010189 val_mae=0.395349
2025-12-14 17:35:11,150 - INFO - Trial 106: lr=0.007669 val_mae=0.393988
2025-12-14 17:35:19,799 - INFO - Trial 107: lr=0.034120 val_mae=0.399972
2025-12-14 17:35:29,795 - INFO - Trial 108: lr=0.012027 val_mae=0.395014
2025-12-14 17:35:40,660 - INFO - Trial 109: lr=0.008535 val_mae=0.393954
2025-12-14 17:35:48,657 - INFO - Trial 110: lr=0.009581 val_mae=0.393318
2025-12-14 17:35:57,247 - INFO - Trial 111: lr=0.009537 val_mae=0.393818
2025-12-14 17:36:05,499 - INFO - Trial 112: lr=0.011033 val_mae=0.394850
2025-12-14 17:36:14,754 - INFO - Trial 113: lr=0.006612 val_mae=0.394517
2025-12-14 17:36:23,060 - INFO - Trial 114: lr=0.008040 val_mae=0.394305
2025-12-14 17:36:31,612 - INFO - Trial 115: lr=0.007151 val_mae=0.393954
2025-12-14 17:36:40,997 - INFO - Trial 116: lr=0.008970 val_mae=0.393804
2025-12-14 17:36:49,006 - INFO - Trial 117: lr=0.009807 val_mae=0.393544
2025-12-14 17:36:49,016 - INFO - Best trial: lr=0.007585 val_mae=0.393177
2025-12-14 17:36:49,017 - INFO - Best learning rate saved to /home/haris/Documents/ProjectBzarre/modeling_pipeline/optuna_studies/stageA_learning_rate/best_lr.json
2025-12-14 17:36:49,017 - INFO - === Stage A Optimization Complete ===
2025-12-15 23:53:07,956 - INFO - === Stage A Learning Rate Optimization Started ===
2025-12-15 23:55:00,055 - INFO - === Stage A Learning Rate Optimization Started ===
2025-12-15 23:55:43,642 - INFO - === Stage A Learning Rate Optimization Started ===
2025-12-16 00:15:57,574 - INFO - === Stage A Learning Rate Optimization Started ===
2025-12-16 00:16:41,109 - INFO - === Stage A Learning Rate Optimization Started ===
2025-12-16 00:20:26,422 - INFO - === Stage A Learning Rate Optimization Started ===
2025-12-16 00:39:35,486 - INFO - === Stage A Learning Rate Optimization Started ===
2025-12-16 00:40:06,863 - INFO - Trial 119: lr=0.010635 val_mae=0.256770
2025-12-16 00:40:41,869 - INFO - Trial 120: lr=0.010047 val_mae=0.256474
2025-12-16 00:41:11,273 - INFO - Trial 121: lr=0.012748 val_mae=0.256366
2025-12-16 00:41:43,935 - INFO - Trial 122: lr=0.012506 val_mae=0.256620
2025-12-16 00:42:15,419 - INFO - Trial 123: lr=0.011877 val_mae=0.256021
2025-12-16 00:42:45,338 - INFO - Trial 124: lr=0.012894 val_mae=0.256554
2025-12-16 00:43:16,859 - INFO - Trial 125: lr=0.014558 val_mae=0.257202
2025-12-16 00:43:44,824 - INFO - Trial 126: lr=0.012825 val_mae=0.256534
2025-12-16 00:44:16,691 - INFO - Trial 127: lr=0.012485 val_mae=0.256571
2025-12-16 00:44:46,784 - INFO - Trial 128: lr=0.012871 val_mae=0.256990
2025-12-16 00:45:19,333 - INFO - Trial 129: lr=0.012983 val_mae=0.256276
2025-12-16 00:45:48,069 - INFO - Trial 130: lr=0.013055 val_mae=0.257246
2025-12-16 00:46:17,986 - INFO - Trial 131: lr=0.014264 val_mae=0.256864
2025-12-16 00:46:48,158 - INFO - Trial 132: lr=0.013093 val_mae=0.257117
2025-12-16 00:47:17,117 - INFO - Trial 133: lr=0.014118 val_mae=0.256700
2025-12-16 00:47:46,174 - INFO - Trial 134: lr=0.014400 val_mae=0.257610
2025-12-16 00:48:15,665 - INFO - Trial 135: lr=0.016074 val_mae=0.256702
2025-12-16 00:48:45,920 - INFO - Trial 136: lr=0.012664 val_mae=0.256427
2025-12-16 00:49:13,290 - INFO - Trial 137: lr=0.016290 val_mae=0.256771
2025-12-16 00:49:42,791 - INFO - Trial 138: lr=0.016463 val_mae=0.257609
2025-12-16 00:50:09,678 - INFO - Trial 139: lr=0.018939 val_mae=0.257226
2025-12-16 00:50:40,239 - INFO - Trial 140: lr=0.015756 val_mae=0.257111
2025-12-16 00:51:13,561 - INFO - Trial 141: lr=0.011825 val_mae=0.256662
2025-12-16 00:51:43,679 - INFO - Trial 142: lr=0.012095 val_mae=0.257297
2025-12-16 00:52:11,991 - INFO - Trial 143: lr=0.014130 val_mae=0.256530
2025-12-16 00:52:41,228 - INFO - Trial 144: lr=0.011489 val_mae=0.257071
2025-12-16 00:53:12,505 - INFO - Trial 145: lr=0.017261 val_mae=0.258382
2025-12-16 00:53:40,847 - INFO - Trial 146: lr=0.015797 val_mae=0.256984
2025-12-16 00:54:10,768 - INFO - Trial 147: lr=0.012405 val_mae=0.256223
2025-12-16 00:54:40,064 - INFO - Trial 148: lr=0.012640 val_mae=0.256097
2025-12-16 00:55:10,677 - INFO - Trial 149: lr=0.012509 val_mae=0.257292
2025-12-16 00:55:39,828 - INFO - Trial 150: lr=0.013796 val_mae=0.256780
2025-12-16 00:56:08,418 - INFO - Trial 151: lr=0.011830 val_mae=0.257029
2025-12-16 00:56:37,925 - INFO - Trial 152: lr=0.013600 val_mae=0.256528
2025-12-16 00:57:06,787 - INFO - Trial 153: lr=0.013339 val_mae=0.256760
2025-12-16 00:57:37,171 - INFO - Trial 154: lr=0.015278 val_mae=0.257133
2025-12-16 00:58:05,143 - INFO - Trial 155: lr=0.012467 val_mae=0.256426
2025-12-16 00:58:37,997 - INFO - Trial 156: lr=0.011120 val_mae=0.257149
2025-12-16 00:59:06,608 - INFO - Trial 157: lr=0.012249 val_mae=0.256667
2025-12-16 00:59:37,839 - INFO - Trial 158: lr=0.012299 val_mae=0.257178
2025-12-16 01:00:07,682 - INFO - Trial 159: lr=0.011303 val_mae=0.257881
2025-12-16 01:00:42,313 - INFO - Trial 160: lr=0.012660 val_mae=0.256761
2025-12-16 01:01:11,836 - INFO - Trial 161: lr=0.010574 val_mae=0.256174
2025-12-16 01:01:43,009 - INFO - Trial 162: lr=0.010746 val_mae=0.256640
2025-12-16 01:02:12,376 - INFO - Trial 163: lr=0.010365 val_mae=0.256439
2025-12-16 01:02:42,478 - INFO - Trial 164: lr=0.010635 val_mae=0.256323
2025-12-16 01:03:22,187 - INFO - Trial 165: lr=0.013535 val_mae=0.255676
2025-12-16 01:04:15,876 - INFO - Trial 166: lr=0.010844 val_mae=0.257046
2025-12-16 01:05:00,438 - INFO - Trial 167: lr=0.013521 val_mae=0.257088
2025-12-16 01:05:40,640 - INFO - Trial 168: lr=0.010253 val_mae=0.256530
2025-12-16 01:05:40,651 - INFO - Best trial: lr=0.013535 val_mae=0.255676
2025-12-16 01:05:40,652 - INFO - Best learning rate saved to /home/haris/Documents/ProjectBzarre/modeling_pipeline/optuna_studies/stageA_learning_rate/best_lr.json
2025-12-16 01:05:40,652 - INFO - === Stage A Optimization Complete ===
