2025-12-14 13:41:03,009 - INFO - === Stage D Regularization Optimization Started ===
2025-12-14 13:42:41,807 - INFO - === Stage D Regularization Optimization Started ===
2025-12-14 13:42:52,244 - INFO - Trial 1: {'reg_lambda': 1.1418428203096516, 'reg_alpha': 0.5188697945943297, 'gamma': 1.701001861507827, 'min_child_weight': 1.9336555849688175, 'subsample': 0.9941177388180201, 'colsample_bytree': 0.7902564673938108} val_mae=0.393287
2025-12-14 13:43:02,904 - INFO - Trial 2: {'reg_lambda': 0.0858368284937303, 'reg_alpha': 0.0025805125253495665, 'gamma': 2.1124801489586407, 'min_child_weight': 7.163782565649467, 'subsample': 0.8872226025246575, 'colsample_bytree': 0.6059177165430054} val_mae=0.392531
2025-12-14 13:43:10,443 - INFO - Trial 3: {'reg_lambda': 1.4375848591025098, 'reg_alpha': 3.1696760295651702, 'gamma': 3.6850275315419045, 'min_child_weight': 1.8814403958638535, 'subsample': 0.7045319888207038, 'colsample_bytree': 0.6961241456306356} val_mae=0.392615
2025-12-14 13:43:57,491 - INFO - Trial 4: {'reg_lambda': 1.8476800077372049, 'reg_alpha': 0.6007091047936265, 'gamma': 1.999575217428251, 'min_child_weight': 1.4709212525695892, 'subsample': 0.8400302913186787, 'colsample_bytree': 0.6221539871293722} val_mae=0.392140
2025-12-14 13:44:14,338 - INFO - Trial 5: {'reg_lambda': 0.0013904366198045645, 'reg_alpha': 1.4043641870705374e-06, 'gamma': 7.062900390282708, 'min_child_weight': 27.327412510802972, 'subsample': 0.6115710528920679, 'colsample_bytree': 0.6499059865254337} val_mae=0.393592
2025-12-14 13:44:21,973 - INFO - Trial 6: {'reg_lambda': 0.27306413908390803, 'reg_alpha': 6.739149656067081, 'gamma': 4.554628831662347, 'min_child_weight': 23.420850913383806, 'subsample': 0.8499830779855831, 'colsample_bytree': 0.8226456223952235} val_mae=0.393757
2025-12-14 13:44:29,668 - INFO - Trial 7: {'reg_lambda': 0.05476563749480411, 'reg_alpha': 0.0009313754228245345, 'gamma': 6.283912136235904, 'min_child_weight': 11.697802196210594, 'subsample': 0.7261079434561837, 'colsample_bytree': 0.9911487861065756} val_mae=0.394630
2025-12-14 13:44:38,661 - INFO - Trial 8: {'reg_lambda': 0.001755803911411047, 'reg_alpha': 1.5278375540222626, 'gamma': 6.098633356954958, 'min_child_weight': 11.14836217377944, 'subsample': 0.7420495727352834, 'colsample_bytree': 0.8086550704036967} val_mae=0.393250
2025-12-14 13:44:45,995 - INFO - Trial 9: {'reg_lambda': 3.726097123615675, 'reg_alpha': 0.6139650020310511, 'gamma': 2.0806355181173197, 'min_child_weight': 22.572548899166726, 'subsample': 0.8718756105372509, 'colsample_bytree': 0.6701980544582669} val_mae=0.393668
2025-12-14 13:44:53,506 - INFO - Trial 10: {'reg_lambda': 29.99487823112517, 'reg_alpha': 0.0012444998803344642, 'gamma': 0.9289171219156411, 'min_child_weight': 1.1816642441916865, 'subsample': 0.8601481523496548, 'colsample_bytree': 0.6278007222528935} val_mae=0.392726
2025-12-14 13:45:00,387 - INFO - Trial 11: {'reg_lambda': 38.39061536154237, 'reg_alpha': 0.051252136939749816, 'gamma': 8.547109249727603, 'min_child_weight': 3.1384080374597527, 'subsample': 0.96906216309193, 'colsample_bytree': 0.9256417350108771} val_mae=0.394474
2025-12-14 13:45:07,819 - INFO - Trial 12: {'reg_lambda': 0.030219254477186673, 'reg_alpha': 5.283943778764329e-05, 'gamma': 2.9563163210800454, 'min_child_weight': 5.6037099079856825, 'subsample': 0.8986360979723821, 'colsample_bytree': 0.600781361015605} val_mae=0.393389
2025-12-14 13:45:15,320 - INFO - Trial 13: {'reg_lambda': 0.014956442909025267, 'reg_alpha': 0.014095102974534068, 'gamma': 0.41484972451238256, 'min_child_weight': 5.839826447280907, 'subsample': 0.7885260120972848, 'colsample_bytree': 0.7271748110390162} val_mae=0.392571
2025-12-14 13:45:23,004 - INFO - Trial 14: {'reg_lambda': 0.34660917411805137, 'reg_alpha': 0.05689987684928212, 'gamma': 3.068635355267924, 'min_child_weight': 3.3812292665600663, 'subsample': 0.9319259836535746, 'colsample_bytree': 0.7288380254131999} val_mae=0.394359
2025-12-14 13:45:30,207 - INFO - Trial 15: {'reg_lambda': 6.504954764755179, 'reg_alpha': 0.00017106590544405673, 'gamma': 4.584377532454363, 'min_child_weight': 7.917979757242625, 'subsample': 0.81471965782931, 'colsample_bytree': 0.602449074325165} val_mae=0.392612
2025-12-14 13:45:37,909 - INFO - Trial 16: {'reg_lambda': 0.08776281544946556, 'reg_alpha': 0.010039354444537279, 'gamma': 0.2204840643203816, 'min_child_weight': 1.0087817397633514, 'subsample': 0.806186970325058, 'colsample_bytree': 0.7491135791234957} val_mae=0.392740
2025-12-14 13:45:46,908 - INFO - Trial 17: {'reg_lambda': 0.007038682923827161, 'reg_alpha': 1.619525013107066e-05, 'gamma': 1.8757265656232622, 'min_child_weight': 3.7284396966815434, 'subsample': 0.9277312970935014, 'colsample_bytree': 0.8759359006321046} val_mae=0.394260
2025-12-14 13:45:53,523 - INFO - Trial 18: {'reg_lambda': 0.683810087516924, 'reg_alpha': 0.07310163693577561, 'gamma': 9.972266997160755, 'min_child_weight': 13.934360614620983, 'subsample': 0.7578681982442523, 'colsample_bytree': 0.6839584709160585} val_mae=0.394177
2025-12-14 13:46:00,776 - INFO - Trial 19: {'reg_lambda': 0.12277399142349138, 'reg_alpha': 0.00036896991328203466, 'gamma': 3.503046999753894, 'min_child_weight': 1.7278149265033116, 'subsample': 0.641201078154036, 'colsample_bytree': 0.6372576956139264} val_mae=0.393212
2025-12-14 13:46:08,158 - INFO - Trial 20: {'reg_lambda': 8.652272274909986, 'reg_alpha': 0.0032508084182161848, 'gamma': 1.2910824933499023, 'min_child_weight': 8.47287936958969, 'subsample': 0.919163977456587, 'colsample_bytree': 0.7630667678875525} val_mae=0.393102
2025-12-14 13:46:15,621 - INFO - Trial 21: {'reg_lambda': 2.536680330699908, 'reg_alpha': 0.25448226351902886, 'gamma': 2.593730128438007, 'min_child_weight': 4.163196235817884, 'subsample': 0.8303226587257186, 'colsample_bytree': 0.700139224728177} val_mae=0.393225
2025-12-14 13:46:23,265 - INFO - Trial 22: {'reg_lambda': 0.018722088237495726, 'reg_alpha': 0.009133150381759474, 'gamma': 0.12540770805921164, 'min_child_weight': 5.554817396596111, 'subsample': 0.7661126406127272, 'colsample_bytree': 0.7137038258570992} val_mae=0.392577
2025-12-14 13:46:30,641 - INFO - Trial 23: {'reg_lambda': 0.009435789295791823, 'reg_alpha': 0.01433525016463399, 'gamma': 0.7842558556616215, 'min_child_weight': 7.873322181928614, 'subsample': 0.7800798580820669, 'colsample_bytree': 0.6598452595363997} val_mae=0.392382
2025-12-14 13:46:38,355 - INFO - Trial 24: {'reg_lambda': 0.006794226033906096, 'reg_alpha': 0.15358467850323965, 'gamma': 1.088832951563055, 'min_child_weight': 15.531185583037269, 'subsample': 0.8839216575111625, 'colsample_bytree': 0.6539733232078822} val_mae=0.393248
2025-12-14 13:46:45,693 - INFO - Trial 25: {'reg_lambda': 0.0045315552920609575, 'reg_alpha': 0.002351223705623925, 'gamma': 2.428567844830433, 'min_child_weight': 7.722622556606662, 'subsample': 0.7038331392569694, 'colsample_bytree': 0.6253318799101435} val_mae=0.393389
2025-12-14 13:46:53,107 - INFO - Trial 26: {'reg_lambda': 0.1530347968498443, 'reg_alpha': 0.012825176013422852, 'gamma': 4.097819682896635, 'min_child_weight': 4.454206810979679, 'subsample': 0.8336215688364333, 'colsample_bytree': 0.6018197295532022} val_mae=0.392747
2025-12-14 13:46:59,832 - INFO - Trial 27: {'reg_lambda': 0.052586971096099944, 'reg_alpha': 0.00019998484849832477, 'gamma': 5.48656801748072, 'min_child_weight': 2.4650243996561083, 'subsample': 0.7856784201637664, 'colsample_bytree': 0.6700387170330769} val_mae=0.392606
2025-12-14 13:47:07,872 - INFO - Trial 28: {'reg_lambda': 0.41839704404090977, 'reg_alpha': 9.885360920478677, 'gamma': 0.8631734405526572, 'min_child_weight': 9.64252809132127, 'subsample': 0.671464901746843, 'colsample_bytree': 0.8535721759865336} val_mae=0.393016
2025-12-14 13:47:15,311 - INFO - Trial 29: {'reg_lambda': 0.012031366434188355, 'reg_alpha': 0.026043208915054274, 'gamma': 1.5208418036136684, 'min_child_weight': 6.392642044878858, 'subsample': 0.956227119041025, 'colsample_bytree': 0.6367101290889265} val_mae=0.394092
2025-12-14 13:47:22,906 - INFO - Trial 30: {'reg_lambda': 0.002936401891143181, 'reg_alpha': 0.9875370405035442, 'gamma': 1.876336325110869, 'min_child_weight': 2.709747309906875, 'subsample': 0.8967000878859159, 'colsample_bytree': 0.7782884186339505} val_mae=0.393199
2025-12-14 13:47:30,144 - INFO - Trial 31: {'reg_lambda': 0.05756065400567551, 'reg_alpha': 0.21814170506022368, 'gamma': 3.2047966211446193, 'min_child_weight': 16.040340173049263, 'subsample': 0.8426039880009493, 'colsample_bytree': 0.6695390117825041} val_mae=0.392240
2025-12-14 13:47:37,440 - INFO - Trial 32: {'reg_lambda': 0.03176952070280058, 'reg_alpha': 0.46526312583336227, 'gamma': 2.988557281525496, 'min_child_weight': 16.53523683326423, 'subsample': 0.9971576549442974, 'colsample_bytree': 0.6571357239707938} val_mae=0.394013
2025-12-14 13:47:44,673 - INFO - Trial 33: {'reg_lambda': 1.0696216503822256, 'reg_alpha': 0.1431897144418218, 'gamma': 2.247103449377098, 'min_child_weight': 17.904881874264838, 'subsample': 0.8446311980549526, 'colsample_bytree': 0.6847431853593062} val_mae=0.393389
2025-12-14 13:47:52,505 - INFO - Trial 34: {'reg_lambda': 0.057118720160540815, 'reg_alpha': 2.7099426460974874, 'gamma': 3.5439809082283835, 'min_child_weight': 12.206876450406382, 'subsample': 0.8159933558609107, 'colsample_bytree': 0.6204303678540912} val_mae=0.393008
2025-12-14 13:48:00,129 - INFO - Trial 35: {'reg_lambda': 0.1952137860519612, 'reg_alpha': 0.0028012162639861247, 'gamma': 4.135935018087527, 'min_child_weight': 1.6683477525595367, 'subsample': 0.8684094879347228, 'colsample_bytree': 0.6540643617696769} val_mae=0.394233
2025-12-14 13:48:07,465 - INFO - Trial 36: {'reg_lambda': 0.7696546789877668, 'reg_alpha': 0.23669613542308468, 'gamma': 1.5310740061204655, 'min_child_weight': 7.032048943968862, 'subsample': 0.77737311999307, 'colsample_bytree': 0.6988116080148774} val_mae=0.393466
2025-12-14 13:48:18,109 - INFO - Trial 37: {'reg_lambda': 0.029229644069446663, 'reg_alpha': 2.7929307036080204, 'gamma': 0.6453468097495927, 'min_child_weight': 9.760685110487044, 'subsample': 0.7213127145295248, 'colsample_bytree': 0.6757346044163608} val_mae=0.392162
2025-12-14 13:48:29,989 - INFO - Trial 38: {'reg_lambda': 0.001053375285502077, 'reg_alpha': 1.8673958671988553, 'gamma': 0.7239508874621874, 'min_child_weight': 9.908801307749183, 'subsample': 0.7129225306774039, 'colsample_bytree': 0.7385835010756447} val_mae=0.392291
2025-12-14 13:48:47,920 - INFO - Trial 39: {'reg_lambda': 0.001073002950253613, 'reg_alpha': 4.9833155633249735, 'gamma': 0.038818751579450694, 'min_child_weight': 19.48071028280091, 'subsample': 0.6941022195020065, 'colsample_bytree': 0.7459498171425577} val_mae=0.392675
2025-12-14 13:49:31,720 - INFO - Trial 40: {'reg_lambda': 1.9575310469838278, 'reg_alpha': 2.097066158760554, 'gamma': 0.6588312798491386, 'min_child_weight': 9.424937492370878, 'subsample': 0.7207513850222378, 'colsample_bytree': 0.7823617646816508} val_mae=0.393639
2025-12-14 13:49:50,263 - INFO - Trial 41: {'reg_lambda': 0.0020956479475903135, 'reg_alpha': 0.9057588446068264, 'gamma': 5.064299263611646, 'min_child_weight': 24.15284981159074, 'subsample': 0.6765792973889155, 'colsample_bytree': 0.7141855065747654} val_mae=0.392773
2025-12-14 13:50:03,371 - INFO - Trial 42: {'reg_lambda': 0.027470312069144413, 'reg_alpha': 0.41335727334297434, 'gamma': 0.7499651893816583, 'min_child_weight': 10.460627076223888, 'subsample': 0.740183539794212, 'colsample_bytree': 0.6725880892410121} val_mae=0.392600
2025-12-14 13:50:11,829 - INFO - Trial 43: {'reg_lambda': 0.007093179370283678, 'reg_alpha': 4.805864324006759, 'gamma': 1.3532663314110551, 'min_child_weight': 13.057017165009848, 'subsample': 0.7457546052766644, 'colsample_bytree': 0.6417014294806674} val_mae=0.391750
2025-12-14 13:50:20,326 - INFO - Trial 44: {'reg_lambda': 0.0035643876334659607, 'reg_alpha': 4.750894742136297, 'gamma': 1.3951848256321016, 'min_child_weight': 13.249766465344646, 'subsample': 0.7257632127459066, 'colsample_bytree': 0.9979457698715684} val_mae=0.393544
2025-12-14 13:50:28,273 - INFO - Trial 45: {'reg_lambda': 15.093791728299895, 'reg_alpha': 1.5301879403299312, 'gamma': 2.4773540053984724, 'min_child_weight': 20.883207743959773, 'subsample': 0.7487685923587164, 'colsample_bytree': 0.6403521887624528} val_mae=0.391660
2025-12-14 13:50:40,592 - INFO - Trial 46: {'reg_lambda': 12.949542699888054, 'reg_alpha': 1.326630985766507, 'gamma': 2.6877419283520876, 'min_child_weight': 28.798718342937637, 'subsample': 0.7516636352539247, 'colsample_bytree': 0.619038023526531} val_mae=0.392089
2025-12-14 13:50:50,493 - INFO - Trial 47: {'reg_lambda': 19.683527378155773, 'reg_alpha': 1.0040247079484375, 'gamma': 2.427768647722422, 'min_child_weight': 29.799750969374013, 'subsample': 0.7598344192410301, 'colsample_bytree': 0.6216991003125757} val_mae=0.392123
2025-12-14 13:50:59,081 - INFO - Trial 48: {'reg_lambda': 22.067384138357163, 'reg_alpha': 1.1063736739494086, 'gamma': 2.4757207239179464, 'min_child_weight': 29.896866099812154, 'subsample': 0.7492699683856309, 'colsample_bytree': 0.615875330949657} val_mae=0.391944
2025-12-14 13:51:07,074 - INFO - Trial 49: {'reg_lambda': 22.82771871855421, 'reg_alpha': 0.891899492557464, 'gamma': 2.486913724637339, 'min_child_weight': 28.935166380084723, 'subsample': 0.7528187416463462, 'colsample_bytree': 0.6179563985428724} val_mae=0.392541
2025-12-14 13:51:16,493 - INFO - Trial 50: {'reg_lambda': 12.77633378025038, 'reg_alpha': 8.643817024624845, 'gamma': 7.235868481596706, 'min_child_weight': 21.38976743413285, 'subsample': 0.7451893313222541, 'colsample_bytree': 0.6377630968503623} val_mae=0.392655
2025-12-14 13:51:27,647 - INFO - Trial 51: {'reg_lambda': 49.6127249108266, 'reg_alpha': 2.539357258150781e-06, 'gamma': 2.6431337743860728, 'min_child_weight': 25.499059692174974, 'subsample': 0.6820138617822438, 'colsample_bytree': 0.6135676810686755} val_mae=0.392376
2025-12-14 13:51:36,360 - INFO - Trial 52: {'reg_lambda': 16.279708073010262, 'reg_alpha': 1.2812656409040128, 'gamma': 2.00783061303293, 'min_child_weight': 26.617000526213772, 'subsample': 0.7971474417098243, 'colsample_bytree': 0.6389819265569378} val_mae=0.392116
2025-12-14 13:51:45,133 - INFO - Trial 53: {'reg_lambda': 20.92801057871252, 'reg_alpha': 1.4264169897212606, 'gamma': 3.9477202988738815, 'min_child_weight': 29.8826707150693, 'subsample': 0.7639339973898756, 'colsample_bytree': 0.6419591969951562} val_mae=0.391966
2025-12-14 13:51:55,170 - INFO - Trial 54: {'reg_lambda': 5.444817184672714, 'reg_alpha': 4.42729459209239, 'gamma': 3.978555291095682, 'min_child_weight': 19.725141703960716, 'subsample': 0.8002843456119719, 'colsample_bytree': 0.6433877423939424} val_mae=0.392631
2025-12-14 13:52:03,404 - INFO - Trial 55: {'reg_lambda': 14.905313437220599, 'reg_alpha': 1.6664607985563717, 'gamma': 1.97309609676403, 'min_child_weight': 26.147577151753527, 'subsample': 0.7399159215770608, 'colsample_bytree': 0.9714162267333055} val_mae=0.392385
2025-12-14 13:52:11,760 - INFO - Trial 56: {'reg_lambda': 10.110750081810128, 'reg_alpha': 0.5595246326520447, 'gamma': 3.165655291273584, 'min_child_weight': 22.19806019591872, 'subsample': 0.7709543199950025, 'colsample_bytree': 0.6395823634492521} val_mae=0.391905
2025-12-14 13:52:19,923 - INFO - Trial 57: {'reg_lambda': 8.515012239308207, 'reg_alpha': 0.09091932461016856, 'gamma': 3.324759413670726, 'min_child_weight': 22.03224427477345, 'subsample': 0.7734652087918651, 'colsample_bytree': 0.6886502840913092} val_mae=0.392293
2025-12-14 13:52:28,584 - INFO - Trial 58: {'reg_lambda': 33.48662672649667, 'reg_alpha': 0.5128062106372079, 'gamma': 4.7250224199687, 'min_child_weight': 20.13152342009793, 'subsample': 0.7344842032211583, 'colsample_bytree': 0.6024714868329781} val_mae=0.392110
2025-12-14 13:52:37,468 - INFO - Trial 59: {'reg_lambda': 3.4765921006025, 'reg_alpha': 3.9356557908904644, 'gamma': 3.69618309046167, 'min_child_weight': 29.984704415311246, 'subsample': 0.7657396318839181, 'colsample_bytree': 0.6263944629621344} val_mae=0.392625
2025-12-14 13:52:45,666 - INFO - Trial 60: {'reg_lambda': 10.209616376589581, 'reg_alpha': 0.3220812989186793, 'gamma': 2.7674711897646906, 'min_child_weight': 23.377180279612915, 'subsample': 0.8161113706044292, 'colsample_bytree': 0.7109924149294417} val_mae=0.392534
2025-12-14 13:52:54,063 - INFO - Trial 61: {'reg_lambda': 5.157913673057704, 'reg_alpha': 0.6696521227290514, 'gamma': 3.885974425250607, 'min_child_weight': 18.36809784449921, 'subsample': 0.6990036171437836, 'colsample_bytree': 0.6492971927125931} val_mae=0.391693
2025-12-14 13:53:01,956 - INFO - Trial 62: {'reg_lambda': 5.205355448782516, 'reg_alpha': 0.660008249389375, 'gamma': 3.7911246070762585, 'min_child_weight': 17.91347190291321, 'subsample': 0.6628216305714065, 'colsample_bytree': 0.6492018949930176} val_mae=0.392205
2025-12-14 13:53:14,035 - INFO - Trial 63: {'reg_lambda': 24.92293907385697, 'reg_alpha': 0.03828714239164701, 'gamma': 4.323561884519098, 'min_child_weight': 23.713637514123892, 'subsample': 0.7007502954044585, 'colsample_bytree': 0.6129989171261759} val_mae=0.392049
2025-12-14 13:53:23,392 - INFO - Trial 64: {'reg_lambda': 26.068295262332636, 'reg_alpha': 0.0273119282363835, 'gamma': 4.36146260366041, 'min_child_weight': 14.486839753761778, 'subsample': 0.6246569318459096, 'colsample_bytree': 0.6391765982153578} val_mae=0.391971
2025-12-14 13:53:31,359 - INFO - Trial 65: {'reg_lambda': 42.727889311042794, 'reg_alpha': 0.10313052524274513, 'gamma': 5.1063100243361905, 'min_child_weight': 14.60198711663872, 'subsample': 0.6015112579945946, 'colsample_bytree': 0.6587714355370745} val_mae=0.392957
2025-12-14 13:53:40,032 - INFO - Trial 66: {'reg_lambda': 30.70220393816982, 'reg_alpha': 6.588351822787408, 'gamma': 5.779201481228065, 'min_child_weight': 17.845239146439713, 'subsample': 0.6456096853243433, 'colsample_bytree': 0.8226660081708059} val_mae=0.392918
2025-12-14 13:53:49,045 - INFO - Trial 67: {'reg_lambda': 7.12506671545418, 'reg_alpha': 2.549153094025975, 'gamma': 4.449141216524948, 'min_child_weight': 12.29724724102137, 'subsample': 0.6317692710109424, 'colsample_bytree': 0.6332588991803171} val_mae=0.392901
2025-12-14 13:54:02,202 - INFO - Trial 68: {'reg_lambda': 2.7432492595005193, 'reg_alpha': 0.1573264703687005, 'gamma': 3.2474731908668932, 'min_child_weight': 13.966675895388002, 'subsample': 0.6570760093269481, 'colsample_bytree': 0.665077386210352} val_mae=0.393731
2025-12-14 13:54:13,524 - INFO - Trial 69: {'reg_lambda': 19.709806410516578, 'reg_alpha': 0.03547861470640194, 'gamma': 6.646777025941738, 'min_child_weight': 16.24424418597337, 'subsample': 0.7902665019700919, 'colsample_bytree': 0.6458117104730519} val_mae=0.392296
2025-12-14 13:54:22,646 - INFO - Trial 70: {'reg_lambda': 4.490255105720445, 'reg_alpha': 0.007115985403688881, 'gamma': 2.9423712361714935, 'min_child_weight': 22.367880552427074, 'subsample': 0.6290473702063599, 'colsample_bytree': 0.6768401046181374} val_mae=0.392986
2025-12-14 13:54:34,310 - INFO - Trial 71: {'reg_lambda': 9.947168919375548, 'reg_alpha': 0.7226706009079975, 'gamma': 4.666138068762861, 'min_child_weight': 19.13555127943781, 'subsample': 0.7130950801184086, 'colsample_bytree': 0.9051316316444427} val_mae=0.393018
2025-12-14 13:54:41,951 - INFO - Trial 72: {'reg_lambda': 25.557843279818957, 'reg_alpha': 0.028886765648125763, 'gamma': 4.217405061879711, 'min_child_weight': 25.164985784192954, 'subsample': 0.6918104014467128, 'colsample_bytree': 0.6097055393643548} val_mae=0.391654
2025-12-14 13:54:50,624 - INFO - Trial 73: {'reg_lambda': 25.41740927239644, 'reg_alpha': 0.0013232981574789141, 'gamma': 3.4823204666930123, 'min_child_weight': 25.383998518571932, 'subsample': 0.687630993354531, 'colsample_bytree': 0.6308835131632572} val_mae=0.391776
2025-12-14 13:54:59,460 - INFO - Trial 74: {'reg_lambda': 37.10134364675955, 'reg_alpha': 0.0010355058677179209, 'gamma': 3.889920204039043, 'min_child_weight': 26.091516759329938, 'subsample': 0.6952072124578264, 'colsample_bytree': 0.6082829482068085} val_mae=0.392483
2025-12-14 13:55:07,846 - INFO - Trial 75: {'reg_lambda': 16.777797148161696, 'reg_alpha': 0.32274769519168417, 'gamma': 3.4750229614521286, 'min_child_weight': 21.208774727225734, 'subsample': 0.7320304229037145, 'colsample_bytree': 0.6279168153852305} val_mae=0.391178
2025-12-14 13:55:16,011 - INFO - Trial 76: {'reg_lambda': 6.925009191592615, 'reg_alpha': 0.0005323677618563207, 'gamma': 3.373734494713334, 'min_child_weight': 20.637696315053383, 'subsample': 0.6862500319084641, 'colsample_bytree': 0.629619151469092} val_mae=0.392284
2025-12-14 13:55:25,405 - INFO - Trial 77: {'reg_lambda': 10.678944860890294, 'reg_alpha': 0.005285068983643266, 'gamma': 3.5668989335428796, 'min_child_weight': 24.629989681548032, 'subsample': 0.7262667681444129, 'colsample_bytree': 0.6033507178786861} val_mae=0.391880
2025-12-14 13:55:38,348 - INFO - Trial 78: {'reg_lambda': 12.773892572258758, 'reg_alpha': 0.004545141661931944, 'gamma': 3.57193128590362, 'min_child_weight': 16.94041632927774, 'subsample': 0.7119854908600356, 'colsample_bytree': 0.6071388075893759} val_mae=0.392134
2025-12-14 13:55:49,204 - INFO - Trial 79: {'reg_lambda': 1.3295878734498472, 'reg_alpha': 0.001875632521379688, 'gamma': 2.905346283341393, 'min_child_weight': 24.129531369438105, 'subsample': 0.7275756169791906, 'colsample_bytree': 0.6581462737702494} val_mae=0.393007
2025-12-14 13:55:58,599 - INFO - Trial 80: {'reg_lambda': 9.700812388565048, 'reg_alpha': 0.006113668956949828, 'gamma': 4.152871387522996, 'min_child_weight': 18.02493290023856, 'subsample': 0.7337319790488079, 'colsample_bytree': 0.6010879881708002} val_mae=0.392589
2025-12-14 13:55:58,622 - INFO - Best trial params: {'reg_lambda': 16.777797148161696, 'reg_alpha': 0.32274769519168417, 'gamma': 3.4750229614521286, 'min_child_weight': 21.208774727225734, 'subsample': 0.7320304229037145, 'colsample_bytree': 0.6279168153852305, 'learning_rate': 0.009848731703179103, 'n_estimators': 796, 'max_depth': 5, 'val_mae': 0.3911775052547455}
2025-12-14 13:55:58,622 - INFO - Saved best Stage D parameters to /home/haris/Documents/ProjectBzarre/modeling_pipeline/optuna_studies/stageD_regularization/best_regularization.json
2025-12-14 13:55:58,622 - INFO - === Stage D Optimization Complete ===
2025-12-14 17:59:51,288 - INFO - === Stage D Regularization Optimization Started ===
2025-12-14 18:00:01,511 - INFO - Trial 81: {'reg_lambda': 15.391591913697606, 'reg_alpha': 0.018818509088796655, 'gamma': 3.205248390828895, 'min_child_weight': 21.177673109714053, 'subsample': 0.662532668906001, 'colsample_bytree': 0.6296518468637001} val_mae=0.392414
2025-12-14 18:00:12,682 - INFO - Trial 82: {'reg_lambda': 30.41256748828059, 'reg_alpha': 0.0017563101178168648, 'gamma': 2.2467201307323714, 'min_child_weight': 25.600989410229058, 'subsample': 0.7476677930734916, 'colsample_bytree': 0.6122699855800124} val_mae=0.392905
2025-12-14 18:00:23,814 - INFO - Trial 83: {'reg_lambda': 3.6768744115239875, 'reg_alpha': 0.0007056559584531188, 'gamma': 1.1947040001499414, 'min_child_weight': 22.376002898720706, 'subsample': 0.7087171824571593, 'colsample_bytree': 0.6507916375083771} val_mae=0.392376
2025-12-14 18:00:34,328 - INFO - Trial 84: {'reg_lambda': 16.94592513333268, 'reg_alpha': 0.0691018350177025, 'gamma': 1.7175475411824241, 'min_child_weight': 27.221128501079694, 'subsample': 0.6943006347174386, 'colsample_bytree': 0.6218228160584705} val_mae=0.392203
2025-12-14 18:00:42,634 - INFO - Trial 85: {'reg_lambda': 47.37377596653487, 'reg_alpha': 0.2899049812259776, 'gamma': 3.4914158514388896, 'min_child_weight': 24.4182974779842, 'subsample': 0.7729305534591107, 'colsample_bytree': 0.6295649529702644} val_mae=0.392723
2025-12-14 18:00:51,147 - INFO - Trial 86: {'reg_lambda': 11.276362454344545, 'reg_alpha': 0.380195467470595, 'gamma': 5.344518850153317, 'min_child_weight': 19.461665056450244, 'subsample': 0.7193214696671864, 'colsample_bytree': 0.613566354838009} val_mae=0.392895
2025-12-14 18:01:00,451 - INFO - Trial 87: {'reg_lambda': 7.281501830383111, 'reg_alpha': 4.831518015618431e-05, 'gamma': 3.149403033910382, 'min_child_weight': 27.445685457233427, 'subsample': 0.6860487729460535, 'colsample_bytree': 0.683065560822123} val_mae=0.392516
2025-12-14 18:01:10,914 - INFO - Trial 88: {'reg_lambda': 0.4545889898919417, 'reg_alpha': 0.18385517828967984, 'gamma': 3.7379396661162634, 'min_child_weight': 15.420636180204887, 'subsample': 0.7325177259926178, 'colsample_bytree': 0.6487483715043771} val_mae=0.392575
2025-12-14 18:01:21,286 - INFO - Trial 89: {'reg_lambda': 24.06523769623037, 'reg_alpha': 0.000393362445641704, 'gamma': 4.843129736241529, 'min_child_weight': 21.59446190874071, 'subsample': 0.7516103883059938, 'colsample_bytree': 0.600236171800489} val_mae=0.392190
2025-12-14 18:01:30,353 - INFO - Trial 90: {'reg_lambda': 17.984311334279347, 'reg_alpha': 0.00020350154035404997, 'gamma': 4.181925216714782, 'min_child_weight': 18.308705573026224, 'subsample': 0.6709485799215994, 'colsample_bytree': 0.6334006605810265} val_mae=0.392664
2025-12-14 18:01:39,303 - INFO - Trial 91: {'reg_lambda': 2.063456201024326, 'reg_alpha': 2.243468454269271, 'gamma': 1.6876039817328496, 'min_child_weight': 27.38403551536463, 'subsample': 0.784671085970032, 'colsample_bytree': 0.6650301106363218} val_mae=0.392272
2025-12-14 18:01:47,083 - INFO - Trial 92: {'reg_lambda': 21.799645467212535, 'reg_alpha': 1.5584962320129911, 'gamma': 9.945390432770601, 'min_child_weight': 24.523515861713246, 'subsample': 0.7612567123692285, 'colsample_bytree': 0.6440302866817545} val_mae=0.393497
2025-12-14 18:01:57,439 - INFO - Trial 93: {'reg_lambda': 31.87530608418205, 'reg_alpha': 3.261587206212821, 'gamma': 3.8383640599001296, 'min_child_weight': 29.9736327067179, 'subsample': 0.771469654633661, 'colsample_bytree': 0.6213344274644388} val_mae=0.392993
2025-12-14 18:02:07,870 - INFO - Trial 94: {'reg_lambda': 13.053275211227135, 'reg_alpha': 0.6001202109694799, 'gamma': 2.2167210393860666, 'min_child_weight': 4.83087046465435, 'subsample': 0.7215416436173514, 'colsample_bytree': 0.6400383982677409} val_mae=0.392770
2025-12-14 18:02:16,396 - INFO - Trial 95: {'reg_lambda': 8.951496666218045, 'reg_alpha': 6.351038381745954, 'gamma': 2.8711928121753605, 'min_child_weight': 22.6394255934212, 'subsample': 0.741357660013547, 'colsample_bytree': 0.6910842067292023} val_mae=0.392462
2025-12-14 18:02:27,370 - INFO - Trial 96: {'reg_lambda': 5.445907804013141, 'reg_alpha': 1.0590875278216947, 'gamma': 3.532767668782944, 'min_child_weight': 28.054544495374326, 'subsample': 0.7039426371480332, 'colsample_bytree': 0.6610830185184631} val_mae=0.392831
2025-12-14 18:02:38,424 - INFO - Trial 97: {'reg_lambda': 19.831442285849633, 'reg_alpha': 0.4202597439546592, 'gamma': 3.99808899418259, 'min_child_weight': 20.319819642944722, 'subsample': 0.7633464321449744, 'colsample_bytree': 0.6144454795626079} val_mae=0.392811
2025-12-14 18:02:47,209 - INFO - Trial 98: {'reg_lambda': 40.00745608733535, 'reg_alpha': 0.0039298842011530844, 'gamma': 2.4717901698141, 'min_child_weight': 25.181088778802717, 'subsample': 0.7519918626591706, 'colsample_bytree': 0.6250318658574089} val_mae=0.392708
2025-12-14 18:03:01,293 - INFO - Trial 99: {'reg_lambda': 27.907113280876526, 'reg_alpha': 0.11423076670045693, 'gamma': 3.0459413431750813, 'min_child_weight': 13.08270651297444, 'subsample': 0.7332741291451745, 'colsample_bytree': 0.8032410907501125} val_mae=0.392168
2025-12-14 18:03:10,187 - INFO - Trial 100: {'reg_lambda': 13.975776020099937, 'reg_alpha': 1.3513637513850296, 'gamma': 3.3689604730801608, 'min_child_weight': 16.98772352159274, 'subsample': 0.7001716371372853, 'colsample_bytree': 0.6748721932946075} val_mae=0.392111
2025-12-14 18:03:19,527 - INFO - Trial 101: {'reg_lambda': 0.09517464319755117, 'reg_alpha': 3.3243140951071393, 'gamma': 4.327809031557554, 'min_child_weight': 23.518206676946225, 'subsample': 0.7558524833702407, 'colsample_bytree': 0.6508720732893684} val_mae=0.392290
2025-12-14 18:03:28,155 - INFO - Trial 102: {'reg_lambda': 24.954574541362298, 'reg_alpha': 0.049434556388465806, 'gamma': 4.5052557186588835, 'min_child_weight': 18.784012269247512, 'subsample': 0.6452085422213425, 'colsample_bytree': 0.6381684396370745} val_mae=0.392855
2025-12-14 18:03:38,632 - INFO - Trial 103: {'reg_lambda': 11.323509173982318, 'reg_alpha': 0.02145990494926032, 'gamma': 4.923133001741616, 'min_child_weight': 15.365502606401224, 'subsample': 0.6249989527734015, 'colsample_bytree': 0.6342960250065479} val_mae=0.393033
2025-12-14 18:03:46,753 - INFO - Trial 104: {'reg_lambda': 38.12704234097475, 'reg_alpha': 0.0014182267276885373, 'gamma': 3.6599195387249757, 'min_child_weight': 21.260864234514678, 'subsample': 0.79424857065876, 'colsample_bytree': 0.6080877049493072} val_mae=0.392558
2025-12-14 18:03:55,358 - INFO - Trial 105: {'reg_lambda': 17.65753557120901, 'reg_alpha': 0.012100290662763028, 'gamma': 4.0072741165877055, 'min_child_weight': 14.397527950341633, 'subsample': 0.8064704766667585, 'colsample_bytree': 0.6438557030983503} val_mae=0.392935
2025-12-14 18:04:04,606 - INFO - Trial 106: {'reg_lambda': 27.33286869786507, 'reg_alpha': 0.25878935702443445, 'gamma': 4.32804862715291, 'min_child_weight': 11.412437065788192, 'subsample': 0.742206300650081, 'colsample_bytree': 0.6264333906427604} val_mae=0.392537
2025-12-14 18:04:13,961 - INFO - Trial 107: {'reg_lambda': 7.4658217921067624, 'reg_alpha': 1.9301167278301399, 'gamma': 0.4387062912826232, 'min_child_weight': 8.82193936042552, 'subsample': 0.6121905731649928, 'colsample_bytree': 0.6176013054911058} val_mae=0.391815
2025-12-14 18:04:22,841 - INFO - Trial 108: {'reg_lambda': 7.891161171723805, 'reg_alpha': 0.7406891068397002, 'gamma': 0.9580836914650867, 'min_child_weight': 10.620438528117836, 'subsample': 0.6151670805729622, 'colsample_bytree': 0.6171663629203281} val_mae=0.392724
2025-12-14 18:04:31,772 - INFO - Trial 109: {'reg_lambda': 4.510341250260141, 'reg_alpha': 8.3806273634858, 'gamma': 0.42325227439968294, 'min_child_weight': 28.222968810970773, 'subsample': 0.7838673892096754, 'colsample_bytree': 0.6543276858565228} val_mae=0.392984
2025-12-14 18:04:40,657 - INFO - Trial 110: {'reg_lambda': 10.469265987721242, 'reg_alpha': 1.7239229309725315, 'gamma': 2.7029600607115407, 'min_child_weight': 25.696004491686367, 'subsample': 0.7176488033143992, 'colsample_bytree': 0.6085287619075777} val_mae=0.392150
2025-12-14 18:04:49,589 - INFO - Trial 111: {'reg_lambda': 6.148810538963355, 'reg_alpha': 1.0898949668896425, 'gamma': 3.103132105006586, 'min_child_weight': 9.23553974348561, 'subsample': 0.6774500287454397, 'colsample_bytree': 0.6676614577226071} val_mae=0.392605
2025-12-14 18:04:58,801 - INFO - Trial 112: {'reg_lambda': 21.467666141907525, 'reg_alpha': 2.336299135602721, 'gamma': 0.3788653542740689, 'min_child_weight': 13.001174247241428, 'subsample': 0.6108130906578814, 'colsample_bytree': 0.6371148029317301} val_mae=0.392507
2025-12-14 18:05:07,609 - INFO - Trial 113: {'reg_lambda': 15.220261956122823, 'reg_alpha': 5.137787405342536, 'gamma': 3.4131339618549923, 'min_child_weight': 6.243282590651295, 'subsample': 0.6530722704421937, 'colsample_bytree': 0.6209295546327845} val_mae=0.392005
2025-12-14 18:05:15,716 - INFO - Trial 114: {'reg_lambda': 34.53672464860934, 'reg_alpha': 0.537198047455596, 'gamma': 3.8102876839317896, 'min_child_weight': 17.088280116542073, 'subsample': 0.6052042384250964, 'colsample_bytree': 0.6299309137674611} val_mae=0.392969
2025-12-14 18:05:24,385 - INFO - Trial 115: {'reg_lambda': 2.948997513268341, 'reg_alpha': 0.008085017361492579, 'gamma': 4.625538902388465, 'min_child_weight': 20.20686271798224, 'subsample': 0.7276537531653732, 'colsample_bytree': 0.6448503353984699} val_mae=0.392997
2025-12-14 18:05:33,840 - INFO - Trial 116: {'reg_lambda': 12.38650342645605, 'reg_alpha': 0.7484544120142512, 'gamma': 1.3265686244350086, 'min_child_weight': 8.561398041923974, 'subsample': 0.7767240725559922, 'colsample_bytree': 0.8556871352857054} val_mae=0.393283
2025-12-14 18:05:42,507 - INFO - Trial 117: {'reg_lambda': 49.1563399242179, 'reg_alpha': 0.005420473752031207, 'gamma': 4.1979693736487205, 'min_child_weight': 22.803585284830636, 'subsample': 0.6399841041606396, 'colsample_bytree': 0.6093046120777076} val_mae=0.393334
2025-12-14 18:05:51,321 - INFO - Trial 118: {'reg_lambda': 0.24858864552356474, 'reg_alpha': 1.6073492547643395, 'gamma': 2.4121184770554667, 'min_child_weight': 26.469068766607034, 'subsample': 0.6233463124125513, 'colsample_bytree': 0.6181423826113369} val_mae=0.392449
2025-12-14 18:06:01,008 - INFO - Trial 119: {'reg_lambda': 8.54974747095163, 'reg_alpha': 0.030678586962985498, 'gamma': 3.640518216701886, 'min_child_weight': 15.15074999783694, 'subsample': 0.7666690056188934, 'colsample_bytree': 0.6563635541843459} val_mae=0.392510
2025-12-14 18:06:09,434 - INFO - Trial 120: {'reg_lambda': 17.12300410688138, 'reg_alpha': 3.825108862532994, 'gamma': 5.234034995797227, 'min_child_weight': 19.003139516525113, 'subsample': 0.746967189112721, 'colsample_bytree': 0.6004457164139326} val_mae=0.391997
2025-12-14 18:06:17,789 - INFO - Trial 121: {'reg_lambda': 21.85570881863061, 'reg_alpha': 0.34581013699358537, 'gamma': 2.044333619472789, 'min_child_weight': 23.800881724647112, 'subsample': 0.669990091882473, 'colsample_bytree': 0.6318497604210835} val_mae=0.392364
2025-12-14 18:06:26,067 - INFO - Trial 122: {'reg_lambda': 26.175864901945214, 'reg_alpha': 3.697359078171448, 'gamma': 5.766016960814123, 'min_child_weight': 21.65674999180416, 'subsample': 0.7371750300759071, 'colsample_bytree': 0.6023989040876023} val_mae=0.392516
2025-12-14 18:06:34,615 - INFO - Trial 123: {'reg_lambda': 16.817464198490864, 'reg_alpha': 2.838407770967307, 'gamma': 5.312650186751771, 'min_child_weight': 18.41290693077347, 'subsample': 0.7287946099430817, 'colsample_bytree': 0.6243296213293855} val_mae=0.392890
2025-12-14 18:06:43,313 - INFO - Trial 124: {'reg_lambda': 0.019421452891671662, 'reg_alpha': 2.0247533675580445, 'gamma': 5.203933200448687, 'min_child_weight': 19.386279552423108, 'subsample': 0.745707607804224, 'colsample_bytree': 0.6133804602417966} val_mae=0.392328
2025-12-14 18:06:52,444 - INFO - Trial 125: {'reg_lambda': 14.449428779519453, 'reg_alpha': 5.080328016327622, 'gamma': 4.378530118879059, 'min_child_weight': 16.274864627174946, 'subsample': 0.7100294188198454, 'colsample_bytree': 0.643026524163318} val_mae=0.392299
2025-12-14 18:07:01,322 - INFO - Trial 126: {'reg_lambda': 10.474750201299623, 'reg_alpha': 1.2022540198791523, 'gamma': 4.766229408206612, 'min_child_weight': 29.156363967159965, 'subsample': 0.759419609107291, 'colsample_bytree': 0.6011412297612176} val_mae=0.392671
2025-12-14 18:07:10,053 - INFO - Trial 127: {'reg_lambda': 6.140546613884257, 'reg_alpha': 0.8636256982280356, 'gamma': 2.80048007663763, 'min_child_weight': 20.614511861623274, 'subsample': 0.6877345198706846, 'colsample_bytree': 0.6246417060021503} val_mae=0.391654
2025-12-14 18:07:18,548 - INFO - Trial 128: {'reg_lambda': 4.499324014033289, 'reg_alpha': 0.002690316929290625, 'gamma': 2.8380346518622517, 'min_child_weight': 25.193475859600436, 'subsample': 0.6878449145116606, 'colsample_bytree': 0.6376958437807926} val_mae=0.392951
2025-12-14 18:07:27,848 - INFO - Trial 129: {'reg_lambda': 6.593900480963323, 'reg_alpha': 0.18580213413154595, 'gamma': 3.224424597394585, 'min_child_weight': 12.034106781740135, 'subsample': 0.6950949259695772, 'colsample_bytree': 0.9460773984338087} val_mae=0.393607
2025-12-14 18:07:37,707 - INFO - Trial 130: {'reg_lambda': 7.8379892599022085, 'reg_alpha': 0.9013204697171194, 'gamma': 3.902512095115367, 'min_child_weight': 20.88778303833885, 'subsample': 0.6352697968215991, 'colsample_bytree': 0.7587960203683841} val_mae=0.392190
2025-12-14 18:07:47,262 - INFO - Trial 131: {'reg_lambda': 0.005295879903611991, 'reg_alpha': 0.0008286856677288324, 'gamma': 2.632947839088458, 'min_child_weight': 22.880968486292126, 'subsample': 0.6174060345347898, 'colsample_bytree': 0.6496615667594418} val_mae=0.392924
2025-12-14 18:07:55,653 - INFO - Trial 132: {'reg_lambda': 20.331763099600217, 'reg_alpha': 0.7409904027692827, 'gamma': 3.000270522755855, 'min_child_weight': 27.28948589580668, 'subsample': 0.7484691401892428, 'colsample_bytree': 0.6233509894032587} val_mae=0.392416
2025-12-14 18:08:04,522 - INFO - Trial 133: {'reg_lambda': 32.588812618125615, 'reg_alpha': 0.585508696926459, 'gamma': 3.426313414776975, 'min_child_weight': 1.4003272145972454, 'subsample': 0.7212788608491572, 'colsample_bytree': 0.6159444153029304} val_mae=0.392529
2025-12-14 18:08:13,029 - INFO - Trial 134: {'reg_lambda': 17.001593752628924, 'reg_alpha': 1.9827994299365097, 'gamma': 5.607271775337557, 'min_child_weight': 19.606594042773374, 'subsample': 0.6791843820168317, 'colsample_bytree': 0.6332308355632887} val_mae=0.392627
2025-12-14 18:08:21,844 - INFO - Trial 135: {'reg_lambda': 11.864602035660697, 'reg_alpha': 2.740333971305264, 'gamma': 1.642320930046267, 'min_child_weight': 17.42545118771862, 'subsample': 0.7067245964183642, 'colsample_bytree': 0.6091863416975225} val_mae=0.392454
2025-12-14 18:08:30,218 - INFO - Trial 136: {'reg_lambda': 25.917422455387264, 'reg_alpha': 1.3459458621982652, 'gamma': 4.095245265370974, 'min_child_weight': 24.49638347055073, 'subsample': 0.7669322158500982, 'colsample_bytree': 0.6265740943212705} val_mae=0.392580
2025-12-14 18:08:38,977 - INFO - Trial 137: {'reg_lambda': 9.152099918162707, 'reg_alpha': 0.015518622854577429, 'gamma': 6.09526694288266, 'min_child_weight': 20.558931743118393, 'subsample': 0.755526031456944, 'colsample_bytree': 0.6005565743513199} val_mae=0.392882
2025-12-14 18:08:47,661 - INFO - Trial 138: {'reg_lambda': 5.131224147283264, 'reg_alpha': 0.48067746821184476, 'gamma': 3.673539666628503, 'min_child_weight': 29.95320852140226, 'subsample': 0.653793292945554, 'colsample_bytree': 0.6637670766167243} val_mae=0.392754
2025-12-14 18:08:56,215 - INFO - Trial 139: {'reg_lambda': 14.577528540224062, 'reg_alpha': 9.198927995250559, 'gamma': 1.8506206528561457, 'min_child_weight': 22.725854461770634, 'subsample': 0.738092440132279, 'colsample_bytree': 0.6409786676774496} val_mae=0.392983
2025-12-14 18:09:05,665 - INFO - Trial 140: {'reg_lambda': 0.00203629104333137, 'reg_alpha': 3.987349629543501, 'gamma': 4.548792328090102, 'min_child_weight': 14.012042330457108, 'subsample': 0.6888224800619691, 'colsample_bytree': 0.6178953494651579} val_mae=0.391773
2025-12-14 18:09:14,637 - INFO - Trial 141: {'reg_lambda': 0.0016922825318033577, 'reg_alpha': 6.184310968366634, 'gamma': 4.485614845968945, 'min_child_weight': 13.455602474579583, 'subsample': 0.688184860057661, 'colsample_bytree': 0.8187639693360268} val_mae=0.392391
2025-12-14 18:09:23,289 - INFO - Trial 142: {'reg_lambda': 0.002031507847676654, 'reg_alpha': 3.8887039539684576, 'gamma': 5.003458164905294, 'min_child_weight': 14.789280338215143, 'subsample': 0.7003096787369165, 'colsample_bytree': 0.617740333203295} val_mae=0.392339
2025-12-14 18:09:32,277 - INFO - Trial 143: {'reg_lambda': 0.0039646083264694544, 'reg_alpha': 0.9781290801057954, 'gamma': 0.002904505263436663, 'min_child_weight': 16.482891217518798, 'subsample': 0.6658821029938211, 'colsample_bytree': 0.630582746787475} val_mae=0.392406
2025-12-14 18:09:41,979 - INFO - Trial 144: {'reg_lambda': 0.0027045798727464683, 'reg_alpha': 1.6416011164329942, 'gamma': 3.9557721194270226, 'min_child_weight': 18.612920868851546, 'subsample': 0.7449962360330471, 'colsample_bytree': 0.6080340361070689} val_mae=0.391813
2025-12-14 18:09:50,850 - INFO - Trial 145: {'reg_lambda': 0.0014388952366887761, 'reg_alpha': 1.765817659603071, 'gamma': 3.9078660687188576, 'min_child_weight': 6.8241719500916025, 'subsample': 0.7132358120489789, 'colsample_bytree': 0.6101718688503276} val_mae=0.391920
2025-12-14 18:10:00,184 - INFO - Trial 146: {'reg_lambda': 0.001777437994356609, 'reg_alpha': 1.435411571880471, 'gamma': 3.2590173440363603, 'min_child_weight': 6.592196504606849, 'subsample': 0.7180746569420261, 'colsample_bytree': 0.612523845560812} val_mae=0.392060
2025-12-14 18:10:08,744 - INFO - Trial 147: {'reg_lambda': 0.0016010500062326831, 'reg_alpha': 2.2126052834486445, 'gamma': 3.9730269080498672, 'min_child_weight': 25.07464530634846, 'subsample': 0.6927604918830782, 'colsample_bytree': 0.6227024457010665} val_mae=0.391618
2025-12-14 18:10:18,010 - INFO - Trial 148: {'reg_lambda': 0.0028758437107087487, 'reg_alpha': 3.0472059630024484, 'gamma': 3.5569977714155545, 'min_child_weight': 21.82436332646968, 'subsample': 0.6969504208875137, 'colsample_bytree': 0.6236013869256348} val_mae=0.391941
2025-12-14 18:10:27,093 - INFO - Trial 149: {'reg_lambda': 0.002618470874907, 'reg_alpha': 2.41239062073417, 'gamma': 3.560334502619891, 'min_child_weight': 7.349487641578575, 'subsample': 0.6964664978949896, 'colsample_bytree': 0.6206086963489232} val_mae=0.392187
2025-12-14 18:10:36,162 - INFO - Trial 150: {'reg_lambda': 0.0011636092129285896, 'reg_alpha': 6.449573759714173, 'gamma': 3.952767969578569, 'min_child_weight': 4.7786537623673, 'subsample': 0.6820345169554709, 'colsample_bytree': 0.608242385521327} val_mae=0.391756
2025-12-14 18:10:44,879 - INFO - Trial 151: {'reg_lambda': 0.001188987219185506, 'reg_alpha': 6.773869902143006, 'gamma': 4.082247390468478, 'min_child_weight': 4.684759302104993, 'subsample': 0.6806751263819192, 'colsample_bytree': 0.607613582049168} val_mae=0.391931
2025-12-14 18:10:53,853 - INFO - Trial 152: {'reg_lambda': 0.001261063784446597, 'reg_alpha': 6.971217305725496, 'gamma': 3.9043962835461263, 'min_child_weight': 5.09572941026673, 'subsample': 0.6773148783461856, 'colsample_bytree': 0.6070407126878975} val_mae=0.392181
2025-12-14 18:11:04,266 - INFO - Trial 153: {'reg_lambda': 0.0014880950166275492, 'reg_alpha': 6.369983587030332, 'gamma': 4.203658963674554, 'min_child_weight': 3.9681651907528845, 'subsample': 0.6868463596340373, 'colsample_bytree': 0.6124426591566167} val_mae=0.392056
2025-12-14 18:11:13,181 - INFO - Trial 154: {'reg_lambda': 0.0010617759586002541, 'reg_alpha': 4.649523308962098, 'gamma': 3.7393921959268606, 'min_child_weight': 4.766946980043804, 'subsample': 0.7032475850878515, 'colsample_bytree': 0.6078577610561346} val_mae=0.391740
2025-12-14 18:11:22,127 - INFO - Trial 155: {'reg_lambda': 0.0010223590097088444, 'reg_alpha': 1.8990514900147428, 'gamma': 3.77945539802404, 'min_child_weight': 5.6755569380551965, 'subsample': 0.7076402693395778, 'colsample_bytree': 0.6280689023640413} val_mae=0.392619
2025-12-14 18:11:31,549 - INFO - Trial 156: {'reg_lambda': 0.0024356860371714984, 'reg_alpha': 4.4927025230332704, 'gamma': 3.372860463360343, 'min_child_weight': 3.6234130271171083, 'subsample': 0.7154592634339407, 'colsample_bytree': 0.6177741308181635} val_mae=0.391474
2025-12-14 18:11:40,689 - INFO - Trial 157: {'reg_lambda': 0.0021510720196654086, 'reg_alpha': 4.67416836501213, 'gamma': 3.408113559347153, 'min_child_weight': 4.427980933852565, 'subsample': 0.7051508351561468, 'colsample_bytree': 0.618142695591342} val_mae=0.391334
2025-12-14 18:11:50,334 - INFO - Trial 158: {'reg_lambda': 0.002323319183516916, 'reg_alpha': 9.76622339694491, 'gamma': 3.369478406101214, 'min_child_weight': 3.4376212553937813, 'subsample': 0.6930020530669397, 'colsample_bytree': 0.6165440622934342} val_mae=0.392755
2025-12-14 18:11:59,814 - INFO - Trial 159: {'reg_lambda': 0.0033602692673961355, 'reg_alpha': 4.4777125857669615, 'gamma': 3.6737426839362906, 'min_child_weight': 4.332265652110836, 'subsample': 0.7055313326556031, 'colsample_bytree': 0.6213642371597385} val_mae=0.391524
2025-12-14 18:12:08,538 - INFO - Trial 160: {'reg_lambda': 0.004354675392453417, 'reg_alpha': 4.647643014119201, 'gamma': 4.5716262469491395, 'min_child_weight': 4.220341974047453, 'subsample': 0.7047360721964815, 'colsample_bytree': 0.632285991393536} val_mae=0.392314
2025-12-14 18:12:08,561 - INFO - Best trial params: {'reg_lambda': 16.777797148161696, 'reg_alpha': 0.32274769519168417, 'gamma': 3.4750229614521286, 'min_child_weight': 21.208774727225734, 'subsample': 0.7320304229037145, 'colsample_bytree': 0.6279168153852305, 'learning_rate': 0.0075852754663137305, 'n_estimators': 1039, 'max_depth': 5, 'val_mae': 0.3911775052547455}
2025-12-14 18:12:08,561 - INFO - Saved best Stage D parameters to /home/haris/Documents/ProjectBzarre/modeling_pipeline/optuna_studies/stageD_regularization/best_regularization.json
2025-12-14 18:12:08,561 - INFO - === Stage D Optimization Complete ===
2025-12-16 02:03:25,685 - INFO - === Stage D Regularization Optimization Started ===
2025-12-16 02:03:46,193 - INFO - Trial 161: {'reg_lambda': 0.0020198027212832443, 'reg_alpha': 4.657555486561712, 'gamma': 4.266351305691209, 'min_child_weight': 5.299553159684745, 'subsample': 0.673498166682321, 'colsample_bytree': 0.6242246258339468} val_mae=0.254862
2025-12-16 02:04:11,541 - INFO - Trial 162: {'reg_lambda': 0.0031447530576738684, 'reg_alpha': 4.509257695771442, 'gamma': 4.29864339170674, 'min_child_weight': 3.73329768304592, 'subsample': 0.6725917952238586, 'colsample_bytree': 0.6229380062831965} val_mae=0.255171
2025-12-16 02:04:34,085 - INFO - Trial 163: {'reg_lambda': 0.0031931280642863644, 'reg_alpha': 4.997708710035981, 'gamma': 4.24667948221103, 'min_child_weight': 2.7881580463597775, 'subsample': 0.6616612155728483, 'colsample_bytree': 0.6241335932674063} val_mae=0.254937
2025-12-16 02:05:11,753 - INFO - Trial 164: {'reg_lambda': 0.0033016623572605028, 'reg_alpha': 4.626230161886834, 'gamma': 4.399022211779034, 'min_child_weight': 3.0037692472372974, 'subsample': 0.6714198185977626, 'colsample_bytree': 0.6344369386876576} val_mae=0.254782
2025-12-16 02:05:30,532 - INFO - Trial 165: {'reg_lambda': 0.001997907975839879, 'reg_alpha': 5.240193000590624, 'gamma': 4.297545753437375, 'min_child_weight': 3.314905902292797, 'subsample': 0.6708753768422281, 'colsample_bytree': 0.624528036186587} val_mae=0.254729
2025-12-16 02:05:49,709 - INFO - Trial 166: {'reg_lambda': 0.0033812091178397428, 'reg_alpha': 5.146280878964927, 'gamma': 4.205163321867801, 'min_child_weight': 2.8841379503702482, 'subsample': 0.6608919967611843, 'colsample_bytree': 0.6494068398829523} val_mae=0.254289
2025-12-16 02:06:08,223 - INFO - Trial 167: {'reg_lambda': 0.0059344100817070805, 'reg_alpha': 4.925899484683681, 'gamma': 4.199640068522269, 'min_child_weight': 2.810172308553289, 'subsample': 0.6610431916080535, 'colsample_bytree': 0.6504013859736288} val_mae=0.254628
2025-12-16 02:06:27,069 - INFO - Trial 168: {'reg_lambda': 0.005498189957244711, 'reg_alpha': 4.920387214918351, 'gamma': 4.189952951377498, 'min_child_weight': 2.741802973545235, 'subsample': 0.6615911327485503, 'colsample_bytree': 0.6548846863041492} val_mae=0.254482
2025-12-16 02:06:46,362 - INFO - Trial 169: {'reg_lambda': 0.006335109600447126, 'reg_alpha': 3.2479213426944282, 'gamma': 4.308332757305467, 'min_child_weight': 2.741850844599195, 'subsample': 0.6647726602187628, 'colsample_bytree': 0.6558143265337661} val_mae=0.254167
2025-12-16 02:07:04,697 - INFO - Trial 170: {'reg_lambda': 0.005503963868817878, 'reg_alpha': 2.9052204084296007, 'gamma': 4.826523844424896, 'min_child_weight': 2.6038553486480263, 'subsample': 0.6623328556518577, 'colsample_bytree': 0.6570824737353378} val_mae=0.254183
2025-12-16 02:07:23,349 - INFO - Trial 171: {'reg_lambda': 0.009357040521003186, 'reg_alpha': 9.760853842173645, 'gamma': 4.887453310484001, 'min_child_weight': 2.689293919742976, 'subsample': 0.6592274486603603, 'colsample_bytree': 0.6585323872698386} val_mae=0.254540
2025-12-16 02:07:41,767 - INFO - Trial 172: {'reg_lambda': 0.00881536870743501, 'reg_alpha': 8.820903413932175, 'gamma': 4.893416287820049, 'min_child_weight': 2.7784600829699877, 'subsample': 0.6561107827385148, 'colsample_bytree': 0.6519527553035586} val_mae=0.253920
2025-12-16 02:08:00,339 - INFO - Trial 173: {'reg_lambda': 0.008715824964109066, 'reg_alpha': 9.536446313304552, 'gamma': 4.828320992037893, 'min_child_weight': 2.6541749983336596, 'subsample': 0.6594001115296553, 'colsample_bytree': 0.656951175210685} val_mae=0.253782
2025-12-16 02:08:19,933 - INFO - Trial 174: {'reg_lambda': 0.010158875713216928, 'reg_alpha': 8.658394013781834, 'gamma': 4.727516392739641, 'min_child_weight': 2.669280344848949, 'subsample': 0.659345800430543, 'colsample_bytree': 0.6795806248926397} val_mae=0.254434
2025-12-16 02:08:38,960 - INFO - Trial 175: {'reg_lambda': 0.008776910899883377, 'reg_alpha': 9.461387413582937, 'gamma': 4.85575719174159, 'min_child_weight': 2.7320935102939066, 'subsample': 0.6595042869895289, 'colsample_bytree': 0.6774524531433769} val_mae=0.254558
2025-12-16 02:08:57,257 - INFO - Trial 176: {'reg_lambda': 0.01036888988068342, 'reg_alpha': 9.091171059825392, 'gamma': 4.89513616707173, 'min_child_weight': 2.630379383458275, 'subsample': 0.6586920005880614, 'colsample_bytree': 0.6604683139253248} val_mae=0.254151
2025-12-16 02:09:15,471 - INFO - Trial 177: {'reg_lambda': 0.009317035480529444, 'reg_alpha': 9.88217795632092, 'gamma': 4.828568123343497, 'min_child_weight': 2.7127484058714, 'subsample': 0.6609316048607085, 'colsample_bytree': 0.6730254257445115} val_mae=0.254048
2025-12-16 02:09:34,539 - INFO - Trial 178: {'reg_lambda': 0.008608091043933789, 'reg_alpha': 6.63422913344359, 'gamma': 4.86902675055612, 'min_child_weight': 2.7303161869946115, 'subsample': 0.6586781542210948, 'colsample_bytree': 0.6767572459941618} val_mae=0.254550
2025-12-16 02:09:53,207 - INFO - Trial 179: {'reg_lambda': 0.009479813421089042, 'reg_alpha': 9.989434044550556, 'gamma': 4.885768117580525, 'min_child_weight': 2.721603027604048, 'subsample': 0.6610063973442898, 'colsample_bytree': 0.6795733413125783} val_mae=0.254348
2025-12-16 02:10:11,751 - INFO - Trial 180: {'reg_lambda': 0.009464616431541636, 'reg_alpha': 9.799855436900542, 'gamma': 4.781422509013881, 'min_child_weight': 2.6811530238026715, 'subsample': 0.6586158344616304, 'colsample_bytree': 0.7014598571610831} val_mae=0.253857
2025-12-16 02:10:30,607 - INFO - Trial 181: {'reg_lambda': 0.009391999408074756, 'reg_alpha': 9.750235405124394, 'gamma': 4.875006925074123, 'min_child_weight': 2.1818705560215665, 'subsample': 0.6493721678079352, 'colsample_bytree': 0.7043677201899617} val_mae=0.254074
2025-12-16 02:10:57,014 - INFO - Trial 182: {'reg_lambda': 0.009522591866756204, 'reg_alpha': 7.939274354518439, 'gamma': 4.88812923026682, 'min_child_weight': 2.3520601162611823, 'subsample': 0.6505230377292657, 'colsample_bytree': 0.7004177771535697} val_mae=0.254260
2025-12-16 02:11:19,118 - INFO - Trial 183: {'reg_lambda': 0.00971242515641035, 'reg_alpha': 9.400862932761822, 'gamma': 4.751745702250669, 'min_child_weight': 2.419399915440937, 'subsample': 0.6489316148935972, 'colsample_bytree': 0.7063787444601407} val_mae=0.254190
2025-12-16 02:11:47,225 - INFO - Trial 184: {'reg_lambda': 0.00980262511331842, 'reg_alpha': 9.215371247546036, 'gamma': 4.936204556872954, 'min_child_weight': 2.27602576450953, 'subsample': 0.6495297438908458, 'colsample_bytree': 0.7070748811237242} val_mae=0.253648
2025-12-16 02:12:07,655 - INFO - Trial 185: {'reg_lambda': 0.00960479727130965, 'reg_alpha': 9.254361884635033, 'gamma': 4.8718219434385555, 'min_child_weight': 2.2234578186884666, 'subsample': 0.6524670438493059, 'colsample_bytree': 0.7031114980147858} val_mae=0.253855
2025-12-16 02:12:29,553 - INFO - Trial 186: {'reg_lambda': 0.009036004018441155, 'reg_alpha': 9.643004050797847, 'gamma': 4.903231051952826, 'min_child_weight': 2.3569781861196177, 'subsample': 0.6491637425768568, 'colsample_bytree': 0.7030649583625388} val_mae=0.254385
2025-12-16 02:12:51,474 - INFO - Trial 187: {'reg_lambda': 0.012339084276729691, 'reg_alpha': 9.717683645412826, 'gamma': 5.041354228719041, 'min_child_weight': 2.2845907802289873, 'subsample': 0.6485190232499067, 'colsample_bytree': 0.700978095162922} val_mae=0.254321
2025-12-16 02:13:11,070 - INFO - Trial 188: {'reg_lambda': 0.012564577868237621, 'reg_alpha': 9.71263301919397, 'gamma': 5.088953723059106, 'min_child_weight': 2.334273898828166, 'subsample': 0.650474030186156, 'colsample_bytree': 0.7088193850714675} val_mae=0.253316
2025-12-16 02:13:44,825 - INFO - Trial 189: {'reg_lambda': 0.013024673595564881, 'reg_alpha': 8.603661418870114, 'gamma': 5.498774969563842, 'min_child_weight': 2.101058679387506, 'subsample': 0.6470700331464466, 'colsample_bytree': 0.7051379046174878} val_mae=0.254162
2025-12-16 02:14:05,036 - INFO - Trial 190: {'reg_lambda': 0.012795086846549513, 'reg_alpha': 9.881414246443715, 'gamma': 5.4369412422645915, 'min_child_weight': 2.0682370469377918, 'subsample': 0.6494023397390778, 'colsample_bytree': 0.7066261357066258} val_mae=0.254264
2025-12-16 02:14:27,720 - INFO - Trial 191: {'reg_lambda': 0.013937459344247453, 'reg_alpha': 9.639439997089928, 'gamma': 5.4549822933638605, 'min_child_weight': 2.1648328513262975, 'subsample': 0.6461210377604854, 'colsample_bytree': 0.7073989364627582} val_mae=0.253876
2025-12-16 02:14:47,761 - INFO - Trial 192: {'reg_lambda': 0.013613379300794287, 'reg_alpha': 9.882331430096125, 'gamma': 5.539950094410423, 'min_child_weight': 2.15962165824011, 'subsample': 0.6464856632104744, 'colsample_bytree': 0.705972932042528} val_mae=0.253826
2025-12-16 02:15:08,456 - INFO - Trial 193: {'reg_lambda': 0.015239251089977144, 'reg_alpha': 9.989886684463766, 'gamma': 5.432935842751578, 'min_child_weight': 2.2157141354763086, 'subsample': 0.6405745093564785, 'colsample_bytree': 0.717491771762158} val_mae=0.253101
2025-12-16 02:15:28,324 - INFO - Trial 194: {'reg_lambda': 0.017144197261720714, 'reg_alpha': 7.307675105291771, 'gamma': 5.479362025097359, 'min_child_weight': 2.1471485504831, 'subsample': 0.640087276924323, 'colsample_bytree': 0.7209031293364175} val_mae=0.253752
2025-12-16 02:15:46,941 - INFO - Trial 195: {'reg_lambda': 0.01551770397002199, 'reg_alpha': 7.204301829164445, 'gamma': 5.688278206434161, 'min_child_weight': 2.0974345225593765, 'subsample': 0.6413980005015577, 'colsample_bytree': 0.7242303941910212} val_mae=0.253422
2025-12-16 02:16:05,337 - INFO - Trial 196: {'reg_lambda': 0.016854826546117065, 'reg_alpha': 6.815946189055715, 'gamma': 5.490470487146189, 'min_child_weight': 2.0614566484485053, 'subsample': 0.6382083524249257, 'colsample_bytree': 0.7218685828896657} val_mae=0.253683
2025-12-16 02:16:24,950 - INFO - Trial 197: {'reg_lambda': 0.018511376163013005, 'reg_alpha': 7.083559762327305, 'gamma': 5.6296905119716625, 'min_child_weight': 2.014758381555823, 'subsample': 0.6397218302935315, 'colsample_bytree': 0.7238479084571041} val_mae=0.253731
2025-12-16 02:16:44,177 - INFO - Trial 198: {'reg_lambda': 0.02062847371158611, 'reg_alpha': 6.72882751563837, 'gamma': 6.049583686325626, 'min_child_weight': 1.9864500000701792, 'subsample': 0.636812277553602, 'colsample_bytree': 0.7235759384751187} val_mae=0.253649
2025-12-16 02:17:03,151 - INFO - Trial 199: {'reg_lambda': 0.01806086181479255, 'reg_alpha': 7.300887862783408, 'gamma': 6.075543386093506, 'min_child_weight': 1.9254305892137291, 'subsample': 0.637096408407023, 'colsample_bytree': 0.7180209423005801} val_mae=0.254475
2025-12-16 02:17:22,476 - INFO - Trial 200: {'reg_lambda': 0.025685287034711474, 'reg_alpha': 6.754125896163472, 'gamma': 5.583795028799318, 'min_child_weight': 2.1508160393667013, 'subsample': 0.6394202979306095, 'colsample_bytree': 0.7268087439169966} val_mae=0.253818
2025-12-16 02:17:41,370 - INFO - Trial 201: {'reg_lambda': 0.023820579994325176, 'reg_alpha': 7.051624806481101, 'gamma': 5.64545178722519, 'min_child_weight': 2.0768096028677423, 'subsample': 0.6385245885284168, 'colsample_bytree': 0.7344233053996326} val_mae=0.253576
2025-12-16 02:17:59,703 - INFO - Trial 202: {'reg_lambda': 0.020716161856257628, 'reg_alpha': 6.482939239282631, 'gamma': 5.6940907634644855, 'min_child_weight': 2.0840180403032, 'subsample': 0.6400232699822447, 'colsample_bytree': 0.7320854365235342} val_mae=0.253725
2025-12-16 02:18:20,003 - INFO - Trial 203: {'reg_lambda': 0.02369918328062249, 'reg_alpha': 6.8565466426557276, 'gamma': 5.648269356284999, 'min_child_weight': 2.1167006216146307, 'subsample': 0.6389241170555285, 'colsample_bytree': 0.7319001477348497} val_mae=0.253560
2025-12-16 02:18:38,284 - INFO - Trial 204: {'reg_lambda': 0.02391927860497855, 'reg_alpha': 6.67713344741365, 'gamma': 5.924902975693543, 'min_child_weight': 1.7174167013422752, 'subsample': 0.6301142456508964, 'colsample_bytree': 0.7282264088733131} val_mae=0.254148
2025-12-16 02:18:57,492 - INFO - Trial 205: {'reg_lambda': 0.034908819060442096, 'reg_alpha': 6.566767054416145, 'gamma': 5.776639983046593, 'min_child_weight': 1.7620420268352908, 'subsample': 0.6317574780280194, 'colsample_bytree': 0.7327772545458331} val_mae=0.253608
2025-12-16 02:19:16,007 - INFO - Trial 206: {'reg_lambda': 0.04351591613175108, 'reg_alpha': 6.131005939903063, 'gamma': 6.473102737881546, 'min_child_weight': 2.082483644777813, 'subsample': 0.6382962527405939, 'colsample_bytree': 0.7366099725751405} val_mae=0.253498
2025-12-16 02:19:35,407 - INFO - Trial 207: {'reg_lambda': 0.04019555247617559, 'reg_alpha': 6.536091822295351, 'gamma': 6.457607757594981, 'min_child_weight': 1.8670295037965694, 'subsample': 0.6403909984711874, 'colsample_bytree': 0.7393037546857786} val_mae=0.253065
2025-12-16 02:19:53,859 - INFO - Trial 208: {'reg_lambda': 0.036873340276792975, 'reg_alpha': 6.6614428935959005, 'gamma': 6.441103357021413, 'min_child_weight': 1.787186286644363, 'subsample': 0.6366915616297103, 'colsample_bytree': 0.7386904116705466} val_mae=0.253069
2025-12-16 02:20:13,091 - INFO - Trial 209: {'reg_lambda': 0.03871471457178446, 'reg_alpha': 6.244716721704798, 'gamma': 6.4420892559431255, 'min_child_weight': 1.797626119016964, 'subsample': 0.6382051139358923, 'colsample_bytree': 0.7396899454950686} val_mae=0.253136
2025-12-16 02:20:32,528 - INFO - Trial 210: {'reg_lambda': 0.032462969946384285, 'reg_alpha': 6.3783503653298235, 'gamma': 6.662044606658318, 'min_child_weight': 1.5714193104103091, 'subsample': 0.6366490222605444, 'colsample_bytree': 0.7397272406392899} val_mae=0.253602
2025-12-16 02:20:52,506 - INFO - Trial 211: {'reg_lambda': 0.041534267250309675, 'reg_alpha': 6.755810308797293, 'gamma': 6.483681174390295, 'min_child_weight': 1.515964960566568, 'subsample': 0.6376881496333013, 'colsample_bytree': 0.738888852589614} val_mae=0.253523
2025-12-16 02:21:11,616 - INFO - Trial 212: {'reg_lambda': 0.04242628227774029, 'reg_alpha': 5.98213707535387, 'gamma': 6.549876400452366, 'min_child_weight': 1.5781043751994603, 'subsample': 0.6373546766898848, 'colsample_bytree': 0.7382109818067006} val_mae=0.253758
2025-12-16 02:21:30,914 - INFO - Trial 213: {'reg_lambda': 0.0408826905367314, 'reg_alpha': 6.047906606661973, 'gamma': 6.514793486566845, 'min_child_weight': 1.516488215574549, 'subsample': 0.6389547629459882, 'colsample_bytree': 0.7378662284798422} val_mae=0.253318
2025-12-16 02:21:49,859 - INFO - Trial 214: {'reg_lambda': 0.039633069236815976, 'reg_alpha': 6.78959779655278, 'gamma': 6.658467556942488, 'min_child_weight': 1.5330892785883907, 'subsample': 0.6364798954666397, 'colsample_bytree': 0.7419310383989944} val_mae=0.253819
2025-12-16 02:22:08,325 - INFO - Trial 215: {'reg_lambda': 0.03420117278661706, 'reg_alpha': 6.324280503853746, 'gamma': 6.57488848769641, 'min_child_weight': 1.8189632586470588, 'subsample': 0.6220325302770807, 'colsample_bytree': 0.7355914596376705} val_mae=0.253792
2025-12-16 02:22:27,809 - INFO - Trial 216: {'reg_lambda': 0.04130538498430689, 'reg_alpha': 6.324965350704693, 'gamma': 6.640336919840751, 'min_child_weight': 1.8059751274115257, 'subsample': 0.6220055783995513, 'colsample_bytree': 0.7354599604726867} val_mae=0.253451
2025-12-16 02:23:02,345 - INFO - Trial 217: {'reg_lambda': 0.05005923395121001, 'reg_alpha': 3.555112979419885, 'gamma': 6.353935520578914, 'min_child_weight': 1.6293614711704743, 'subsample': 0.6291316358753914, 'colsample_bytree': 0.7512019091209419} val_mae=0.253519
2025-12-16 02:23:43,592 - INFO - Trial 218: {'reg_lambda': 0.04898231864412782, 'reg_alpha': 3.6933394470770367, 'gamma': 6.3575929986594195, 'min_child_weight': 1.579790932307742, 'subsample': 0.6305829898190801, 'colsample_bytree': 0.7490459501289068} val_mae=0.253944
2025-12-16 02:24:25,037 - INFO - Trial 219: {'reg_lambda': 0.042551629538053685, 'reg_alpha': 6.055591124562361, 'gamma': 7.161194906437299, 'min_child_weight': 1.30945595352947, 'subsample': 0.6277606943701378, 'colsample_bytree': 0.7212835108939141} val_mae=0.254045
2025-12-16 02:24:45,164 - INFO - Trial 220: {'reg_lambda': 0.07306276932251483, 'reg_alpha': 3.347783593386676, 'gamma': 6.349012361765613, 'min_child_weight': 1.828944329719705, 'subsample': 0.6377587210187649, 'colsample_bytree': 0.7543424693636741} val_mae=0.253956
2025-12-16 02:25:09,804 - INFO - Trial 221: {'reg_lambda': 0.01972518163374794, 'reg_alpha': 6.11967176688485, 'gamma': 6.900874779953217, 'min_child_weight': 1.6341352940027105, 'subsample': 0.6207011161442897, 'colsample_bytree': 0.7364312221457671} val_mae=0.253156
2025-12-16 02:25:33,872 - INFO - Trial 222: {'reg_lambda': 0.02079119537421482, 'reg_alpha': 6.093209352643328, 'gamma': 6.654669185120664, 'min_child_weight': 1.973206515428314, 'subsample': 0.6235519667565123, 'colsample_bytree': 0.7353195885205237} val_mae=0.253812
2025-12-16 02:25:55,458 - INFO - Trial 223: {'reg_lambda': 0.03145863159211134, 'reg_alpha': 5.837365085347379, 'gamma': 7.482361455195541, 'min_child_weight': 1.6765208704225256, 'subsample': 0.6165243215082715, 'colsample_bytree': 0.7344876218898327} val_mae=0.253680
2025-12-16 02:26:15,379 - INFO - Trial 224: {'reg_lambda': 0.03265831520646158, 'reg_alpha': 3.3601014674594363, 'gamma': 8.15950914318077, 'min_child_weight': 1.7374281948823849, 'subsample': 0.6144972216100588, 'colsample_bytree': 0.765653114039125} val_mae=0.253662
2025-12-16 02:26:35,751 - INFO - Trial 225: {'reg_lambda': 0.030213758008889934, 'reg_alpha': 3.6279824774058693, 'gamma': 8.074410100848482, 'min_child_weight': 1.7274477014888774, 'subsample': 0.616668792812839, 'colsample_bytree': 0.7677297487308486} val_mae=0.254100
2025-12-16 02:26:58,319 - INFO - Trial 226: {'reg_lambda': 0.06408327898197617, 'reg_alpha': 3.4554567349808276, 'gamma': 7.000485888326234, 'min_child_weight': 1.9601409168979174, 'subsample': 0.60451578866231, 'colsample_bytree': 0.7305178561288544} val_mae=0.254314
2025-12-16 02:27:20,770 - INFO - Trial 227: {'reg_lambda': 0.03353588263661263, 'reg_alpha': 5.617614310301257, 'gamma': 5.819568410655078, 'min_child_weight': 1.4187448073967435, 'subsample': 0.6204237129011273, 'colsample_bytree': 0.7444490686602028} val_mae=0.254091
2025-12-16 02:27:41,238 - INFO - Trial 228: {'reg_lambda': 0.02239122320826189, 'reg_alpha': 9.062623863469743e-06, 'gamma': 7.527196910552851, 'min_child_weight': 1.8319337593308205, 'subsample': 0.6315390677042578, 'colsample_bytree': 0.7260316244239504} val_mae=0.252901
2025-12-16 02:27:59,837 - INFO - Trial 229: {'reg_lambda': 0.024374120001974583, 'reg_alpha': 1.0242239431263439e-05, 'gamma': 7.7430677664541765, 'min_child_weight': 1.6600839597318187, 'subsample': 0.6282801248915793, 'colsample_bytree': 0.7674220330938135} val_mae=0.254143
2025-12-16 02:28:22,772 - INFO - Trial 230: {'reg_lambda': 0.050902178236026364, 'reg_alpha': 3.700668793106858e-05, 'gamma': 6.819206939870183, 'min_child_weight': 1.8272053585823862, 'subsample': 0.6098636424733892, 'colsample_bytree': 0.7515755449521516} val_mae=0.253161
2025-12-16 02:28:45,288 - INFO - Trial 231: {'reg_lambda': 0.054257956096107986, 'reg_alpha': 4.4343429478190666e-06, 'gamma': 6.905856385928351, 'min_child_weight': 1.8765021138536797, 'subsample': 0.6121747086623553, 'colsample_bytree': 0.7501451361079222} val_mae=0.253380
2025-12-16 02:29:08,765 - INFO - Trial 232: {'reg_lambda': 0.05074673937811928, 'reg_alpha': 3.906338946747518e-06, 'gamma': 6.772882061068968, 'min_child_weight': 1.8369330358828722, 'subsample': 0.6105565253325436, 'colsample_bytree': 0.7540156727824349} val_mae=0.253856
2025-12-16 02:29:33,566 - INFO - Trial 233: {'reg_lambda': 0.03494914015937459, 'reg_alpha': 6.873762009809614e-06, 'gamma': 6.9149854506057356, 'min_child_weight': 1.8055673853845757, 'subsample': 0.6124546053576403, 'colsample_bytree': 0.7436820602009425} val_mae=0.253319
2025-12-16 02:29:59,152 - INFO - Trial 234: {'reg_lambda': 0.0345401558189671, 'reg_alpha': 4.300898828515304e-06, 'gamma': 6.92888055516902, 'min_child_weight': 1.6502324967442434, 'subsample': 0.6108368070996743, 'colsample_bytree': 0.7453195601766509} val_mae=0.253755
2025-12-16 02:30:27,948 - INFO - Trial 235: {'reg_lambda': 0.028405382065352498, 'reg_alpha': 1.3441293585050443e-05, 'gamma': 7.375167790452135, 'min_child_weight': 1.7973188693296975, 'subsample': 0.601397325573174, 'colsample_bytree': 0.7399544837721409} val_mae=0.253446
2025-12-16 02:30:53,963 - INFO - Trial 236: {'reg_lambda': 0.05868550005591158, 'reg_alpha': 4.732660068951592e-05, 'gamma': 6.206989114191174, 'min_child_weight': 1.854147540099468, 'subsample': 0.60591547729538, 'colsample_bytree': 0.751058337407358} val_mae=0.254271
2025-12-16 02:31:19,775 - INFO - Trial 237: {'reg_lambda': 0.03968585999343023, 'reg_alpha': 9.570167630745967e-06, 'gamma': 7.331233368978501, 'min_child_weight': 1.4804294904810273, 'subsample': 0.6293625453548307, 'colsample_bytree': 0.7418571567234552} val_mae=0.253427
2025-12-16 02:31:44,423 - INFO - Trial 238: {'reg_lambda': 0.09837731733041721, 'reg_alpha': 1.1227751892039403e-05, 'gamma': 7.362123495123838, 'min_child_weight': 1.4476169666794412, 'subsample': 0.6283329212317855, 'colsample_bytree': 0.7398497789843523} val_mae=0.254071
2025-12-16 02:32:05,928 - INFO - Trial 239: {'reg_lambda': 0.04174926292860128, 'reg_alpha': 7.344139472839004e-06, 'gamma': 6.428545588533659, 'min_child_weight': 1.2228131472457207, 'subsample': 0.6021789759717211, 'colsample_bytree': 0.7142501025628245} val_mae=0.254189
2025-12-16 02:32:32,626 - INFO - Trial 240: {'reg_lambda': 0.025767150671532357, 'reg_alpha': 1.7877405596001983e-05, 'gamma': 6.795707166385492, 'min_child_weight': 1.5202379512141049, 'subsample': 0.6315808158748761, 'colsample_bytree': 0.7450357333504161} val_mae=0.254016
2025-12-16 02:32:32,652 - INFO - Best trial params: {'reg_lambda': 0.02239122320826189, 'reg_alpha': 9.062623863469743e-06, 'gamma': 7.527196910552851, 'min_child_weight': 1.8319337593308205, 'subsample': 0.6315390677042578, 'colsample_bytree': 0.7260316244239504, 'learning_rate': 0.013534730668818953, 'n_estimators': 1181, 'max_depth': 3, 'val_mae': 0.25290074944496155}
2025-12-16 02:32:32,653 - INFO - Saved best Stage D parameters to /home/haris/Documents/ProjectBzarre/modeling_pipeline/optuna_studies/stageD_regularization/best_regularization.json
2025-12-16 02:32:32,653 - INFO - === Stage D Optimization Complete ===
