2025-12-14 01:15:54,070 - INFO - === Stage B Iteration Optimization Started ===
2025-12-14 01:19:31,657 - INFO - === Stage B Iteration Optimization Started ===
2025-12-14 01:20:49,343 - INFO - === Stage B Iteration Optimization Started ===
2025-12-14 01:24:31,009 - INFO - === Stage B Iteration Optimization Started ===
2025-12-14 01:24:41,808 - INFO - Trial 3: n_estimators=843 max_depth=4 min_child_weight=9.871 early_stop=172 val_mae=0.395146
2025-12-14 01:25:33,284 - INFO - Trial 4: n_estimators=1761 max_depth=7 min_child_weight=1.205 early_stop=145 val_mae=0.395643
2025-12-14 01:25:48,162 - INFO - Trial 5: n_estimators=1124 max_depth=5 min_child_weight=3.745 early_stop=71 val_mae=0.395241
2025-12-14 01:25:57,412 - INFO - Trial 6: n_estimators=634 max_depth=4 min_child_weight=1.044 early_stop=89 val_mae=0.396232
2025-12-14 01:26:09,890 - INFO - Trial 7: n_estimators=1106 max_depth=4 min_child_weight=4.631 early_stop=74 val_mae=0.394092
2025-12-14 01:27:05,608 - INFO - Trial 8: n_estimators=2370 max_depth=7 min_child_weight=1.307 early_stop=39 val_mae=0.396662
2025-12-14 01:27:19,173 - INFO - Trial 9: n_estimators=1112 max_depth=5 min_child_weight=7.186 early_stop=100 val_mae=0.396285
2025-12-14 01:27:23,456 - INFO - Trial 10: n_estimators=507 max_depth=4 min_child_weight=1.811 early_stop=172 val_mae=0.398372
2025-12-14 01:27:59,738 - INFO - Trial 11: n_estimators=1584 max_depth=7 min_child_weight=2.007 early_stop=148 val_mae=0.395540
2025-12-14 01:28:06,964 - INFO - Trial 12: n_estimators=393 max_depth=6 min_child_weight=7.219 early_stop=63 val_mae=0.396397
2025-12-14 01:28:29,506 - INFO - Trial 13: n_estimators=2001 max_depth=5 min_child_weight=3.526 early_stop=24 val_mae=0.398169
2025-12-14 01:28:38,097 - INFO - Trial 14: n_estimators=990 max_depth=4 min_child_weight=9.639 early_stop=197 val_mae=0.395136
2025-12-14 01:28:51,117 - INFO - Trial 15: n_estimators=1195 max_depth=4 min_child_weight=5.076 early_stop=128 val_mae=0.394123
2025-12-14 01:29:11,075 - INFO - Trial 16: n_estimators=1332 max_depth=6 min_child_weight=4.967 early_stop=123 val_mae=0.396929
2025-12-14 01:29:26,900 - INFO - Trial 17: n_estimators=1384 max_depth=5 min_child_weight=5.179 early_stop=114 val_mae=0.396500
2025-12-14 01:29:34,033 - INFO - Trial 18: n_estimators=809 max_depth=4 min_child_weight=2.876 early_stop=65 val_mae=0.395016
2025-12-14 01:29:49,694 - INFO - Trial 19: n_estimators=1864 max_depth=4 min_child_weight=4.858 early_stop=139 val_mae=0.397125
2025-12-14 01:30:09,342 - INFO - Trial 20: n_estimators=1303 max_depth=6 min_child_weight=2.641 early_stop=85 val_mae=0.395088
2025-12-14 01:30:59,616 - INFO - Trial 21: n_estimators=2243 max_depth=5 min_child_weight=6.239 early_stop=125 val_mae=0.399327
2025-12-14 01:31:20,947 - INFO - Trial 22: n_estimators=1568 max_depth=4 min_child_weight=4.318 early_stop=43 val_mae=0.394872
2025-12-14 01:31:35,891 - INFO - Trial 23: n_estimators=719 max_depth=5 min_child_weight=2.296 early_stop=89 val_mae=0.393472
2025-12-14 01:31:46,781 - INFO - Trial 24: n_estimators=674 max_depth=5 min_child_weight=2.250 early_stop=98 val_mae=0.393992
2025-12-14 01:31:59,700 - INFO - Trial 25: n_estimators=695 max_depth=5 min_child_weight=2.330 early_stop=90 val_mae=0.393649
2025-12-14 01:32:09,057 - INFO - Trial 26: n_estimators=646 max_depth=5 min_child_weight=2.196 early_stop=102 val_mae=0.394277
2025-12-14 01:32:23,138 - INFO - Trial 27: n_estimators=358 max_depth=6 min_child_weight=1.578 early_stop=92 val_mae=0.396976
2025-12-14 01:32:46,770 - INFO - Trial 28: n_estimators=826 max_depth=5 min_child_weight=2.464 early_stop=107 val_mae=0.393366
2025-12-14 01:33:04,419 - INFO - Trial 29: n_estimators=881 max_depth=5 min_child_weight=2.566 early_stop=113 val_mae=0.393378
2025-12-14 01:33:26,051 - INFO - Trial 30: n_estimators=917 max_depth=6 min_child_weight=3.227 early_stop=113 val_mae=0.394205
2025-12-14 01:33:36,516 - INFO - Trial 31: n_estimators=505 max_depth=5 min_child_weight=2.577 early_stop=159 val_mae=0.395892
2025-12-14 01:33:55,355 - INFO - Trial 32: n_estimators=847 max_depth=6 min_child_weight=1.652 early_stop=48 val_mae=0.394261
2025-12-14 01:34:09,652 - INFO - Trial 33: n_estimators=1006 max_depth=5 min_child_weight=2.914 early_stop=79 val_mae=0.393820
2025-12-14 01:34:24,698 - INFO - Trial 34: n_estimators=796 max_depth=5 min_child_weight=2.480 early_stop=116 val_mae=0.393329
2025-12-14 01:34:39,452 - INFO - Trial 35: n_estimators=784 max_depth=5 min_child_weight=1.908 early_stop=108 val_mae=0.394330
2025-12-14 01:34:57,927 - INFO - Trial 36: n_estimators=520 max_depth=5 min_child_weight=3.758 early_stop=138 val_mae=0.395873
2025-12-14 01:35:13,812 - INFO - Trial 37: n_estimators=930 max_depth=5 min_child_weight=2.519 early_stop=122 val_mae=0.393399
2025-12-14 01:35:29,673 - INFO - Trial 38: n_estimators=962 max_depth=5 min_child_weight=1.427 early_stop=155 val_mae=0.394238
2025-12-14 01:35:52,778 - INFO - Trial 39: n_estimators=1258 max_depth=6 min_child_weight=3.305 early_stop=131 val_mae=0.395701
2025-12-14 01:36:07,022 - INFO - Trial 40: n_estimators=1080 max_depth=5 min_child_weight=2.637 early_stop=114 val_mae=0.394157
2025-12-14 01:36:32,286 - INFO - Trial 41: n_estimators=1494 max_depth=5 min_child_weight=4.108 early_stop=119 val_mae=0.398478
2025-12-14 01:36:40,297 - INFO - Trial 42: n_estimators=533 max_depth=5 min_child_weight=1.046 early_stop=104 val_mae=0.396091
2025-12-14 01:36:53,667 - INFO - Trial 43: n_estimators=850 max_depth=4 min_child_weight=2.047 early_stop=168 val_mae=0.394866
2025-12-14 01:37:04,463 - INFO - Trial 44: n_estimators=725 max_depth=5 min_child_weight=2.356 early_stop=135 val_mae=0.393422
2025-12-14 01:37:10,339 - INFO - Trial 45: n_estimators=306 max_depth=5 min_child_weight=2.945 early_stop=136 val_mae=0.400890
2025-12-14 01:37:27,829 - INFO - Trial 46: n_estimators=1099 max_depth=5 min_child_weight=1.743 early_stop=146 val_mae=0.394456
2025-12-14 01:37:37,517 - INFO - Trial 47: n_estimators=582 max_depth=5 min_child_weight=2.532 early_stop=120 val_mae=0.394899
2025-12-14 01:37:51,497 - INFO - Trial 48: n_estimators=924 max_depth=5 min_child_weight=2.021 early_stop=130 val_mae=0.393446
2025-12-14 01:38:07,133 - INFO - Trial 49: n_estimators=438 max_depth=7 min_child_weight=2.464 early_stop=153 val_mae=0.394788
2025-12-14 01:39:00,088 - INFO - Trial 50: n_estimators=757 max_depth=6 min_child_weight=3.635 early_stop=185 val_mae=0.393939
2025-12-14 01:39:16,014 - INFO - Trial 51: n_estimators=1218 max_depth=4 min_child_weight=1.522 early_stop=99 val_mae=0.394297
2025-12-14 01:39:42,031 - INFO - Trial 52: n_estimators=1039 max_depth=5 min_child_weight=2.991 early_stop=141 val_mae=0.393999
2025-12-14 01:40:34,500 - INFO - Trial 53: n_estimators=1169 max_depth=4 min_child_weight=2.104 early_stop=109 val_mae=0.394348
2025-12-14 01:40:53,324 - INFO - Trial 54: n_estimators=875 max_depth=5 min_child_weight=1.857 early_stop=130 val_mae=0.394248
2025-12-14 01:41:11,984 - INFO - Trial 55: n_estimators=936 max_depth=5 min_child_weight=2.756 early_stop=130 val_mae=0.393422
2025-12-14 01:41:26,834 - INFO - Trial 56: n_estimators=627 max_depth=5 min_child_weight=2.853 early_stop=118 val_mae=0.394520
2025-12-14 01:41:44,029 - INFO - Trial 57: n_estimators=772 max_depth=5 min_child_weight=3.220 early_stop=121 val_mae=0.393900
2025-12-14 01:42:08,710 - INFO - Trial 58: n_estimators=974 max_depth=5 min_child_weight=2.388 early_stop=134 val_mae=0.393518
2025-12-14 01:42:24,509 - INFO - Trial 59: n_estimators=724 max_depth=5 min_child_weight=2.682 early_stop=147 val_mae=0.393422
2025-12-14 01:42:47,936 - INFO - Trial 60: n_estimators=1147 max_depth=5 min_child_weight=3.479 early_stop=125 val_mae=0.395400
2025-12-14 01:43:11,080 - INFO - Trial 61: n_estimators=883 max_depth=6 min_child_weight=2.174 early_stop=94 val_mae=0.394210
2025-12-14 01:43:20,932 - INFO - Trial 62: n_estimators=600 max_depth=4 min_child_weight=3.985 early_stop=109 val_mae=0.396690
2025-12-14 01:43:20,955 - INFO - Best trial params: {'n_estimators': 796, 'max_depth': 5, 'min_child_weight': 2.479860863598894, 'early_stopping_rounds': 116, 'learning_rate': 0.009848731703179103, 'val_mae': 0.39332929253578186}
2025-12-14 01:43:20,955 - INFO - Saved best Stage B parameters to /home/haris/Documents/ProjectBzarre/modeling_pipeline/optuna_studies/stageB_iterations/best_iters.json
2025-12-14 01:43:20,957 - INFO - === Stage B Optimization Complete ===
2025-12-14 17:36:50,306 - INFO - === Stage B Iteration Optimization Started ===
2025-12-14 17:37:01,342 - INFO - Trial 63: n_estimators=1037 max_depth=5 min_child_weight=2.779 early_stop=81 val_mae=0.392797
2025-12-14 17:37:11,946 - INFO - Trial 64: n_estimators=1030 max_depth=5 min_child_weight=2.782 early_stop=71 val_mae=0.392814
2025-12-14 17:37:22,087 - INFO - Trial 65: n_estimators=1079 max_depth=5 min_child_weight=2.340 early_stop=60 val_mae=0.392937
2025-12-14 17:37:34,934 - INFO - Trial 66: n_estimators=1363 max_depth=5 min_child_weight=3.045 early_stop=52 val_mae=0.393615
2025-12-14 17:37:44,738 - INFO - Trial 67: n_estimators=1039 max_depth=5 min_child_weight=2.451 early_stop=68 val_mae=0.392778
2025-12-14 17:37:55,658 - INFO - Trial 68: n_estimators=1041 max_depth=5 min_child_weight=3.396 early_stop=67 val_mae=0.393103
2025-12-14 17:38:05,779 - INFO - Trial 69: n_estimators=1041 max_depth=5 min_child_weight=3.294 early_stop=65 val_mae=0.393103
2025-12-14 17:38:16,218 - INFO - Trial 70: n_estimators=1059 max_depth=5 min_child_weight=3.474 early_stop=63 val_mae=0.393094
2025-12-14 17:38:34,352 - INFO - Trial 71: n_estimators=1451 max_depth=6 min_child_weight=4.632 early_stop=64 val_mae=0.395589
2025-12-14 17:38:46,940 - INFO - Trial 72: n_estimators=1270 max_depth=5 min_child_weight=5.618 early_stop=57 val_mae=0.393764
2025-12-14 17:38:57,804 - INFO - Trial 73: n_estimators=1041 max_depth=5 min_child_weight=3.417 early_stop=73 val_mae=0.393103
2025-12-14 17:39:07,833 - INFO - Trial 74: n_estimators=1037 max_depth=5 min_child_weight=3.392 early_stop=71 val_mae=0.393082
2025-12-14 17:39:18,842 - INFO - Trial 75: n_estimators=1091 max_depth=5 min_child_weight=3.674 early_stop=33 val_mae=0.393113
2025-12-14 17:39:29,708 - INFO - Trial 76: n_estimators=1193 max_depth=5 min_child_weight=3.902 early_stop=83 val_mae=0.393419
2025-12-14 17:39:39,828 - INFO - Trial 77: n_estimators=1015 max_depth=5 min_child_weight=3.133 early_stop=69 val_mae=0.393194
2025-12-14 17:39:50,293 - INFO - Trial 78: n_estimators=1120 max_depth=5 min_child_weight=3.322 early_stop=78 val_mae=0.393165
2025-12-14 17:40:02,762 - INFO - Trial 79: n_estimators=1276 max_depth=5 min_child_weight=4.382 early_stop=59 val_mae=0.394019
2025-12-14 17:40:18,344 - INFO - Trial 80: n_estimators=1710 max_depth=5 min_child_weight=2.747 early_stop=69 val_mae=0.393921
2025-12-14 17:40:26,008 - INFO - Trial 81: n_estimators=1024 max_depth=4 min_child_weight=9.245 early_stop=38 val_mae=0.395601
2025-12-14 17:40:38,428 - INFO - Trial 82: n_estimators=1331 max_depth=5 min_child_weight=4.238 early_stop=50 val_mae=0.393983
2025-12-14 17:40:51,602 - INFO - Trial 83: n_estimators=1223 max_depth=5 min_child_weight=3.074 early_stop=57 val_mae=0.393497
2025-12-14 17:41:07,074 - INFO - Trial 84: n_estimators=1047 max_depth=5 min_child_weight=3.452 early_stop=75 val_mae=0.393040
2025-12-14 17:41:32,575 - INFO - Trial 85: n_estimators=1062 max_depth=5 min_child_weight=3.411 early_stop=75 val_mae=0.393179
2025-12-14 17:42:04,141 - INFO - Trial 86: n_estimators=1159 max_depth=5 min_child_weight=3.851 early_stop=84 val_mae=0.393299
2025-12-14 17:42:13,094 - INFO - Trial 87: n_estimators=968 max_depth=5 min_child_weight=3.574 early_stop=62 val_mae=0.393476
2025-12-14 17:42:24,777 - INFO - Trial 88: n_estimators=1419 max_depth=5 min_child_weight=2.866 early_stop=70 val_mae=0.393173
2025-12-14 17:42:41,908 - INFO - Trial 89: n_estimators=2124 max_depth=5 min_child_weight=3.187 early_stop=46 val_mae=0.395739
2025-12-14 17:42:51,361 - INFO - Trial 90: n_estimators=1094 max_depth=5 min_child_weight=2.232 early_stop=54 val_mae=0.392886
2025-12-14 17:43:01,422 - INFO - Trial 91: n_estimators=1104 max_depth=5 min_child_weight=1.940 early_stop=54 val_mae=0.393421
2025-12-14 17:43:10,016 - INFO - Trial 92: n_estimators=982 max_depth=5 min_child_weight=2.348 early_stop=79 val_mae=0.392885
2025-12-14 17:43:18,920 - INFO - Trial 93: n_estimators=913 max_depth=5 min_child_weight=2.318 early_stop=79 val_mae=0.393167
2025-12-14 17:43:28,098 - INFO - Trial 94: n_estimators=986 max_depth=5 min_child_weight=2.190 early_stop=87 val_mae=0.392884
2025-12-14 17:43:36,763 - INFO - Trial 95: n_estimators=978 max_depth=5 min_child_weight=2.202 early_stop=86 val_mae=0.392889
2025-12-14 17:43:45,272 - INFO - Trial 96: n_estimators=978 max_depth=5 min_child_weight=2.170 early_stop=90 val_mae=0.392889
2025-12-14 17:43:52,604 - INFO - Trial 97: n_estimators=815 max_depth=5 min_child_weight=2.199 early_stop=89 val_mae=0.393723
2025-12-14 17:44:01,961 - INFO - Trial 98: n_estimators=981 max_depth=5 min_child_weight=1.777 early_stop=93 val_mae=0.393416
2025-12-14 17:44:21,488 - INFO - Trial 99: n_estimators=2457 max_depth=5 min_child_weight=1.978 early_stop=85 val_mae=0.395811
2025-12-14 17:44:29,320 - INFO - Trial 100: n_estimators=865 max_depth=5 min_child_weight=2.126 early_stop=79 val_mae=0.393257
2025-12-14 17:44:40,941 - INFO - Trial 101: n_estimators=1156 max_depth=5 min_child_weight=1.671 early_stop=96 val_mae=0.393544
2025-12-14 17:44:49,554 - INFO - Trial 102: n_estimators=944 max_depth=5 min_child_weight=2.423 early_stop=75 val_mae=0.393010
2025-12-14 17:45:01,965 - INFO - Trial 103: n_estimators=928 max_depth=6 min_child_weight=2.393 early_stop=88 val_mae=0.393922
2025-12-14 17:45:10,602 - INFO - Trial 104: n_estimators=985 max_depth=5 min_child_weight=2.237 early_stop=75 val_mae=0.392901
2025-12-14 17:45:19,220 - INFO - Trial 105: n_estimators=986 max_depth=5 min_child_weight=2.261 early_stop=80 val_mae=0.392884
2025-12-14 17:45:30,546 - INFO - Trial 106: n_estimators=1226 max_depth=5 min_child_weight=2.284 early_stop=81 val_mae=0.393192
2025-12-14 17:45:39,583 - INFO - Trial 107: n_estimators=986 max_depth=5 min_child_weight=1.853 early_stop=61 val_mae=0.393433
2025-12-14 17:45:48,036 - INFO - Trial 108: n_estimators=889 max_depth=5 min_child_weight=2.062 early_stop=101 val_mae=0.393181
2025-12-14 17:45:55,843 - INFO - Trial 109: n_estimators=841 max_depth=5 min_child_weight=2.222 early_stop=87 val_mae=0.393486
2025-12-14 17:46:06,283 - INFO - Trial 110: n_estimators=1112 max_depth=5 min_child_weight=2.615 early_stop=82 val_mae=0.392830
2025-12-14 17:46:16,477 - INFO - Trial 111: n_estimators=1114 max_depth=5 min_child_weight=2.577 early_stop=104 val_mae=0.392836
2025-12-14 17:46:26,449 - INFO - Trial 112: n_estimators=1138 max_depth=5 min_child_weight=2.602 early_stop=105 val_mae=0.392927
2025-12-14 17:46:38,198 - INFO - Trial 113: n_estimators=1187 max_depth=5 min_child_weight=2.525 early_stop=97 val_mae=0.393139
2025-12-14 17:47:06,767 - INFO - Trial 114: n_estimators=1008 max_depth=7 min_child_weight=2.672 early_stop=91 val_mae=0.393536
2025-12-14 17:47:19,127 - INFO - Trial 115: n_estimators=966 max_depth=5 min_child_weight=2.144 early_stop=83 val_mae=0.393039
2025-12-14 17:47:30,267 - INFO - Trial 116: n_estimators=1110 max_depth=5 min_child_weight=2.250 early_stop=77 val_mae=0.392835
2025-12-14 17:47:40,814 - INFO - Trial 117: n_estimators=1118 max_depth=5 min_child_weight=2.780 early_stop=86 val_mae=0.392906
2025-12-14 17:47:50,828 - INFO - Trial 118: n_estimators=1093 max_depth=5 min_child_weight=2.485 early_stop=78 val_mae=0.392880
2025-12-14 17:48:03,175 - INFO - Trial 119: n_estimators=1296 max_depth=5 min_child_weight=2.488 early_stop=67 val_mae=0.393141
2025-12-14 17:48:13,919 - INFO - Trial 120: n_estimators=1242 max_depth=5 min_child_weight=2.018 early_stop=80 val_mae=0.393165
2025-12-14 17:48:23,853 - INFO - Trial 121: n_estimators=1087 max_depth=5 min_child_weight=2.586 early_stop=72 val_mae=0.392873
2025-12-14 17:48:33,774 - INFO - Trial 122: n_estimators=1092 max_depth=5 min_child_weight=2.878 early_stop=71 val_mae=0.392886
2025-12-14 17:48:33,795 - INFO - Best trial params: {'n_estimators': 1039, 'max_depth': 5, 'min_child_weight': 2.450767411439278, 'early_stopping_rounds': 68, 'learning_rate': 0.0075852754663137305, 'val_mae': 0.39277803897857666}
2025-12-14 17:48:33,795 - INFO - Saved best Stage B parameters to /home/haris/Documents/ProjectBzarre/modeling_pipeline/optuna_studies/stageB_iterations/best_iters.json
2025-12-14 17:48:33,796 - INFO - === Stage B Optimization Complete ===
2025-12-16 01:05:42,051 - INFO - === Stage B Iteration Optimization Started ===
2025-12-16 01:06:29,008 - INFO - Trial 123: n_estimators=1181 max_depth=5 min_child_weight=2.810 early_stop=72 val_mae=0.256028
2025-12-16 01:07:02,723 - INFO - Trial 124: n_estimators=1191 max_depth=5 min_child_weight=2.873 early_stop=73 val_mae=0.256047
2025-12-16 01:07:32,006 - INFO - Trial 125: n_estimators=1184 max_depth=5 min_child_weight=2.616 early_stop=76 val_mae=0.256047
2025-12-16 01:08:02,157 - INFO - Trial 126: n_estimators=1205 max_depth=5 min_child_weight=2.637 early_stop=72 val_mae=0.256051
2025-12-16 01:08:47,722 - INFO - Trial 127: n_estimators=1347 max_depth=5 min_child_weight=2.699 early_stop=72 val_mae=0.256297
2025-12-16 01:09:20,735 - INFO - Trial 128: n_estimators=1309 max_depth=5 min_child_weight=2.698 early_stop=66 val_mae=0.256247
2025-12-16 01:09:55,951 - INFO - Trial 129: n_estimators=1357 max_depth=5 min_child_weight=2.975 early_stop=66 val_mae=0.256318
2025-12-16 01:10:32,862 - INFO - Trial 130: n_estimators=1388 max_depth=5 min_child_weight=2.968 early_stop=68 val_mae=0.256385
2025-12-16 01:11:22,559 - INFO - Trial 131: n_estimators=1493 max_depth=5 min_child_weight=2.967 early_stop=67 val_mae=0.256905
2025-12-16 01:12:07,593 - INFO - Trial 132: n_estimators=1553 max_depth=5 min_child_weight=2.935 early_stop=66 val_mae=0.256968
2025-12-16 01:13:18,210 - INFO - Trial 133: n_estimators=1555 max_depth=5 min_child_weight=2.999 early_stop=67 val_mae=0.256972
2025-12-16 01:14:30,503 - INFO - Trial 134: n_estimators=1508 max_depth=5 min_child_weight=3.012 early_stop=65 val_mae=0.257236
2025-12-16 01:16:01,131 - INFO - Trial 135: n_estimators=1576 max_depth=5 min_child_weight=3.003 early_stop=57 val_mae=0.257358
2025-12-16 01:17:24,740 - INFO - Trial 136: n_estimators=1611 max_depth=5 min_child_weight=3.087 early_stop=65 val_mae=0.257329
2025-12-16 01:18:36,171 - INFO - Trial 137: n_estimators=1560 max_depth=5 min_child_weight=3.062 early_stop=57 val_mae=0.257366
2025-12-16 01:20:18,196 - INFO - Trial 138: n_estimators=1727 max_depth=5 min_child_weight=2.976 early_stop=65 val_mae=0.256931
2025-12-16 01:21:25,620 - INFO - Trial 139: n_estimators=1665 max_depth=5 min_child_weight=2.928 early_stop=65 val_mae=0.257052
2025-12-16 01:22:02,581 - INFO - Trial 140: n_estimators=1700 max_depth=5 min_child_weight=2.921 early_stop=65 val_mae=0.256879
2025-12-16 01:22:42,338 - INFO - Trial 141: n_estimators=1800 max_depth=5 min_child_weight=2.844 early_stop=63 val_mae=0.257086
2025-12-16 01:23:19,286 - INFO - Trial 142: n_estimators=1659 max_depth=5 min_child_weight=3.207 early_stop=67 val_mae=0.257466
2025-12-16 01:23:49,512 - INFO - Trial 143: n_estimators=1379 max_depth=5 min_child_weight=2.962 early_stop=60 val_mae=0.256346
2025-12-16 01:24:21,786 - INFO - Trial 144: n_estimators=1424 max_depth=5 min_child_weight=2.926 early_stop=61 val_mae=0.256569
2025-12-16 01:24:53,930 - INFO - Trial 145: n_estimators=1375 max_depth=5 min_child_weight=2.721 early_stop=60 val_mae=0.256319
2025-12-16 01:25:26,970 - INFO - Trial 146: n_estimators=1389 max_depth=5 min_child_weight=2.681 early_stop=61 val_mae=0.256386
2025-12-16 01:25:57,127 - INFO - Trial 147: n_estimators=1367 max_depth=5 min_child_weight=2.715 early_stop=45 val_mae=0.256312
2025-12-16 01:26:28,078 - INFO - Trial 148: n_estimators=1371 max_depth=5 min_child_weight=2.701 early_stop=47 val_mae=0.256304
2025-12-16 01:26:58,854 - INFO - Trial 149: n_estimators=1374 max_depth=5 min_child_weight=2.717 early_stop=41 val_mae=0.256322
2025-12-16 01:27:30,281 - INFO - Trial 150: n_estimators=1376 max_depth=5 min_child_weight=2.658 early_stop=41 val_mae=0.256337
2025-12-16 01:27:59,780 - INFO - Trial 151: n_estimators=1360 max_depth=5 min_child_weight=2.732 early_stop=40 val_mae=0.256319
2025-12-16 01:28:30,802 - INFO - Trial 152: n_estimators=1345 max_depth=5 min_child_weight=2.760 early_stop=26 val_mae=0.256295
2025-12-16 01:29:04,136 - INFO - Trial 153: n_estimators=1339 max_depth=5 min_child_weight=2.746 early_stop=23 val_mae=0.256290
2025-12-16 01:29:34,581 - INFO - Trial 154: n_estimators=1336 max_depth=5 min_child_weight=2.706 early_stop=27 val_mae=0.256296
2025-12-16 01:30:04,176 - INFO - Trial 155: n_estimators=1339 max_depth=5 min_child_weight=2.730 early_stop=22 val_mae=0.256290
2025-12-16 01:30:35,146 - INFO - Trial 156: n_estimators=1331 max_depth=5 min_child_weight=2.771 early_stop=20 val_mae=0.256322
2025-12-16 01:31:04,886 - INFO - Trial 157: n_estimators=1334 max_depth=5 min_child_weight=2.718 early_stop=31 val_mae=0.256292
2025-12-16 01:31:38,503 - INFO - Trial 158: n_estimators=1453 max_depth=5 min_child_weight=2.756 early_stop=30 val_mae=0.256639
2025-12-16 01:32:07,628 - INFO - Trial 159: n_estimators=1312 max_depth=5 min_child_weight=2.554 early_stop=25 val_mae=0.256273
2025-12-16 01:32:38,247 - INFO - Trial 160: n_estimators=1308 max_depth=5 min_child_weight=2.534 early_stop=28 val_mae=0.256245
2025-12-16 01:33:07,078 - INFO - Trial 161: n_estimators=1301 max_depth=5 min_child_weight=2.431 early_stop=28 val_mae=0.256197
2025-12-16 01:33:36,696 - INFO - Trial 162: n_estimators=1299 max_depth=5 min_child_weight=2.444 early_stop=27 val_mae=0.256195
2025-12-16 01:34:05,148 - INFO - Trial 163: n_estimators=1279 max_depth=5 min_child_weight=2.407 early_stop=26 val_mae=0.256187
2025-12-16 01:34:35,310 - INFO - Trial 164: n_estimators=1309 max_depth=5 min_child_weight=2.445 early_stop=27 val_mae=0.256247
2025-12-16 01:35:04,432 - INFO - Trial 165: n_estimators=1300 max_depth=5 min_child_weight=2.416 early_stop=27 val_mae=0.256199
2025-12-16 01:35:34,202 - INFO - Trial 166: n_estimators=1292 max_depth=5 min_child_weight=2.383 early_stop=28 val_mae=0.256184
2025-12-16 01:36:03,186 - INFO - Trial 167: n_estimators=1276 max_depth=5 min_child_weight=2.399 early_stop=33 val_mae=0.256196
2025-12-16 01:36:32,036 - INFO - Trial 168: n_estimators=1277 max_depth=5 min_child_weight=2.406 early_stop=34 val_mae=0.256197
2025-12-16 01:37:00,925 - INFO - Trial 169: n_estimators=1281 max_depth=5 min_child_weight=2.419 early_stop=35 val_mae=0.256196
2025-12-16 01:37:29,634 - INFO - Trial 170: n_estimators=1273 max_depth=5 min_child_weight=2.402 early_stop=35 val_mae=0.256198
2025-12-16 01:37:57,853 - INFO - Trial 171: n_estimators=1273 max_depth=5 min_child_weight=2.379 early_stop=35 val_mae=0.256198
2025-12-16 01:38:27,834 - INFO - Trial 172: n_estimators=1266 max_depth=5 min_child_weight=2.376 early_stop=35 val_mae=0.256201
2025-12-16 01:38:56,781 - INFO - Trial 173: n_estimators=1253 max_depth=5 min_child_weight=2.320 early_stop=35 val_mae=0.256158
2025-12-16 01:39:26,592 - INFO - Trial 174: n_estimators=1260 max_depth=5 min_child_weight=2.380 early_stop=35 val_mae=0.256181
2025-12-16 01:39:54,502 - INFO - Trial 175: n_estimators=1259 max_depth=5 min_child_weight=2.384 early_stop=35 val_mae=0.256180
2025-12-16 01:40:23,611 - INFO - Trial 176: n_estimators=1252 max_depth=5 min_child_weight=2.365 early_stop=35 val_mae=0.256160
2025-12-16 01:40:51,356 - INFO - Trial 177: n_estimators=1207 max_depth=5 min_child_weight=2.363 early_stop=33 val_mae=0.256054
2025-12-16 01:41:19,151 - INFO - Trial 178: n_estimators=1208 max_depth=5 min_child_weight=2.297 early_stop=36 val_mae=0.256046
2025-12-16 01:41:47,067 - INFO - Trial 179: n_estimators=1237 max_depth=5 min_child_weight=2.091 early_stop=34 val_mae=0.256165
2025-12-16 01:42:14,243 - INFO - Trial 180: n_estimators=1210 max_depth=5 min_child_weight=2.294 early_stop=37 val_mae=0.256090
2025-12-16 01:42:42,485 - INFO - Trial 181: n_estimators=1204 max_depth=5 min_child_weight=2.026 early_stop=37 val_mae=0.256049
2025-12-16 01:43:35,464 - INFO - Trial 182: n_estimators=1192 max_depth=5 min_child_weight=2.076 early_stop=37 val_mae=0.256045
2025-12-16 01:43:35,485 - INFO - Best trial params: {'n_estimators': 1181, 'max_depth': 5, 'min_child_weight': 2.8095599408981826, 'early_stopping_rounds': 72, 'learning_rate': 0.013534730668818953, 'val_mae': 0.25602808594703674}
2025-12-16 01:43:35,486 - INFO - Saved best Stage B parameters to /home/haris/Documents/ProjectBzarre/modeling_pipeline/optuna_studies/stageB_iterations/best_iters.json
2025-12-16 01:43:35,486 - INFO - === Stage B Optimization Complete ===
2025-12-17 18:24:52,013 - INFO - === Stage B Iteration Optimization Started ===
2025-12-17 18:25:19,786 - INFO - Trial 183: n_estimators=1201 max_depth=5 min_child_weight=1.911 early_stop=38 val_logloss=0.164788
2025-12-17 18:25:45,723 - INFO - Trial 184: n_estimators=1203 max_depth=5 min_child_weight=2.082 early_stop=38 val_logloss=0.164597
2025-12-17 18:26:12,878 - INFO - Trial 185: n_estimators=1202 max_depth=5 min_child_weight=2.048 early_stop=43 val_logloss=0.164727
2025-12-17 18:26:39,489 - INFO - Trial 186: n_estimators=1202 max_depth=5 min_child_weight=1.881 early_stop=38 val_logloss=0.164719
2025-12-17 18:27:06,339 - INFO - Trial 187: n_estimators=1208 max_depth=5 min_child_weight=1.906 early_stop=37 val_logloss=0.164919
2025-12-17 18:27:46,735 - INFO - Trial 188: n_estimators=1191 max_depth=5 min_child_weight=1.944 early_stop=42 val_logloss=0.164913
2025-12-17 18:28:37,332 - INFO - Trial 189: n_estimators=1195 max_depth=5 min_child_weight=1.909 early_stop=43 val_logloss=0.164734
2025-12-17 18:29:07,120 - INFO - Trial 190: n_estimators=1183 max_depth=5 min_child_weight=1.914 early_stop=43 val_logloss=0.164755
2025-12-17 18:29:36,445 - INFO - Trial 191: n_estimators=1167 max_depth=5 min_child_weight=1.881 early_stop=43 val_logloss=0.164546
2025-12-17 18:30:22,582 - INFO - Trial 192: n_estimators=1187 max_depth=5 min_child_weight=1.919 early_stop=43 val_logloss=0.164685
2025-12-17 18:30:53,443 - INFO - Trial 193: n_estimators=1204 max_depth=5 min_child_weight=1.706 early_stop=44 val_logloss=0.164758
2025-12-17 18:31:32,546 - INFO - Trial 194: n_estimators=1192 max_depth=5 min_child_weight=1.732 early_stop=43 val_logloss=0.164661
2025-12-17 18:32:03,777 - INFO - Trial 195: n_estimators=1171 max_depth=5 min_child_weight=1.710 early_stop=43 val_logloss=0.164728
2025-12-17 18:32:33,146 - INFO - Trial 196: n_estimators=1168 max_depth=5 min_child_weight=1.704 early_stop=44 val_logloss=0.164677
2025-12-17 18:33:01,674 - INFO - Trial 197: n_estimators=1172 max_depth=5 min_child_weight=1.687 early_stop=44 val_logloss=0.164642
2025-12-17 18:33:31,360 - INFO - Trial 198: n_estimators=1157 max_depth=5 min_child_weight=1.690 early_stop=44 val_logloss=0.164781
2025-12-17 18:34:21,833 - INFO - Trial 199: n_estimators=1156 max_depth=5 min_child_weight=1.527 early_stop=44 val_logloss=0.164532
2025-12-17 18:35:04,441 - INFO - Trial 200: n_estimators=1157 max_depth=5 min_child_weight=1.525 early_stop=44 val_logloss=0.165077
2025-12-17 18:35:39,576 - INFO - Trial 201: n_estimators=1159 max_depth=5 min_child_weight=1.453 early_stop=43 val_logloss=0.164513
2025-12-17 18:36:22,168 - INFO - Trial 202: n_estimators=1146 max_depth=5 min_child_weight=1.450 early_stop=50 val_logloss=0.164646
2025-12-17 18:37:04,449 - INFO - Trial 203: n_estimators=1151 max_depth=5 min_child_weight=1.484 early_stop=49 val_logloss=0.164730
2025-12-17 18:37:45,584 - INFO - Trial 204: n_estimators=1146 max_depth=5 min_child_weight=1.380 early_stop=44 val_logloss=0.164599
2025-12-17 18:38:23,147 - INFO - Trial 205: n_estimators=1143 max_depth=5 min_child_weight=1.350 early_stop=50 val_logloss=0.164720
2025-12-17 18:38:54,312 - INFO - Trial 206: n_estimators=1147 max_depth=5 min_child_weight=1.351 early_stop=50 val_logloss=0.164538
2025-12-17 18:39:27,050 - INFO - Trial 207: n_estimators=1148 max_depth=5 min_child_weight=1.273 early_stop=50 val_logloss=0.164360
2025-12-17 18:39:53,690 - INFO - Trial 208: n_estimators=1144 max_depth=5 min_child_weight=1.326 early_stop=50 val_logloss=0.164466
2025-12-17 18:40:19,272 - INFO - Trial 209: n_estimators=1142 max_depth=5 min_child_weight=1.332 early_stop=52 val_logloss=0.164448
2025-12-17 18:40:44,415 - INFO - Trial 210: n_estimators=1137 max_depth=5 min_child_weight=1.278 early_stop=51 val_logloss=0.164436
2025-12-17 18:41:09,605 - INFO - Trial 211: n_estimators=1133 max_depth=5 min_child_weight=1.313 early_stop=51 val_logloss=0.164808
2025-12-17 18:41:34,592 - INFO - Trial 212: n_estimators=1132 max_depth=5 min_child_weight=1.343 early_stop=49 val_logloss=0.164521
2025-12-17 18:42:15,525 - INFO - Trial 213: n_estimators=1142 max_depth=7 min_child_weight=1.364 early_stop=53 val_logloss=0.165514
2025-12-17 18:42:41,549 - INFO - Trial 214: n_estimators=1136 max_depth=5 min_child_weight=1.215 early_stop=48 val_logloss=0.164426
2025-12-17 18:43:07,486 - INFO - Trial 215: n_estimators=1137 max_depth=5 min_child_weight=1.181 early_stop=49 val_logloss=0.164740
2025-12-17 18:43:31,617 - INFO - Trial 216: n_estimators=1068 max_depth=5 min_child_weight=1.232 early_stop=49 val_logloss=0.164218
2025-12-17 18:43:57,201 - INFO - Trial 217: n_estimators=1074 max_depth=5 min_child_weight=1.250 early_stop=48 val_logloss=0.164420
2025-12-17 18:44:27,523 - INFO - Trial 218: n_estimators=1126 max_depth=5 min_child_weight=1.193 early_stop=47 val_logloss=0.164373
2025-12-17 18:44:55,858 - INFO - Trial 219: n_estimators=1066 max_depth=5 min_child_weight=1.202 early_stop=48 val_logloss=0.164450
2025-12-17 18:45:23,162 - INFO - Trial 220: n_estimators=1069 max_depth=5 min_child_weight=1.210 early_stop=47 val_logloss=0.164455
2025-12-17 18:45:47,026 - INFO - Trial 221: n_estimators=1062 max_depth=5 min_child_weight=1.205 early_stop=47 val_logloss=0.164404
2025-12-17 18:46:11,620 - INFO - Trial 222: n_estimators=1072 max_depth=5 min_child_weight=1.180 early_stop=54 val_logloss=0.164434
2025-12-17 18:46:35,642 - INFO - Trial 223: n_estimators=1059 max_depth=5 min_child_weight=1.206 early_stop=54 val_logloss=0.164334
2025-12-17 18:46:59,876 - INFO - Trial 224: n_estimators=1074 max_depth=5 min_child_weight=1.224 early_stop=53 val_logloss=0.164342
2025-12-17 18:47:23,978 - INFO - Trial 225: n_estimators=1072 max_depth=5 min_child_weight=1.220 early_stop=55 val_logloss=0.164147
2025-12-17 18:47:47,380 - INFO - Trial 226: n_estimators=1041 max_depth=5 min_child_weight=1.200 early_stop=55 val_logloss=0.164511
2025-12-17 18:48:13,499 - INFO - Trial 227: n_estimators=1068 max_depth=5 min_child_weight=1.192 early_stop=54 val_logloss=0.164232
2025-12-17 18:48:37,257 - INFO - Trial 228: n_estimators=1050 max_depth=5 min_child_weight=1.192 early_stop=55 val_logloss=0.164215
2025-12-17 18:49:02,744 - INFO - Trial 229: n_estimators=1067 max_depth=5 min_child_weight=1.189 early_stop=55 val_logloss=0.164447
2025-12-17 18:49:26,830 - INFO - Trial 230: n_estimators=1066 max_depth=5 min_child_weight=1.190 early_stop=55 val_logloss=0.164546
2025-12-17 18:49:50,337 - INFO - Trial 231: n_estimators=1062 max_depth=5 min_child_weight=1.115 early_stop=53 val_logloss=0.164015
2025-12-17 18:50:15,054 - INFO - Trial 232: n_estimators=1048 max_depth=5 min_child_weight=1.120 early_stop=54 val_logloss=0.164062
2025-12-17 18:50:39,096 - INFO - Trial 233: n_estimators=1061 max_depth=5 min_child_weight=1.138 early_stop=54 val_logloss=0.164003
2025-12-17 18:51:03,121 - INFO - Trial 234: n_estimators=1051 max_depth=5 min_child_weight=1.105 early_stop=54 val_logloss=0.164229
2025-12-17 18:51:26,596 - INFO - Trial 235: n_estimators=1061 max_depth=5 min_child_weight=1.105 early_stop=56 val_logloss=0.164336
2025-12-17 18:51:50,250 - INFO - Trial 236: n_estimators=1058 max_depth=5 min_child_weight=1.101 early_stop=54 val_logloss=0.164009
2025-12-17 18:52:15,893 - INFO - Trial 237: n_estimators=1062 max_depth=5 min_child_weight=1.099 early_stop=53 val_logloss=0.164094
2025-12-17 18:52:39,514 - INFO - Trial 238: n_estimators=1072 max_depth=5 min_child_weight=1.072 early_stop=54 val_logloss=0.164207
2025-12-17 18:53:02,895 - INFO - Trial 239: n_estimators=1016 max_depth=5 min_child_weight=1.078 early_stop=54 val_logloss=0.164308
2025-12-17 18:53:25,947 - INFO - Trial 240: n_estimators=1021 max_depth=5 min_child_weight=1.083 early_stop=54 val_logloss=0.164509
2025-12-17 18:53:48,778 - INFO - Trial 241: n_estimators=1017 max_depth=5 min_child_weight=1.108 early_stop=57 val_logloss=0.164371
2025-12-17 18:54:12,683 - INFO - Trial 242: n_estimators=1009 max_depth=5 min_child_weight=1.112 early_stop=57 val_logloss=0.164449
2025-12-17 18:54:12,705 - INFO - Best trial params: {'n_estimators': 1061, 'max_depth': 5, 'min_child_weight': 1.1378617155121844, 'early_stopping_rounds': 54, 'learning_rate': 0.010235661789436893, 'val_logloss': 0.16400255357561297}
2025-12-17 18:54:12,706 - INFO - Saved best Stage B parameters to /home/haris/Documents/ProjectBzarre/modeling_pipeline/optuna_studies/stageB_iterations/best_iters.json
2025-12-17 18:54:12,706 - INFO - === Stage B Optimization Complete ===
2025-12-18 12:00:28,250 - INFO - === Stage B Iteration Optimization Started ===
2025-12-18 12:01:29,964 - INFO - Trial 0: n_estimators=2292 max_depth=6 min_child_weight=6.090 early_stop=45 val_logloss=0.082208
2025-12-18 12:02:03,548 - INFO - Trial 1: n_estimators=1709 max_depth=4 min_child_weight=1.969 early_stop=87 val_logloss=0.082646
2025-12-18 12:03:17,136 - INFO - Trial 2: n_estimators=2341 max_depth=6 min_child_weight=1.074 early_stop=25 val_logloss=0.082522
2025-12-18 12:04:12,424 - INFO - Trial 3: n_estimators=2161 max_depth=5 min_child_weight=1.132 early_stop=35 val_logloss=0.082408
2025-12-18 12:04:23,822 - INFO - Trial 4: n_estimators=531 max_depth=4 min_child_weight=3.512 early_stop=144 val_logloss=0.082821
2025-12-18 12:04:34,859 - INFO - Trial 5: n_estimators=452 max_depth=5 min_child_weight=1.172 early_stop=128 val_logloss=0.082427
2025-12-18 12:04:34,880 - INFO - Best trial params: {'n_estimators': 2292, 'max_depth': 6, 'min_child_weight': 6.089653951968442, 'early_stopping_rounds': 45, 'learning_rate': 0.013782967918408776, 'val_logloss': 0.08220784683875856}
2025-12-18 12:04:34,880 - INFO - Saved best Stage B parameters to /home/haris/Documents/ProjectBzarre/modeling_pipeline/optuna_studies/stageB_iterations/best_iters.json
2025-12-18 12:04:34,880 - INFO - === Stage B Optimization Complete ===
2025-12-18 12:24:11,986 - INFO - === Stage B Iteration Optimization Started ===
2025-12-18 12:25:24,608 - INFO - Trial 6: n_estimators=2267 max_depth=6 min_child_weight=5.355 early_stop=191 val_logloss=0.082185
2025-12-18 12:25:46,229 - INFO - Trial 7: n_estimators=808 max_depth=6 min_child_weight=1.889 early_stop=73 val_logloss=0.081651
2025-12-18 12:26:59,927 - INFO - Trial 8: n_estimators=1873 max_depth=7 min_child_weight=3.722 early_stop=154 val_logloss=0.082264
2025-12-18 12:27:49,133 - INFO - Trial 9: n_estimators=1738 max_depth=5 min_child_weight=1.360 early_stop=74 val_logloss=0.082282
2025-12-18 12:28:21,035 - INFO - Trial 10: n_estimators=992 max_depth=7 min_child_weight=9.460 early_stop=75 val_logloss=0.081476
2025-12-18 12:28:56,224 - INFO - Trial 11: n_estimators=1010 max_depth=7 min_child_weight=2.155 early_stop=79 val_logloss=0.081613
2025-12-18 12:28:56,243 - INFO - Best trial params: {'n_estimators': 992, 'max_depth': 7, 'min_child_weight': 9.459507640199986, 'early_stopping_rounds': 75, 'learning_rate': 0.013782967918408776, 'val_logloss': 0.08147567934016504}
2025-12-18 12:28:56,243 - INFO - Saved best Stage B parameters to /home/haris/Documents/ProjectBzarre/modeling_pipeline/optuna_studies/stageB_iterations/best_iters.json
2025-12-18 12:28:56,243 - INFO - === Stage B Optimization Complete ===
2025-12-18 13:18:15,576 - INFO - === Stage B Iteration Optimization Started ===
2025-12-18 13:19:02,640 - INFO - Trial 12: n_estimators=1130 max_depth=7 min_child_weight=8.917 early_stop=104 val_logloss=0.081585
2025-12-18 13:19:48,637 - INFO - Trial 13: n_estimators=1232 max_depth=7 min_child_weight=9.995 early_stop=109 val_logloss=0.081657
2025-12-18 13:20:41,531 - INFO - Trial 14: n_estimators=1355 max_depth=7 min_child_weight=9.920 early_stop=106 val_logloss=0.081768
2025-12-18 13:21:31,110 - INFO - Trial 15: n_estimators=875 max_depth=7 min_child_weight=6.867 early_stop=59 val_logloss=0.081514
2025-12-18 13:22:08,269 - INFO - Trial 16: n_estimators=874 max_depth=7 min_child_weight=6.638 early_stop=53 val_logloss=0.081368
2025-12-18 13:22:41,688 - INFO - Trial 17: n_estimators=595 max_depth=6 min_child_weight=4.661 early_stop=48 val_logloss=0.081739
2025-12-18 13:23:39,858 - INFO - Trial 18: n_estimators=1512 max_depth=7 min_child_weight=6.998 early_stop=57 val_logloss=0.082016
2025-12-18 13:24:06,126 - INFO - Trial 19: n_estimators=727 max_depth=6 min_child_weight=4.468 early_stop=24 val_logloss=0.081669
2025-12-18 13:24:23,380 - INFO - Trial 20: n_estimators=346 max_depth=7 min_child_weight=7.946 early_stop=93 val_logloss=0.083294
2025-12-18 13:25:35,447 - INFO - Trial 21: n_estimators=988 max_depth=7 min_child_weight=7.029 early_stop=61 val_logloss=0.081582
2025-12-18 13:26:29,639 - INFO - Trial 22: n_estimators=835 max_depth=7 min_child_weight=6.130 early_stop=58 val_logloss=0.081432
2025-12-18 13:27:03,658 - INFO - Trial 23: n_estimators=720 max_depth=7 min_child_weight=5.006 early_stop=37 val_logloss=0.081527
2025-12-18 13:28:07,316 - INFO - Trial 24: n_estimators=1191 max_depth=6 min_child_weight=2.762 early_stop=70 val_logloss=0.081616
2025-12-18 13:28:50,145 - INFO - Trial 25: n_estimators=991 max_depth=7 min_child_weight=8.064 early_stop=93 val_logloss=0.081489
2025-12-18 13:29:41,119 - INFO - Trial 26: n_estimators=1417 max_depth=6 min_child_weight=5.623 early_stop=129 val_logloss=0.081801
2025-12-18 13:30:10,999 - INFO - Trial 27: n_estimators=647 max_depth=7 min_child_weight=6.228 early_stop=47 val_logloss=0.081402
2025-12-18 13:30:21,668 - INFO - Trial 28: n_estimators=322 max_depth=5 min_child_weight=4.175 early_stop=44 val_logloss=0.084858
2025-12-18 13:30:59,086 - INFO - Trial 29: n_estimators=666 max_depth=6 min_child_weight=6.137 early_stop=21 val_logloss=0.081584
2025-12-18 13:31:42,641 - INFO - Trial 30: n_estimators=526 max_depth=7 min_child_weight=6.064 early_stop=51 val_logloss=0.081507
2025-12-18 13:32:33,735 - INFO - Trial 31: n_estimators=871 max_depth=7 min_child_weight=8.032 early_stop=61 val_logloss=0.081480
2025-12-18 13:33:24,906 - INFO - Trial 32: n_estimators=1097 max_depth=7 min_child_weight=6.469 early_stop=34 val_logloss=0.081589
2025-12-18 13:34:03,653 - INFO - Trial 33: n_estimators=874 max_depth=7 min_child_weight=2.856 early_stop=86 val_logloss=0.081475
2025-12-18 13:34:23,677 - INFO - Trial 34: n_estimators=811 max_depth=4 min_child_weight=2.767 early_stop=86 val_logloss=0.082589
2025-12-18 13:36:04,913 - INFO - Trial 35: n_estimators=2490 max_depth=6 min_child_weight=3.021 early_stop=39 val_logloss=0.082230
2025-12-18 13:36:40,892 - INFO - Trial 36: n_estimators=454 max_depth=7 min_child_weight=3.844 early_stop=85 val_logloss=0.081925
2025-12-18 13:37:11,229 - INFO - Trial 37: n_estimators=611 max_depth=7 min_child_weight=2.372 early_stop=66 val_logloss=0.081553
2025-12-18 13:37:35,310 - INFO - Trial 38: n_estimators=892 max_depth=4 min_child_weight=1.744 early_stop=50 val_logloss=0.082485
2025-12-18 13:38:45,530 - INFO - Trial 39: n_estimators=1288 max_depth=6 min_child_weight=5.400 early_stop=195 val_logloss=0.081598
2025-12-18 13:39:49,848 - INFO - Trial 40: n_estimators=2067 max_depth=5 min_child_weight=3.421 early_stop=118 val_logloss=0.082352
2025-12-18 13:40:24,097 - INFO - Trial 41: n_estimators=746 max_depth=7 min_child_weight=8.848 early_stop=79 val_logloss=0.081445
2025-12-18 13:40:45,565 - INFO - Trial 42: n_estimators=476 max_depth=7 min_child_weight=8.582 early_stop=93 val_logloss=0.081741
2025-12-18 13:41:18,305 - INFO - Trial 43: n_estimators=732 max_depth=7 min_child_weight=7.498 early_stop=175 val_logloss=0.081441
2025-12-18 13:41:51,138 - INFO - Trial 44: n_estimators=725 max_depth=7 min_child_weight=7.306 early_stop=179 val_logloss=0.081450
2025-12-18 13:42:20,460 - INFO - Trial 45: n_estimators=608 max_depth=7 min_child_weight=5.862 early_stop=164 val_logloss=0.081449
2025-12-18 13:42:51,274 - INFO - Trial 46: n_estimators=390 max_depth=7 min_child_weight=7.646 early_stop=30 val_logloss=0.082439
2025-12-18 13:43:58,557 - INFO - Trial 47: n_estimators=1085 max_depth=7 min_child_weight=8.681 early_stop=133 val_logloss=0.081583
2025-12-18 13:44:47,854 - INFO - Trial 48: n_estimators=757 max_depth=7 min_child_weight=4.980 early_stop=168 val_logloss=0.081517
2025-12-18 13:45:08,540 - INFO - Trial 49: n_estimators=532 max_depth=6 min_child_weight=6.523 early_stop=54 val_logloss=0.081752
2025-12-18 13:46:16,978 - INFO - Trial 50: n_estimators=1608 max_depth=7 min_child_weight=9.107 early_stop=148 val_logloss=0.081910
2025-12-18 13:46:46,761 - INFO - Trial 51: n_estimators=631 max_depth=7 min_child_weight=5.820 early_stop=160 val_logloss=0.081500
2025-12-18 13:47:14,990 - INFO - Trial 52: n_estimators=588 max_depth=7 min_child_weight=5.063 early_stop=167 val_logloss=0.081531
2025-12-18 13:47:51,111 - INFO - Trial 53: n_estimators=809 max_depth=7 min_child_weight=6.289 early_stop=183 val_logloss=0.081509
2025-12-18 13:48:22,669 - INFO - Trial 54: n_estimators=687 max_depth=7 min_child_weight=7.388 early_stop=186 val_logloss=0.081489
2025-12-18 13:49:18,695 - INFO - Trial 55: n_estimators=938 max_depth=7 min_child_weight=4.518 early_stop=199 val_logloss=0.081588
2025-12-18 13:49:40,037 - INFO - Trial 56: n_estimators=415 max_depth=7 min_child_weight=6.721 early_stop=67 val_logloss=0.082181
2025-12-18 13:50:17,541 - INFO - Trial 57: n_estimators=790 max_depth=7 min_child_weight=8.422 early_stop=79 val_logloss=0.081407
2025-12-18 13:50:53,793 - INFO - Trial 58: n_estimators=1025 max_depth=6 min_child_weight=9.467 early_stop=76 val_logloss=0.081677
2025-12-18 13:51:28,742 - INFO - Trial 59: n_estimators=778 max_depth=7 min_child_weight=8.524 early_stop=44 val_logloss=0.081456
2025-12-18 13:52:17,582 - INFO - Trial 60: n_estimators=1210 max_depth=7 min_child_weight=9.869 early_stop=99 val_logloss=0.081748
2025-12-18 13:52:42,602 - INFO - Trial 61: n_estimators=526 max_depth=7 min_child_weight=7.631 early_stop=118 val_logloss=0.081538
2025-12-18 13:53:38,327 - INFO - Trial 62: n_estimators=819 max_depth=7 min_child_weight=5.767 early_stop=64 val_logloss=0.081426
2025-12-18 13:54:21,320 - INFO - Trial 63: n_estimators=896 max_depth=7 min_child_weight=6.991 early_stop=81 val_logloss=0.081482
2025-12-18 13:55:01,452 - INFO - Trial 64: n_estimators=933 max_depth=7 min_child_weight=8.097 early_stop=64 val_logloss=0.081544
2025-12-18 13:55:40,889 - INFO - Trial 65: n_estimators=829 max_depth=7 min_child_weight=5.308 early_stop=57 val_logloss=0.081579
2025-12-18 13:56:14,863 - INFO - Trial 66: n_estimators=690 max_depth=7 min_child_weight=6.582 early_stop=75 val_logloss=0.081394
2025-12-18 13:57:04,290 - INFO - Trial 67: n_estimators=669 max_depth=7 min_child_weight=4.191 early_stop=71 val_logloss=0.081480
2025-12-18 13:57:42,357 - INFO - Trial 68: n_estimators=1010 max_depth=6 min_child_weight=5.526 early_stop=42 val_logloss=0.081615
2025-12-18 13:58:43,204 - INFO - Trial 69: n_estimators=1121 max_depth=7 min_child_weight=6.245 early_stop=29 val_logloss=0.081535
2025-12-18 14:00:16,964 - INFO - Trial 70: n_estimators=1844 max_depth=7 min_child_weight=1.012 early_stop=50 val_logloss=0.081959
2025-12-18 14:00:53,573 - INFO - Trial 71: n_estimators=759 max_depth=7 min_child_weight=6.981 early_stop=73 val_logloss=0.081482
2025-12-18 14:00:53,595 - INFO - Best trial params: {'n_estimators': 874, 'max_depth': 7, 'min_child_weight': 6.638307822365012, 'early_stopping_rounds': 53, 'learning_rate': 0.012479885093296715, 'val_logloss': 0.08136780827804313}
2025-12-18 14:00:53,596 - INFO - Saved best Stage B parameters to /home/haris/Documents/ProjectBzarre/modeling_pipeline/optuna_studies/stageB_iterations/best_iters.json
2025-12-18 14:00:53,596 - INFO - === Stage B Optimization Complete ===
2025-12-19 22:40:37,198 - INFO - === Stage B Iteration Optimization Started ===
2025-12-19 22:40:41,072 - INFO - Loaded datasets with horizon=4h (train=(157772, 206), val=(35036, 206))
2025-12-19 22:41:27,356 - INFO - === Stage B Iteration Optimization Started ===
2025-12-19 22:41:32,633 - INFO - Loaded datasets with horizon=4h (train=(157772, 206), val=(35036, 206))
2025-12-19 23:34:19,766 - INFO - === Stage B Iteration Optimization Started ===
2025-12-19 23:34:21,391 - INFO - Loaded datasets with horizon=4h (train=(157772, 206), val=(35036, 206))
2025-12-19 23:38:13,427 - INFO - Trial 0: n_estimators=1590 max_depth=6 min_child_weight=1.791 early_stop=149 val_logloss=0.915426
2025-12-19 23:40:10,153 - INFO - Trial 1: n_estimators=1210 max_depth=4 min_child_weight=5.122 early_stop=192 val_logloss=0.678258
2025-12-19 23:40:10,177 - INFO - Best trial params: {'n_estimators': 1210, 'max_depth': 4, 'min_child_weight': 5.122166181434686, 'early_stopping_rounds': 192, 'learning_rate': 0.041402961452685835, 'val_logloss': 0.6782584939310932}
2025-12-19 23:40:10,178 - INFO - Saved best Stage B parameters to /home/haris/Documents/ProjectBzarre/modeling_pipeline_bin/optuna_studies/stageB_iterations/best_iters.json
2025-12-19 23:40:10,178 - INFO - === Stage B Optimization Complete ===
2025-12-19 23:40:10,180 - INFO - === Stage B Iteration Optimization Started ===
2025-12-19 23:40:11,442 - INFO - Loaded datasets with horizon=4h (train=(157772, 206), val=(35036, 206))
2025-12-19 23:46:10,981 - INFO - Trial 2: n_estimators=1834 max_depth=7 min_child_weight=3.038 early_stop=90 val_logloss=0.903375
2025-12-19 23:47:27,025 - INFO - Trial 3: n_estimators=805 max_depth=4 min_child_weight=4.822 early_stop=195 val_logloss=0.586052
2025-12-19 23:47:27,048 - INFO - Best trial params: {'n_estimators': 805, 'max_depth': 4, 'min_child_weight': 4.821786469487229, 'early_stopping_rounds': 195, 'learning_rate': 0.041402961452685835, 'val_logloss': 0.5860515800526589}
2025-12-19 23:47:27,048 - INFO - Saved best Stage B parameters to /home/haris/Documents/ProjectBzarre/modeling_pipeline_bin/optuna_studies/stageB_iterations/best_iters.json
2025-12-19 23:47:27,048 - INFO - === Stage B Optimization Complete ===
2025-12-20 11:16:39,844 - INFO - === Stage B Iteration Optimization Started ===
2025-12-20 11:16:41,479 - INFO - Loaded datasets with horizon=4h (train=(157772, 206), val=(35036, 206))
2025-12-20 11:18:28,772 - INFO - Trial 4: n_estimators=1864 max_depth=4 min_child_weight=3.013 early_stop=59 val_logloss=0.392113
2025-12-20 11:18:57,586 - INFO - Trial 5: n_estimators=1080 max_depth=5 min_child_weight=2.011 early_stop=156 val_logloss=0.366707
2025-12-20 11:18:57,665 - INFO - Best trial params: {'n_estimators': 1080, 'max_depth': 5, 'min_child_weight': 2.011285579699137, 'early_stopping_rounds': 156, 'learning_rate': 0.015690270428764645, 'val_logloss': 0.3667066187331165}
2025-12-20 11:18:57,665 - INFO - Saved best Stage B parameters to /home/haris/Documents/ProjectBzarre/modeling_pipeline_bin/optuna_studies/stageB_iterations/best_iters.json
2025-12-20 11:18:57,666 - INFO - === Stage B Optimization Complete ===
2025-12-20 11:18:57,669 - INFO - === Stage B Iteration Optimization Started ===
2025-12-20 11:19:16,883 - INFO - Loaded datasets with horizon=4h (train=(157772, 206), val=(35036, 206))
2025-12-20 11:22:19,878 - INFO - Trial 6: n_estimators=806 max_depth=7 min_child_weight=5.928 early_stop=118 val_logloss=0.379968
2025-12-20 11:23:54,346 - INFO - Trial 7: n_estimators=1027 max_depth=7 min_child_weight=1.456 early_stop=63 val_logloss=0.406000
2025-12-20 11:53:52,149 - INFO - === Stage B Iteration Optimization Started ===
2025-12-20 11:53:54,820 - INFO - Loaded datasets with horizon=4h (train=(157772, 206), val=(35036, 206))
2025-12-20 11:54:34,034 - INFO - Trial 0: n_estimators=2259 max_depth=4 min_child_weight=8.572 early_stop=178 val_logloss=0.473438
2025-12-20 11:55:26,095 - INFO - Trial 1: n_estimators=1662 max_depth=7 min_child_weight=2.715 early_stop=63 val_logloss=0.541210
2025-12-20 11:55:26,115 - INFO - Best trial params: {'n_estimators': 2259, 'max_depth': 4, 'min_child_weight': 8.571956348246188, 'early_stopping_rounds': 178, 'learning_rate': 0.02291201094552941, 'val_logloss': 0.47343835278594265}
2025-12-20 11:55:26,115 - INFO - Saved best Stage B parameters to /home/haris/Documents/ProjectBzarre/modeling_pipeline_bin/optuna_studies/stageB_iterations/best_iters.json
2025-12-20 11:55:26,115 - INFO - === Stage B Optimization Complete ===
2025-12-20 11:55:26,116 - INFO - === Stage B Iteration Optimization Started ===
2025-12-20 11:55:28,148 - INFO - Loaded datasets with horizon=4h (train=(157772, 206), val=(35036, 206))
2025-12-20 11:56:19,036 - INFO - Trial 2: n_estimators=2090 max_depth=6 min_child_weight=4.893 early_stop=136 val_logloss=0.549630
2025-12-20 11:56:37,229 - INFO - Trial 3: n_estimators=873 max_depth=5 min_child_weight=6.029 early_stop=142 val_logloss=0.388447
2025-12-20 11:56:37,251 - INFO - Best trial params: {'n_estimators': 873, 'max_depth': 5, 'min_child_weight': 6.028752570948106, 'early_stopping_rounds': 142, 'learning_rate': 0.02291201094552941, 'val_logloss': 0.3884468212089223}
2025-12-20 11:56:37,251 - INFO - Saved best Stage B parameters to /home/haris/Documents/ProjectBzarre/modeling_pipeline_bin/optuna_studies/stageB_iterations/best_iters.json
2025-12-20 11:56:37,252 - INFO - === Stage B Optimization Complete ===
2025-12-20 13:04:22,367 - INFO - === Stage B Iteration Optimization Started ===
2025-12-20 13:04:23,593 - INFO - Loaded datasets with horizon=4h (train=(157772, 206), val=(35036, 206))
2025-12-20 13:04:51,534 - INFO - Trial 4: n_estimators=703 max_depth=7 min_child_weight=1.193 early_stop=184 val_logloss=0.289365
2025-12-20 13:05:28,741 - INFO - Trial 5: n_estimators=1281 max_depth=6 min_child_weight=1.436 early_stop=70 val_logloss=0.300569
2025-12-20 13:06:18,305 - INFO - Trial 6: n_estimators=2198 max_depth=5 min_child_weight=5.027 early_stop=86 val_logloss=0.328508
2025-12-20 13:06:28,139 - INFO - Trial 7: n_estimators=445 max_depth=4 min_child_weight=1.144 early_stop=59 val_logloss=0.292403
2025-12-20 13:07:34,377 - INFO - Trial 8: n_estimators=1920 max_depth=7 min_child_weight=1.383 early_stop=152 val_logloss=0.344740
2025-12-20 13:08:07,594 - INFO - Trial 9: n_estimators=1414 max_depth=5 min_child_weight=1.226 early_stop=134 val_logloss=0.298631
2025-12-20 13:08:21,046 - INFO - Trial 10: n_estimators=306 max_depth=7 min_child_weight=2.376 early_stop=199 val_logloss=0.315192
2025-12-20 13:08:28,688 - INFO - Trial 11: n_estimators=326 max_depth=4 min_child_weight=1.950 early_stop=26 val_logloss=0.306978
2025-12-20 13:08:56,879 - INFO - Trial 12: n_estimators=820 max_depth=6 min_child_weight=1.022 early_stop=27 val_logloss=0.284401
2025-12-20 13:09:25,686 - INFO - Trial 13: n_estimators=785 max_depth=6 min_child_weight=1.012 early_stop=20 val_logloss=0.283293
2025-12-20 13:09:57,153 - INFO - Trial 14: n_estimators=1009 max_depth=6 min_child_weight=1.759 early_stop=20 val_logloss=0.286792
2025-12-20 13:10:23,927 - INFO - Trial 15: n_estimators=723 max_depth=6 min_child_weight=3.785 early_stop=38 val_logloss=0.283958
2025-12-20 13:11:02,514 - INFO - Trial 16: n_estimators=1186 max_depth=6 min_child_weight=3.575 early_stop=45 val_logloss=0.293886
2025-12-20 13:11:20,946 - INFO - Trial 17: n_estimators=617 max_depth=5 min_child_weight=3.573 early_stop=102 val_logloss=0.284554
2025-12-20 13:11:55,392 - INFO - Trial 18: n_estimators=1088 max_depth=6 min_child_weight=7.510 early_stop=42 val_logloss=0.289332
2025-12-20 13:12:33,165 - INFO - Trial 19: n_estimators=1486 max_depth=5 min_child_weight=4.401 early_stop=94 val_logloss=0.297059
2025-12-20 13:12:57,857 - INFO - Trial 20: n_estimators=574 max_depth=7 min_child_weight=2.770 early_stop=116 val_logloss=0.292123
2025-12-20 13:13:26,299 - INFO - Trial 21: n_estimators=846 max_depth=6 min_child_weight=1.688 early_stop=35 val_logloss=0.282792
2025-12-20 13:13:56,571 - INFO - Trial 22: n_estimators=911 max_depth=6 min_child_weight=1.844 early_stop=44 val_logloss=0.285877
2025-12-20 13:14:21,176 - INFO - Trial 23: n_estimators=710 max_depth=6 min_child_weight=2.269 early_stop=38 val_logloss=0.284454
2025-12-20 13:14:39,204 - INFO - Trial 24: n_estimators=518 max_depth=6 min_child_weight=1.521 early_stop=78 val_logloss=0.290690
2025-12-20 13:15:08,731 - INFO - Trial 25: n_estimators=1161 max_depth=5 min_child_weight=3.329 early_stop=52 val_logloss=0.291101
2025-12-20 13:15:37,854 - INFO - Trial 26: n_estimators=968 max_depth=6 min_child_weight=1.000 early_stop=29 val_logloss=0.286419
2025-12-20 13:16:11,847 - INFO - Trial 27: n_estimators=825 max_depth=7 min_child_weight=4.110 early_stop=66 val_logloss=0.286871
2025-12-20 13:17:20,301 - INFO - Trial 28: n_estimators=2437 max_depth=6 min_child_weight=1.667 early_stop=20 val_logloss=0.342108
2025-12-20 13:17:41,942 - INFO - Trial 29: n_estimators=718 max_depth=5 min_child_weight=9.775 early_stop=116 val_logloss=0.282808
2025-12-20 13:18:23,048 - INFO - Trial 30: n_estimators=1625 max_depth=5 min_child_weight=9.944 early_stop=114 val_logloss=0.305889
2025-12-20 13:18:40,052 - INFO - Trial 31: n_estimators=742 max_depth=4 min_child_weight=7.412 early_stop=124 val_logloss=0.277451
2025-12-20 13:18:52,576 - INFO - Trial 32: n_estimators=499 max_depth=4 min_child_weight=7.563 early_stop=123 val_logloss=0.285125
2025-12-20 13:19:18,638 - INFO - Trial 33: n_estimators=1276 max_depth=4 min_child_weight=8.646 early_stop=149 val_logloss=0.289794
2025-12-20 13:19:35,564 - INFO - Trial 34: n_estimators=793 max_depth=4 min_child_weight=6.351 early_stop=163 val_logloss=0.279519
2025-12-20 13:19:56,885 - INFO - Trial 35: n_estimators=1030 max_depth=4 min_child_weight=7.535 early_stop=174 val_logloss=0.282477
2025-12-20 13:20:17,473 - INFO - Trial 36: n_estimators=1023 max_depth=4 min_child_weight=5.698 early_stop=168 val_logloss=0.283617
2025-12-20 13:20:36,441 - INFO - Trial 37: n_estimators=927 max_depth=4 min_child_weight=7.015 early_stop=177 val_logloss=0.281679
2025-12-20 13:21:02,561 - INFO - Trial 38: n_estimators=1280 max_depth=4 min_child_weight=6.531 early_stop=167 val_logloss=0.290578
2025-12-20 13:21:25,265 - INFO - Trial 39: n_estimators=1106 max_depth=4 min_child_weight=6.752 early_stop=188 val_logloss=0.285138
2025-12-20 13:21:43,871 - INFO - Trial 40: n_estimators=941 max_depth=4 min_child_weight=5.285 early_stop=166 val_logloss=0.282504
2025-12-20 13:22:03,538 - INFO - Trial 41: n_estimators=912 max_depth=4 min_child_weight=4.982 early_stop=165 val_logloss=0.282369
2025-12-20 13:22:17,570 - INFO - Trial 42: n_estimators=616 max_depth=4 min_child_weight=7.918 early_stop=176 val_logloss=0.279194
2025-12-20 13:22:26,909 - INFO - Trial 43: n_estimators=408 max_depth=4 min_child_weight=8.540 early_stop=158 val_logloss=0.294742
2025-12-20 13:22:41,726 - INFO - Trial 44: n_estimators=643 max_depth=4 min_child_weight=6.203 early_stop=189 val_logloss=0.279369
2025-12-20 13:22:56,165 - INFO - Trial 45: n_estimators=627 max_depth=4 min_child_weight=6.112 early_stop=198 val_logloss=0.279217
2025-12-20 13:23:09,946 - INFO - Trial 46: n_estimators=616 max_depth=4 min_child_weight=5.912 early_stop=200 val_logloss=0.279933
2025-12-20 13:23:20,048 - INFO - Trial 47: n_estimators=420 max_depth=4 min_child_weight=8.573 early_stop=188 val_logloss=0.293403
2025-12-20 13:23:35,246 - INFO - Trial 48: n_estimators=664 max_depth=4 min_child_weight=6.258 early_stop=194 val_logloss=0.279461
2025-12-20 13:23:49,739 - INFO - Trial 49: n_estimators=630 max_depth=4 min_child_weight=4.526 early_stop=194 val_logloss=0.280271
2025-12-20 13:23:58,936 - INFO - Trial 50: n_estimators=323 max_depth=5 min_child_weight=5.659 early_stop=182 val_logloss=0.308703
2025-12-20 13:24:11,102 - INFO - Trial 51: n_estimators=512 max_depth=4 min_child_weight=6.540 early_stop=193 val_logloss=0.284607
2025-12-20 13:24:25,951 - INFO - Trial 52: n_estimators=654 max_depth=4 min_child_weight=6.160 early_stop=135 val_logloss=0.278869
2025-12-20 13:24:40,480 - INFO - Trial 53: n_estimators=688 max_depth=4 min_child_weight=8.044 early_stop=139 val_logloss=0.278420
2025-12-20 13:25:16,352 - INFO - Trial 54: n_estimators=1955 max_depth=4 min_child_weight=8.241 early_stop=134 val_logloss=0.308191
2025-12-20 13:25:29,477 - INFO - Trial 55: n_estimators=558 max_depth=4 min_child_weight=9.162 early_stop=142 val_logloss=0.281018
2025-12-20 13:25:38,638 - INFO - Trial 56: n_estimators=396 max_depth=4 min_child_weight=7.255 early_stop=126 val_logloss=0.296876
2025-12-20 13:25:54,782 - INFO - Trial 57: n_estimators=752 max_depth=4 min_child_weight=5.231 early_stop=150 val_logloss=0.279405
2025-12-20 13:26:12,743 - INFO - Trial 58: n_estimators=643 max_depth=5 min_child_weight=7.885 early_stop=107 val_logloss=0.282725
2025-12-20 13:26:24,285 - INFO - Trial 59: n_estimators=478 max_depth=4 min_child_weight=5.488 early_stop=129 val_logloss=0.287956
2025-12-20 13:26:37,860 - INFO - Trial 60: n_estimators=577 max_depth=4 min_child_weight=4.614 early_stop=141 val_logloss=0.281792
2025-12-20 13:26:54,207 - INFO - Trial 61: n_estimators=772 max_depth=4 min_child_weight=7.127 early_stop=151 val_logloss=0.277173
2025-12-20 13:27:11,698 - INFO - Trial 62: n_estimators=843 max_depth=4 min_child_weight=7.018 early_stop=156 val_logloss=0.280309
2025-12-20 13:27:28,434 - INFO - Trial 63: n_estimators=744 max_depth=4 min_child_weight=9.285 early_stop=140 val_logloss=0.277326
2025-12-20 13:27:28,455 - INFO - Best trial params: {'n_estimators': 772, 'max_depth': 4, 'min_child_weight': 7.127228234619509, 'early_stopping_rounds': 151, 'learning_rate': 0.00500127304056551, 'val_logloss': 0.27717276003171665}
2025-12-20 13:27:28,455 - INFO - Saved best Stage B parameters to /home/haris/Documents/ProjectBzarre/modeling_pipeline_bin/optuna_studies/stageB_iterations/best_iters.json
2025-12-20 13:27:28,455 - INFO - === Stage B Optimization Complete ===
2025-12-20 13:27:28,457 - INFO - === Stage B Iteration Optimization Started ===
2025-12-20 13:27:30,040 - INFO - Loaded datasets with horizon=4h (train=(157772, 206), val=(35036, 206))
2025-12-20 13:27:46,517 - INFO - Trial 64: n_estimators=749 max_depth=4 min_child_weight=9.193 early_stop=144 val_logloss=0.277170
2025-12-20 13:28:02,406 - INFO - Trial 65: n_estimators=733 max_depth=4 min_child_weight=9.279 early_stop=140 val_logloss=0.277386
2025-12-20 13:28:23,277 - INFO - Trial 66: n_estimators=770 max_depth=5 min_child_weight=9.111 early_stop=142 val_logloss=0.282838
2025-12-20 13:28:41,468 - INFO - Trial 67: n_estimators=870 max_depth=4 min_child_weight=9.351 early_stop=121 val_logloss=0.278126
2025-12-20 13:28:59,389 - INFO - Trial 68: n_estimators=855 max_depth=4 min_child_weight=9.298 early_stop=122 val_logloss=0.277809
2025-12-20 13:29:21,824 - INFO - Trial 69: n_estimators=874 max_depth=5 min_child_weight=9.394 early_stop=119 val_logloss=0.284754
2025-12-20 13:29:45,192 - INFO - Trial 70: n_estimators=1190 max_depth=4 min_child_weight=9.999 early_stop=99 val_logloss=0.288408
2025-12-20 13:30:01,600 - INFO - Trial 71: n_estimators=717 max_depth=4 min_child_weight=8.994 early_stop=129 val_logloss=0.277390
2025-12-20 13:30:18,467 - INFO - Trial 72: n_estimators=765 max_depth=4 min_child_weight=9.185 early_stop=130 val_logloss=0.277038
2025-12-20 13:30:35,789 - INFO - Trial 73: n_estimators=767 max_depth=4 min_child_weight=8.880 early_stop=130 val_logloss=0.277070
2025-12-20 13:30:52,303 - INFO - Trial 74: n_estimators=767 max_depth=4 min_child_weight=8.606 early_stop=146 val_logloss=0.277795
2025-12-20 13:31:13,450 - INFO - Trial 75: n_estimators=973 max_depth=4 min_child_weight=8.837 early_stop=131 val_logloss=0.281510
2025-12-20 13:31:30,241 - INFO - Trial 76: n_estimators=753 max_depth=4 min_child_weight=7.522 early_stop=111 val_logloss=0.277441
2025-12-20 13:31:52,370 - INFO - Trial 77: n_estimators=1049 max_depth=4 min_child_weight=8.139 early_stop=158 val_logloss=0.282089
2025-12-20 13:32:09,521 - INFO - Trial 78: n_estimators=800 max_depth=4 min_child_weight=6.926 early_stop=111 val_logloss=0.278860
2025-12-20 13:32:22,123 - INFO - Trial 79: n_estimators=553 max_depth=4 min_child_weight=7.690 early_stop=131 val_logloss=0.281517
2025-12-20 13:32:40,880 - INFO - Trial 80: n_estimators=706 max_depth=5 min_child_weight=9.964 early_stop=146 val_logloss=0.283738
2025-12-20 13:32:57,833 - INFO - Trial 81: n_estimators=730 max_depth=4 min_child_weight=7.315 early_stop=90 val_logloss=0.278102
2025-12-20 13:33:14,991 - INFO - Trial 82: n_estimators=793 max_depth=4 min_child_weight=8.318 early_stop=108 val_logloss=0.278932
2025-12-20 13:33:34,442 - INFO - Trial 83: n_estimators=911 max_depth=4 min_child_weight=8.948 early_stop=125 val_logloss=0.279271
2025-12-20 13:33:51,063 - INFO - Trial 84: n_estimators=710 max_depth=4 min_child_weight=2.954 early_stop=153 val_logloss=0.279355
2025-12-20 13:34:12,184 - INFO - Trial 85: n_estimators=981 max_depth=4 min_child_weight=7.614 early_stop=137 val_logloss=0.281879
2025-12-20 13:34:36,028 - INFO - Trial 86: n_estimators=1108 max_depth=4 min_child_weight=9.594 early_stop=102 val_logloss=0.282270
2025-12-20 13:35:06,293 - INFO - Trial 87: n_estimators=1510 max_depth=4 min_child_weight=2.214 early_stop=117 val_logloss=0.299208
2025-12-20 13:35:17,536 - INFO - Trial 88: n_estimators=464 max_depth=4 min_child_weight=8.686 early_stop=127 val_logloss=0.288623
2025-12-20 13:35:35,352 - INFO - Trial 89: n_estimators=808 max_depth=4 min_child_weight=7.135 early_stop=133 val_logloss=0.278200
2025-12-20 13:35:49,014 - INFO - Trial 90: n_estimators=591 max_depth=4 min_child_weight=7.987 early_stop=145 val_logloss=0.279645
2025-12-20 13:36:05,833 - INFO - Trial 91: n_estimators=767 max_depth=4 min_child_weight=8.463 early_stop=145 val_logloss=0.277473
2025-12-20 13:36:24,809 - INFO - Trial 92: n_estimators=890 max_depth=4 min_child_weight=8.896 early_stop=112 val_logloss=0.277994
2025-12-20 13:36:41,217 - INFO - Trial 93: n_estimators=746 max_depth=4 min_child_weight=8.328 early_stop=138 val_logloss=0.278473
2025-12-20 13:36:53,638 - INFO - Trial 94: n_estimators=528 max_depth=4 min_child_weight=6.729 early_stop=153 val_logloss=0.283127
2025-12-20 13:37:08,868 - INFO - Trial 95: n_estimators=665 max_depth=4 min_child_weight=9.597 early_stop=147 val_logloss=0.278237
2025-12-20 13:37:27,630 - INFO - Trial 96: n_estimators=828 max_depth=4 min_child_weight=7.703 early_stop=129 val_logloss=0.278139
2025-12-20 13:37:43,772 - INFO - Trial 97: n_estimators=692 max_depth=4 min_child_weight=7.439 early_stop=171 val_logloss=0.278305
2025-12-20 13:38:26,964 - INFO - Trial 98: n_estimators=2225 max_depth=4 min_child_weight=9.023 early_stop=160 val_logloss=0.318993
2025-12-20 13:39:03,215 - INFO - Trial 99: n_estimators=965 max_depth=7 min_child_weight=8.539 early_stop=136 val_logloss=0.293064
2025-12-20 13:39:37,514 - INFO - Trial 100: n_estimators=1766 max_depth=4 min_child_weight=9.529 early_stop=151 val_logloss=0.301830
2025-12-20 13:39:54,457 - INFO - Trial 101: n_estimators=753 max_depth=4 min_child_weight=8.412 early_stop=144 val_logloss=0.277639
2025-12-20 13:40:11,380 - INFO - Trial 102: n_estimators=736 max_depth=4 min_child_weight=8.205 early_stop=143 val_logloss=0.277442
2025-12-20 13:40:29,494 - INFO - Trial 103: n_estimators=824 max_depth=4 min_child_weight=7.982 early_stop=138 val_logloss=0.278148
2025-12-20 13:40:45,041 - INFO - Trial 104: n_estimators=684 max_depth=4 min_child_weight=6.661 early_stop=123 val_logloss=0.278947
2025-12-20 13:40:59,055 - INFO - Trial 105: n_estimators=595 max_depth=4 min_child_weight=9.076 early_stop=140 val_logloss=0.279678
2025-12-20 13:41:16,865 - INFO - Trial 106: n_estimators=773 max_depth=4 min_child_weight=7.296 early_stop=133 val_logloss=0.277513
2025-12-20 13:42:05,435 - INFO - Trial 107: n_estimators=2470 max_depth=4 min_child_weight=8.209 early_stop=149 val_logloss=0.324928
2025-12-20 13:42:25,854 - INFO - Trial 108: n_estimators=929 max_depth=4 min_child_weight=9.955 early_stop=155 val_logloss=0.282064
2025-12-20 13:42:45,231 - INFO - Trial 109: n_estimators=857 max_depth=4 min_child_weight=7.731 early_stop=118 val_logloss=0.278232
2025-12-20 13:43:02,138 - INFO - Trial 110: n_estimators=727 max_depth=4 min_child_weight=9.373 early_stop=126 val_logloss=0.277447
2025-12-20 13:43:19,650 - INFO - Trial 111: n_estimators=738 max_depth=4 min_child_weight=9.369 early_stop=128 val_logloss=0.277224
2025-12-20 13:43:35,399 - INFO - Trial 112: n_estimators=724 max_depth=4 min_child_weight=9.431 early_stop=128 val_logloss=0.277965
2025-12-20 13:43:50,663 - INFO - Trial 113: n_estimators=649 max_depth=4 min_child_weight=8.898 early_stop=115 val_logloss=0.278475
2025-12-20 13:44:03,871 - INFO - Trial 114: n_estimators=548 max_depth=4 min_child_weight=9.511 early_stop=123 val_logloss=0.282053
2025-12-20 13:44:20,016 - INFO - Trial 115: n_estimators=679 max_depth=4 min_child_weight=9.100 early_stop=130 val_logloss=0.278134
2025-12-20 13:44:29,199 - INFO - Trial 116: n_estimators=374 max_depth=4 min_child_weight=8.004 early_stop=134 val_logloss=0.299343
2025-12-20 13:44:47,006 - INFO - Trial 117: n_estimators=823 max_depth=4 min_child_weight=9.971 early_stop=162 val_logloss=0.278956
2025-12-20 13:45:02,201 - INFO - Trial 118: n_estimators=614 max_depth=4 min_child_weight=1.265 early_stop=103 val_logloss=0.281367
2025-12-20 13:45:21,961 - INFO - Trial 119: n_estimators=884 max_depth=4 min_child_weight=8.670 early_stop=125 val_logloss=0.278330
2025-12-20 13:45:38,367 - INFO - Trial 120: n_estimators=742 max_depth=4 min_child_weight=9.250 early_stop=141 val_logloss=0.277313
2025-12-20 13:45:54,680 - INFO - Trial 121: n_estimators=724 max_depth=4 min_child_weight=9.456 early_stop=120 val_logloss=0.277975
2025-12-20 13:46:13,097 - INFO - Trial 122: n_estimators=794 max_depth=4 min_child_weight=8.717 early_stop=138 val_logloss=0.276970
2025-12-20 13:46:30,815 - INFO - Trial 123: n_estimators=767 max_depth=4 min_child_weight=8.789 early_stop=141 val_logloss=0.277191
2025-12-20 13:46:30,835 - INFO - Best trial params: {'n_estimators': 794, 'max_depth': 4, 'min_child_weight': 8.716674047424991, 'early_stopping_rounds': 138, 'learning_rate': 0.00500127304056551, 'val_logloss': 0.2769703228529146}
2025-12-20 13:46:30,836 - INFO - Saved best Stage B parameters to /home/haris/Documents/ProjectBzarre/modeling_pipeline_bin/optuna_studies/stageB_iterations/best_iters.json
2025-12-20 13:46:30,836 - INFO - === Stage B Optimization Complete ===
2025-12-22 02:21:51,404 - INFO - === Stage B Iteration Optimization Started ===
2025-12-22 02:21:52,280 - INFO - Loaded datasets with horizon=4h (train=(157772, 206), val=(35036, 206))
2025-12-22 02:22:53,629 - INFO - Trial 0: n_estimators=1718 max_depth=7 min_child_weight=2.104 early_stop=159 val_logloss=0.105179
2025-12-22 02:23:11,649 - INFO - Trial 1: n_estimators=807 max_depth=4 min_child_weight=7.927 early_stop=65 val_logloss=0.079334
2025-12-22 02:23:11,675 - INFO - Best trial params: {'n_estimators': 807, 'max_depth': 4, 'min_child_weight': 7.927430443656969, 'early_stopping_rounds': 65, 'learning_rate': 0.007137101939123591, 'val_logloss': 0.07933401844884845}
2025-12-22 02:23:11,676 - INFO - Saved best Stage B parameters to /home/haris/Documents/ProjectBzarre/modeling_pipeline_bin/optuna_studies/stageB_iterations/best_iters.json
2025-12-22 02:23:11,676 - INFO - === Stage B Optimization Complete ===
2025-12-22 02:23:11,679 - INFO - === Stage B Iteration Optimization Started ===
2025-12-22 02:23:12,588 - INFO - Loaded datasets with horizon=4h (train=(157772, 206), val=(35036, 206))
2025-12-22 02:23:51,445 - INFO - Trial 2: n_estimators=1078 max_depth=7 min_child_weight=4.164 early_stop=194 val_logloss=0.093617
2025-12-22 02:24:28,669 - INFO - Trial 3: n_estimators=1357 max_depth=6 min_child_weight=3.001 early_stop=61 val_logloss=0.093954
2025-12-22 02:24:28,691 - INFO - Best trial params: {'n_estimators': 807, 'max_depth': 4, 'min_child_weight': 7.927430443656969, 'early_stopping_rounds': 65, 'learning_rate': 0.007137101939123591, 'val_logloss': 0.07933401844884845}
2025-12-22 02:24:28,691 - INFO - Saved best Stage B parameters to /home/haris/Documents/ProjectBzarre/modeling_pipeline_bin/optuna_studies/stageB_iterations/best_iters.json
2025-12-22 02:24:28,691 - INFO - === Stage B Optimization Complete ===
