2025-12-20 11:59:20,729 - INFO - === Stage E Scale Pos Weight Optimization Started ===
2025-12-20 11:59:22,428 - INFO - Datasets ready: horizon=4h train=(157772, 206) val=(35036, 206)
2025-12-20 11:59:40,344 - INFO - Trial 0: spw=1.6832 val_logloss=0.365168
2025-12-20 11:59:40,366 - INFO - Best trial: spw=1.6832 val_logloss=0.365168
2025-12-20 11:59:40,366 - INFO - Best scale_pos_weight saved to /home/haris/Documents/ProjectBzarre/modeling_pipeline_bin/optuna_studies/stageE_scale_pos_weight/best_scale_pos_weight.json
2025-12-20 11:59:40,366 - INFO - === Stage E Optimization Complete ===
2025-12-20 14:42:48,380 - INFO - === Stage E Scale Pos Weight Optimization Started ===
2025-12-20 14:42:50,084 - INFO - Datasets ready: horizon=4h train=(157772, 206) val=(35036, 206)
2025-12-20 14:43:03,135 - INFO - Trial 1: spw=10.3043 val_logloss=0.471058
2025-12-20 14:43:16,037 - INFO - Trial 2: spw=2.3071 val_logloss=0.292604
2025-12-20 14:43:28,894 - INFO - Trial 3: spw=2.1695 val_logloss=0.288925
2025-12-20 14:43:41,669 - INFO - Trial 4: spw=1.8692 val_logloss=0.282209
2025-12-20 14:43:54,640 - INFO - Trial 5: spw=2.7654 val_logloss=0.303733
2025-12-20 14:44:07,400 - INFO - Trial 6: spw=2.6719 val_logloss=0.302174
2025-12-20 14:44:20,291 - INFO - Trial 7: spw=7.9109 val_logloss=0.422843
2025-12-20 14:44:33,091 - INFO - Trial 8: spw=12.0961 val_logloss=0.501260
2025-12-20 14:44:46,149 - INFO - Trial 9: spw=3.7053 val_logloss=0.327347
2025-12-20 14:44:59,244 - INFO - Trial 10: spw=1.0376 val_logloss=0.272915
2025-12-20 14:45:12,084 - INFO - Trial 11: spw=1.0767 val_logloss=0.272896
2025-12-20 14:45:24,650 - INFO - Trial 12: spw=1.0851 val_logloss=0.272871
2025-12-20 14:45:37,466 - INFO - Trial 13: spw=1.0004 val_logloss=0.273460
2025-12-20 14:45:50,375 - INFO - Trial 14: spw=5.6485 val_logloss=0.373816
2025-12-20 14:46:03,136 - INFO - Trial 15: spw=1.3826 val_logloss=0.275002
2025-12-20 14:46:16,079 - INFO - Trial 16: spw=1.3496 val_logloss=0.273887
2025-12-20 14:46:29,056 - INFO - Trial 17: spw=18.4724 val_logloss=0.593344
2025-12-20 14:46:42,376 - INFO - Trial 18: spw=3.8015 val_logloss=0.331043
2025-12-20 14:46:55,239 - INFO - Trial 19: spw=5.2571 val_logloss=0.365033
2025-12-20 14:47:08,200 - INFO - Trial 20: spw=1.3787 val_logloss=0.274408
2025-12-20 14:47:20,837 - INFO - Trial 21: spw=1.1244 val_logloss=0.272894
2025-12-20 14:47:33,608 - INFO - Trial 22: spw=1.0111 val_logloss=0.273362
2025-12-20 14:47:46,508 - INFO - Trial 23: spw=1.5830 val_logloss=0.277631
2025-12-20 14:47:59,419 - INFO - Trial 24: spw=1.2043 val_logloss=0.273255
2025-12-20 14:48:12,107 - INFO - Trial 25: spw=1.8030 val_logloss=0.281254
2025-12-20 14:48:24,816 - INFO - Trial 26: spw=1.2744 val_logloss=0.273456
2025-12-20 14:48:37,709 - INFO - Trial 27: spw=3.0322 val_logloss=0.311253
2025-12-20 14:48:50,413 - INFO - Trial 28: spw=2.1975 val_logloss=0.290233
2025-12-20 14:49:03,378 - INFO - Trial 29: spw=1.6815 val_logloss=0.278816
2025-12-20 14:49:16,106 - INFO - Trial 30: spw=1.5418 val_logloss=0.276791
2025-12-20 14:49:28,910 - INFO - Trial 31: spw=1.0167 val_logloss=0.273354
2025-12-20 14:49:41,807 - INFO - Trial 32: spw=1.1690 val_logloss=0.272405
2025-12-20 14:49:54,440 - INFO - Trial 33: spw=1.2052 val_logloss=0.273319
2025-12-20 14:50:07,479 - INFO - Trial 34: spw=2.0253 val_logloss=0.285984
2025-12-20 14:50:20,088 - INFO - Trial 35: spw=1.1793 val_logloss=0.272879
2025-12-20 14:50:32,932 - INFO - Trial 36: spw=1.4830 val_logloss=0.275790
2025-12-20 14:50:45,511 - INFO - Trial 37: spw=1.8068 val_logloss=0.281258
2025-12-20 14:50:58,416 - INFO - Trial 38: spw=2.4323 val_logloss=0.296199
2025-12-20 14:51:11,182 - INFO - Trial 39: spw=1.2796 val_logloss=0.273403
2025-12-20 14:51:24,072 - INFO - Trial 40: spw=3.0529 val_logloss=0.311677
2025-12-20 14:51:24,091 - INFO - Best trial: spw=1.1690 val_logloss=0.272405
2025-12-20 14:51:24,092 - INFO - Best scale_pos_weight saved to /home/haris/Documents/ProjectBzarre/modeling_pipeline_bin/optuna_studies/stageE_scale_pos_weight/best_scale_pos_weight.json
2025-12-20 14:51:24,092 - INFO - === Stage E Optimization Complete ===
2025-12-22 02:27:04,508 - INFO - === Stage E Scale Pos Weight Optimization Started ===
2025-12-22 02:27:05,449 - INFO - Datasets ready: horizon=4h train=(157772, 206) val=(35036, 206)
2025-12-22 02:27:24,029 - INFO - Trial 0: spw=10.3291 val_logloss=0.089953
2025-12-22 02:27:24,053 - INFO - Best trial: spw=10.3291 val_logloss=0.089953
2025-12-22 02:27:24,053 - INFO - Best scale_pos_weight saved to /home/haris/Documents/ProjectBzarre/modeling_pipeline_bin/optuna_studies/stageE_scale_pos_weight/best_scale_pos_weight.json
2025-12-22 02:27:24,053 - INFO - === Stage E Optimization Complete ===
