2025-12-14 01:48:06,528 - INFO - === Stage C Tree Parameter Optimization Started ===
2025-12-14 01:48:35,787 - INFO - === Stage C Tree Parameter Optimization Started ===
2025-12-14 01:49:40,720 - INFO - Trial 1: {'max_depth': 7, 'min_child_weight': 2.5189940381107987, 'gamma': 3.903557348330426, 'subsample': 0.8140360596001569, 'colsample_bytree': 0.7928992719457815} val_mae=0.393498
2025-12-14 01:50:22,449 - INFO - Trial 2: {'max_depth': 8, 'min_child_weight': 2.7304216104865446, 'gamma': 0.3042682975361777, 'subsample': 0.5532234094001124, 'colsample_bytree': 0.7268473572327929} val_mae=0.394868
2025-12-14 01:50:45,692 - INFO - Trial 3: {'max_depth': 6, 'min_child_weight': 4.264460538670652, 'gamma': 0.5363886040107757, 'subsample': 0.9541689063557035, 'colsample_bytree': 0.5512798969036204} val_mae=0.393550
2025-12-14 01:51:43,391 - INFO - Trial 4: {'max_depth': 10, 'min_child_weight': 8.16843748700218, 'gamma': 1.2227206161743358, 'subsample': 0.9761891565717318, 'colsample_bytree': 0.7847243756410092} val_mae=0.397399
2025-12-14 01:52:01,410 - INFO - Trial 5: {'max_depth': 6, 'min_child_weight': 10.867728864998671, 'gamma': 3.2572528493163007, 'subsample': 0.7650428051625527, 'colsample_bytree': 0.5059055534587991} val_mae=0.392212
2025-12-14 01:52:18,878 - INFO - Trial 6: {'max_depth': 5, 'min_child_weight': 3.2939475260232323, 'gamma': 0.1655252195653817, 'subsample': 0.6352321841718466, 'colsample_bytree': 0.5819388871855532} val_mae=0.392469
2025-12-14 01:52:40,925 - INFO - Trial 7: {'max_depth': 7, 'min_child_weight': 1.8533485750755279, 'gamma': 4.939412893991606, 'subsample': 0.6064279166251682, 'colsample_bytree': 0.8922571712517029} val_mae=0.392786
2025-12-14 01:52:53,020 - INFO - Trial 8: {'max_depth': 4, 'min_child_weight': 1.8568439796173066, 'gamma': 3.2649755530381914, 'subsample': 0.6752407598954111, 'colsample_bytree': 0.702209680355185} val_mae=0.394817
2025-12-14 01:53:30,045 - INFO - Trial 9: {'max_depth': 10, 'min_child_weight': 5.4506036665984565, 'gamma': 4.784890650741933, 'subsample': 0.9657794022935704, 'colsample_bytree': 0.5798392887756774} val_mae=0.394684
2025-12-14 01:53:54,569 - INFO - Trial 10: {'max_depth': 9, 'min_child_weight': 9.730236609191328, 'gamma': 2.9384548360476415, 'subsample': 0.5588163794999851, 'colsample_bytree': 0.6783125545398987} val_mae=0.393902
2025-12-14 01:54:03,058 - INFO - Trial 11: {'max_depth': 4, 'min_child_weight': 19.625903594096354, 'gamma': 2.0221800560566203, 'subsample': 0.8079532724432847, 'colsample_bytree': 0.9555083188923909} val_mae=0.394884
2025-12-14 01:54:15,130 - INFO - Trial 12: {'max_depth': 5, 'min_child_weight': 1.1100373902852532, 'gamma': 1.884229963130983, 'subsample': 0.6902641428357661, 'colsample_bytree': 0.5154485283487789} val_mae=0.392035
2025-12-14 01:54:24,821 - INFO - Trial 13: {'max_depth': 3, 'min_child_weight': 1.1132628119023475, 'gamma': 1.9786896456522978, 'subsample': 0.7341763674937823, 'colsample_bytree': 0.5054011488261653} val_mae=0.397938
2025-12-14 01:54:46,476 - INFO - Trial 14: {'max_depth': 6, 'min_child_weight': 10.971772576098587, 'gamma': 3.7289266746190037, 'subsample': 0.7432716926447586, 'colsample_bytree': 0.6309285481563692} val_mae=0.392237
2025-12-14 01:55:00,162 - INFO - Trial 15: {'max_depth': 5, 'min_child_weight': 1.0017460016782322, 'gamma': 2.278940762086633, 'subsample': 0.8549781476699979, 'colsample_bytree': 0.5107086129052052} val_mae=0.393267
2025-12-14 01:55:14,598 - INFO - Trial 16: {'max_depth': 5, 'min_child_weight': 13.583808588779965, 'gamma': 1.4972421877814894, 'subsample': 0.6899420758952943, 'colsample_bytree': 0.6478385517178108} val_mae=0.392270
2025-12-14 01:55:48,494 - INFO - Trial 17: {'max_depth': 8, 'min_child_weight': 5.939635849817531, 'gamma': 2.801496311940936, 'subsample': 0.5019176108220411, 'colsample_bytree': 0.5990704054289689} val_mae=0.394933
2025-12-14 01:56:04,626 - INFO - Trial 18: {'max_depth': 3, 'min_child_weight': 15.086228098513574, 'gamma': 1.2586464645114126, 'subsample': 0.8436536543120832, 'colsample_bytree': 0.8467650811375801} val_mae=0.399254
2025-12-14 01:56:21,762 - INFO - Trial 19: {'max_depth': 6, 'min_child_weight': 7.089300904771814, 'gamma': 4.151689957198181, 'subsample': 0.8883366932849115, 'colsample_bytree': 0.5370900219324584} val_mae=0.393414
2025-12-14 01:56:31,518 - INFO - Trial 20: {'max_depth': 4, 'min_child_weight': 1.473055226632724, 'gamma': 3.138468643357985, 'subsample': 0.7703735969921349, 'colsample_bytree': 0.617890804888735} val_mae=0.394390
2025-12-14 01:57:02,330 - INFO - Trial 21: {'max_depth': 8, 'min_child_weight': 3.988276307157711, 'gamma': 2.5502197055965286, 'subsample': 0.6973585871230414, 'colsample_bytree': 0.6665650832954341} val_mae=0.393371
2025-12-14 01:57:16,507 - INFO - Trial 22: {'max_depth': 6, 'min_child_weight': 11.120955825259141, 'gamma': 3.53233925336895, 'subsample': 0.7496928413951088, 'colsample_bytree': 0.5009530720148301} val_mae=0.393155
2025-12-14 01:57:25,516 - INFO - Trial 23: {'max_depth': 5, 'min_child_weight': 18.416847534253023, 'gamma': 4.302973476968608, 'subsample': 0.7778290683727027, 'colsample_bytree': 0.6211093174135873} val_mae=0.392824
2025-12-14 01:57:38,920 - INFO - Trial 24: {'max_depth': 7, 'min_child_weight': 11.615574967144685, 'gamma': 3.6069121412552443, 'subsample': 0.7134134419654536, 'colsample_bytree': 0.5539876379528794} val_mae=0.393840
2025-12-14 01:57:50,217 - INFO - Trial 25: {'max_depth': 6, 'min_child_weight': 8.37535808408475, 'gamma': 1.7563768948858878, 'subsample': 0.6411752280349379, 'colsample_bytree': 0.550975030857738} val_mae=0.392528
2025-12-14 01:57:58,991 - INFO - Trial 26: {'max_depth': 5, 'min_child_weight': 5.700261415256754, 'gamma': 2.52539050281638, 'subsample': 0.6555632259220517, 'colsample_bytree': 0.6451860810378685} val_mae=0.392639
2025-12-14 01:58:14,600 - INFO - Trial 27: {'max_depth': 7, 'min_child_weight': 14.454285364275163, 'gamma': 0.8224217206951452, 'subsample': 0.7320159652688976, 'colsample_bytree': 0.5974968199277451} val_mae=0.393533
2025-12-14 01:58:25,579 - INFO - Trial 28: {'max_depth': 6, 'min_child_weight': 7.251637188527109, 'gamma': 4.389241500294536, 'subsample': 0.90776996998905, 'colsample_bytree': 0.5419050167083268} val_mae=0.393114
2025-12-14 01:58:32,595 - INFO - Trial 29: {'max_depth': 4, 'min_child_weight': 10.201076793163368, 'gamma': 3.657732043610557, 'subsample': 0.7866915896249204, 'colsample_bytree': 0.7339607496643312} val_mae=0.395099
2025-12-14 01:58:49,422 - INFO - Trial 30: {'max_depth': 7, 'min_child_weight': 2.689497580953773, 'gamma': 3.9343504229559674, 'subsample': 0.8308415317827282, 'colsample_bytree': 0.9963335323649787} val_mae=0.393507
2025-12-14 01:58:58,635 - INFO - Trial 31: {'max_depth': 5, 'min_child_weight': 1.3261294676227984, 'gamma': 3.0851790632946807, 'subsample': 0.6017033073748426, 'colsample_bytree': 0.6961836000624779} val_mae=0.392802
2025-12-14 01:59:07,258 - INFO - Trial 32: {'max_depth': 5, 'min_child_weight': 14.565197999495322, 'gamma': 1.6068896984939811, 'subsample': 0.711294672506041, 'colsample_bytree': 0.7674400758500246} val_mae=0.393241
2025-12-14 01:59:19,071 - INFO - Trial 33: {'max_depth': 6, 'min_child_weight': 12.735425513453851, 'gamma': 1.2896370396589398, 'subsample': 0.6703067188953686, 'colsample_bytree': 0.6356784874412271} val_mae=0.392658
2025-12-14 01:59:25,865 - INFO - Trial 34: {'max_depth': 4, 'min_child_weight': 16.467170333634066, 'gamma': 0.93823637789676, 'subsample': 0.6824063328780962, 'colsample_bytree': 0.6544174061246493} val_mae=0.395160
2025-12-14 01:59:37,345 - INFO - Trial 35: {'max_depth': 6, 'min_child_weight': 9.325383458229803, 'gamma': 2.2522169351894683, 'subsample': 0.8023657388083428, 'colsample_bytree': 0.5703058902208324} val_mae=0.393609
2025-12-14 01:59:46,488 - INFO - Trial 36: {'max_depth': 5, 'min_child_weight': 12.997942739752997, 'gamma': 1.6838682725448657, 'subsample': 0.6081128032551792, 'colsample_bytree': 0.7277855494271827} val_mae=0.393535
2025-12-14 01:59:58,925 - INFO - Trial 37: {'max_depth': 6, 'min_child_weight': 3.5942675782971647, 'gamma': 0.4849491846212315, 'subsample': 0.763940537616679, 'colsample_bytree': 0.6094285130553884} val_mae=0.392971
2025-12-14 02:00:14,669 - INFO - Trial 38: {'max_depth': 7, 'min_child_weight': 2.2714224553566607, 'gamma': 2.6618396942722606, 'subsample': 0.7381138602669436, 'colsample_bytree': 0.5283790400867302} val_mae=0.394025
2025-12-14 02:00:32,693 - INFO - Trial 39: {'max_depth': 8, 'min_child_weight': 7.270000028901419, 'gamma': 3.3593770940168888, 'subsample': 0.6991288553130971, 'colsample_bytree': 0.8063647849547545} val_mae=0.392943
2025-12-14 02:00:41,379 - INFO - Trial 40: {'max_depth': 5, 'min_child_weight': 3.056159276659227, 'gamma': 0.04314340979251563, 'subsample': 0.6422788227576957, 'colsample_bytree': 0.5771231086069327} val_mae=0.392448
2025-12-14 02:01:06,660 - INFO - Trial 41: {'max_depth': 9, 'min_child_weight': 2.277084122630071, 'gamma': 2.188447965992091, 'subsample': 0.6181690688590238, 'colsample_bytree': 0.6883185589852032} val_mae=0.395343
2025-12-14 02:01:15,108 - INFO - Trial 42: {'max_depth': 5, 'min_child_weight': 1.728444392028982, 'gamma': 0.8058339647717031, 'subsample': 0.5637992796443212, 'colsample_bytree': 0.5779247402624311} val_mae=0.391634
2025-12-14 02:01:21,974 - INFO - Trial 43: {'max_depth': 4, 'min_child_weight': 1.6001372476887745, 'gamma': 0.8341381087133528, 'subsample': 0.5410225313637087, 'colsample_bytree': 0.524104105253805} val_mae=0.394803
2025-12-14 02:01:30,752 - INFO - Trial 44: {'max_depth': 5, 'min_child_weight': 1.7676812757170028, 'gamma': 1.4043977457905283, 'subsample': 0.5584004229313615, 'colsample_bytree': 0.5623263408711413} val_mae=0.391932
2025-12-14 02:01:42,376 - INFO - Trial 45: {'max_depth': 6, 'min_child_weight': 1.2159860979936232, 'gamma': 0.4126386938529479, 'subsample': 0.5671763409851985, 'colsample_bytree': 0.5620794519130716} val_mae=0.392492
2025-12-14 02:01:51,079 - INFO - Trial 46: {'max_depth': 5, 'min_child_weight': 1.8428192408990467, 'gamma': 1.0114113052288813, 'subsample': 0.5055781400506534, 'colsample_bytree': 0.5880914380246892} val_mae=0.393108
2025-12-14 02:01:56,585 - INFO - Trial 47: {'max_depth': 3, 'min_child_weight': 1.044973036389526, 'gamma': 1.8936762321178315, 'subsample': 0.5700645309079793, 'colsample_bytree': 0.5222157925221995} val_mae=0.398551
2025-12-14 02:02:03,068 - INFO - Trial 48: {'max_depth': 4, 'min_child_weight': 1.6274290949028176, 'gamma': 1.4566998837490357, 'subsample': 0.999942240744688, 'colsample_bytree': 0.500817833748112} val_mae=0.394670
2025-12-14 02:02:11,430 - INFO - Trial 49: {'max_depth': 5, 'min_child_weight': 4.631708307187499, 'gamma': 0.6725742555436397, 'subsample': 0.5439763491156264, 'colsample_bytree': 0.5717998844572362} val_mae=0.392898
2025-12-14 02:02:24,450 - INFO - Trial 50: {'max_depth': 7, 'min_child_weight': 2.0842444206556916, 'gamma': 4.564747586270407, 'subsample': 0.5849631644380257, 'colsample_bytree': 0.5404287669555417} val_mae=0.393388
2025-12-14 02:02:35,059 - INFO - Trial 51: {'max_depth': 6, 'min_child_weight': 1.264683568765127, 'gamma': 3.9478922174483353, 'subsample': 0.531748046070028, 'colsample_bytree': 0.5882016296754515} val_mae=0.393090
2025-12-14 02:02:44,318 - INFO - Trial 52: {'max_depth': 5, 'min_child_weight': 1.3793249486412398, 'gamma': 1.4120627357962863, 'subsample': 0.665304677193565, 'colsample_bytree': 0.6287175602635501} val_mae=0.390759
2025-12-14 02:02:53,438 - INFO - Trial 53: {'max_depth': 5, 'min_child_weight': 1.526827279615803, 'gamma': 1.1162629919003675, 'subsample': 0.6644285526909546, 'colsample_bytree': 0.6269442146694291} val_mae=0.391034
2025-12-14 02:02:59,528 - INFO - Trial 54: {'max_depth': 4, 'min_child_weight': 1.5392496401518623, 'gamma': 1.0882936135041783, 'subsample': 0.6624196501493865, 'colsample_bytree': 0.6078637280092788} val_mae=0.394696
2025-12-14 02:03:08,121 - INFO - Trial 55: {'max_depth': 5, 'min_child_weight': 1.8312226074470321, 'gamma': 1.4526969489807708, 'subsample': 0.6245024571042647, 'colsample_bytree': 0.5535552543802222} val_mae=0.391776
2025-12-14 02:03:17,475 - INFO - Trial 56: {'max_depth': 5, 'min_child_weight': 1.8470865870952609, 'gamma': 1.4444859207442362, 'subsample': 0.587896261656101, 'colsample_bytree': 0.560461066073721} val_mae=0.392171
2025-12-14 02:03:24,187 - INFO - Trial 57: {'max_depth': 4, 'min_child_weight': 1.4055659271604317, 'gamma': 1.2939747206894903, 'subsample': 0.6263957300167922, 'colsample_bytree': 0.6666067702252979} val_mae=0.394565
2025-12-14 02:03:29,623 - INFO - Trial 58: {'max_depth': 3, 'min_child_weight': 1.1421740391322588, 'gamma': 0.6860757294804554, 'subsample': 0.5185148654371277, 'colsample_bytree': 0.630519577479717} val_mae=0.398805
2025-12-14 02:03:38,451 - INFO - Trial 59: {'max_depth': 5, 'min_child_weight': 2.0677446972977163, 'gamma': 1.8957701262718465, 'subsample': 0.6472454926467655, 'colsample_bytree': 0.7118760258840668} val_mae=0.392191
2025-12-14 02:03:47,553 - INFO - Trial 60: {'max_depth': 5, 'min_child_weight': 1.6311055054747072, 'gamma': 0.2557298045404681, 'subsample': 0.5897920047320184, 'colsample_bytree': 0.8922274770769325} val_mae=0.392271
2025-12-14 02:03:47,597 - INFO - Best trial params: {'max_depth': 5, 'min_child_weight': 1.3793249486412398, 'gamma': 1.4120627357962863, 'subsample': 0.665304677193565, 'colsample_bytree': 0.6287175602635501, 'learning_rate': 0.009848731703179103, 'n_estimators': 796, 'early_stopping_rounds': 116, 'val_mae': 0.3907591700553894}
2025-12-14 02:03:47,597 - INFO - Saved best Stage C parameters to /home/haris/Documents/ProjectBzarre/modeling_pipeline/optuna_studies/stageC_tree_params/best_tree_params.json
2025-12-14 02:03:47,597 - INFO - === Stage C Optimization Complete ===
2025-12-14 17:48:35,015 - INFO - === Stage C Tree Parameter Optimization Started ===
2025-12-14 17:48:43,341 - INFO - Trial 61: {'max_depth': 4, 'min_child_weight': 1.3611798102745136, 'gamma': 1.1127881770261867, 'subsample': 0.6226968207366874, 'colsample_bytree': 0.5237083057671021} val_mae=0.394523
2025-12-14 17:48:52,241 - INFO - Trial 62: {'max_depth': 5, 'min_child_weight': 1.8038974915930728, 'gamma': 1.4541692143565152, 'subsample': 0.5584698082108243, 'colsample_bytree': 0.5592069082457785} val_mae=0.393495
2025-12-14 17:49:01,697 - INFO - Trial 63: {'max_depth': 5, 'min_child_weight': 2.0008081836950327, 'gamma': 1.404651216510314, 'subsample': 0.5841972079663598, 'colsample_bytree': 0.5461814856594115} val_mae=0.392575
2025-12-14 17:49:10,596 - INFO - Trial 64: {'max_depth': 5, 'min_child_weight': 1.7595111062432958, 'gamma': 1.7513172707966826, 'subsample': 0.5996438767314531, 'colsample_bytree': 0.5904084874193818} val_mae=0.392871
2025-12-14 17:49:17,275 - INFO - Trial 65: {'max_depth': 4, 'min_child_weight': 2.4519959844825636, 'gamma': 1.1524132497325714, 'subsample': 0.6731663842757253, 'colsample_bytree': 0.6198132305122906} val_mae=0.393955
2025-12-14 17:49:25,870 - INFO - Trial 66: {'max_depth': 5, 'min_child_weight': 1.0871057198328915, 'gamma': 1.557277391517069, 'subsample': 0.6549812183498765, 'colsample_bytree': 0.5623480360510169} val_mae=0.393238
2025-12-14 17:49:34,575 - INFO - Trial 67: {'max_depth': 5, 'min_child_weight': 1.212486371122573, 'gamma': 0.860285778757519, 'subsample': 0.7195350314303168, 'colsample_bytree': 0.5142354108534278} val_mae=0.392923
2025-12-14 17:49:45,838 - INFO - Trial 68: {'max_depth': 6, 'min_child_weight': 1.4769996197297712, 'gamma': 2.0044674165925516, 'subsample': 0.575626886125289, 'colsample_bytree': 0.583389776797195} val_mae=0.394096
2025-12-14 17:49:52,622 - INFO - Trial 69: {'max_depth': 4, 'min_child_weight': 2.81119380251337, 'gamma': 0.6880139141236635, 'subsample': 0.6339023814222773, 'colsample_bytree': 0.6040952977028932} val_mae=0.394926
2025-12-14 17:50:01,678 - INFO - Trial 70: {'max_depth': 5, 'min_child_weight': 1.0052560713470917, 'gamma': 1.2540755138437483, 'subsample': 0.6148474223301035, 'colsample_bytree': 0.5493661799524885} val_mae=0.393135
2025-12-14 17:50:12,746 - INFO - Trial 71: {'max_depth': 6, 'min_child_weight': 1.685601884399133, 'gamma': 2.14519430637134, 'subsample': 0.6955309623685776, 'colsample_bytree': 0.5375283923132799} val_mae=0.392650
2025-12-14 17:50:21,638 - INFO - Trial 72: {'max_depth': 5, 'min_child_weight': 2.107016687513177, 'gamma': 1.8548536337736055, 'subsample': 0.6445570724542541, 'colsample_bytree': 0.7093613993759533} val_mae=0.392399
2025-12-14 17:50:31,315 - INFO - Trial 73: {'max_depth': 5, 'min_child_weight': 1.990964902267839, 'gamma': 2.3883839225184493, 'subsample': 0.6504697795461113, 'colsample_bytree': 0.8025324468369672} val_mae=0.392237
2025-12-14 17:50:40,653 - INFO - Trial 74: {'max_depth': 5, 'min_child_weight': 1.3843460711757043, 'gamma': 1.6698832424452728, 'subsample': 0.5941820900085818, 'colsample_bytree': 0.6662637537942909} val_mae=0.392607
2025-12-14 17:50:49,531 - INFO - Trial 75: {'max_depth': 5, 'min_child_weight': 2.383233609823827, 'gamma': 1.3373064928030278, 'subsample': 0.6838647833722367, 'colsample_bytree': 0.6422717130671186} val_mae=0.392133
2025-12-14 17:50:56,628 - INFO - Trial 76: {'max_depth': 4, 'min_child_weight': 2.3353289537473128, 'gamma': 1.3663562051585973, 'subsample': 0.6758655161584126, 'colsample_bytree': 0.6425922831066536} val_mae=0.394941
2025-12-14 17:51:08,720 - INFO - Trial 77: {'max_depth': 5, 'min_child_weight': 1.4936339760681816, 'gamma': 0.9799983235278671, 'subsample': 0.7024824391716686, 'colsample_bytree': 0.6219604611727856} val_mae=0.392849
2025-12-14 17:51:22,370 - INFO - Trial 78: {'max_depth': 6, 'min_child_weight': 2.6005883400768104, 'gamma': 1.5416578981405915, 'subsample': 0.6859264480446308, 'colsample_bytree': 0.5735711590490352} val_mae=0.393028
2025-12-14 17:51:34,484 - INFO - Trial 79: {'max_depth': 6, 'min_child_weight': 1.1812402030874976, 'gamma': 1.203632191890637, 'subsample': 0.7242951921113334, 'colsample_bytree': 0.6556127121857284} val_mae=0.391912
2025-12-14 17:51:46,507 - INFO - Trial 80: {'max_depth': 6, 'min_child_weight': 1.3795969676902842, 'gamma': 1.2230891280549203, 'subsample': 0.7174461879419921, 'colsample_bytree': 0.6534692924839487} val_mae=0.392203
2025-12-14 17:51:59,330 - INFO - Trial 81: {'max_depth': 6, 'min_child_weight': 1.189160558506547, 'gamma': 0.5778867290287416, 'subsample': 0.7511889782417929, 'colsample_bytree': 0.681110538786334} val_mae=0.392426
2025-12-14 17:52:11,697 - INFO - Trial 82: {'max_depth': 5, 'min_child_weight': 1.3084587367530907, 'gamma': 1.0638777925369796, 'subsample': 0.6651639428256748, 'colsample_bytree': 0.6072790280882778} val_mae=0.392289
2025-12-14 17:52:20,655 - INFO - Trial 83: {'max_depth': 5, 'min_child_weight': 1.9225420994757187, 'gamma': 1.6028010883777757, 'subsample': 0.5509782772070275, 'colsample_bytree': 0.6297580872631998} val_mae=0.392866
2025-12-14 17:52:29,871 - INFO - Trial 84: {'max_depth': 5, 'min_child_weight': 1.6995449183825588, 'gamma': 1.3612000793396597, 'subsample': 0.6303520909683796, 'colsample_bytree': 0.7483746206482037} val_mae=0.393016
2025-12-14 17:52:38,696 - INFO - Trial 85: {'max_depth': 5, 'min_child_weight': 1.573584320978935, 'gamma': 0.8802111339470648, 'subsample': 0.7253854434012316, 'colsample_bytree': 0.5969189802892341} val_mae=0.391763
2025-12-14 17:52:46,083 - INFO - Trial 86: {'max_depth': 4, 'min_child_weight': 1.1067675996830375, 'gamma': 0.7955652475196487, 'subsample': 0.7219127233727796, 'colsample_bytree': 0.5934862971291885} val_mae=0.394736
2025-12-14 17:52:58,679 - INFO - Trial 87: {'max_depth': 6, 'min_child_weight': 1.5698491515862254, 'gamma': 0.9299846344134426, 'subsample': 0.754358297795511, 'colsample_bytree': 0.6643843030274663} val_mae=0.392756
2025-12-14 17:53:09,137 - INFO - Trial 88: {'max_depth': 5, 'min_child_weight': 1.2655823536593473, 'gamma': 0.3492259999492191, 'subsample': 0.7355698987447482, 'colsample_bytree': 0.641576878197175} val_mae=0.392155
2025-12-14 17:53:18,326 - INFO - Trial 89: {'max_depth': 5, 'min_child_weight': 1.1542579602234222, 'gamma': 1.1468914048568024, 'subsample': 0.7053850496262297, 'colsample_bytree': 0.6159155559333317} val_mae=0.392988
2025-12-14 17:53:25,174 - INFO - Trial 90: {'max_depth': 4, 'min_child_weight': 2.1951900162881706, 'gamma': 1.769140100742797, 'subsample': 0.6819536471832045, 'colsample_bytree': 0.5784770377293068} val_mae=0.394509
2025-12-14 17:53:37,255 - INFO - Trial 91: {'max_depth': 6, 'min_child_weight': 1.478195919468337, 'gamma': 0.7644817198182716, 'subsample': 0.7266520006993075, 'colsample_bytree': 0.6000753431103213} val_mae=0.392182
2025-12-14 17:53:46,191 - INFO - Trial 92: {'max_depth': 5, 'min_child_weight': 1.2798063743626191, 'gamma': 0.9780891531638534, 'subsample': 0.7375476840337294, 'colsample_bytree': 0.6351358190204496} val_mae=0.392247
2025-12-14 17:53:55,329 - INFO - Trial 93: {'max_depth': 5, 'min_child_weight': 1.2668605284504446, 'gamma': 0.3841099383693266, 'subsample': 0.779120652381621, 'colsample_bytree': 0.6492484154766567} val_mae=0.393889
2025-12-14 17:54:04,628 - INFO - Trial 94: {'max_depth': 5, 'min_child_weight': 1.4261941595711316, 'gamma': 0.11022787496543612, 'subsample': 0.6913792751387442, 'colsample_bytree': 0.5325964775052966} val_mae=0.392095
2025-12-14 17:54:13,498 - INFO - Trial 95: {'max_depth': 5, 'min_child_weight': 1.7295482827664042, 'gamma': 0.06385609652548041, 'subsample': 0.6854876030170743, 'colsample_bytree': 0.5147422911982974} val_mae=0.393362
2025-12-14 17:54:25,274 - INFO - Trial 96: {'max_depth': 6, 'min_child_weight': 1.5684789086264863, 'gamma': 1.3107824643996349, 'subsample': 0.6612966076033114, 'colsample_bytree': 0.5355191374980528} val_mae=0.395127
2025-12-14 17:54:34,207 - INFO - Trial 97: {'max_depth': 5, 'min_child_weight': 1.421482381873909, 'gamma': 0.17461501261688595, 'subsample': 0.705583359885314, 'colsample_bytree': 0.5682453977266734} val_mae=0.392435
2025-12-14 17:55:15,866 - INFO - Trial 98: {'max_depth': 10, 'min_child_weight': 1.0580832543305485, 'gamma': 1.157404690364524, 'subsample': 0.6929586829456477, 'colsample_bytree': 0.5525363875404635} val_mae=0.396356
2025-12-14 17:55:22,844 - INFO - Trial 99: {'max_depth': 4, 'min_child_weight': 1.8744616800256764, 'gamma': 0.5397945894375262, 'subsample': 0.6707658615061476, 'colsample_bytree': 0.5151989060747415} val_mae=0.394660
2025-12-14 17:55:31,698 - INFO - Trial 100: {'max_depth': 5, 'min_child_weight': 3.349652452725405, 'gamma': 1.5006822708307865, 'subsample': 0.7632996328514421, 'colsample_bytree': 0.5819418081818054} val_mae=0.392483
2025-12-14 17:56:05,019 - INFO - Trial 101: {'max_depth': 9, 'min_child_weight': 1.6843845348021758, 'gamma': 0.599501051840901, 'subsample': 0.5252138473635344, 'colsample_bytree': 0.5321490830788478} val_mae=0.396253
2025-12-14 17:56:14,415 - INFO - Trial 102: {'max_depth': 5, 'min_child_weight': 1.215807079677458, 'gamma': 0.4008279526766653, 'subsample': 0.7403912473961098, 'colsample_bytree': 0.6417864546687432} val_mae=0.391539
2025-12-14 17:56:23,382 - INFO - Trial 103: {'max_depth': 5, 'min_child_weight': 1.179605292966306, 'gamma': 0.8852676447588331, 'subsample': 0.7935996962088196, 'colsample_bytree': 0.6597960303100562} val_mae=0.392962
2025-12-14 17:56:32,285 - INFO - Trial 104: {'max_depth': 5, 'min_child_weight': 1.004262876479912, 'gamma': 0.18661032178005454, 'subsample': 0.7149046823180513, 'colsample_bytree': 0.6270829719048157} val_mae=0.392641
2025-12-14 17:56:41,651 - INFO - Trial 105: {'max_depth': 5, 'min_child_weight': 1.450109893027319, 'gamma': 0.49873650097484673, 'subsample': 0.7472931478295138, 'colsample_bytree': 0.6125925751125668} val_mae=0.391900
2025-12-14 17:56:50,453 - INFO - Trial 106: {'max_depth': 5, 'min_child_weight': 1.3374813781179717, 'gamma': 0.26269060277865053, 'subsample': 0.7466968112168864, 'colsample_bytree': 0.6101564374843385} val_mae=0.391821
2025-12-14 17:56:57,847 - INFO - Trial 107: {'max_depth': 4, 'min_child_weight': 1.3360477063064475, 'gamma': 0.4790007426646866, 'subsample': 0.7455206474389128, 'colsample_bytree': 0.5971139993140017} val_mae=0.394309
2025-12-14 17:57:13,601 - INFO - Trial 108: {'max_depth': 6, 'min_child_weight': 1.106861913175956, 'gamma': 0.7447221794021289, 'subsample': 0.7653951885381622, 'colsample_bytree': 0.6103427698564908} val_mae=0.393780
2025-12-14 17:57:25,852 - INFO - Trial 109: {'max_depth': 5, 'min_child_weight': 1.554391848194414, 'gamma': 0.3164639288603124, 'subsample': 0.7767489272301601, 'colsample_bytree': 0.6147334030047507} val_mae=0.392562
2025-12-14 17:57:35,968 - INFO - Trial 110: {'max_depth': 5, 'min_child_weight': 1.2383435183589102, 'gamma': 0.6522920993542625, 'subsample': 0.8226107596377022, 'colsample_bytree': 0.5667376007588382} val_mae=0.392853
2025-12-14 17:57:51,567 - INFO - Trial 111: {'max_depth': 4, 'min_child_weight': 4.900155089022283, 'gamma': 0.4618942325039459, 'subsample': 0.7298787359084148, 'colsample_bytree': 0.6730238309638377} val_mae=0.393969
2025-12-14 17:58:16,345 - INFO - Trial 112: {'max_depth': 5, 'min_child_weight': 1.4515297236156184, 'gamma': 0.09791781455358901, 'subsample': 0.7579410074312695, 'colsample_bytree': 0.5482571964611906} val_mae=0.392493
2025-12-14 17:58:40,353 - INFO - Trial 113: {'max_depth': 5, 'min_child_weight': 1.3360710623349004, 'gamma': 0.2684026682098263, 'subsample': 0.7450789773360462, 'colsample_bytree': 0.5898070132524084} val_mae=0.391807
2025-12-14 17:58:49,313 - INFO - Trial 114: {'max_depth': 5, 'min_child_weight': 1.3313767350878816, 'gamma': 1.0318322111145959, 'subsample': 0.7450147476989847, 'colsample_bytree': 0.5894067829456587} val_mae=0.391920
2025-12-14 17:58:58,840 - INFO - Trial 115: {'max_depth': 5, 'min_child_weight': 1.649904679628491, 'gamma': 0.24577076417974308, 'subsample': 0.7891632173128873, 'colsample_bytree': 0.5946051585607961} val_mae=0.392089
2025-12-14 17:59:07,593 - INFO - Trial 116: {'max_depth': 5, 'min_child_weight': 1.5170636465710645, 'gamma': 1.0372977841143833, 'subsample': 0.7435641873283306, 'colsample_bytree': 0.5832050591934635} val_mae=0.391431
2025-12-14 17:59:20,412 - INFO - Trial 117: {'max_depth': 6, 'min_child_weight': 1.3070167004295745, 'gamma': 0.546908837644571, 'subsample': 0.7728923666923474, 'colsample_bytree': 0.5889136085495975} val_mae=0.393888
2025-12-14 17:59:30,332 - INFO - Trial 118: {'max_depth': 5, 'min_child_weight': 1.5271830374223203, 'gamma': 1.0515750688381202, 'subsample': 0.7444165151160979, 'colsample_bytree': 0.6243823665734547} val_mae=0.391641
2025-12-14 17:59:39,969 - INFO - Trial 119: {'max_depth': 5, 'min_child_weight': 1.4694565584213795, 'gamma': 0.0011338058070072266, 'subsample': 0.8057715874212947, 'colsample_bytree': 0.6264966843680148} val_mae=0.392404
2025-12-14 17:59:50,057 - INFO - Trial 120: {'max_depth': 5, 'min_child_weight': 1.5407488735094637, 'gamma': 0.861757886523246, 'subsample': 0.7432853674629883, 'colsample_bytree': 0.6161156375860106} val_mae=0.392188
2025-12-14 17:59:50,080 - INFO - Best trial params: {'max_depth': 5, 'min_child_weight': 1.3793249486412398, 'gamma': 1.4120627357962863, 'subsample': 0.665304677193565, 'colsample_bytree': 0.6287175602635501, 'learning_rate': 0.0075852754663137305, 'n_estimators': 1039, 'early_stopping_rounds': 68, 'val_mae': 0.3907591700553894}
2025-12-14 17:59:50,080 - INFO - Saved best Stage C parameters to /home/haris/Documents/ProjectBzarre/modeling_pipeline/optuna_studies/stageC_tree_params/best_tree_params.json
2025-12-14 17:59:50,080 - INFO - === Stage C Optimization Complete ===
2025-12-16 01:43:37,256 - INFO - === Stage C Tree Parameter Optimization Started ===
2025-12-16 01:44:05,755 - INFO - Trial 121: {'max_depth': 5, 'min_child_weight': 1.1784825168036106, 'gamma': 0.3772455851323572, 'subsample': 0.7268382809132696, 'colsample_bytree': 0.6532317910386939} val_mae=0.256978
2025-12-16 01:44:31,987 - INFO - Trial 122: {'max_depth': 5, 'min_child_weight': 1.179333194420927, 'gamma': 0.2547054277491673, 'subsample': 0.7256426929011516, 'colsample_bytree': 0.652758102319892} val_mae=0.258597
2025-12-16 01:44:58,283 - INFO - Trial 123: {'max_depth': 5, 'min_child_weight': 1.3796021404343775, 'gamma': 0.2935426828892832, 'subsample': 0.7547763793957174, 'colsample_bytree': 0.6847774655621712} val_mae=0.257658
2025-12-16 01:45:24,725 - INFO - Trial 124: {'max_depth': 5, 'min_child_weight': 1.1302084634731198, 'gamma': 0.2819066907985418, 'subsample': 0.7319535852462851, 'colsample_bytree': 0.684274394960203} val_mae=0.257933
2025-12-16 01:45:50,276 - INFO - Trial 125: {'max_depth': 5, 'min_child_weight': 1.1151462172541355, 'gamma': 0.39438331694828754, 'subsample': 0.7111372765150932, 'colsample_bytree': 0.6813715175483304} val_mae=0.258011
2025-12-16 01:46:16,885 - INFO - Trial 126: {'max_depth': 5, 'min_child_weight': 1.1428302079883328, 'gamma': 0.37447663065102055, 'subsample': 0.7112322075388804, 'colsample_bytree': 0.6819285883041892} val_mae=0.257945
2025-12-16 01:46:42,986 - INFO - Trial 127: {'max_depth': 5, 'min_child_weight': 1.0760773728791253, 'gamma': 0.3753389635555392, 'subsample': 0.7085452462986082, 'colsample_bytree': 0.6910525809055592} val_mae=0.259567
2025-12-16 01:47:04,938 - INFO - Trial 128: {'max_depth': 4, 'min_child_weight': 1.0714777843353944, 'gamma': 0.428560126057416, 'subsample': 0.7127846528895955, 'colsample_bytree': 0.6939902463853266} val_mae=0.254060
2025-12-16 01:47:23,924 - INFO - Trial 129: {'max_depth': 3, 'min_child_weight': 1.0429205659878626, 'gamma': 0.37354576914210885, 'subsample': 0.7117124160941846, 'colsample_bytree': 0.6962720074413679} val_mae=0.255032
2025-12-16 01:47:42,324 - INFO - Trial 130: {'max_depth': 3, 'min_child_weight': 1.0697989925801856, 'gamma': 0.3841977796689625, 'subsample': 0.7082888038625743, 'colsample_bytree': 0.6948364651602634} val_mae=0.254824
2025-12-16 01:48:00,823 - INFO - Trial 131: {'max_depth': 3, 'min_child_weight': 1.0454716429814328, 'gamma': 0.3612316847574147, 'subsample': 0.7128350767283809, 'colsample_bytree': 0.699065982997458} val_mae=0.253744
2025-12-16 01:48:20,004 - INFO - Trial 132: {'max_depth': 3, 'min_child_weight': 1.0694168305545924, 'gamma': 0.3499067832948706, 'subsample': 0.7089865738914289, 'colsample_bytree': 0.697301147679435} val_mae=0.254596
2025-12-16 01:48:38,071 - INFO - Trial 133: {'max_depth': 3, 'min_child_weight': 1.0524500370322323, 'gamma': 0.36744308884305227, 'subsample': 0.708416877984826, 'colsample_bytree': 0.6938949055573246} val_mae=0.254516
2025-12-16 01:48:57,443 - INFO - Trial 134: {'max_depth': 3, 'min_child_weight': 1.0504547528429091, 'gamma': 0.3690985892203916, 'subsample': 0.7144242163619449, 'colsample_bytree': 0.6961252550715056} val_mae=0.254408
2025-12-16 01:49:15,671 - INFO - Trial 135: {'max_depth': 3, 'min_child_weight': 1.0507512983043028, 'gamma': 0.3605687634526594, 'subsample': 0.7118408580963355, 'colsample_bytree': 0.6954895203538404} val_mae=0.254535
2025-12-16 01:49:34,388 - INFO - Trial 136: {'max_depth': 3, 'min_child_weight': 1.012936810081085, 'gamma': 0.1987926503913658, 'subsample': 0.7145027996767775, 'colsample_bytree': 0.7188985394934025} val_mae=0.253973
2025-12-16 01:49:52,864 - INFO - Trial 137: {'max_depth': 3, 'min_child_weight': 1.0112905430489048, 'gamma': 0.4102115885898541, 'subsample': 0.7128450716496353, 'colsample_bytree': 0.7054226134658994} val_mae=0.253554
2025-12-16 01:50:11,836 - INFO - Trial 138: {'max_depth': 3, 'min_child_weight': 1.0058426791037507, 'gamma': 0.14562668367452958, 'subsample': 0.6994361286072206, 'colsample_bytree': 0.7185465667440086} val_mae=0.253968
2025-12-16 01:50:31,061 - INFO - Trial 139: {'max_depth': 3, 'min_child_weight': 1.0199955113030243, 'gamma': 0.1405268605582736, 'subsample': 0.6984757204181137, 'colsample_bytree': 0.7224861593548043} val_mae=0.253335
2025-12-16 01:50:50,253 - INFO - Trial 140: {'max_depth': 3, 'min_child_weight': 1.0030169404192377, 'gamma': 0.1466149361105148, 'subsample': 0.6966663592100986, 'colsample_bytree': 0.7224383681612081} val_mae=0.253073
2025-12-16 01:51:08,305 - INFO - Trial 141: {'max_depth': 3, 'min_child_weight': 1.004123273124921, 'gamma': 0.16879720375964719, 'subsample': 0.6967503007113894, 'colsample_bytree': 0.7194768795156978} val_mae=0.253850
2025-12-16 01:51:27,873 - INFO - Trial 142: {'max_depth': 3, 'min_child_weight': 1.005819041870436, 'gamma': 0.13562247674057692, 'subsample': 0.6988283573472628, 'colsample_bytree': 0.7174422607537995} val_mae=0.253605
2025-12-16 01:51:46,379 - INFO - Trial 143: {'max_depth': 3, 'min_child_weight': 1.0064969968012702, 'gamma': 0.14196451738117374, 'subsample': 0.6998779447526886, 'colsample_bytree': 0.7041721372744579} val_mae=0.254082
2025-12-16 01:52:04,567 - INFO - Trial 144: {'max_depth': 3, 'min_child_weight': 1.0163604169908766, 'gamma': 0.14595190130434593, 'subsample': 0.6998325631648004, 'colsample_bytree': 0.7177101073275551} val_mae=0.253738
2025-12-16 01:52:23,829 - INFO - Trial 145: {'max_depth': 3, 'min_child_weight': 1.007340814222974, 'gamma': 0.0002584448864557387, 'subsample': 0.6971740739651987, 'colsample_bytree': 0.7202492108616504} val_mae=0.253316
2025-12-16 01:52:42,116 - INFO - Trial 146: {'max_depth': 3, 'min_child_weight': 1.003587578426227, 'gamma': 0.13147549852916132, 'subsample': 0.6974171055013692, 'colsample_bytree': 0.7192890422406367} val_mae=0.253443
2025-12-16 01:53:01,405 - INFO - Trial 147: {'max_depth': 3, 'min_child_weight': 1.096497886752153, 'gamma': 0.13256137160674702, 'subsample': 0.696900853441567, 'colsample_bytree': 0.7232155905709214} val_mae=0.253452
2025-12-16 01:53:20,722 - INFO - Trial 148: {'max_depth': 3, 'min_child_weight': 1.003906539603387, 'gamma': 0.13254130274186127, 'subsample': 0.6964195633229735, 'colsample_bytree': 0.7209990274534046} val_mae=0.253171
2025-12-16 01:53:39,501 - INFO - Trial 149: {'max_depth': 3, 'min_child_weight': 1.0076573425491606, 'gamma': 0.12848184972391472, 'subsample': 0.6975806495816801, 'colsample_bytree': 0.7164475608863868} val_mae=0.253213
2025-12-16 01:53:58,225 - INFO - Trial 150: {'max_depth': 3, 'min_child_weight': 1.0092291201552408, 'gamma': 0.015089306583904075, 'subsample': 0.679539255495824, 'colsample_bytree': 0.7217751027899655} val_mae=0.253780
2025-12-16 01:54:17,284 - INFO - Trial 151: {'max_depth': 3, 'min_child_weight': 1.0048253971091137, 'gamma': 0.002227327651743577, 'subsample': 0.6797344991423367, 'colsample_bytree': 0.7203778337031527} val_mae=0.254305
2025-12-16 01:54:35,527 - INFO - Trial 152: {'max_depth': 3, 'min_child_weight': 1.0023912262431232, 'gamma': 0.1362414131176052, 'subsample': 0.693544850549975, 'colsample_bytree': 0.7418475025646735} val_mae=0.252971
2025-12-16 01:54:54,945 - INFO - Trial 153: {'max_depth': 3, 'min_child_weight': 1.0127806437600553, 'gamma': 0.12123469796522073, 'subsample': 0.6937896101949416, 'colsample_bytree': 0.7421319434147307} val_mae=0.253237
2025-12-16 01:55:13,546 - INFO - Trial 154: {'max_depth': 3, 'min_child_weight': 1.0009798471602736, 'gamma': 0.09520609034115099, 'subsample': 0.6908011493743701, 'colsample_bytree': 0.7407136487504018} val_mae=0.254291
2025-12-16 01:55:32,700 - INFO - Trial 155: {'max_depth': 3, 'min_child_weight': 1.127193458725171, 'gamma': 0.14255412622480812, 'subsample': 0.6939327658316632, 'colsample_bytree': 0.7663985563463204} val_mae=0.252539
2025-12-16 01:55:51,096 - INFO - Trial 156: {'max_depth': 3, 'min_child_weight': 1.1277093782865153, 'gamma': 0.03947014115774429, 'subsample': 0.6755845874364834, 'colsample_bytree': 0.7649272849253522} val_mae=0.253747
2025-12-16 01:56:09,505 - INFO - Trial 157: {'max_depth': 3, 'min_child_weight': 1.1116260549678734, 'gamma': 0.050768638877079594, 'subsample': 0.6756289636093457, 'colsample_bytree': 0.7607410787144344} val_mae=0.253702
2025-12-16 01:56:28,869 - INFO - Trial 158: {'max_depth': 3, 'min_child_weight': 1.1236360932727372, 'gamma': 0.08164317648586984, 'subsample': 0.6701292386330552, 'colsample_bytree': 0.7684313846390793} val_mae=0.253733
2025-12-16 01:56:47,490 - INFO - Trial 159: {'max_depth': 3, 'min_child_weight': 1.1158053862767376, 'gamma': 0.10569388481257416, 'subsample': 0.6590365137937708, 'colsample_bytree': 0.7544413256741249} val_mae=0.254615
2025-12-16 01:57:07,029 - INFO - Trial 160: {'max_depth': 3, 'min_child_weight': 1.2408410493606838, 'gamma': 0.1827188873314582, 'subsample': 0.6894142418347287, 'colsample_bytree': 0.7695352570319235} val_mae=0.253184
2025-12-16 01:57:26,196 - INFO - Trial 161: {'max_depth': 3, 'min_child_weight': 1.2044356970912649, 'gamma': 0.17933246107396697, 'subsample': 0.6872573617333342, 'colsample_bytree': 0.783173216817864} val_mae=0.252952
2025-12-16 01:57:44,657 - INFO - Trial 162: {'max_depth': 3, 'min_child_weight': 1.206473085405893, 'gamma': 0.19603335478173717, 'subsample': 0.669110383499357, 'colsample_bytree': 0.7838799234450783} val_mae=0.253165
2025-12-16 01:58:02,739 - INFO - Trial 163: {'max_depth': 3, 'min_child_weight': 1.2097427329502528, 'gamma': 0.19305593877634225, 'subsample': 0.6679154766430304, 'colsample_bytree': 0.7826221385816543} val_mae=0.253702
2025-12-16 01:58:22,283 - INFO - Trial 164: {'max_depth': 3, 'min_child_weight': 1.2229229281540612, 'gamma': 0.1831426618401194, 'subsample': 0.6795962583612035, 'colsample_bytree': 0.7879805794771979} val_mae=0.253883
2025-12-16 01:58:40,618 - INFO - Trial 165: {'max_depth': 3, 'min_child_weight': 1.2380051905074, 'gamma': 0.16539569937269677, 'subsample': 0.6868722347638049, 'colsample_bytree': 0.73283311562098} val_mae=0.254077
2025-12-16 01:58:59,673 - INFO - Trial 166: {'max_depth': 3, 'min_child_weight': 1.1733889509525586, 'gamma': 0.015567834002435665, 'subsample': 0.6560187838024677, 'colsample_bytree': 0.8283197789268533} val_mae=0.252874
2025-12-16 01:59:18,919 - INFO - Trial 167: {'max_depth': 3, 'min_child_weight': 1.197990786506742, 'gamma': 0.004922538276203453, 'subsample': 0.6891707644294659, 'colsample_bytree': 0.813583146791938} val_mae=0.252519
2025-12-16 01:59:37,224 - INFO - Trial 168: {'max_depth': 3, 'min_child_weight': 1.1734145215466554, 'gamma': 0.21157321367272733, 'subsample': 0.656729768978798, 'colsample_bytree': 0.8188459029469186} val_mae=0.253894
2025-12-16 01:59:55,557 - INFO - Trial 169: {'max_depth': 3, 'min_child_weight': 1.1558867791508645, 'gamma': 0.04854478257185163, 'subsample': 0.6907190516837047, 'colsample_bytree': 0.8181991990654559} val_mae=0.252668
2025-12-16 02:00:13,936 - INFO - Trial 170: {'max_depth': 3, 'min_child_weight': 1.2597806353216383, 'gamma': 0.01680508531563577, 'subsample': 0.6911809480567833, 'colsample_bytree': 0.83378626689855} val_mae=0.252853
2025-12-16 02:00:34,862 - INFO - Trial 171: {'max_depth': 3, 'min_child_weight': 1.2483341282217624, 'gamma': 0.009257938437762497, 'subsample': 0.6439774960672504, 'colsample_bytree': 0.8429228152401862} val_mae=0.253713
2025-12-16 02:00:53,522 - INFO - Trial 172: {'max_depth': 3, 'min_child_weight': 1.1603218201199135, 'gamma': 0.2648840608267669, 'subsample': 0.6910244197039852, 'colsample_bytree': 0.777077795413666} val_mae=0.253066
2025-12-16 02:01:12,218 - INFO - Trial 173: {'max_depth': 3, 'min_child_weight': 1.1506727080894186, 'gamma': 0.012813895764761468, 'subsample': 0.6848632144774317, 'colsample_bytree': 0.8234801654853076} val_mae=0.252833
2025-12-16 02:01:31,506 - INFO - Trial 174: {'max_depth': 3, 'min_child_weight': 1.1684357274056345, 'gamma': 0.01780355644272602, 'subsample': 0.686748116038585, 'colsample_bytree': 0.8359862104968789} val_mae=0.252905
2025-12-16 02:01:50,043 - INFO - Trial 175: {'max_depth': 3, 'min_child_weight': 1.1739496656018882, 'gamma': 0.015331687138165163, 'subsample': 0.6873247031141229, 'colsample_bytree': 0.8238570098022063} val_mae=0.252636
2025-12-16 02:02:08,233 - INFO - Trial 176: {'max_depth': 3, 'min_child_weight': 1.2618167631956665, 'gamma': 0.020815426348385083, 'subsample': 0.6863129174509074, 'colsample_bytree': 0.8277471571653013} val_mae=0.252881
2025-12-16 02:02:27,463 - INFO - Trial 177: {'max_depth': 3, 'min_child_weight': 1.281292264510601, 'gamma': 0.26890287479843294, 'subsample': 0.6851867237078503, 'colsample_bytree': 0.8244510962156982} val_mae=0.253176
2025-12-16 02:02:46,636 - INFO - Trial 178: {'max_depth': 3, 'min_child_weight': 1.3022676346850128, 'gamma': 0.24740704545742245, 'subsample': 0.6854964270286836, 'colsample_bytree': 0.8295987182869444} val_mae=0.252432
2025-12-16 02:03:05,285 - INFO - Trial 179: {'max_depth': 3, 'min_child_weight': 1.2648973056156951, 'gamma': 0.25556562089531965, 'subsample': 0.6630626898591799, 'colsample_bytree': 0.8262978590676309} val_mae=0.253341
2025-12-16 02:03:24,367 - INFO - Trial 180: {'max_depth': 3, 'min_child_weight': 1.308231940632565, 'gamma': 0.24710600734354404, 'subsample': 0.6858675854927512, 'colsample_bytree': 0.8608509454401625} val_mae=0.252766
2025-12-16 02:03:24,413 - INFO - Best trial params: {'max_depth': 3, 'min_child_weight': 1.3022676346850128, 'gamma': 0.24740704545742245, 'subsample': 0.6854964270286836, 'colsample_bytree': 0.8295987182869444, 'learning_rate': 0.013534730668818953, 'n_estimators': 1181, 'early_stopping_rounds': 72, 'val_mae': 0.25243157148361206}
2025-12-16 02:03:24,414 - INFO - Saved best Stage C parameters to /home/haris/Documents/ProjectBzarre/modeling_pipeline/optuna_studies/stageC_tree_params/best_tree_params.json
2025-12-16 02:03:24,414 - INFO - === Stage C Optimization Complete ===
2025-12-17 18:54:13,878 - INFO - === Stage C Tree Parameter Optimization Started ===
2025-12-17 18:54:32,352 - INFO - Trial 181: {'max_depth': 3, 'min_child_weight': 1.3112710772779095, 'gamma': 0.0013999555608849856, 'subsample': 0.6720288292125216, 'colsample_bytree': 0.862813645136759} val_logloss=0.164815
2025-12-17 18:54:48,790 - INFO - Trial 182: {'max_depth': 3, 'min_child_weight': 1.30774957281841, 'gamma': 0.2609578850545671, 'subsample': 0.653341299843089, 'colsample_bytree': 0.8621559646542069} val_logloss=0.164907
2025-12-17 18:55:05,422 - INFO - Trial 183: {'max_depth': 3, 'min_child_weight': 1.1748798851580728, 'gamma': 0.03689386735787112, 'subsample': 0.6376699667040422, 'colsample_bytree': 0.8661817115000897} val_logloss=0.164819
2025-12-17 18:55:21,557 - INFO - Trial 184: {'max_depth': 3, 'min_child_weight': 1.340555790062483, 'gamma': 0.005107471142698827, 'subsample': 0.6370261346695016, 'colsample_bytree': 0.877407987492489} val_logloss=0.164716
2025-12-17 18:55:37,857 - INFO - Trial 185: {'max_depth': 3, 'min_child_weight': 1.3401981146915773, 'gamma': 0.004054797744208402, 'subsample': 0.6356021958241741, 'colsample_bytree': 0.8741618574754649} val_logloss=0.164693
2025-12-17 18:55:55,021 - INFO - Trial 186: {'max_depth': 3, 'min_child_weight': 1.3560388882175578, 'gamma': 0.007476227865164636, 'subsample': 0.6379753842879876, 'colsample_bytree': 0.8789566379875176} val_logloss=0.164706
2025-12-17 18:56:12,091 - INFO - Trial 187: {'max_depth': 3, 'min_child_weight': 1.3809846344602514, 'gamma': 0.00399700241832417, 'subsample': 0.6408423381961332, 'colsample_bytree': 0.8819236940942194} val_logloss=0.164808
2025-12-17 18:56:28,886 - INFO - Trial 188: {'max_depth': 3, 'min_child_weight': 1.4033723810460528, 'gamma': 0.009951234008226681, 'subsample': 0.6380823713856548, 'colsample_bytree': 0.8824556222017111} val_logloss=0.164688
2025-12-17 18:56:45,259 - INFO - Trial 189: {'max_depth': 3, 'min_child_weight': 1.3944044305298122, 'gamma': 0.002021758555886862, 'subsample': 0.6298632621004235, 'colsample_bytree': 0.8851978128394768} val_logloss=0.164844
2025-12-17 18:57:02,343 - INFO - Trial 190: {'max_depth': 3, 'min_child_weight': 1.3954359981972284, 'gamma': 0.015062797529667465, 'subsample': 0.6119089596256525, 'colsample_bytree': 0.8690193582872038} val_logloss=0.164739
2025-12-17 18:57:18,757 - INFO - Trial 191: {'max_depth': 3, 'min_child_weight': 1.4037747430831993, 'gamma': 0.013322862379657482, 'subsample': 0.6142753913791881, 'colsample_bytree': 0.8676810598066007} val_logloss=0.164695
2025-12-17 18:57:35,076 - INFO - Trial 192: {'max_depth': 3, 'min_child_weight': 1.383878253188427, 'gamma': 0.021148781531705546, 'subsample': 0.6354434910342035, 'colsample_bytree': 0.869502719053963} val_logloss=0.164675
2025-12-17 18:57:51,730 - INFO - Trial 193: {'max_depth': 3, 'min_child_weight': 1.3915904717621106, 'gamma': 0.015225846875566667, 'subsample': 0.6111823828911914, 'colsample_bytree': 0.8690805418303915} val_logloss=0.164822
2025-12-17 18:58:09,931 - INFO - Trial 194: {'max_depth': 3, 'min_child_weight': 1.3926958183105906, 'gamma': 0.0014867301307138515, 'subsample': 0.6110752533961591, 'colsample_bytree': 0.8678954838601816} val_logloss=0.164761
2025-12-17 18:58:26,869 - INFO - Trial 195: {'max_depth': 3, 'min_child_weight': 1.4172873537664263, 'gamma': 0.00043719351315674865, 'subsample': 0.6096264037118643, 'colsample_bytree': 0.8686435785788345} val_logloss=0.164774
2025-12-17 18:58:47,664 - INFO - Trial 196: {'max_depth': 3, 'min_child_weight': 1.3933441076991253, 'gamma': 0.00805314366092441, 'subsample': 0.6134937094693272, 'colsample_bytree': 0.8766760465700866} val_logloss=0.164766
2025-12-17 18:59:10,250 - INFO - Trial 197: {'max_depth': 3, 'min_child_weight': 1.4370129640069376, 'gamma': 0.008755461231334374, 'subsample': 0.606467821485663, 'colsample_bytree': 0.8759113779526985} val_logloss=0.164636
2025-12-17 18:59:30,671 - INFO - Trial 198: {'max_depth': 3, 'min_child_weight': 1.4246945903083637, 'gamma': 0.007531287266553512, 'subsample': 0.610544097817516, 'colsample_bytree': 0.875813390043582} val_logloss=0.164752
2025-12-17 18:59:48,439 - INFO - Trial 199: {'max_depth': 3, 'min_child_weight': 1.4024218175311602, 'gamma': 0.07963486955007193, 'subsample': 0.606973069034552, 'colsample_bytree': 0.8784808557634177} val_logloss=0.164579
2025-12-17 19:00:10,904 - INFO - Trial 200: {'max_depth': 3, 'min_child_weight': 1.4040536864923239, 'gamma': 0.002209978580161447, 'subsample': 0.6103449892974625, 'colsample_bytree': 0.8795125980593372} val_logloss=0.164620
2025-12-17 19:00:32,016 - INFO - Trial 201: {'max_depth': 3, 'min_child_weight': 1.4029720274876014, 'gamma': 0.006217395757451181, 'subsample': 0.6104923653584813, 'colsample_bytree': 0.8794836565223295} val_logloss=0.164740
2025-12-17 19:00:53,640 - INFO - Trial 202: {'max_depth': 3, 'min_child_weight': 1.4311016450306913, 'gamma': 0.005812528490658667, 'subsample': 0.6090468633512495, 'colsample_bytree': 0.8790818850571767} val_logloss=0.164720
2025-12-17 19:01:11,751 - INFO - Trial 203: {'max_depth': 3, 'min_child_weight': 1.408626474411603, 'gamma': 0.08257190169149684, 'subsample': 0.6098008865326465, 'colsample_bytree': 0.8931758192462411} val_logloss=0.164586
2025-12-17 19:01:28,381 - INFO - Trial 204: {'max_depth': 3, 'min_child_weight': 1.4352872447817777, 'gamma': 0.07984666156536278, 'subsample': 0.6109607191854358, 'colsample_bytree': 0.8787341456628811} val_logloss=0.164854
2025-12-17 19:01:49,459 - INFO - Trial 205: {'max_depth': 3, 'min_child_weight': 1.3933615023716952, 'gamma': 0.08843482154181682, 'subsample': 0.599669340526248, 'colsample_bytree': 0.9104136104141981} val_logloss=0.164654
2025-12-17 19:02:22,832 - INFO - Trial 206: {'max_depth': 3, 'min_child_weight': 1.6129964794370029, 'gamma': 0.09043818343351756, 'subsample': 0.5950364527189148, 'colsample_bytree': 0.9083721982437873} val_logloss=0.164481
2025-12-17 19:02:50,532 - INFO - Trial 207: {'max_depth': 3, 'min_child_weight': 1.6216433834086648, 'gamma': 0.11342152124332962, 'subsample': 0.5990133768288693, 'colsample_bytree': 0.9204900689739889} val_logloss=0.164755
2025-12-17 19:03:21,660 - INFO - Trial 208: {'max_depth': 3, 'min_child_weight': 1.6235476256736885, 'gamma': 0.10749020880091048, 'subsample': 0.5991321307032614, 'colsample_bytree': 0.9171334485368458} val_logloss=0.164790
2025-12-17 19:04:00,989 - INFO - Trial 209: {'max_depth': 3, 'min_child_weight': 1.5716013801762554, 'gamma': 0.10470405174533888, 'subsample': 0.5974951907976628, 'colsample_bytree': 0.9074352639917824} val_logloss=0.164552
2025-12-17 19:04:38,230 - INFO - Trial 210: {'max_depth': 3, 'min_child_weight': 1.494283299405968, 'gamma': 2.995231394745689, 'subsample': 0.6196567473215594, 'colsample_bytree': 0.9141027558276346} val_logloss=0.164559
2025-12-17 19:05:08,708 - INFO - Trial 211: {'max_depth': 3, 'min_child_weight': 1.4787791891796151, 'gamma': 3.3143486639744206, 'subsample': 0.5778839674605318, 'colsample_bytree': 0.9098721608740472} val_logloss=0.164460
2025-12-17 19:05:33,588 - INFO - Trial 212: {'max_depth': 3, 'min_child_weight': 1.4852505816322255, 'gamma': 3.3373024095188684, 'subsample': 0.6213930925580511, 'colsample_bytree': 0.9114002426562395} val_logloss=0.164531
2025-12-17 19:06:08,413 - INFO - Trial 213: {'max_depth': 3, 'min_child_weight': 1.504637999208502, 'gamma': 3.3652259895891996, 'subsample': 0.5758520987386233, 'colsample_bytree': 0.9105157141565197} val_logloss=0.164423
2025-12-17 19:06:33,291 - INFO - Trial 214: {'max_depth': 3, 'min_child_weight': 1.5248387832103025, 'gamma': 3.3909209748491778, 'subsample': 0.5760479854641015, 'colsample_bytree': 0.910044705863531} val_logloss=0.164417
2025-12-17 19:07:00,712 - INFO - Trial 215: {'max_depth': 3, 'min_child_weight': 1.5051201108478631, 'gamma': 3.326089452238544, 'subsample': 0.5787519419354575, 'colsample_bytree': 0.9026169224532475} val_logloss=0.164413
2025-12-17 19:07:31,151 - INFO - Trial 216: {'max_depth': 3, 'min_child_weight': 1.544122594058069, 'gamma': 3.5166902424517064, 'subsample': 0.5794995380597829, 'colsample_bytree': 0.9053707730115352} val_logloss=0.164345
2025-12-17 19:08:01,754 - INFO - Trial 217: {'max_depth': 3, 'min_child_weight': 1.5080548403829535, 'gamma': 3.4565184529031976, 'subsample': 0.5805723126715554, 'colsample_bytree': 0.9098663714763745} val_logloss=0.164383
2025-12-17 19:08:33,402 - INFO - Trial 218: {'max_depth': 3, 'min_child_weight': 1.5208463575618456, 'gamma': 3.412459180471206, 'subsample': 0.5820094766863058, 'colsample_bytree': 0.9044670093193282} val_logloss=0.164294
2025-12-17 19:09:55,225 - INFO - Trial 219: {'max_depth': 8, 'min_child_weight': 1.545044978986158, 'gamma': 3.4719761515038887, 'subsample': 0.5750544320962003, 'colsample_bytree': 0.9070639070726353} val_logloss=0.165594
2025-12-17 19:10:26,581 - INFO - Trial 220: {'max_depth': 3, 'min_child_weight': 1.504915446377108, 'gamma': 3.1324033192045695, 'subsample': 0.5832244261103923, 'colsample_bytree': 0.9028500422602349} val_logloss=0.164359
2025-12-17 19:11:06,490 - INFO - Trial 221: {'max_depth': 3, 'min_child_weight': 1.714234335446082, 'gamma': 3.189323167249921, 'subsample': 0.5833546827582241, 'colsample_bytree': 0.9012143448464524} val_logloss=0.164328
2025-12-17 19:11:37,139 - INFO - Trial 222: {'max_depth': 3, 'min_child_weight': 1.6933126213230318, 'gamma': 3.2735000702256154, 'subsample': 0.5832928362962722, 'colsample_bytree': 0.9003738161750781} val_logloss=0.164266
2025-12-17 19:12:08,369 - INFO - Trial 223: {'max_depth': 3, 'min_child_weight': 1.6932693862206134, 'gamma': 3.170914915571907, 'subsample': 0.5810181343136115, 'colsample_bytree': 0.903461468741875} val_logloss=0.164349
2025-12-17 19:12:40,641 - INFO - Trial 224: {'max_depth': 3, 'min_child_weight': 1.6663556988415533, 'gamma': 3.186898208150776, 'subsample': 0.5790504943958561, 'colsample_bytree': 0.9050898849326292} val_logloss=0.164400
2025-12-17 19:13:11,699 - INFO - Trial 225: {'max_depth': 3, 'min_child_weight': 1.6936542136651014, 'gamma': 3.15818890936598, 'subsample': 0.5828357668766337, 'colsample_bytree': 0.9027548424345324} val_logloss=0.164379
2025-12-17 19:13:43,528 - INFO - Trial 226: {'max_depth': 3, 'min_child_weight': 1.6903101932703812, 'gamma': 3.1312229347205545, 'subsample': 0.5840917558134673, 'colsample_bytree': 0.9031092534575471} val_logloss=0.164212
2025-12-17 19:14:15,349 - INFO - Trial 227: {'max_depth': 3, 'min_child_weight': 1.76447468439882, 'gamma': 3.1791217475372835, 'subsample': 0.5812909945651228, 'colsample_bytree': 0.9008944034891375} val_logloss=0.164390
2025-12-17 19:14:47,069 - INFO - Trial 228: {'max_depth': 3, 'min_child_weight': 1.7671071752504752, 'gamma': 3.1189524104399053, 'subsample': 0.581990717914729, 'colsample_bytree': 0.933654154116963} val_logloss=0.164586
2025-12-17 19:15:22,191 - INFO - Trial 229: {'max_depth': 3, 'min_child_weight': 1.753856041701227, 'gamma': 3.1117671347280247, 'subsample': 0.582190372807379, 'colsample_bytree': 0.9355329630038735} val_logloss=0.164578
2025-12-17 19:15:55,949 - INFO - Trial 230: {'max_depth': 3, 'min_child_weight': 1.7433222795241279, 'gamma': 3.108787243056423, 'subsample': 0.5779673572984051, 'colsample_bytree': 0.936486395259278} val_logloss=0.164555
2025-12-17 19:16:26,649 - INFO - Trial 231: {'max_depth': 3, 'min_child_weight': 1.929932604227327, 'gamma': 2.963224143109798, 'subsample': 0.5657126518802504, 'colsample_bytree': 0.8960977202734424} val_logloss=0.164483
2025-12-17 19:16:58,918 - INFO - Trial 232: {'max_depth': 3, 'min_child_weight': 1.9249018135335476, 'gamma': 3.2669944738056174, 'subsample': 0.5658123437871916, 'colsample_bytree': 0.8995995468416378} val_logloss=0.164509
2025-12-17 19:17:29,318 - INFO - Trial 233: {'max_depth': 3, 'min_child_weight': 1.9338027461541036, 'gamma': 2.9393175984533, 'subsample': 0.5650236055761567, 'colsample_bytree': 0.8987673875473263} val_logloss=0.164716
2025-12-17 19:18:03,161 - INFO - Trial 234: {'max_depth': 3, 'min_child_weight': 1.72225457164715, 'gamma': 3.2674208974433614, 'subsample': 0.5845729680415126, 'colsample_bytree': 0.9290038316573787} val_logloss=0.164549
2025-12-17 19:18:28,396 - INFO - Trial 235: {'max_depth': 3, 'min_child_weight': 1.802309899579187, 'gamma': 3.2606320494842924, 'subsample': 0.5795977035946397, 'colsample_bytree': 0.9357368312994787} val_logloss=0.164554
2025-12-17 19:18:52,546 - INFO - Trial 236: {'max_depth': 3, 'min_child_weight': 1.694519083892941, 'gamma': 3.2693637558825763, 'subsample': 0.5504775131138341, 'colsample_bytree': 0.937752505412027} val_logloss=0.164566
2025-12-17 19:19:23,290 - INFO - Trial 237: {'max_depth': 3, 'min_child_weight': 1.8434733840447837, 'gamma': 3.408325275832332, 'subsample': 0.5696983790313918, 'colsample_bytree': 0.9029455462663607} val_logloss=0.164437
2025-12-17 19:19:56,075 - INFO - Trial 238: {'max_depth': 3, 'min_child_weight': 1.83310826388498, 'gamma': 3.3879294972337695, 'subsample': 0.5707649467629322, 'colsample_bytree': 0.9035179742774321} val_logloss=0.164310
2025-12-17 19:21:08,038 - INFO - Trial 239: {'max_depth': 3, 'min_child_weight': 1.8393434802383468, 'gamma': 3.3988584933092163, 'subsample': 0.5678996569386916, 'colsample_bytree': 0.8981294165756626} val_logloss=0.164448
2025-12-17 19:21:49,203 - INFO - Trial 240: {'max_depth': 3, 'min_child_weight': 2.038433506751229, 'gamma': 3.463786295015614, 'subsample': 0.5625424481921653, 'colsample_bytree': 0.9016158561543293} val_logloss=0.164672
2025-12-17 19:21:49,231 - INFO - Best trial params: {'max_depth': 3, 'min_child_weight': 1.6903101932703812, 'gamma': 3.1312229347205545, 'subsample': 0.5840917558134673, 'colsample_bytree': 0.9031092534575471, 'learning_rate': 0.010235661789436893, 'n_estimators': 1061, 'early_stopping_rounds': 54, 'val_logloss': 0.16421245254656822}
2025-12-17 19:21:49,232 - INFO - Saved best Stage C parameters to /home/haris/Documents/ProjectBzarre/modeling_pipeline/optuna_studies/stageC_tree_params/best_tree_params.json
2025-12-17 19:21:49,232 - INFO - === Stage C Optimization Complete ===
2025-12-18 12:04:36,007 - INFO - === Stage C Tree Parameter Optimization Started ===
2025-12-18 12:05:21,842 - INFO - Trial 0: {'max_depth': 4, 'min_child_weight': 2.6683404586784185, 'gamma': 1.8526499180249245, 'subsample': 0.9304296668064915, 'colsample_bytree': 0.9824107393796135} val_logloss=0.082696
2025-12-18 12:06:14,785 - INFO - Trial 1: {'max_depth': 5, 'min_child_weight': 18.94184286400921, 'gamma': 1.7625842665616749, 'subsample': 0.9078164858344642, 'colsample_bytree': 0.986187522355135} val_logloss=0.082172
2025-12-18 12:07:18,368 - INFO - Trial 2: {'max_depth': 5, 'min_child_weight': 16.102074162101427, 'gamma': 2.6594896276268893, 'subsample': 0.8295259420698611, 'colsample_bytree': 0.7684932273478313} val_logloss=0.082008
2025-12-18 12:08:07,713 - INFO - Trial 3: {'max_depth': 8, 'min_child_weight': 6.016209019572995, 'gamma': 4.503024009326626, 'subsample': 0.6941690349909402, 'colsample_bytree': 0.5568192210074234} val_logloss=0.081871
2025-12-18 12:09:09,217 - INFO - Trial 4: {'max_depth': 5, 'min_child_weight': 1.146856904028616, 'gamma': 2.272627624095181, 'subsample': 0.5408756316628294, 'colsample_bytree': 0.7193227898675345} val_logloss=0.083074
2025-12-18 12:09:53,099 - INFO - Trial 5: {'max_depth': 5, 'min_child_weight': 1.4466226044682906, 'gamma': 4.098796064218611, 'subsample': 0.7139508063809561, 'colsample_bytree': 0.8391370000608136} val_logloss=0.082252
2025-12-18 12:09:53,119 - INFO - Best trial params: {'max_depth': 8, 'min_child_weight': 6.016209019572995, 'gamma': 4.503024009326626, 'subsample': 0.6941690349909402, 'colsample_bytree': 0.5568192210074234, 'learning_rate': 0.013782967918408776, 'n_estimators': 2292, 'early_stopping_rounds': 45, 'val_logloss': 0.08187059553415947}
2025-12-18 12:09:53,119 - INFO - Saved best Stage C parameters to /home/haris/Documents/ProjectBzarre/modeling_pipeline/optuna_studies/stageC_tree_params/best_tree_params.json
2025-12-18 12:09:53,119 - INFO - === Stage C Optimization Complete ===
2025-12-18 12:28:57,427 - INFO - === Stage C Tree Parameter Optimization Started ===
2025-12-18 12:29:39,867 - INFO - Trial 6: {'max_depth': 9, 'min_child_weight': 9.944954613665848, 'gamma': 4.342442093924872, 'subsample': 0.761604094830999, 'colsample_bytree': 0.653088480344371} val_logloss=0.081361
2025-12-18 12:30:00,865 - INFO - Trial 7: {'max_depth': 4, 'min_child_weight': 17.16416595038361, 'gamma': 4.461679876114932, 'subsample': 0.6522047695817766, 'colsample_bytree': 0.8139202547084461} val_logloss=0.082496
2025-12-18 12:30:45,124 - INFO - Trial 8: {'max_depth': 8, 'min_child_weight': 1.8468875524052246, 'gamma': 3.0740774060882767, 'subsample': 0.5263879406366254, 'colsample_bytree': 0.9486491926011478} val_logloss=0.082381
2025-12-18 12:31:56,655 - INFO - Trial 9: {'max_depth': 10, 'min_child_weight': 4.137762809411196, 'gamma': 0.7802816990165962, 'subsample': 0.6653366616057114, 'colsample_bytree': 0.6362470786865493} val_logloss=0.082407
2025-12-18 12:32:52,151 - INFO - Trial 10: {'max_depth': 10, 'min_child_weight': 7.328674839235886, 'gamma': 3.513063093578535, 'subsample': 0.8033131356801178, 'colsample_bytree': 0.5197906459949935} val_logloss=0.081745
2025-12-18 12:33:39,111 - INFO - Trial 11: {'max_depth': 10, 'min_child_weight': 8.771890960500755, 'gamma': 3.5339119014834646, 'subsample': 0.8084244019427651, 'colsample_bytree': 0.5271199665548556} val_logloss=0.081602
2025-12-18 12:33:39,128 - INFO - Best trial params: {'max_depth': 9, 'min_child_weight': 9.944954613665848, 'gamma': 4.342442093924872, 'subsample': 0.761604094830999, 'colsample_bytree': 0.653088480344371, 'learning_rate': 0.013782967918408776, 'n_estimators': 992, 'early_stopping_rounds': 75, 'val_logloss': 0.081360622847953}
2025-12-18 12:33:39,129 - INFO - Saved best Stage C parameters to /home/haris/Documents/ProjectBzarre/modeling_pipeline/optuna_studies/stageC_tree_params/best_tree_params.json
2025-12-18 12:33:39,129 - INFO - === Stage C Optimization Complete ===
2025-12-18 14:00:54,862 - INFO - === Stage C Tree Parameter Optimization Started ===
2025-12-18 14:01:49,392 - INFO - Trial 12: {'max_depth': 8, 'min_child_weight': 9.45747981889157, 'gamma': 3.6775327269975815, 'subsample': 0.9953555795539493, 'colsample_bytree': 0.6257625374253759} val_logloss=0.081136
2025-12-18 14:02:23,752 - INFO - Trial 13: {'max_depth': 8, 'min_child_weight': 10.685778926688307, 'gamma': 4.809217764138578, 'subsample': 0.9805757128929675, 'colsample_bytree': 0.6379703879972196} val_logloss=0.081122
2025-12-18 14:02:56,418 - INFO - Trial 14: {'max_depth': 7, 'min_child_weight': 11.454100400319101, 'gamma': 4.9950659040435035, 'subsample': 0.9749582647676964, 'colsample_bytree': 0.6179492890405676} val_logloss=0.081206
2025-12-18 14:03:52,914 - INFO - Trial 15: {'max_depth': 7, 'min_child_weight': 4.605546151964175, 'gamma': 3.635197326825404, 'subsample': 0.9984180564838386, 'colsample_bytree': 0.7011609901607201} val_logloss=0.081438
2025-12-18 14:04:40,378 - INFO - Trial 16: {'max_depth': 8, 'min_child_weight': 11.913015071278545, 'gamma': 0.061196516974994175, 'subsample': 0.8860209677234151, 'colsample_bytree': 0.6055680595863113} val_logloss=0.081207
2025-12-18 14:05:09,090 - INFO - Trial 17: {'max_depth': 6, 'min_child_weight': 4.94035044565983, 'gamma': 4.872862595817173, 'subsample': 0.9470121932288161, 'colsample_bytree': 0.6906017425518172} val_logloss=0.081506
2025-12-18 14:05:52,508 - INFO - Trial 18: {'max_depth': 9, 'min_child_weight': 3.2795693161471875, 'gamma': 3.856889767553967, 'subsample': 0.8676850892632455, 'colsample_bytree': 0.5773520603071951} val_logloss=0.081449
2025-12-18 14:06:31,572 - INFO - Trial 19: {'max_depth': 9, 'min_child_weight': 7.131531516770501, 'gamma': 3.2690670163372273, 'subsample': 0.9999176202219464, 'colsample_bytree': 0.7711670327338415} val_logloss=0.081369
2025-12-18 14:07:11,402 - INFO - Trial 20: {'max_depth': 7, 'min_child_weight': 13.343727250645403, 'gamma': 2.8168359891000274, 'subsample': 0.8653877972992814, 'colsample_bytree': 0.8866862408689122} val_logloss=0.081365
2025-12-18 14:07:42,090 - INFO - Trial 21: {'max_depth': 7, 'min_child_weight': 11.258860848852908, 'gamma': 4.955690277413506, 'subsample': 0.9720385727411985, 'colsample_bytree': 0.6465591917776107} val_logloss=0.081234
2025-12-18 14:08:11,306 - INFO - Trial 22: {'max_depth': 6, 'min_child_weight': 13.796739518224133, 'gamma': 4.997951026460623, 'subsample': 0.9464488106537705, 'colsample_bytree': 0.6201121888431825} val_logloss=0.081486
2025-12-18 14:08:49,723 - INFO - Trial 23: {'max_depth': 8, 'min_child_weight': 8.622894373612615, 'gamma': 4.072179373096017, 'subsample': 0.9609388089316191, 'colsample_bytree': 0.5776218423875055} val_logloss=0.081256
2025-12-18 14:09:26,446 - INFO - Trial 24: {'max_depth': 7, 'min_child_weight': 6.351109211565976, 'gamma': 4.592274629568475, 'subsample': 0.5820106144527387, 'colsample_bytree': 0.6808426777413455} val_logloss=0.081952
2025-12-18 14:09:56,729 - INFO - Trial 25: {'max_depth': 6, 'min_child_weight': 8.818139743779984, 'gamma': 4.106452958965837, 'subsample': 0.9071097560417889, 'colsample_bytree': 0.5984923641996919} val_logloss=0.081392
2025-12-18 14:10:32,220 - INFO - Trial 26: {'max_depth': 9, 'min_child_weight': 13.546043328277461, 'gamma': 4.6661414781579085, 'subsample': 0.9757224011314465, 'colsample_bytree': 0.7471520047934903} val_logloss=0.081099
2025-12-18 14:11:08,516 - INFO - Trial 27: {'max_depth': 9, 'min_child_weight': 14.981199515088946, 'gamma': 4.580586511875969, 'subsample': 0.9238735581393979, 'colsample_bytree': 0.7453963382399355} val_logloss=0.081181
2025-12-18 14:11:48,750 - INFO - Trial 28: {'max_depth': 8, 'min_child_weight': 10.10672726450271, 'gamma': 3.855604970155842, 'subsample': 0.8377232193737356, 'colsample_bytree': 0.820859232586075} val_logloss=0.081369
2025-12-18 14:12:35,770 - INFO - Trial 29: {'max_depth': 9, 'min_child_weight': 19.694000527671705, 'gamma': 1.8640354728322506, 'subsample': 0.9278868459475323, 'colsample_bytree': 0.734626402545433} val_logloss=0.081136
2025-12-18 14:13:31,932 - INFO - Trial 30: {'max_depth': 10, 'min_child_weight': 2.4091907744090766, 'gamma': 3.1646489537261995, 'subsample': 0.7674073839080511, 'colsample_bytree': 0.663273201602419} val_logloss=0.081666
2025-12-18 14:14:20,892 - INFO - Trial 31: {'max_depth': 9, 'min_child_weight': 19.60099410451102, 'gamma': 1.6940000292120032, 'subsample': 0.933516683799652, 'colsample_bytree': 0.7190682804594346} val_logloss=0.081142
2025-12-18 14:15:04,452 - INFO - Trial 32: {'max_depth': 9, 'min_child_weight': 19.55085234501578, 'gamma': 2.060854692565494, 'subsample': 0.9989472538530229, 'colsample_bytree': 0.7510032272056639} val_logloss=0.081226
2025-12-18 14:15:48,818 - INFO - Trial 33: {'max_depth': 8, 'min_child_weight': 15.329454848661213, 'gamma': 1.4045285820319535, 'subsample': 0.9051541812298578, 'colsample_bytree': 0.7846036423766812} val_logloss=0.081020
2025-12-18 14:16:31,756 - INFO - Trial 34: {'max_depth': 8, 'min_child_weight': 15.59523463940379, 'gamma': 0.7533331727865071, 'subsample': 0.8968172999449366, 'colsample_bytree': 0.8704010650265748} val_logloss=0.081140
2025-12-18 14:17:16,928 - INFO - Trial 35: {'max_depth': 8, 'min_child_weight': 14.019638621448536, 'gamma': 0.9524967694040101, 'subsample': 0.9752071317769438, 'colsample_bytree': 0.812586919274928} val_logloss=0.081072
2025-12-18 14:17:57,729 - INFO - Trial 36: {'max_depth': 8, 'min_child_weight': 12.64004917573973, 'gamma': 1.3777937919911298, 'subsample': 0.9647475974939175, 'colsample_bytree': 0.7837196684408386} val_logloss=0.081094
2025-12-18 14:18:16,286 - INFO - Trial 37: {'max_depth': 3, 'min_child_weight': 13.255597462380507, 'gamma': 1.368671347950503, 'subsample': 0.8589099226978234, 'colsample_bytree': 0.7842676429242412} val_logloss=0.083370
2025-12-18 14:18:52,736 - INFO - Trial 38: {'max_depth': 7, 'min_child_weight': 17.21594888821587, 'gamma': 1.1738601315220676, 'subsample': 0.9106194222654485, 'colsample_bytree': 0.7915280036044181} val_logloss=0.081082
2025-12-18 14:19:16,572 - INFO - Trial 39: {'max_depth': 6, 'min_child_weight': 16.83305643396218, 'gamma': 1.1081836040495137, 'subsample': 0.8847160540706249, 'colsample_bytree': 0.8638940731256921} val_logloss=0.081450
2025-12-18 14:19:42,898 - INFO - Trial 40: {'max_depth': 7, 'min_child_weight': 15.498835244647763, 'gamma': 0.33429648874691065, 'subsample': 0.8239347965525285, 'colsample_bytree': 0.9190159460544407} val_logloss=0.081359
2025-12-18 14:20:14,332 - INFO - Trial 41: {'max_depth': 8, 'min_child_weight': 12.474628264595413, 'gamma': 1.3995355784347696, 'subsample': 0.9159861530606459, 'colsample_bytree': 0.8002784719307582} val_logloss=0.081106
2025-12-18 14:20:44,790 - INFO - Trial 42: {'max_depth': 8, 'min_child_weight': 17.18302571023806, 'gamma': 0.874126414361468, 'subsample': 0.9531230506691515, 'colsample_bytree': 0.835391131898185} val_logloss=0.081111
2025-12-18 14:21:16,657 - INFO - Trial 43: {'max_depth': 9, 'min_child_weight': 14.305193680338268, 'gamma': 2.4777758717609233, 'subsample': 0.9637486001973249, 'colsample_bytree': 0.7816767495433417} val_logloss=0.081110
2025-12-18 14:21:47,452 - INFO - Trial 44: {'max_depth': 7, 'min_child_weight': 7.454795992940616, 'gamma': 0.5663180382080969, 'subsample': 0.9393695930755538, 'colsample_bytree': 0.8072855693576635} val_logloss=0.081260
2025-12-18 14:22:32,920 - INFO - Trial 45: {'max_depth': 8, 'min_child_weight': 1.1041830411673148, 'gamma': 1.242782080456684, 'subsample': 0.9029274151370559, 'colsample_bytree': 0.8495752260955883} val_logloss=0.081227
2025-12-18 14:23:16,349 - INFO - Trial 46: {'max_depth': 9, 'min_child_weight': 16.136658383432543, 'gamma': 1.623224974262961, 'subsample': 0.9719024883868678, 'colsample_bytree': 0.7581591346162535} val_logloss=0.081073
2025-12-18 14:23:59,993 - INFO - Trial 47: {'max_depth': 10, 'min_child_weight': 16.274023128006547, 'gamma': 1.5577679615055433, 'subsample': 0.7100377117470293, 'colsample_bytree': 0.7925199569816755} val_logloss=0.081322
2025-12-18 14:24:28,725 - INFO - Trial 48: {'max_depth': 7, 'min_child_weight': 17.45642049937681, 'gamma': 1.0146760580621053, 'subsample': 0.7847360331664356, 'colsample_bytree': 0.8242518927905943} val_logloss=0.081295
2025-12-18 14:25:10,086 - INFO - Trial 49: {'max_depth': 8, 'min_child_weight': 1.421136616363068, 'gamma': 2.0728761194856444, 'subsample': 0.500073714105657, 'colsample_bytree': 0.9018358669504093} val_logloss=0.082271
2025-12-18 14:25:40,726 - INFO - Trial 50: {'max_depth': 7, 'min_child_weight': 11.854259177093365, 'gamma': 0.41821168207628046, 'subsample': 0.9212254949056543, 'colsample_bytree': 0.720297142242434} val_logloss=0.081165
2025-12-18 14:26:24,207 - INFO - Trial 51: {'max_depth': 9, 'min_child_weight': 14.19652314468376, 'gamma': 1.5793284130955136, 'subsample': 0.9772834533711472, 'colsample_bytree': 0.7602063561388622} val_logloss=0.080927
2025-12-18 14:27:02,004 - INFO - Trial 52: {'max_depth': 8, 'min_child_weight': 10.522462487940608, 'gamma': 1.5771485680854516, 'subsample': 0.9780054503814529, 'colsample_bytree': 0.7622785816430007} val_logloss=0.081172
2025-12-18 14:27:44,618 - INFO - Trial 53: {'max_depth': 9, 'min_child_weight': 14.401244108519501, 'gamma': 1.9681252414995094, 'subsample': 0.9552036537262163, 'colsample_bytree': 0.8057565533121832} val_logloss=0.081163
2025-12-18 14:28:28,648 - INFO - Trial 54: {'max_depth': 10, 'min_child_weight': 18.019356132299002, 'gamma': 2.31884324499942, 'subsample': 0.8882700035754308, 'colsample_bytree': 0.7647324378716444} val_logloss=0.081385
2025-12-18 14:29:08,844 - INFO - Trial 55: {'max_depth': 8, 'min_child_weight': 12.711262343989059, 'gamma': 1.1730832059779703, 'subsample': 0.6276223094721627, 'colsample_bytree': 0.7234272107309608} val_logloss=0.081308
2025-12-18 14:29:53,867 - INFO - Trial 56: {'max_depth': 9, 'min_child_weight': 8.188974171036696, 'gamma': 0.9279475347399511, 'subsample': 0.9837457353409242, 'colsample_bytree': 0.8430505969053151} val_logloss=0.081470
2025-12-18 14:30:35,527 - INFO - Trial 57: {'max_depth': 8, 'min_child_weight': 11.046401964647684, 'gamma': 0.6551367701777155, 'subsample': 0.9432256206224682, 'colsample_bytree': 0.704892113274423} val_logloss=0.081046
2025-12-18 14:31:41,666 - INFO - Trial 58: {'max_depth': 9, 'min_child_weight': 5.390374755370824, 'gamma': 0.01932082287555803, 'subsample': 0.8415153133137456, 'colsample_bytree': 0.6993841543743156} val_logloss=0.081286
2025-12-18 14:32:09,080 - INFO - Trial 59: {'max_depth': 5, 'min_child_weight': 9.883610539835315, 'gamma': 0.6611242226715072, 'subsample': 0.736244808218863, 'colsample_bytree': 0.6864455663658932} val_logloss=0.081861
2025-12-18 14:32:44,976 - INFO - Trial 60: {'max_depth': 6, 'min_child_weight': 11.403689526846051, 'gamma': 0.360057993745567, 'subsample': 0.8744155867483239, 'colsample_bytree': 0.7675810244538587} val_logloss=0.081476
2025-12-18 14:33:25,546 - INFO - Trial 61: {'max_depth': 8, 'min_child_weight': 15.183801755432738, 'gamma': 1.407909940276691, 'subsample': 0.9426431499161296, 'colsample_bytree': 0.7785571809909023} val_logloss=0.080975
2025-12-18 14:34:34,000 - INFO - Trial 62: {'max_depth': 8, 'min_child_weight': 15.398159290582228, 'gamma': 1.7932932619470154, 'subsample': 0.9402272796207499, 'colsample_bytree': 0.7352582673716419} val_logloss=0.080960
2025-12-18 14:35:17,511 - INFO - Trial 63: {'max_depth': 8, 'min_child_weight': 15.114707558771437, 'gamma': 1.5789119694200258, 'subsample': 0.950892059449089, 'colsample_bytree': 0.7406505054691418} val_logloss=0.081050
2025-12-18 14:36:28,980 - INFO - Trial 64: {'max_depth': 8, 'min_child_weight': 3.588935276867527, 'gamma': 1.8134413007514116, 'subsample': 0.9401217077044304, 'colsample_bytree': 0.7341714681779774} val_logloss=0.081235
2025-12-18 14:37:14,540 - INFO - Trial 65: {'max_depth': 8, 'min_child_weight': 14.639217027755107, 'gamma': 1.4519378552344615, 'subsample': 0.9418891352864197, 'colsample_bytree': 0.6665523208915077} val_logloss=0.080971
2025-12-18 14:38:03,634 - INFO - Trial 66: {'max_depth': 8, 'min_child_weight': 9.302989128924839, 'gamma': 2.1733941848995264, 'subsample': 0.9394838401875772, 'colsample_bytree': 0.6722191870758896} val_logloss=0.080948
2025-12-18 14:38:32,167 - INFO - Trial 67: {'max_depth': 7, 'min_child_weight': 11.247131472776836, 'gamma': 2.172581403853382, 'subsample': 0.9315318394400741, 'colsample_bytree': 0.6797215318371286} val_logloss=0.081027
2025-12-18 14:38:59,008 - INFO - Trial 68: {'max_depth': 7, 'min_child_weight': 9.19976497852794, 'gamma': 2.7988492702108365, 'subsample': 0.9252340239728186, 'colsample_bytree': 0.6557050311054081} val_logloss=0.081105
2025-12-18 14:39:32,588 - INFO - Trial 69: {'max_depth': 7, 'min_child_weight': 8.089201127528929, 'gamma': 2.179098633528332, 'subsample': 0.8571617755593236, 'colsample_bytree': 0.6780978378006562} val_logloss=0.081239
2025-12-18 14:39:50,902 - INFO - Trial 70: {'max_depth': 4, 'min_child_weight': 6.48973690934743, 'gamma': 2.485676936393924, 'subsample': 0.9093704187070202, 'colsample_bytree': 0.6673389286797586} val_logloss=0.082207
2025-12-18 14:40:24,581 - INFO - Trial 71: {'max_depth': 8, 'min_child_weight': 11.127550668449746, 'gamma': 1.739511034444404, 'subsample': 0.9886685365097443, 'colsample_bytree': 0.7120663873491108} val_logloss=0.081003
2025-12-18 14:40:24,621 - INFO - Best trial params: {'max_depth': 9, 'min_child_weight': 14.19652314468376, 'gamma': 1.5793284130955136, 'subsample': 0.9772834533711472, 'colsample_bytree': 0.7602063561388622, 'learning_rate': 0.012479885093296715, 'n_estimators': 874, 'early_stopping_rounds': 53, 'val_logloss': 0.08092742638487743}
2025-12-18 14:40:24,624 - INFO - Saved best Stage C parameters to /home/haris/Documents/ProjectBzarre/modeling_pipeline/optuna_studies/stageC_tree_params/best_tree_params.json
2025-12-18 14:40:24,633 - INFO - === Stage C Optimization Complete ===
2025-12-19 22:43:02,368 - INFO - === Stage C Tree Parameter Optimization Started ===
2025-12-19 22:43:05,300 - INFO - Loaded datasets with horizon=4h (train=(157772, 206), val=(35036, 206), classes=6)
2025-12-19 22:43:33,911 - INFO - === Stage C Tree Parameter Optimization Started ===
2025-12-19 22:43:35,856 - INFO - Loaded datasets with horizon=4h (train=(157772, 206), val=(35036, 206), classes=6)
2025-12-19 23:47:28,418 - INFO - === Stage C Tree Parameter Optimization Started ===
2025-12-19 23:47:29,587 - INFO - Loaded datasets with horizon=4h (train=(157772, 206), val=(35036, 206), classes=6)
2025-12-19 23:48:34,049 - INFO - Trial 0: {'max_depth': 3, 'min_child_weight': 17.993946829891794, 'gamma': 0.5167054466613269, 'subsample': 0.7719941783665007, 'colsample_bytree': 0.9018026630567472} val_logloss=0.547074
2025-12-19 23:49:50,705 - INFO - Trial 1: {'max_depth': 8, 'min_child_weight': 8.281888637936067, 'gamma': 4.163526304923957, 'subsample': 0.7677356644752629, 'colsample_bytree': 0.8507852337811004} val_logloss=0.588669
2025-12-19 23:49:50,728 - INFO - Best trial params: {'max_depth': 3, 'min_child_weight': 17.993946829891794, 'gamma': 0.5167054466613269, 'subsample': 0.7719941783665007, 'colsample_bytree': 0.9018026630567472, 'learning_rate': 0.041402961452685835, 'n_estimators': 805, 'early_stopping_rounds': 195, 'val_logloss': 0.5470736888262121}
2025-12-19 23:49:50,729 - INFO - Saved best Stage C parameters to /home/haris/Documents/ProjectBzarre/modeling_pipeline_bin/optuna_studies/stageC_tree_params/best_tree_params.json
2025-12-19 23:49:50,729 - INFO - === Stage C Optimization Complete ===
2025-12-19 23:49:50,731 - INFO - === Stage C Tree Parameter Optimization Started ===
2025-12-19 23:49:53,985 - INFO - Loaded datasets with horizon=4h (train=(157772, 206), val=(35036, 206), classes=6)
2025-12-19 23:51:10,605 - INFO - Trial 2: {'max_depth': 5, 'min_child_weight': 9.007209759511886, 'gamma': 3.576568674595238, 'subsample': 0.6272561940029872, 'colsample_bytree': 0.5843018077583577} val_logloss=0.609620
2025-12-19 23:53:45,150 - INFO - Trial 3: {'max_depth': 10, 'min_child_weight': 4.964784958263513, 'gamma': 0.1642867189370617, 'subsample': 0.904731316286952, 'colsample_bytree': 0.9915870646304141} val_logloss=0.747089
2025-12-19 23:53:45,195 - INFO - Best trial params: {'max_depth': 3, 'min_child_weight': 17.993946829891794, 'gamma': 0.5167054466613269, 'subsample': 0.7719941783665007, 'colsample_bytree': 0.9018026630567472, 'learning_rate': 0.041402961452685835, 'n_estimators': 805, 'early_stopping_rounds': 195, 'val_logloss': 0.5470736888262121}
2025-12-19 23:53:45,195 - INFO - Saved best Stage C parameters to /home/haris/Documents/ProjectBzarre/modeling_pipeline_bin/optuna_studies/stageC_tree_params/best_tree_params.json
2025-12-19 23:53:45,195 - INFO - === Stage C Optimization Complete ===
2025-12-20 11:56:38,576 - INFO - === Stage C Tree Parameter Optimization Started ===
2025-12-20 11:56:40,558 - INFO - Loaded datasets with horizon=4h (train=(157772, 206), val=(35036, 206))
2025-12-20 11:56:58,730 - INFO - Trial 0: {'max_depth': 5, 'min_child_weight': 1.5593281635345104, 'gamma': 2.2699229182328713, 'subsample': 0.6871175375352512, 'colsample_bytree': 0.8098918427520805} val_logloss=0.379016
2025-12-20 11:57:27,426 - INFO - Trial 1: {'max_depth': 8, 'min_child_weight': 8.144771882991867, 'gamma': 1.868451565452673, 'subsample': 0.9389879895154667, 'colsample_bytree': 0.6426777896796065} val_logloss=0.433460
2025-12-20 11:57:27,447 - INFO - Best trial params: {'max_depth': 5, 'min_child_weight': 1.5593281635345104, 'gamma': 2.2699229182328713, 'subsample': 0.6871175375352512, 'colsample_bytree': 0.8098918427520805, 'learning_rate': 0.02291201094552941, 'n_estimators': 873, 'early_stopping_rounds': 142, 'val_logloss': 0.37901602539662}
2025-12-20 11:57:27,447 - INFO - Saved best Stage C parameters to /home/haris/Documents/ProjectBzarre/modeling_pipeline_bin/optuna_studies/stageC_tree_params/best_tree_params.json
2025-12-20 11:57:27,447 - INFO - === Stage C Optimization Complete ===
2025-12-20 13:46:32,144 - INFO - === Stage C Tree Parameter Optimization Started ===
2025-12-20 13:46:34,003 - INFO - Loaded datasets with horizon=4h (train=(157772, 206), val=(35036, 206))
2025-12-20 13:47:25,872 - INFO - Trial 2: {'max_depth': 9, 'min_child_weight': 6.9133239218750155, 'gamma': 0.22118661941800621, 'subsample': 0.8257781694269859, 'colsample_bytree': 0.8667907549197498} val_logloss=0.292203
2025-12-20 13:47:44,327 - INFO - Trial 3: {'max_depth': 4, 'min_child_weight': 2.3866321243067787, 'gamma': 4.19941423648681, 'subsample': 0.869326915648443, 'colsample_bytree': 0.9044024594355329} val_logloss=0.280307
2025-12-20 13:48:41,583 - INFO - Trial 4: {'max_depth': 10, 'min_child_weight': 11.258694177667955, 'gamma': 0.22525947716912853, 'subsample': 0.857179227976183, 'colsample_bytree': 0.6849179339243734} val_logloss=0.288114
2025-12-20 13:49:13,687 - INFO - Trial 5: {'max_depth': 7, 'min_child_weight': 6.70375539571253, 'gamma': 1.9281704407665474, 'subsample': 0.7315544266509202, 'colsample_bytree': 0.9575556283006068} val_logloss=0.288609
2025-12-20 13:49:39,885 - INFO - Trial 6: {'max_depth': 6, 'min_child_weight': 2.4240570837769804, 'gamma': 1.9603470792057482, 'subsample': 0.5812534674986626, 'colsample_bytree': 0.7957860647358982} val_logloss=0.284156
2025-12-20 13:49:57,983 - INFO - Trial 7: {'max_depth': 4, 'min_child_weight': 14.780088298998093, 'gamma': 0.4635836566170254, 'subsample': 0.9289862675531965, 'colsample_bytree': 0.9957672665451369} val_logloss=0.279465
2025-12-20 13:51:03,793 - INFO - Trial 8: {'max_depth': 10, 'min_child_weight': 2.236752455662686, 'gamma': 3.999401400103501, 'subsample': 0.9302157907541635, 'colsample_bytree': 0.8035808217106748} val_logloss=0.289887
2025-12-20 13:51:34,239 - INFO - Trial 9: {'max_depth': 7, 'min_child_weight': 1.9520742612003594, 'gamma': 3.329493295567853, 'subsample': 0.5324810875345793, 'colsample_bytree': 0.5644929854094201} val_logloss=0.280539
2025-12-20 13:51:50,501 - INFO - Trial 10: {'max_depth': 3, 'min_child_weight': 17.188640586135264, 'gamma': 1.1375024849483326, 'subsample': 0.9867547185646355, 'colsample_bytree': 0.9958639609373702} val_logloss=0.274774
2025-12-20 13:52:07,265 - INFO - Trial 11: {'max_depth': 3, 'min_child_weight': 18.599354951160667, 'gamma': 1.0199549116405637, 'subsample': 0.9839320324994059, 'colsample_bytree': 0.9788925248797247} val_logloss=0.274257
2025-12-20 13:52:22,324 - INFO - Trial 12: {'max_depth': 3, 'min_child_weight': 19.65446242727244, 'gamma': 1.2993928984944187, 'subsample': 0.9937265773912191, 'colsample_bytree': 0.9327062423644797} val_logloss=0.274399
2025-12-20 13:52:37,530 - INFO - Trial 13: {'max_depth': 3, 'min_child_weight': 19.017008775760726, 'gamma': 1.1059122773424528, 'subsample': 0.9987950846001792, 'colsample_bytree': 0.8960575823697412} val_logloss=0.274270
2025-12-20 13:52:59,765 - INFO - Trial 14: {'max_depth': 5, 'min_child_weight': 3.9328781251276146, 'gamma': 1.140261761018666, 'subsample': 0.7896871931056386, 'colsample_bytree': 0.8907496130165371} val_logloss=0.281502
2025-12-20 13:53:15,178 - INFO - Trial 15: {'max_depth': 3, 'min_child_weight': 11.531053807732908, 'gamma': 3.0472769636319668, 'subsample': 0.6702039058395938, 'colsample_bytree': 0.7301892847607295} val_logloss=0.272956
2025-12-20 13:53:36,984 - INFO - Trial 16: {'max_depth': 5, 'min_child_weight': 1.002598214630542, 'gamma': 3.0787873813960576, 'subsample': 0.6690879015673259, 'colsample_bytree': 0.7168313271482802} val_logloss=0.278621
2025-12-20 13:53:54,102 - INFO - Trial 17: {'max_depth': 4, 'min_child_weight': 11.86073084025467, 'gamma': 2.9581028344935336, 'subsample': 0.6258128333023372, 'colsample_bytree': 0.5022713227111819} val_logloss=0.273852
2025-12-20 13:54:12,077 - INFO - Trial 18: {'max_depth': 4, 'min_child_weight': 4.602720433285464, 'gamma': 4.701076366167078, 'subsample': 0.616064476505755, 'colsample_bytree': 0.5002118410207397} val_logloss=0.275738
2025-12-20 13:54:36,514 - INFO - Trial 19: {'max_depth': 6, 'min_child_weight': 10.295429679543462, 'gamma': 3.0448350051390394, 'subsample': 0.5030039977161289, 'colsample_bytree': 0.6023823175600228} val_logloss=0.278107
2025-12-20 13:54:54,583 - INFO - Trial 20: {'max_depth': 4, 'min_child_weight': 4.600845054595835, 'gamma': 3.599016489280925, 'subsample': 0.6241661075808209, 'colsample_bytree': 0.5006011526478281} val_logloss=0.275566
2025-12-20 13:55:10,457 - INFO - Trial 21: {'max_depth': 3, 'min_child_weight': 12.65397292180284, 'gamma': 2.5001680379799756, 'subsample': 0.7216844240576845, 'colsample_bytree': 0.7534717878718054} val_logloss=0.274604
2025-12-20 13:55:25,949 - INFO - Trial 22: {'max_depth': 3, 'min_child_weight': 8.977098764651194, 'gamma': 2.7156553658971476, 'subsample': 0.6697731421584613, 'colsample_bytree': 0.572430190150511} val_logloss=0.274779
2025-12-20 13:55:43,834 - INFO - Trial 23: {'max_depth': 4, 'min_child_weight': 13.068891632059529, 'gamma': 3.6976893598792953, 'subsample': 0.7740689744240816, 'colsample_bytree': 0.6633371684509718} val_logloss=0.274208
2025-12-20 13:56:04,981 - INFO - Trial 24: {'max_depth': 5, 'min_child_weight': 13.108513579139103, 'gamma': 3.7513620678951196, 'subsample': 0.7733855395266854, 'colsample_bytree': 0.6504606379689275} val_logloss=0.276919
2025-12-20 13:56:23,149 - INFO - Trial 25: {'max_depth': 4, 'min_child_weight': 6.006783971690068, 'gamma': 4.577959163966391, 'subsample': 0.5810958972017427, 'colsample_bytree': 0.7498588027629292} val_logloss=0.277347
2025-12-20 13:56:47,830 - INFO - Trial 26: {'max_depth': 6, 'min_child_weight': 9.389116362919847, 'gamma': 2.932175176823564, 'subsample': 0.7010379967313558, 'colsample_bytree': 0.5420637288220119} val_logloss=0.278471
2025-12-20 13:57:05,254 - INFO - Trial 27: {'max_depth': 4, 'min_child_weight': 14.565163490207988, 'gamma': 3.5393691638929066, 'subsample': 0.6301191084417248, 'colsample_bytree': 0.6310372281111725} val_logloss=0.273933
2025-12-20 13:57:26,314 - INFO - Trial 28: {'max_depth': 5, 'min_child_weight': 15.06565410072568, 'gamma': 4.2939158583304815, 'subsample': 0.6237727971610642, 'colsample_bytree': 0.606137177712084} val_logloss=0.274596
2025-12-20 13:57:47,242 - INFO - Trial 29: {'max_depth': 5, 'min_child_weight': 5.646588758816541, 'gamma': 2.3086104622728394, 'subsample': 0.5733923311460204, 'colsample_bytree': 0.7098902191592258} val_logloss=0.275977
2025-12-20 13:58:05,061 - INFO - Trial 30: {'max_depth': 4, 'min_child_weight': 8.023163301275792, 'gamma': 3.4792062982116674, 'subsample': 0.6588919494320298, 'colsample_bytree': 0.6148533905030438} val_logloss=0.275804
2025-12-20 13:58:23,142 - INFO - Trial 31: {'max_depth': 4, 'min_child_weight': 12.028632384355994, 'gamma': 3.2433398237755267, 'subsample': 0.7626381720054669, 'colsample_bytree': 0.6701679127895802} val_logloss=0.274233
2025-12-20 13:58:38,487 - INFO - Trial 32: {'max_depth': 3, 'min_child_weight': 10.475585026458099, 'gamma': 3.7978810749444305, 'subsample': 0.6972397598655652, 'colsample_bytree': 0.7473389358723029} val_logloss=0.274467
2025-12-20 13:58:56,511 - INFO - Trial 33: {'max_depth': 4, 'min_child_weight': 15.216673972693993, 'gamma': 2.6396660763933046, 'subsample': 0.6447169797457786, 'colsample_bytree': 0.6384176314311856} val_logloss=0.273699
2025-12-20 13:59:21,316 - INFO - Trial 34: {'max_depth': 6, 'min_child_weight': 15.353035394468826, 'gamma': 2.7357712148197066, 'subsample': 0.6514776779692927, 'colsample_bytree': 0.6247631406069911} val_logloss=0.278493
2025-12-20 13:59:39,368 - INFO - Trial 35: {'max_depth': 4, 'min_child_weight': 7.460387912178291, 'gamma': 2.554226274601373, 'subsample': 0.5472879521795755, 'colsample_bytree': 0.8511109428260856} val_logloss=0.277423
2025-12-20 14:00:00,028 - INFO - Trial 36: {'max_depth': 5, 'min_child_weight': 15.735234204692794, 'gamma': 2.202107736420407, 'subsample': 0.6153061248337338, 'colsample_bytree': 0.5370474060116466} val_logloss=0.275294
2025-12-20 14:00:46,377 - INFO - Trial 37: {'max_depth': 9, 'min_child_weight': 9.244366177677394, 'gamma': 1.5885493475517007, 'subsample': 0.7237535445833531, 'colsample_bytree': 0.7014935701396485} val_logloss=0.284994
2025-12-20 14:01:16,556 - INFO - Trial 38: {'max_depth': 7, 'min_child_weight': 11.939708069126729, 'gamma': 2.124969620844774, 'subsample': 0.6443300962838301, 'colsample_bytree': 0.5732750359021631} val_logloss=0.280867
2025-12-20 14:01:57,398 - INFO - Trial 39: {'max_depth': 8, 'min_child_weight': 3.181729667298993, 'gamma': 2.853147674739271, 'subsample': 0.5936674136216934, 'colsample_bytree': 0.7795223803156126} val_logloss=0.286589
2025-12-20 14:02:12,770 - INFO - Trial 40: {'max_depth': 3, 'min_child_weight': 6.838289989166734, 'gamma': 4.03222607857636, 'subsample': 0.5504745328414149, 'colsample_bytree': 0.6370259373183574} val_logloss=0.276055
2025-12-20 14:02:31,024 - INFO - Trial 41: {'max_depth': 4, 'min_child_weight': 13.6942713247458, 'gamma': 3.2784217088773415, 'subsample': 0.8054784992510775, 'colsample_bytree': 0.6635039535740757} val_logloss=0.273615
2025-12-20 14:02:48,537 - INFO - Trial 42: {'max_depth': 4, 'min_child_weight': 14.236028604785464, 'gamma': 3.32749448444281, 'subsample': 0.8299706476609285, 'colsample_bytree': 0.6902924343640986} val_logloss=0.274972
2025-12-20 14:03:05,650 - INFO - Trial 43: {'max_depth': 4, 'min_child_weight': 10.789176369834864, 'gamma': 3.193909883437185, 'subsample': 0.8031611897703126, 'colsample_bytree': 0.728729215764925} val_logloss=0.274919
2025-12-20 14:03:27,966 - INFO - Trial 44: {'max_depth': 5, 'min_child_weight': 16.629328521865386, 'gamma': 2.4643568648057697, 'subsample': 0.8565245450998223, 'colsample_bytree': 0.8273964255639087} val_logloss=0.276564
2025-12-20 14:03:43,100 - INFO - Trial 45: {'max_depth': 3, 'min_child_weight': 17.458368059883753, 'gamma': 3.440510330182021, 'subsample': 0.7445331279511977, 'colsample_bytree': 0.672920521061187} val_logloss=0.273363
2025-12-20 14:03:58,453 - INFO - Trial 46: {'max_depth': 3, 'min_child_weight': 17.77092728843532, 'gamma': 2.713274300593114, 'subsample': 0.7487443812278399, 'colsample_bytree': 0.681453155179226} val_logloss=0.273587
2025-12-20 14:04:13,032 - INFO - Trial 47: {'max_depth': 3, 'min_child_weight': 17.717029010495896, 'gamma': 2.67968867916722, 'subsample': 0.7545883478255249, 'colsample_bytree': 0.6669168342923477} val_logloss=0.273611
2025-12-20 14:04:28,208 - INFO - Trial 48: {'max_depth': 3, 'min_child_weight': 19.799990639973302, 'gamma': 1.774250167885783, 'subsample': 0.7444679972708622, 'colsample_bytree': 0.6788330051777468} val_logloss=0.273400
2025-12-20 14:04:43,239 - INFO - Trial 49: {'max_depth': 3, 'min_child_weight': 19.616706911821726, 'gamma': 0.6550143839009215, 'subsample': 0.736504024432741, 'colsample_bytree': 0.6761708694563803} val_logloss=0.273344
2025-12-20 14:04:58,210 - INFO - Trial 50: {'max_depth': 3, 'min_child_weight': 18.92574087944753, 'gamma': 0.6958746574213728, 'subsample': 0.7401713660291235, 'colsample_bytree': 0.7842995557952968} val_logloss=0.273326
2025-12-20 14:05:13,888 - INFO - Trial 51: {'max_depth': 3, 'min_child_weight': 19.71033744187919, 'gamma': 0.3760430281790335, 'subsample': 0.7420074293401276, 'colsample_bytree': 0.7772738588471066} val_logloss=0.273366
2025-12-20 14:05:29,153 - INFO - Trial 52: {'max_depth': 3, 'min_child_weight': 18.541764094752082, 'gamma': 0.5628888332072661, 'subsample': 0.7379639940443863, 'colsample_bytree': 0.7842419483865664} val_logloss=0.273282
2025-12-20 14:05:44,540 - INFO - Trial 53: {'max_depth': 3, 'min_child_weight': 17.163678230844845, 'gamma': 0.6301454521875519, 'subsample': 0.708826580496115, 'colsample_bytree': 0.7811585881130717} val_logloss=0.273425
2025-12-20 14:05:59,369 - INFO - Trial 54: {'max_depth': 3, 'min_child_weight': 19.894422975997177, 'gamma': 0.11047068839465068, 'subsample': 0.6748356129083699, 'colsample_bytree': 0.8200686765317308} val_logloss=0.273789
2025-12-20 14:06:14,483 - INFO - Trial 55: {'max_depth': 3, 'min_child_weight': 16.872464963386385, 'gamma': 0.6170147884751029, 'subsample': 0.7329646366231073, 'colsample_bytree': 0.7718137968729452} val_logloss=0.273191
2025-12-20 14:06:29,647 - INFO - Trial 56: {'max_depth': 3, 'min_child_weight': 16.937505382520456, 'gamma': 0.6981588325884251, 'subsample': 0.6880045025906417, 'colsample_bytree': 0.7310165349815685} val_logloss=0.273052
2025-12-20 14:06:44,402 - INFO - Trial 57: {'max_depth': 3, 'min_child_weight': 13.725957056813241, 'gamma': 0.7142685879358003, 'subsample': 0.6882436145496595, 'colsample_bytree': 0.7271254153308465} val_logloss=0.272869
2025-12-20 14:06:59,775 - INFO - Trial 58: {'max_depth': 3, 'min_child_weight': 11.273305107792162, 'gamma': 0.888363405535069, 'subsample': 0.6846079482140552, 'colsample_bytree': 0.7284364104417745} val_logloss=0.272935
2025-12-20 14:07:14,682 - INFO - Trial 59: {'max_depth': 3, 'min_child_weight': 9.775285043972076, 'gamma': 0.88879626290455, 'subsample': 0.6822033052183911, 'colsample_bytree': 0.7324315568537528} val_logloss=0.274281
2025-12-20 14:07:29,940 - INFO - Trial 60: {'max_depth': 3, 'min_child_weight': 8.165760683194758, 'gamma': 0.33005464239573246, 'subsample': 0.7064419352589404, 'colsample_bytree': 0.7579546194753861} val_logloss=0.273959
2025-12-20 14:07:45,415 - INFO - Trial 61: {'max_depth': 3, 'min_child_weight': 13.434143109659017, 'gamma': 0.7874413764116285, 'subsample': 0.6884347916131005, 'colsample_bytree': 0.7946679505456611} val_logloss=0.273276
2025-12-20 14:07:45,436 - INFO - Best trial params: {'max_depth': 3, 'min_child_weight': 13.725957056813241, 'gamma': 0.7142685879358003, 'subsample': 0.6882436145496595, 'colsample_bytree': 0.7271254153308465, 'learning_rate': 0.00500127304056551, 'n_estimators': 794, 'early_stopping_rounds': 138, 'val_logloss': 0.27286856299052353}
2025-12-20 14:07:45,436 - INFO - Saved best Stage C parameters to /home/haris/Documents/ProjectBzarre/modeling_pipeline_bin/optuna_studies/stageC_tree_params/best_tree_params.json
2025-12-20 14:07:45,436 - INFO - === Stage C Optimization Complete ===
2025-12-22 02:24:29,925 - INFO - === Stage C Tree Parameter Optimization Started ===
2025-12-22 02:24:30,780 - INFO - Loaded datasets with horizon=4h (train=(157772, 206), val=(35036, 206))
2025-12-22 02:24:49,244 - INFO - Trial 0: {'max_depth': 4, 'min_child_weight': 15.278461292712068, 'gamma': 2.2834684551271844, 'subsample': 0.5555157285853447, 'colsample_bytree': 0.7245898943440932} val_logloss=0.078626
2025-12-22 02:25:09,538 - INFO - Trial 1: {'max_depth': 5, 'min_child_weight': 2.2979266128852665, 'gamma': 4.658776607270124, 'subsample': 0.9830969537743386, 'colsample_bytree': 0.9897455680989926} val_logloss=0.081643
2025-12-22 02:25:09,562 - INFO - Best trial params: {'max_depth': 4, 'min_child_weight': 15.278461292712068, 'gamma': 2.2834684551271844, 'subsample': 0.5555157285853447, 'colsample_bytree': 0.7245898943440932, 'learning_rate': 0.007137101939123591, 'n_estimators': 807, 'early_stopping_rounds': 65, 'val_logloss': 0.07862598775207548}
2025-12-22 02:25:09,563 - INFO - Saved best Stage C parameters to /home/haris/Documents/ProjectBzarre/modeling_pipeline_bin/optuna_studies/stageC_tree_params/best_tree_params.json
2025-12-22 02:25:09,563 - INFO - === Stage C Optimization Complete ===
