2025-12-14 15:04:45,921 - INFO - === Ensemble training started ===
2025-12-14 15:05:17,281 - INFO - === Ensemble training started ===
2025-12-14 15:05:32,664 - INFO - Seed 1337: val_mae=0.391178 best_iteration=796
2025-12-14 15:05:49,821 - INFO - === Ensemble training started ===
2025-12-14 15:06:03,262 - INFO - Seed 1337: val_mae=0.391178 best_iteration=796
2025-12-14 15:06:13,549 - INFO - Seed 2027: val_mae=0.393405 best_iteration=796
2025-12-14 15:06:25,652 - INFO - Seed 3037: val_mae=0.393281 best_iteration=796
2025-12-14 15:06:37,558 - INFO - Seed 4047: val_mae=0.392104 best_iteration=796
2025-12-14 15:06:55,388 - INFO - Seed 5057: val_mae=0.392112 best_iteration=796
2025-12-14 15:06:55,423 - INFO - Ensemble MAE: 0.392217
2025-12-14 15:06:55,423 - INFO - Chosen strategy: single (seed=1337)
2025-12-14 15:06:55,423 - INFO - === Ensemble training complete ===
2025-12-14 15:07:14,384 - INFO - === Ensemble training started ===
2025-12-14 15:07:24,273 - INFO - Seed 1337: val_mae=0.391178 best_iteration=796
2025-12-14 15:07:35,259 - INFO - Seed 2027: val_mae=0.393405 best_iteration=796
2025-12-14 15:07:44,259 - INFO - Seed 3037: val_mae=0.393281 best_iteration=796
2025-12-14 15:07:54,359 - INFO - Seed 4047: val_mae=0.392104 best_iteration=796
2025-12-14 15:08:03,613 - INFO - Seed 5057: val_mae=0.392112 best_iteration=796
2025-12-14 15:08:03,677 - INFO - Ensemble MAE: 0.392217
2025-12-14 15:08:03,678 - INFO - Chosen strategy: single (seed=1337)
2025-12-14 15:08:03,678 - INFO - === Ensemble training complete ===
2025-12-14 18:12:43,472 - INFO - === Ensemble training started ===
2025-12-14 18:12:52,010 - INFO - Seed 1337: val_mae=0.392056 best_iteration=1039
2025-12-14 18:13:00,759 - INFO - Seed 2027: val_mae=0.392273 best_iteration=1039
2025-12-14 18:13:08,678 - INFO - Seed 3037: val_mae=0.391794 best_iteration=1039
2025-12-14 18:13:16,732 - INFO - Seed 4047: val_mae=0.391583 best_iteration=1039
2025-12-14 18:13:25,021 - INFO - Seed 5057: val_mae=0.393001 best_iteration=1039
2025-12-14 18:13:25,063 - INFO - Ensemble MAE: 0.391986
2025-12-14 18:13:25,063 - INFO - Chosen strategy: single (seed=4047)
2025-12-14 18:13:25,063 - INFO - === Ensemble training complete ===
2025-12-16 02:33:44,740 - INFO - === Ensemble training started ===
2025-12-16 02:34:10,138 - INFO - Seed 1337: val_mae=0.252901 best_iteration=1181
2025-12-16 02:34:29,704 - INFO - Seed 2027: val_mae=0.254058 best_iteration=1181
2025-12-16 02:34:48,219 - INFO - Seed 3037: val_mae=0.252608 best_iteration=1181
2025-12-16 02:35:06,873 - INFO - Seed 4047: val_mae=0.253968 best_iteration=1181
2025-12-16 02:35:30,188 - INFO - Seed 5057: val_mae=0.254595 best_iteration=1181
2025-12-16 02:35:30,241 - INFO - Ensemble MAE: 0.253406
2025-12-16 02:35:30,241 - INFO - Chosen strategy: single (seed=3037)
2025-12-16 02:35:30,241 - INFO - === Ensemble training complete ===
