2025-12-14 13:56:47,790 - INFO - === Feature Pruning Started ===
2025-12-14 13:56:48,247 - INFO - Iteration 1: feature_count=119
2025-12-14 13:56:57,122 - INFO - Iteration 1: val_mae=0.391178
2025-12-14 13:56:59,126 - INFO - Removing 11 features: ['bx_missing_flag', 'xrs_irradiance_xrsa1_missing_flag', 'xrs_irradiance_xrsa2_missing_flag', 'xrs_irradiance_xrsb1_missing_flag', 'xrs_irradiance_xrsb2_missing_flag', 'xrs_xrs_ratio_missing_flag', 'cme_events_per_hour', 'cme_halo_fraction_past_24h', 'cme_last_event_halo', 'flare_last_event_class', 'sw_secondary_missing_flag']
2025-12-14 13:56:59,127 - INFO - Iteration 2: feature_count=108
2025-12-14 13:57:06,200 - INFO - Iteration 2: val_mae=0.392379
2025-12-14 13:57:08,043 - INFO - Stopping pruning due to no improvement.
2025-12-14 14:01:31,485 - INFO - === Feature Pruning Started ===
2025-12-14 14:01:32,073 - INFO - Iteration 1: feature_count=119
2025-12-14 14:01:44,326 - INFO - Iteration 1: val_mae=0.391178
2025-12-14 14:01:46,453 - INFO - Removing 11 features: ['bx_missing_flag', 'xrs_irradiance_xrsa1_missing_flag', 'xrs_irradiance_xrsa2_missing_flag', 'xrs_irradiance_xrsb1_missing_flag', 'xrs_irradiance_xrsb2_missing_flag', 'xrs_xrs_ratio_missing_flag', 'cme_events_per_hour', 'cme_halo_fraction_past_24h', 'cme_last_event_halo', 'flare_last_event_class', 'sw_secondary_missing_flag']
2025-12-14 14:01:46,453 - INFO - Iteration 2: feature_count=108
2025-12-14 14:02:00,238 - INFO - Iteration 2: val_mae=0.392379
2025-12-14 14:02:02,454 - INFO - Stopping pruning due to no improvement.
2025-12-14 14:02:02,455 - INFO - Pruning complete: iterations=2 initial=119 final=119 best_val_mae=0.391178
2025-12-14 14:06:20,815 - INFO - === Feature Pruning Started ===
2025-12-14 14:06:21,582 - INFO - Iteration 1: feature_count=119
2025-12-14 14:06:29,332 - INFO - Iteration 1: val_mae=0.391178
2025-12-14 14:06:31,211 - INFO - Removing 11 features: ['bx_missing_flag', 'xrs_irradiance_xrsa1_missing_flag', 'xrs_irradiance_xrsa2_missing_flag', 'xrs_irradiance_xrsb1_missing_flag', 'xrs_irradiance_xrsb2_missing_flag', 'xrs_xrs_ratio_missing_flag', 'cme_events_per_hour', 'cme_halo_fraction_past_24h', 'cme_last_event_halo', 'flare_last_event_class', 'sw_secondary_missing_flag']
2025-12-14 14:06:31,212 - INFO - Iteration 2: feature_count=108
2025-12-14 14:06:38,268 - INFO - Iteration 2: val_mae=0.392379
2025-12-14 14:06:40,149 - INFO - Stopping pruning due to no improvement.
2025-12-14 14:06:40,150 - INFO - Pruning complete: iterations=2 initial=119 final=119 best_val_mae=0.391178
2025-12-14 15:01:17,678 - INFO - === Feature Pruning Started ===
2025-12-14 15:01:18,310 - INFO - Iteration 1: feature_count=119
2025-12-14 15:01:33,045 - INFO - Iteration 1: val_mae=0.391178
2025-12-14 15:01:35,094 - INFO - Removing 5 features: ['bx_missing_flag', 'xrs_irradiance_xrsa1_missing_flag', 'xrs_irradiance_xrsa2_missing_flag', 'xrs_irradiance_xrsb1_missing_flag', 'xrs_irradiance_xrsb2_missing_flag']
2025-12-14 15:01:35,094 - INFO - Iteration 2: feature_count=114
2025-12-14 15:02:28,637 - INFO - Iteration 2: val_mae=0.391821
2025-12-14 15:02:30,563 - INFO - Stopping pruning due to no improvement.
2025-12-14 15:02:30,565 - INFO - Pruning complete: iterations=2 initial=119 final=119 best_val_mae=0.391178
2025-12-14 18:12:09,774 - INFO - === Feature Pruning Started ===
2025-12-14 18:12:10,215 - INFO - Iteration 1: feature_count=119
2025-12-14 18:12:18,393 - INFO - Iteration 1: val_mae=0.392161
2025-12-14 18:12:20,878 - INFO - Removing 5 features: ['bx_missing_flag', 'xrs_irradiance_xrsa1_missing_flag', 'xrs_irradiance_xrsa2_missing_flag', 'xrs_irradiance_xrsb1_missing_flag', 'xrs_irradiance_xrsb2_missing_flag']
2025-12-14 18:12:20,878 - INFO - Iteration 2: feature_count=114
2025-12-14 18:12:29,365 - INFO - Iteration 2: val_mae=0.392056
2025-12-14 18:12:31,858 - INFO - Removing 5 features: ['xrs_xrs_ratio_missing_flag', 'cme_events_per_hour', 'cme_halo_fraction_past_24h', 'cme_last_event_halo', 'flare_last_event_class']
2025-12-14 18:12:31,859 - INFO - Iteration 3: feature_count=109
2025-12-14 18:12:40,023 - INFO - Iteration 3: val_mae=0.392605
2025-12-14 18:12:42,566 - INFO - Stopping pruning due to no improvement.
2025-12-14 18:12:42,567 - INFO - Pruning complete: iterations=3 initial=119 final=114 best_val_mae=0.392056
2025-12-16 02:32:34,272 - INFO - === Feature Pruning Started ===
2025-12-16 02:32:35,598 - INFO - Iteration 1: feature_count=164
2025-12-16 02:33:00,647 - INFO - Iteration 1: val_mae=0.252901
2025-12-16 02:33:06,407 - INFO - Removing 8 features: ['flare_major_flag', 'flare_extreme_flag', 'flare_overtaking_flag', 'cme_active_flag', 'cme_count_last_24h', 'cme_cluster_intense_flag', 'last_cme_halo_ord', 'last_cme_fast_flag']
2025-12-16 02:33:06,408 - INFO - Iteration 2: feature_count=156
2025-12-16 02:33:38,012 - INFO - Iteration 2: val_mae=0.254096
2025-12-16 02:33:43,568 - INFO - Stopping pruning due to no improvement.
2025-12-16 02:33:43,569 - INFO - Pruning complete: iterations=2 initial=164 final=164 best_val_mae=0.252901
2025-12-17 20:00:35,537 - INFO - === Feature Pruning Started ===
2025-12-17 20:00:37,495 - INFO - Iteration 1: feature_count=178
2025-12-17 20:01:03,700 - INFO - Iteration 1: val_logloss=0.164281
2025-12-17 20:01:08,038 - INFO - Removing 8 features: ['ssn_log', 'flare_active_flag', 'flare_major_flag', 'flare_extreme_flag', 'flare_overtaking_flag', 'cme_active_flag', 'last_cme_halo_ord', 'last_cme_fast_flag']
2025-12-17 20:01:08,038 - INFO - Iteration 2: feature_count=170
2025-12-17 20:01:32,872 - INFO - Iteration 2: val_logloss=0.164348
2025-12-17 20:01:37,310 - INFO - Stopping pruning due to no improvement.
2025-12-17 20:01:37,311 - INFO - Pruning complete: iterations=2 initial=178 final=178 best_val_logloss=0.164281
2025-12-18 12:37:04,827 - INFO - === Feature Pruning Started ===
2025-12-18 12:37:07,138 - INFO - Iteration 1: feature_count=185
2025-12-18 12:37:41,643 - INFO - Iteration 1: val_logloss=0.081190
2025-12-18 12:38:20,207 - INFO - Removing 9 features: ['flare_class_ord', 'flare_major_flag', 'flare_extreme_flag', 'flare_overtaking_flag', 'last_cme_halo_ord', 'last_cme_fast_flag', 'cme_overtaking_flag', 'earth_facing_flag', 'arrival_window_flag']
2025-12-18 12:38:20,207 - INFO - Iteration 2: feature_count=176
2025-12-18 12:38:46,440 - INFO - Iteration 2: val_logloss=0.081269
2025-12-18 12:39:26,095 - INFO - Stopping pruning due to no improvement.
2025-12-18 12:39:26,123 - INFO - Pruning complete: iterations=2 initial=185 final=185 best_val_logloss=0.081190
2025-12-18 15:39:09,711 - INFO - === Feature Pruning Started ===
2025-12-18 15:39:12,519 - INFO - Iteration 1: feature_count=185
2025-12-18 15:39:47,961 - INFO - Iteration 1: val_logloss=0.080755
2025-12-18 15:41:06,405 - INFO - Removing 9 features: ['flare_major_flag', 'flare_extreme_flag', 'last_cme_halo_ord', 'last_cme_fast_flag', 'earth_facing_flag', 'arrival_window_flag', 'temperature_source_id', 'bx_gse_source_id', 'bx_gse_missing_flag']
2025-12-18 15:41:06,406 - INFO - Iteration 2: feature_count=176
2025-12-18 15:41:39,295 - INFO - Iteration 2: val_logloss=0.081263
2025-12-18 15:42:54,936 - INFO - Stopping pruning due to no improvement.
2025-12-18 15:42:54,940 - INFO - Pruning complete: iterations=2 initial=185 final=185 best_val_logloss=0.080755
2025-12-19 22:50:31,784 - INFO - === Feature Pruning Started ===
2025-12-20 00:00:22,075 - INFO - === Feature Pruning Started ===
2025-12-20 00:00:24,140 - INFO - Datasets ready: horizon=4h, train=(157772, 206), val=(35036, 206), num_classes=6
2025-12-20 00:00:24,141 - INFO - Iteration 1: feature_count=206
2025-12-20 00:01:18,170 - INFO - === Feature Pruning Started ===
2025-12-20 00:01:20,743 - INFO - Datasets ready: horizon=4h, train=(157772, 206), val=(35036, 206), num_classes=6
2025-12-20 00:01:20,744 - INFO - Iteration 1: feature_count=206
2025-12-20 00:01:58,197 - INFO - === Feature Pruning Started ===
2025-12-20 00:02:01,035 - INFO - Datasets ready: horizon=4h, train=(157772, 206), val=(35036, 206), num_classes=6
2025-12-20 00:02:01,035 - INFO - Iteration 1: feature_count=206
2025-12-20 00:02:29,358 - INFO - === Feature Pruning Started ===
2025-12-20 00:02:32,152 - INFO - Datasets ready: horizon=4h, train=(157772, 206), val=(35036, 206), num_classes=6
2025-12-20 00:02:32,152 - INFO - Iteration 1: feature_count=206
2025-12-20 00:04:25,208 - INFO - === Feature Pruning Started ===
2025-12-20 00:04:27,362 - INFO - Datasets ready: horizon=4h, train=(157772, 206), val=(35036, 206), num_classes=6
2025-12-20 00:04:27,362 - INFO - Iteration 1: feature_count=206
2025-12-20 00:05:47,446 - INFO - Iteration 1: val_logloss=0.496329
2025-12-20 00:07:08,578 - INFO - === Feature Pruning Started ===
2025-12-20 00:07:11,742 - INFO - Datasets ready: horizon=4h, train=(157772, 206), val=(35036, 206), num_classes=6
2025-12-20 00:07:11,742 - INFO - Iteration 1: feature_count=206
2025-12-20 00:09:38,407 - INFO - === Feature Pruning Started ===
2025-12-20 00:09:41,718 - INFO - Datasets ready: horizon=4h, train=(157772, 206), val=(35036, 206), num_classes=6
2025-12-20 00:09:41,718 - INFO - Iteration 1: feature_count=206
2025-12-20 00:10:55,401 - INFO - Iteration 1: val_logloss=0.496329
2025-12-20 00:11:29,761 - INFO - === Feature Pruning Started ===
2025-12-20 00:11:33,783 - INFO - Datasets ready: horizon=4h, train=(157772, 206), val=(35036, 206), num_classes=6
2025-12-20 00:11:33,783 - INFO - Iteration 1: feature_count=206
2025-12-20 00:14:50,747 - INFO - === Feature Pruning Started ===
2025-12-20 00:14:57,693 - INFO - Datasets ready: horizon=4h, train=(157772, 206), val=(35036, 206), num_classes=6
2025-12-20 00:14:57,707 - INFO - Iteration 1: feature_count=206
2025-12-20 00:16:51,726 - INFO - Iteration 1: val_logloss=0.496329
2025-12-20 00:17:07,862 - INFO - No removable features; stopping.
2025-12-20 00:17:07,866 - INFO - Pruning complete: iterations=1 initial=206 final=206 best_val_logloss=0.496329
2025-12-20 11:59:41,686 - INFO - === Feature Pruning Started ===
2025-12-20 11:59:44,660 - INFO - Datasets ready: horizon=4h, train=(157772, 206), val=(35036, 206)
2025-12-20 11:59:44,661 - INFO - Iteration 1: feature_count=206
2025-12-20 12:00:02,099 - INFO - Iteration 1: val_logloss=0.365168
2025-12-20 12:00:14,419 - INFO - Removing 10 features: ['ap_3h_change', 'kp_hours_above_5', 'kp_hours_above_6', 'kp_hours_above_7', 'kp_dist_to_7', 'kp_jump_2plus', 'kp_jump_3plus', 'kp_entered_storm', 'flare_active_flag', 'flare_class_ord']
2025-12-20 12:00:14,419 - INFO - Iteration 2: feature_count=196
2025-12-20 12:00:31,111 - INFO - Iteration 2: val_logloss=0.376460
2025-12-20 12:00:43,952 - INFO - Stopping pruning due to no improvement.
2025-12-20 12:00:43,980 - INFO - Pruning complete: iterations=2 initial=206 final=206 best_val_logloss=0.365168
2025-12-20 14:51:25,364 - INFO - === Feature Pruning Started ===
2025-12-20 14:51:28,004 - INFO - Datasets ready: horizon=4h, train=(157772, 206), val=(35036, 206)
2025-12-20 14:51:28,005 - INFO - Iteration 1: feature_count=206
2025-12-20 14:51:40,664 - INFO - Iteration 1: val_logloss=0.272405
2025-12-20 14:51:43,049 - INFO - Removing 10 features: ['ap_3h_change', 'kp_lag_1', 'kp_lag_2', 'kp_lag_3', 'kp_lag_6', 'kp_mean_6h', 'kp_mean_12h', 'kp_delta_3h', 'kp_delta_6h', 'kp_accel']
2025-12-20 14:51:43,049 - INFO - Iteration 2: feature_count=196
2025-12-20 14:51:55,218 - INFO - Iteration 2: val_logloss=0.273255
2025-12-20 14:51:57,560 - INFO - Stopping pruning due to no improvement.
2025-12-20 14:51:57,560 - INFO - Pruning complete: iterations=2 initial=206 final=206 best_val_logloss=0.272405
2025-12-22 02:27:25,283 - INFO - === Feature Pruning Started ===
2025-12-22 02:27:26,460 - INFO - Datasets ready: horizon=4h, train=(157772, 206), val=(35036, 206)
2025-12-22 02:27:26,461 - INFO - Iteration 1: feature_count=206
2025-12-22 02:27:43,579 - INFO - Iteration 1: val_logloss=0.089953
2025-12-22 02:27:50,603 - INFO - Removing 10 features: ['kp_hours_above_6', 'kp_time_since_last_regime_change', 'kp_dist_to_7', 'kp_jump_3plus', 'kp_entered_storm', 'flare_active_flag', 'flare_class_ord', 'flare_major_flag', 'flare_extreme_flag', 'flare_overtaking_flag']
2025-12-22 02:27:50,603 - INFO - Iteration 2: feature_count=196
2025-12-22 02:28:07,086 - INFO - Iteration 2: val_logloss=0.090225
2025-12-22 02:28:14,170 - INFO - Stopping pruning due to no improvement.
2025-12-22 02:28:14,174 - INFO - Pruning complete: iterations=2 initial=206 final=206 best_val_logloss=0.089953
