2025-12-14 15:04:45,921 - INFO - === Ensemble training started ===
2025-12-14 15:05:17,281 - INFO - === Ensemble training started ===
2025-12-14 15:05:32,664 - INFO - Seed 1337: val_mae=0.391178 best_iteration=796
2025-12-14 15:05:49,821 - INFO - === Ensemble training started ===
2025-12-14 15:06:03,262 - INFO - Seed 1337: val_mae=0.391178 best_iteration=796
2025-12-14 15:06:13,549 - INFO - Seed 2027: val_mae=0.393405 best_iteration=796
2025-12-14 15:06:25,652 - INFO - Seed 3037: val_mae=0.393281 best_iteration=796
2025-12-14 15:06:37,558 - INFO - Seed 4047: val_mae=0.392104 best_iteration=796
2025-12-14 15:06:55,388 - INFO - Seed 5057: val_mae=0.392112 best_iteration=796
2025-12-14 15:06:55,423 - INFO - Ensemble MAE: 0.392217
2025-12-14 15:06:55,423 - INFO - Chosen strategy: single (seed=1337)
2025-12-14 15:06:55,423 - INFO - === Ensemble training complete ===
2025-12-14 15:07:14,384 - INFO - === Ensemble training started ===
2025-12-14 15:07:24,273 - INFO - Seed 1337: val_mae=0.391178 best_iteration=796
2025-12-14 15:07:35,259 - INFO - Seed 2027: val_mae=0.393405 best_iteration=796
2025-12-14 15:07:44,259 - INFO - Seed 3037: val_mae=0.393281 best_iteration=796
2025-12-14 15:07:54,359 - INFO - Seed 4047: val_mae=0.392104 best_iteration=796
2025-12-14 15:08:03,613 - INFO - Seed 5057: val_mae=0.392112 best_iteration=796
2025-12-14 15:08:03,677 - INFO - Ensemble MAE: 0.392217
2025-12-14 15:08:03,678 - INFO - Chosen strategy: single (seed=1337)
2025-12-14 15:08:03,678 - INFO - === Ensemble training complete ===
2025-12-14 18:12:43,472 - INFO - === Ensemble training started ===
2025-12-14 18:12:52,010 - INFO - Seed 1337: val_mae=0.392056 best_iteration=1039
2025-12-14 18:13:00,759 - INFO - Seed 2027: val_mae=0.392273 best_iteration=1039
2025-12-14 18:13:08,678 - INFO - Seed 3037: val_mae=0.391794 best_iteration=1039
2025-12-14 18:13:16,732 - INFO - Seed 4047: val_mae=0.391583 best_iteration=1039
2025-12-14 18:13:25,021 - INFO - Seed 5057: val_mae=0.393001 best_iteration=1039
2025-12-14 18:13:25,063 - INFO - Ensemble MAE: 0.391986
2025-12-14 18:13:25,063 - INFO - Chosen strategy: single (seed=4047)
2025-12-14 18:13:25,063 - INFO - === Ensemble training complete ===
2025-12-16 02:33:44,740 - INFO - === Ensemble training started ===
2025-12-16 02:34:10,138 - INFO - Seed 1337: val_mae=0.252901 best_iteration=1181
2025-12-16 02:34:29,704 - INFO - Seed 2027: val_mae=0.254058 best_iteration=1181
2025-12-16 02:34:48,219 - INFO - Seed 3037: val_mae=0.252608 best_iteration=1181
2025-12-16 02:35:06,873 - INFO - Seed 4047: val_mae=0.253968 best_iteration=1181
2025-12-16 02:35:30,188 - INFO - Seed 5057: val_mae=0.254595 best_iteration=1181
2025-12-16 02:35:30,241 - INFO - Ensemble MAE: 0.253406
2025-12-16 02:35:30,241 - INFO - Chosen strategy: single (seed=3037)
2025-12-16 02:35:30,241 - INFO - === Ensemble training complete ===
2025-12-17 20:01:38,859 - INFO - === Ensemble training started ===
2025-12-17 20:02:18,657 - INFO - Seed 1337: val_logloss=0.164281 best_iteration=1061
2025-12-17 20:02:42,508 - INFO - Seed 2027: val_logloss=0.164401 best_iteration=1061
2025-12-17 20:03:18,499 - INFO - Seed 3037: val_logloss=0.164856 best_iteration=1061
2025-12-17 20:03:45,136 - INFO - Seed 4047: val_logloss=0.164658 best_iteration=1061
2025-12-17 20:04:22,776 - INFO - Seed 5057: val_logloss=0.164505 best_iteration=1061
2025-12-17 20:04:22,804 - INFO - Ensemble logloss: 0.164484
2025-12-17 20:04:22,805 - INFO - Chosen strategy: single (seed=1337)
2025-12-17 20:04:22,805 - INFO - === Ensemble training complete ===
2025-12-18 12:39:27,084 - INFO - === Ensemble training started ===
2025-12-18 12:39:55,732 - INFO - Seed 1337: val_logloss=0.081190 best_iteration=992
2025-12-18 12:40:24,558 - INFO - Seed 2027: val_logloss=0.081222 best_iteration=992
2025-12-18 12:41:16,537 - INFO - Seed 3037: val_logloss=0.081316 best_iteration=992
2025-12-18 12:42:08,136 - INFO - Seed 4047: val_logloss=0.081172 best_iteration=992
2025-12-18 12:42:58,317 - INFO - Seed 5057: val_logloss=0.081261 best_iteration=992
2025-12-18 12:42:58,367 - INFO - Ensemble logloss: 0.081175
2025-12-18 12:42:58,368 - INFO - Chosen strategy: single (seed=4047)
2025-12-18 12:42:58,368 - INFO - === Ensemble training complete ===
2025-12-18 15:42:56,011 - INFO - === Ensemble training started ===
2025-12-18 15:43:32,160 - INFO - Seed 1337: val_logloss=0.080755 best_iteration=874
2025-12-18 15:44:06,117 - INFO - Seed 2027: val_logloss=0.081145 best_iteration=874
2025-12-18 15:44:42,517 - INFO - Seed 3037: val_logloss=0.081241 best_iteration=874
2025-12-18 15:45:19,096 - INFO - Seed 4047: val_logloss=0.081035 best_iteration=874
2025-12-18 15:46:04,709 - INFO - Seed 5057: val_logloss=0.081023 best_iteration=874
2025-12-18 15:46:04,790 - INFO - Ensemble logloss: 0.080948
2025-12-18 15:46:04,790 - INFO - Chosen strategy: single (seed=1337)
2025-12-18 15:46:04,791 - INFO - === Ensemble training complete ===
2025-12-19 22:52:48,862 - INFO - === Ensemble training started ===
2025-12-19 22:53:27,989 - INFO - === Ensemble training started ===
2025-12-19 22:53:30,240 - INFO - Datasets ready: horizon=4h train=(157772, 178) val=(35036, 178) classes=6
2025-12-20 00:17:09,578 - INFO - === Ensemble training started ===
2025-12-20 00:17:12,321 - INFO - Datasets ready: horizon=4h train=(157772, 206) val=(35036, 206) classes=6
2025-12-20 00:19:01,145 - INFO - Seed 1337: val_logloss=0.496329 best_iteration=805
2025-12-20 00:21:45,820 - INFO - Seed 2027: val_logloss=0.513269 best_iteration=805
2025-12-20 00:23:17,917 - INFO - Seed 3037: val_logloss=0.506140 best_iteration=805
2025-12-20 00:25:45,896 - INFO - Seed 4047: val_logloss=0.502279 best_iteration=805
2025-12-20 00:27:50,942 - INFO - Seed 5057: val_logloss=0.492882 best_iteration=805
2025-12-20 00:27:51,048 - INFO - Ensemble logloss: 0.500577
2025-12-20 00:27:51,049 - INFO - Chosen strategy: single (seed=5057)
2025-12-20 00:27:51,049 - INFO - === Ensemble training complete ===
2025-12-20 12:02:21,093 - INFO - === Ensemble training started ===
2025-12-20 12:02:23,121 - INFO - Datasets ready: horizon=4h train=(157772, 206) val=(35036, 206)
2025-12-20 12:02:42,007 - INFO - Seed 1337: val_logloss=0.365168 best_iteration=873
2025-12-20 12:03:01,227 - INFO - Seed 2027: val_logloss=0.364741 best_iteration=873
2025-12-20 12:03:18,315 - INFO - Seed 3037: val_logloss=0.361909 best_iteration=873
2025-12-20 12:03:36,024 - INFO - Seed 4047: val_logloss=0.368600 best_iteration=873
2025-12-20 12:03:53,528 - INFO - Seed 5057: val_logloss=0.362267 best_iteration=873
2025-12-20 12:03:53,566 - INFO - Ensemble logloss: 0.362504
2025-12-20 12:03:53,567 - INFO - Chosen strategy: single (seed=3037)
2025-12-20 12:03:53,567 - INFO - === Ensemble training complete ===
2025-12-20 14:51:58,548 - INFO - === Ensemble training started ===
2025-12-20 14:52:00,187 - INFO - Datasets ready: horizon=4h train=(157772, 206) val=(35036, 206)
2025-12-20 14:52:12,717 - INFO - Seed 1337: val_logloss=0.272405 best_iteration=794
2025-12-20 14:52:25,488 - INFO - Seed 2027: val_logloss=0.274384 best_iteration=794
2025-12-20 14:52:38,071 - INFO - Seed 3037: val_logloss=0.273684 best_iteration=794
2025-12-20 14:52:50,724 - INFO - Seed 4047: val_logloss=0.273654 best_iteration=794
2025-12-20 14:53:03,287 - INFO - Seed 5057: val_logloss=0.273905 best_iteration=794
2025-12-20 14:53:03,306 - INFO - Ensemble logloss: 0.273533
2025-12-20 14:53:03,306 - INFO - Chosen strategy: single (seed=1337)
2025-12-20 14:53:03,306 - INFO - === Ensemble training complete ===
2025-12-22 02:28:15,101 - INFO - === Ensemble training started ===
2025-12-22 02:28:16,009 - INFO - Datasets ready: horizon=4h train=(157772, 206) val=(35036, 206)
2025-12-22 02:28:33,405 - INFO - Seed 1337: val_logloss=0.089953 best_iteration=807
2025-12-22 02:28:50,733 - INFO - Seed 2027: val_logloss=0.090569 best_iteration=807
2025-12-22 02:29:07,491 - INFO - Seed 3037: val_logloss=0.090654 best_iteration=807
2025-12-22 02:29:24,707 - INFO - Seed 4047: val_logloss=0.089652 best_iteration=807
2025-12-22 02:29:42,044 - INFO - Seed 5057: val_logloss=0.090698 best_iteration=807
2025-12-22 02:29:42,073 - INFO - Ensemble logloss: 0.090268
2025-12-22 02:29:42,074 - INFO - Chosen strategy: single (seed=4047)
2025-12-22 02:29:42,074 - INFO - === Ensemble training complete ===
