2025-12-14 13:56:47,790 - INFO - === Feature Pruning Started ===
2025-12-14 13:56:48,247 - INFO - Iteration 1: feature_count=119
2025-12-14 13:56:57,122 - INFO - Iteration 1: val_mae=0.391178
2025-12-14 13:56:59,126 - INFO - Removing 11 features: ['bx_missing_flag', 'xrs_irradiance_xrsa1_missing_flag', 'xrs_irradiance_xrsa2_missing_flag', 'xrs_irradiance_xrsb1_missing_flag', 'xrs_irradiance_xrsb2_missing_flag', 'xrs_xrs_ratio_missing_flag', 'cme_events_per_hour', 'cme_halo_fraction_past_24h', 'cme_last_event_halo', 'flare_last_event_class', 'sw_secondary_missing_flag']
2025-12-14 13:56:59,127 - INFO - Iteration 2: feature_count=108
2025-12-14 13:57:06,200 - INFO - Iteration 2: val_mae=0.392379
2025-12-14 13:57:08,043 - INFO - Stopping pruning due to no improvement.
2025-12-14 14:01:31,485 - INFO - === Feature Pruning Started ===
2025-12-14 14:01:32,073 - INFO - Iteration 1: feature_count=119
2025-12-14 14:01:44,326 - INFO - Iteration 1: val_mae=0.391178
2025-12-14 14:01:46,453 - INFO - Removing 11 features: ['bx_missing_flag', 'xrs_irradiance_xrsa1_missing_flag', 'xrs_irradiance_xrsa2_missing_flag', 'xrs_irradiance_xrsb1_missing_flag', 'xrs_irradiance_xrsb2_missing_flag', 'xrs_xrs_ratio_missing_flag', 'cme_events_per_hour', 'cme_halo_fraction_past_24h', 'cme_last_event_halo', 'flare_last_event_class', 'sw_secondary_missing_flag']
2025-12-14 14:01:46,453 - INFO - Iteration 2: feature_count=108
2025-12-14 14:02:00,238 - INFO - Iteration 2: val_mae=0.392379
2025-12-14 14:02:02,454 - INFO - Stopping pruning due to no improvement.
2025-12-14 14:02:02,455 - INFO - Pruning complete: iterations=2 initial=119 final=119 best_val_mae=0.391178
2025-12-14 14:06:20,815 - INFO - === Feature Pruning Started ===
2025-12-14 14:06:21,582 - INFO - Iteration 1: feature_count=119
2025-12-14 14:06:29,332 - INFO - Iteration 1: val_mae=0.391178
2025-12-14 14:06:31,211 - INFO - Removing 11 features: ['bx_missing_flag', 'xrs_irradiance_xrsa1_missing_flag', 'xrs_irradiance_xrsa2_missing_flag', 'xrs_irradiance_xrsb1_missing_flag', 'xrs_irradiance_xrsb2_missing_flag', 'xrs_xrs_ratio_missing_flag', 'cme_events_per_hour', 'cme_halo_fraction_past_24h', 'cme_last_event_halo', 'flare_last_event_class', 'sw_secondary_missing_flag']
2025-12-14 14:06:31,212 - INFO - Iteration 2: feature_count=108
2025-12-14 14:06:38,268 - INFO - Iteration 2: val_mae=0.392379
2025-12-14 14:06:40,149 - INFO - Stopping pruning due to no improvement.
2025-12-14 14:06:40,150 - INFO - Pruning complete: iterations=2 initial=119 final=119 best_val_mae=0.391178
2025-12-14 15:01:17,678 - INFO - === Feature Pruning Started ===
2025-12-14 15:01:18,310 - INFO - Iteration 1: feature_count=119
2025-12-14 15:01:33,045 - INFO - Iteration 1: val_mae=0.391178
2025-12-14 15:01:35,094 - INFO - Removing 5 features: ['bx_missing_flag', 'xrs_irradiance_xrsa1_missing_flag', 'xrs_irradiance_xrsa2_missing_flag', 'xrs_irradiance_xrsb1_missing_flag', 'xrs_irradiance_xrsb2_missing_flag']
2025-12-14 15:01:35,094 - INFO - Iteration 2: feature_count=114
2025-12-14 15:02:28,637 - INFO - Iteration 2: val_mae=0.391821
2025-12-14 15:02:30,563 - INFO - Stopping pruning due to no improvement.
2025-12-14 15:02:30,565 - INFO - Pruning complete: iterations=2 initial=119 final=119 best_val_mae=0.391178
2025-12-14 18:12:09,774 - INFO - === Feature Pruning Started ===
2025-12-14 18:12:10,215 - INFO - Iteration 1: feature_count=119
2025-12-14 18:12:18,393 - INFO - Iteration 1: val_mae=0.392161
2025-12-14 18:12:20,878 - INFO - Removing 5 features: ['bx_missing_flag', 'xrs_irradiance_xrsa1_missing_flag', 'xrs_irradiance_xrsa2_missing_flag', 'xrs_irradiance_xrsb1_missing_flag', 'xrs_irradiance_xrsb2_missing_flag']
2025-12-14 18:12:20,878 - INFO - Iteration 2: feature_count=114
2025-12-14 18:12:29,365 - INFO - Iteration 2: val_mae=0.392056
2025-12-14 18:12:31,858 - INFO - Removing 5 features: ['xrs_xrs_ratio_missing_flag', 'cme_events_per_hour', 'cme_halo_fraction_past_24h', 'cme_last_event_halo', 'flare_last_event_class']
2025-12-14 18:12:31,859 - INFO - Iteration 3: feature_count=109
2025-12-14 18:12:40,023 - INFO - Iteration 3: val_mae=0.392605
2025-12-14 18:12:42,566 - INFO - Stopping pruning due to no improvement.
2025-12-14 18:12:42,567 - INFO - Pruning complete: iterations=3 initial=119 final=114 best_val_mae=0.392056
2025-12-16 02:32:34,272 - INFO - === Feature Pruning Started ===
2025-12-16 02:32:35,598 - INFO - Iteration 1: feature_count=164
2025-12-16 02:33:00,647 - INFO - Iteration 1: val_mae=0.252901
2025-12-16 02:33:06,407 - INFO - Removing 8 features: ['flare_major_flag', 'flare_extreme_flag', 'flare_overtaking_flag', 'cme_active_flag', 'cme_count_last_24h', 'cme_cluster_intense_flag', 'last_cme_halo_ord', 'last_cme_fast_flag']
2025-12-16 02:33:06,408 - INFO - Iteration 2: feature_count=156
2025-12-16 02:33:38,012 - INFO - Iteration 2: val_mae=0.254096
2025-12-16 02:33:43,568 - INFO - Stopping pruning due to no improvement.
2025-12-16 02:33:43,569 - INFO - Pruning complete: iterations=2 initial=164 final=164 best_val_mae=0.252901
